<!DOCTYPE html>
<meta charset="utf-8" />
<!-- version 1 -->
<title>[Gen 7] Random Battle replay: Eimint64 vs. shnen</title>
<style>
html,body {font-family:Verdana, sans-serif;font-size:10pt;margin:0;padding:0;}body{padding:12px 0;} .battle-log {font-family:Verdana, sans-serif;font-size:10pt;} .battle-log-inline {border:1px solid #AAAAAA;background:#EEF2F5;color:black;max-width:640px;margin:0 auto 80px;padding-bottom:5px;} .battle-log .inner {padding:4px 8px 0px 8px;} .battle-log .inner-preempt {padding:0 8px 4px 8px;} .battle-log .inner-after {margin-top:0.5em;} .battle-log h2 {margin:0.5em -8px;padding:4px 8px;border:1px solid #AAAAAA;background:#E0E7EA;border-left:0;border-right:0;font-family:Verdana, sans-serif;font-size:13pt;} .battle-log .chat {vertical-align:middle;padding:3px 0 3px 0;font-size:8pt;} .battle-log .chat strong {color:#40576A;} .battle-log .chat em {padding:1px 4px 1px 3px;color:#000000;font-style:normal;} .chat.mine {background:rgba(0,0,0,0.05);margin-left:-8px;margin-right:-8px;padding-left:8px;padding-right:8px;} .spoiler {color:#BBBBBB;background:#BBBBBB;padding:0px 3px;} .spoiler:hover, .spoiler:active, .spoiler-shown {color:#000000;background:#E2E2E2;padding:0px 3px;} .spoiler a {color:#BBBBBB;} .spoiler:hover a, .spoiler:active a, .spoiler-shown a {color:#2288CC;} .chat code, .chat .spoiler:hover code, .chat .spoiler:active code, .chat .spoiler-shown code {border:1px solid #C0C0C0;background:#EEEEEE;color:black;padding:0 2px;} .chat .spoiler code {border:1px solid #CCCCCC;background:#CCCCCC;color:#CCCCCC;} .battle-log .rated {padding:3px 4px;} .battle-log .rated strong {color:white;background:#89A;padding:1px 4px;border-radius:4px;} .spacer {margin-top:0.5em;} .message-announce {background:#6688AA;color:white;padding:1px 4px 2px;} .message-announce a, .broadcast-green a, .broadcast-blue a, .broadcast-red a {color:#DDEEFF;} .broadcast-green {background-color:#559955;color:white;padding:2px 4px;} .broadcast-blue {background-color:#6688AA;color:white;padding:2px 4px;} .infobox {border:1px solid #6688AA;padding:2px 4px;} .infobox-limited {max-height:200px;overflow:auto;overflow-x:hidden;} .broadcast-red {background-color:#AA5544;color:white;padding:2px 4px;} .message-learn-canlearn {font-weight:bold;color:#228822;text-decoration:underline;} .message-learn-cannotlearn {font-weight:bold;color:#CC2222;text-decoration:underline;} .message-effect-weak {font-weight:bold;color:#CC2222;} .message-effect-resist {font-weight:bold;color:#6688AA;} .message-effect-immune {font-weight:bold;color:#666666;} .message-learn-list {margin-top:0;margin-bottom:0;} .message-throttle-notice, .message-error {color:#992222;} .message-overflow, .chat small.message-overflow {font-size:0pt;} .message-overflow::before {font-size:9pt;content:'...';} .subtle {color:#3A4A66;}
</style>
<div class="wrapper replay-wrapper" style="max-width:1180px;margin:0 auto">
<input type="hidden" name="replayid" value="gen7randombattle-2090187070" />
<div class="battle"></div><div class="battle-log"></div><div class="replay-controls"></div><div class="replay-controls-2"></div>
<h1 style="font-weight:normal;text-align:center"><strong>[Gen 7] Random Battle</strong><br /><a href="http://pokemonshowdown.com/users/eimint64" class="subtle" target="_blank">Eimint64</a> vs. <a href="http://pokemonshowdown.com/users/shnen" class="subtle" target="_blank">shnen</a></h1>
<script type="text/plain" class="battle-log-data">|j|☆Eimint64
|j|☆shnen
|t:|1711541006
|gametype|singles
|player|p1|Eimint64|102|1682
|player|p2|shnen|1|1800
|teamsize|p1|6
|teamsize|p2|6
|gen|7
|tier|[Gen 7] Random Battle
|rated|
|rule|Sleep Clause Mod: Limit one foe put to sleep
|rule|HP Percentage Mod: HP is shown in percentages
|rule|Illusion Level Mod: Illusion disguises the Pokémon's true level
|
|t:|1711541006
|start
|switch|p1a: Solrock|Solrock, L89|305\/305
|switch|p2a: Darkrai|Darkrai, L76|231\/231
|turn|1
|inactive|Battle timer is ON: inactive players will automatically lose when time's up. (requested by shnen)
|inactive|Eimint64 also wants the timer to be on.
|
|t:|1711541024
|switch|p1a: Silvally|Silvally-Fighting, L87|307\/307
|move|p2a: Darkrai|Nasty Plot|p2a: Darkrai
|-boost|p2a: Darkrai|spa|2
|
|upkeep
|turn|2
|
|t:|1711541030
|switch|p2a: Mimikyu|Mimikyu, L74, M|203\/203
|move|p1a: Silvally|Multi-Attack|p2a: Mimikyu
|-immune|p2a: Mimikyu
|
|upkeep
|turn|3
|
|t:|1711541032
|move|p1a: Silvally|Parting Shot|p2a: Mimikyu
|-unboost|p2a: Mimikyu|atk|1
|-unboost|p2a: Mimikyu|spa|1
|
|t:|1711541035
|switch|p1a: Solrock|Solrock, L89|305\/305|[from] Parting Shot
|move|p2a: Mimikyu|Play Rough|p1a: Solrock
|-damage|p1a: Solrock|260\/305
|
|-heal|p1a: Solrock|279\/305|[from] item: Leftovers
|upkeep
|turn|4
|
|t:|1711541039
|switch|p2a: Forretress|Forretress, L84, M|263\/263
|move|p1a: Solrock|Will-O-Wisp|p2a: Forretress
|-status|p2a: Forretress|brn
|
|-heal|p1a: Solrock|298\/305|[from] item: Leftovers
|-damage|p2a: Forretress|247\/263 brn|[from] brn
|upkeep
|turn|5
|
|t:|1711541045
|switch|p1a: Talonflame|Talonflame, L82, F|262\/262
|move|p2a: Forretress|Toxic|p1a: Talonflame
|-status|p1a: Talonflame|tox
|
|-heal|p2a: Forretress|263\/263 brn|[from] item: Leftovers
|-damage|p1a: Talonflame|246\/262 tox|[from] psn
|-damage|p2a: Forretress|247\/263 brn|[from] brn
|upkeep
|turn|6
|
|t:|1711541049
|switch|p2a: Dragalge|Dragalge, L87, F|255\/255
|move|p1a: Talonflame|Overheat|p2a: Dragalge
|-resisted|p2a: Dragalge
|-damage|p2a: Dragalge|213\/255
|-unboost|p1a: Talonflame|spa|2
|
|-heal|p1a: Talonflame|262\/262 tox|[from] item: Leftovers
|-damage|p1a: Talonflame|230\/262 tox|[from] psn
|upkeep
|turn|7
|
|t:|1711541061
|move|p1a: Talonflame|Brave Bird|p2a: Dragalge
|-damage|p2a: Dragalge|113\/255
|-damage|p1a: Talonflame|197\/262 tox|[from] Recoil
|move|p2a: Dragalge|Draco Meteor|p1a: Talonflame
|-damage|p1a: Talonflame|0 fnt
|-unboost|p2a: Dragalge|spa|2
|faint|p1a: Talonflame
|
|upkeep
|
|t:|1711541079
|switch|p1a: Silvally|Silvally-Fighting, L87|307\/307
|turn|8
|
|t:|1711541093
|switch|p2a: Mimikyu|Mimikyu, L74, M|203\/203
|move|p1a: Silvally|Ice Beam|p2a: Mimikyu
|-activate|p2a: Mimikyu|ability: Disguise
|-damage|p2a: Mimikyu|203\/203
|detailschange|p2a: Mimikyu|Mimikyu-Busted, L74, M
|
|upkeep
|turn|9
|
|t:|1711541098
|switch|p2a: Forretress|Forretress, L84, M|247\/263 brn
|move|p1a: Silvally|Parting Shot|p2a: Forretress
|-unboost|p2a: Forretress|atk|1
|-unboost|p2a: Forretress|spa|1
|
|t:|1711541102
|switch|p1a: Infernape|Infernape, L81, F|256\/256|[from] Parting Shot
|
|-heal|p2a: Forretress|263\/263 brn|[from] item: Leftovers
|-damage|p2a: Forretress|247\/263 brn|[from] brn
|upkeep
|turn|10
|
|t:|1711541110
|switch|p2a: Salazzle|Salazzle, L84, F|234\/234
|move|p1a: Infernape|Swords Dance|p1a: Infernape
|-boost|p1a: Infernape|atk|2
|
|upkeep
|turn|11
|
|t:|1711541115
|move|p2a: Salazzle|Substitute|p2a: Salazzle
|-start|p2a: Salazzle|Substitute
|-damage|p2a: Salazzle|176\/234
|move|p1a: Infernape|Stone Edge|p2a: Salazzle
|-supereffective|p2a: Salazzle
|-end|p2a: Salazzle|Substitute
|-damage|p1a: Infernape|231\/256|[from] item: Life Orb
|
|-heal|p2a: Salazzle|190\/234|[from] item: Black Sludge
|upkeep
|turn|12
|
|t:|1711541121
|move|p2a: Salazzle|Substitute|p2a: Salazzle
|-start|p2a: Salazzle|Substitute
|-damage|p2a: Salazzle|132\/234
|move|p1a: Infernape|Flare Blitz|p2a: Salazzle
|-resisted|p2a: Salazzle
|-end|p2a: Salazzle|Substitute
|-damage|p1a: Infernape|212\/256|[from] Recoil|[of] p2a: Salazzle
|-damage|p1a: Infernape|187\/256|[from] item: Life Orb
|
|-heal|p2a: Salazzle|146\/234|[from] item: Black Sludge
|upkeep
|turn|13
|
|t:|1711541125
|move|p2a: Salazzle|Substitute|p2a: Salazzle
|-start|p2a: Salazzle|Substitute
|-damage|p2a: Salazzle|88\/234
|move|p1a: Infernape|Flare Blitz|p2a: Salazzle
|-resisted|p2a: Salazzle
|-end|p2a: Salazzle|Substitute
|-damage|p1a: Infernape|168\/256|[from] Recoil|[of] p2a: Salazzle
|-damage|p1a: Infernape|143\/256|[from] item: Life Orb
|
|-heal|p2a: Salazzle|102\/234|[from] item: Black Sludge
|upkeep
|turn|14
|
|t:|1711541128
|move|p2a: Salazzle|Substitute|p2a: Salazzle
|-start|p2a: Salazzle|Substitute
|-damage|p2a: Salazzle|44\/234
|move|p1a: Infernape|Flare Blitz|p2a: Salazzle
|-resisted|p2a: Salazzle
|-end|p2a: Salazzle|Substitute
|-damage|p1a: Infernape|124\/256|[from] Recoil|[of] p2a: Salazzle
|-damage|p1a: Infernape|99\/256|[from] item: Life Orb
|
|-heal|p2a: Salazzle|58\/234|[from] item: Black Sludge
|upkeep
|turn|15
|
|t:|1711541131
|move|p2a: Salazzle|Protect|p2a: Salazzle
|-singleturn|p2a: Salazzle|Protect
|move|p1a: Infernape|Close Combat|p2a: Salazzle
|-activate|p2a: Salazzle|move: Protect
|
|-heal|p2a: Salazzle|72\/234|[from] item: Black Sludge
|upkeep
|turn|16
|
|t:|1711541134
|move|p2a: Salazzle|Substitute|p2a: Salazzle
|-start|p2a: Salazzle|Substitute
|-damage|p2a: Salazzle|14\/234
|move|p1a: Infernape|Close Combat|p2a: Salazzle
|-resisted|p2a: Salazzle
|-end|p2a: Salazzle|Substitute
|-unboost|p1a: Infernape|def|1
|-unboost|p1a: Infernape|spd|1
|-damage|p1a: Infernape|74\/256|[from] item: Life Orb
|
|-heal|p2a: Salazzle|28\/234|[from] item: Black Sludge
|upkeep
|turn|17
|
|t:|1711541136
|move|p2a: Salazzle|Protect|p2a: Salazzle
|-singleturn|p2a: Salazzle|Protect
|move|p1a: Infernape|Flare Blitz|p2a: Salazzle
|-activate|p2a: Salazzle|move: Protect
|
|-heal|p2a: Salazzle|42\/234|[from] item: Black Sludge
|upkeep
|turn|18
|
|t:|1711541138
|move|p2a: Salazzle|Flamethrower|p1a: Infernape
|-resisted|p1a: Infernape
|-damage|p1a: Infernape|0 fnt
|faint|p1a: Infernape
|
|-heal|p2a: Salazzle|56\/234|[from] item: Black Sludge
|upkeep
|
|t:|1711541152
|switch|p1a: Silvally|Silvally-Fighting, L87|307\/307
|turn|19
|
|t:|1711541163
|switch|p1a: Meowstic|Meowstic-F, L89, F|277\/277
|move|p2a: Salazzle|Protect||[still]
|-fail|p2a: Salazzle
|
|-heal|p2a: Salazzle|70\/234|[from] item: Black Sludge
|upkeep
|turn|20
|
|t:|1711541171
|move|p2a: Salazzle|Toxic|p1a: Meowstic
|-status|p1a: Meowstic|tox
|move|p1a: Meowstic|Thunderbolt|p2a: Salazzle
|-damage|p2a: Salazzle|0 fnt
|faint|p2a: Salazzle
|
|-damage|p1a: Meowstic|260\/277 tox|[from] psn
|upkeep
|
|t:|1711541176
|switch|p2a: Darkrai|Darkrai, L76|231\/231
|turn|21
|
|t:|1711541179
|switch|p1a: Silvally|Silvally-Fighting, L87|307\/307
|move|p2a: Darkrai|Dark Pulse|p1a: Silvally
|-resisted|p1a: Silvally
|-damage|p1a: Silvally|249\/307
|-damage|p2a: Darkrai|208\/231|[from] item: Life Orb
|
|upkeep
|turn|22
|
|t:|1711541184
|switch|p2a: Forretress|Forretress, L84, M|247\/263 brn
|move|p1a: Silvally|Multi-Attack|p2a: Forretress
|-damage|p2a: Forretress|174\/263 brn
|
|-heal|p2a: Forretress|190\/263 brn|[from] item: Leftovers
|-damage|p2a: Forretress|174\/263 brn|[from] brn
|upkeep
|turn|23
|
|t:|1711541187
|move|p1a: Silvally|Flamethrower|p2a: Forretress
|-supereffective|p2a: Forretress
|-damage|p2a: Forretress|0 fnt
|faint|p2a: Forretress
|
|upkeep
|
|t:|1711541191
|switch|p2a: Sigilyph|Sigilyph, L85, M|261\/261
|turn|24
|
|t:|1711541200
|move|p1a: Silvally|Parting Shot|p2a: Sigilyph
|-unboost|p2a: Sigilyph|atk|1
|-unboost|p2a: Sigilyph|spa|1
|
|t:|1711541201
|switch|p1a: Meowstic|Meowstic-F, L89, F|260\/277 tox|[from] Parting Shot
|move|p2a: Sigilyph|Psychic|p1a: Meowstic
|-resisted|p1a: Meowstic
|-damage|p1a: Meowstic|158\/277 tox
|-unboost|p1a: Meowstic|spd|1
|
|-damage|p1a: Meowstic|141\/277 tox|[from] psn
|upkeep
|turn|25
|
|t:|1711541206
|switch|p2a: Mimikyu|Mimikyu-Busted, L74, M|203\/203
|move|p1a: Meowstic|Dark Pulse|p2a: Mimikyu
|-damage|p2a: Mimikyu|115\/203
|
|-damage|p1a: Meowstic|107\/277 tox|[from] psn
|upkeep
|turn|26
|
|t:|1711541211
|move|p2a: Mimikyu|Shadow Sneak|p1a: Meowstic
|-supereffective|p1a: Meowstic
|-damage|p1a: Meowstic|41\/277 tox
|move|p1a: Meowstic|Dark Pulse|p2a: Mimikyu
|-damage|p2a: Mimikyu|32\/203
|
|-damage|p1a: Meowstic|0 fnt|[from] psn
|faint|p1a: Meowstic
|upkeep
|
|t:|1711541230
|switch|p1a: Silvally|Silvally-Fighting, L87|249\/307
|turn|27
|
|t:|1711541240
|move|p2a: Mimikyu|Shadow Sneak|p1a: Silvally
|-damage|p1a: Silvally|219\/307
|move|p1a: Silvally|Ice Beam|p2a: Mimikyu
|-damage|p2a: Mimikyu|0 fnt
|faint|p2a: Mimikyu
|
|upkeep
|
|t:|1711541243
|switch|p2a: Sigilyph|Sigilyph, L85, M|261\/261
|turn|28
|
|t:|1711541249
|move|p1a: Silvally|Parting Shot|p2a: Sigilyph
|-unboost|p2a: Sigilyph|atk|1
|-unboost|p2a: Sigilyph|spa|1
|
|t:|1711541253
|switch|p1a: Solrock|Solrock, L89|298\/305|[from] Parting Shot
|move|p2a: Sigilyph|Psychic|p1a: Solrock
|-resisted|p1a: Solrock
|-damage|p1a: Solrock|184\/305
|
|-heal|p1a: Solrock|203\/305|[from] item: Leftovers
|upkeep
|turn|29
|
|t:|1711541255
|switch|p2a: Darkrai|Darkrai, L76|208\/231
|move|p1a: Solrock|Stone Edge|p2a: Darkrai
|-damage|p2a: Darkrai|72\/231
|
|-heal|p1a: Solrock|222\/305|[from] item: Leftovers
|upkeep
|turn|30
|
|t:|1711541259
|switch|p2a: Sigilyph|Sigilyph, L85, M|261\/261
|move|p1a: Solrock|Earthquake|p2a: Sigilyph
|-immune|p2a: Sigilyph
|
|-heal|p1a: Solrock|241\/305|[from] item: Leftovers
|upkeep
|turn|31
|
|t:|1711541262
|move|p2a: Sigilyph|Energy Ball|p1a: Solrock
|-supereffective|p1a: Solrock
|-damage|p1a: Solrock|5\/305
|move|p1a: Solrock|Stone Edge|p2a: Sigilyph
|-supereffective|p2a: Sigilyph
|-damage|p2a: Sigilyph|21\/261
|
|-heal|p1a: Solrock|24\/305|[from] item: Leftovers
|upkeep
|turn|32
|
|t:|1711541268
|move|p2a: Sigilyph|Energy Ball|p1a: Solrock
|-supereffective|p1a: Solrock
|-damage|p1a: Solrock|0 fnt
|faint|p1a: Solrock
|
|upkeep
|
|t:|1711541272
|switch|p1a: Silvally|Silvally-Fighting, L87|219\/307
|turn|33
|
|t:|1711541273
|move|p1a: Silvally|Ice Beam|p2a: Sigilyph
|-supereffective|p2a: Sigilyph
|-damage|p2a: Sigilyph|0 fnt
|faint|p2a: Sigilyph
|
|upkeep
|
|t:|1711541276
|switch|p2a: Dragalge|Dragalge, L87, F|113\/255
|turn|34
|
|t:|1711541278
|move|p1a: Silvally|Parting Shot|p2a: Dragalge
|-unboost|p2a: Dragalge|atk|1
|-unboost|p2a: Dragalge|spa|1
|
|t:|1711541279
|switch|p1a: Stantler|Stantler, L90, F|278\/278|[from] Parting Shot
|-ability|p1a: Stantler|Intimidate|boost
|-unboost|p2a: Dragalge|atk|1
|move|p2a: Dragalge|Sludge Wave|p1a: Stantler
|-damage|p1a: Stantler|102\/278
|
|upkeep
|turn|35
|
|t:|1711541284
|switch|p2a: Darkrai|Darkrai, L76|72\/231
|move|p1a: Stantler|Double-Edge|p2a: Darkrai
|-damage|p2a: Darkrai|0 fnt
|faint|p2a: Darkrai
|-damage|p1a: Stantler|78\/278|[from] Recoil
|
|upkeep
|
|t:|1711541288
|switch|p2a: Dragalge|Dragalge, L87, F|113\/255
|turn|36
|c|☆Eimint64|Gg
|c|☆shnen|gg
|
|t:|1711541291
|move|p1a: Stantler|Double-Edge|p2a: Dragalge
|-damage|p2a: Dragalge|0 fnt
|faint|p2a: Dragalge
|-damage|p1a: Stantler|41\/278|[from] Recoil
|
|win|Eimint64
|raw|Eimint64's rating: 1682 &rarr; <strong>1709<\/strong><br \/>(+27 for winning)
|raw|shnen's rating: 1800 &rarr; <strong>1773<\/strong><br \/>(-27 for losing)
|l|☆shnen
|player|p2|
</script>
</div>
<div class="battle-log battle-log-inline"><div class="inner"><div class="battle-options"></div><div class="inner message-log"><div class="chat"><small>☆Eimint64 and ☆shnen joined</small></div><div class=""><small>Format:</small> <br><strong>[Gen 7] Random Battle</strong></div><div class="rated"><strong>Rated battle</strong></div><div class=""><small><em>Sleep Clause Mod:</em> Limit one foe put to sleep</small></div><div class=""><small><em>HP Percentage Mod:</em> HP is shown in percentages</small></div><div class=""><small><em>Illusion Level Mod:</em> Illusion disguises the Pokémon's true level</small></div><div class="spacer battle-history"><br></div><div class="battle-history">Battle started between Eimint64 and shnen!<br></div><div class="spacer battle-history"><br></div><div class="battle-history">Eimint64 sent out <strong>Solrock</strong>!<br></div><div class="spacer battle-history"><br></div><div class="battle-history">Go! <strong>Darkrai</strong>!<br></div><div class="spacer battle-history"><br></div><h2 class="battle-history">Turn 1</h2><div class="chat message-error">Battle timer is ON: inactive players will automatically lose when time's up. (requested by shnen)</div><div class="chat message-error">Eimint64 also wants the timer to be on.</div><div class="spacer battle-history"><br></div><div class="battle-history">Eimint64 withdrew Solrock!<br></div><div class="battle-history">Eimint64 sent out Silvally (<strong>Silvally-Fighting</strong>)!<br></div><div class="spacer battle-history"><br></div><div class="battle-history">Darkrai used <strong>Nasty Plot</strong>!<br></div><div class="battle-history"><small>Darkrai's Sp. Atk rose sharply!</small><br></div><div class="spacer battle-history"><br></div><h2 class="battle-history">Turn 2</h2><div class="spacer battle-history"><br></div><div class="battle-history">Darkrai, come back!<br></div><div class="battle-history">Go! <strong>Mimikyu</strong>!<br></div><div class="spacer battle-history"><br></div><div class="battle-history">The opposing Silvally used <strong>Multi-Attack</strong>!<br></div><div class="battle-history"><small>It doesn't affect Mimikyu...</small><br></div><div class="spacer battle-history"><br></div><h2 class="battle-history">Turn 3</h2><div class="spacer battle-history"><br></div><div class="battle-history">The opposing Silvally used <strong>Parting Shot</strong>!<br></div><div class="battle-history"><small>Mimikyu's Attack fell!</small><br></div><div class="battle-history"><small>Mimikyu's Sp. Atk fell!</small><br></div><div class="spacer battle-history"><br></div><div class="battle-history">The opposing Silvally went back to Eimint64!<br></div><div class="battle-history">Eimint64 sent out <strong>Solrock</strong>!<br></div><div class="spacer battle-history"><br></div><div class="battle-history">Mimikyu used <strong>Play Rough</strong>!<br></div><div class="battle-history"><small>(The opposing Solrock lost <abbr title="−45/305">14.8%</abbr> of its health!)</small><br></div><div class="spacer battle-history"><br></div><div class="battle-history"><small>The opposing Solrock restored a little HP using its Leftovers!</small><br></div><div class="spacer battle-history"><br></div><h2 class="battle-history">Turn 4</h2><div class="spacer battle-history"><br></div><div class="battle-history">Mimikyu, come back!<br></div><div class="battle-history">Go! <strong>Forretress</strong>!<br></div><div class="spacer battle-history"><br></div><div class="battle-history">The opposing Solrock used <strong>Will-O-Wisp</strong>!<br></div><div class="battle-history"><small>Forretress was burned!</small><br></div><div class="spacer battle-history"><br></div><div class="battle-history"><small>The opposing Solrock restored a little HP using its Leftovers!</small><br></div><div class="battle-history"><small>Forretress was hurt by its burn!</small><br></div><div class="spacer battle-history"><br></div><h2 class="battle-history">Turn 5</h2><div class="spacer battle-history"><br></div><div class="battle-history">Eimint64 withdrew Solrock!<br></div><div class="battle-history">Eimint64 sent out <strong>Talonflame</strong>!<br></div><div class="spacer battle-history"><br></div><div class="battle-history">Forretress used <strong>Toxic</strong>!<br></div><div class="battle-history"><small>The opposing Talonflame was badly poisoned!</small><br></div><div class="spacer battle-history"><br></div><div class="battle-history"><small>Forretress restored a little HP using its Leftovers!</small><br></div><div class="battle-history"><small>The opposing Talonflame was hurt by poison!</small><br></div><div class="battle-history"><small>Forretress was hurt by its burn!</small><br></div><div class="spacer battle-history"><br></div><h2 class="battle-history">Turn 6</h2><div class="spacer battle-history"><br></div><div class="battle-history">Forretress, come back!<br></div><div class="battle-history">Go! <strong>Dragalge</strong>!<br></div><div class="spacer battle-history"><br></div><div class="battle-history">The opposing Talonflame used <strong>Overheat</strong>!<br></div><div class="battle-history"><small>It's not very effective...</small><br></div><div class="battle-history"><small>(Dragalge lost <abbr title="−42/255">16.5%</abbr> of its health!)</small><br></div><div class="battle-history"><small>The opposing Talonflame's Sp. Atk fell harshly!</small><br></div><div class="spacer battle-history"><br></div><div class="battle-history"><small>The opposing Talonflame restored a little HP using its Leftovers!</small><br></div><div class="battle-history"><small>The opposing Talonflame was hurt by poison!</small><br></div><div class="spacer battle-history"><br></div><h2 class="battle-history">Turn 7</h2><div class="spacer battle-history"><br></div><div class="battle-history">The opposing Talonflame used <strong>Brave Bird</strong>!<br></div><div class="battle-history"><small>(Dragalge lost <abbr title="−100/255">39.2%</abbr> of its health!)</small><br></div><div class="battle-history"><small>The opposing Talonflame was damaged by the recoil!</small><br></div><div class="spacer battle-history"><br></div><div class="battle-history">Dragalge used <strong>Draco Meteor</strong>!<br></div><div class="battle-history"><small>(The opposing Talonflame lost <abbr title="−197/262">75.2%</abbr> of its health!)</small><br></div><div class="battle-history"><small>Dragalge's Sp. Atk fell harshly!</small><br></div><div class="spacer battle-history"><br></div><div class="battle-history">The opposing Talonflame fainted!<br></div><div class="spacer battle-history"><br></div><div class="battle-history">Eimint64 sent out Silvally (<strong>Silvally-Fighting</strong>)!<br></div><div class="spacer battle-history"><br></div><h2 class="battle-history">Turn 8</h2><div class="spacer battle-history"><br></div><div class="battle-history">Dragalge, come back!<br></div><div class="battle-history">Go! <strong>Mimikyu</strong>!<br></div><div class="spacer battle-history"><br></div><div class="battle-history">The opposing Silvally used <strong>Ice Beam</strong>!<br></div><div class="battle-history">[Mimikyu's Disguise]<br><small>Its disguise served it as a decoy!</small><br></div><div class="battle-history"><small>(Mimikyu lost <abbr title="0/203">0%</abbr> of its health!)</small><br></div><div class="battle-history">Mimikyu's disguise was busted!<br></div><div class="spacer battle-history"><br></div><h2 class="battle-history">Turn 9</h2><div class="spacer battle-history"><br></div><div class="battle-history">Mimikyu, come back!<br></div><div class="battle-history">Go! <strong>Forretress</strong>!<br></div><div class="spacer battle-history"><br></div><div class="battle-history">The opposing Silvally used <strong>Parting Shot</strong>!<br></div><div class="battle-history"><small>Forretress's Attack fell!</small><br></div><div class="battle-history"><small>Forretress's Sp. Atk fell!</small><br></div><div class="spacer battle-history"><br></div><div class="battle-history">The opposing Silvally went back to Eimint64!<br></div><div class="battle-history">Eimint64 sent out <strong>Infernape</strong>!<br></div><div class="spacer battle-history"><br></div><div class="battle-history"><small>Forretress restored a little HP using its Leftovers!</small><br></div><div class="battle-history"><small>Forretress was hurt by its burn!</small><br></div><div class="spacer battle-history"><br></div><h2 class="battle-history">Turn 10</h2><div class="spacer battle-history"><br></div><div class="battle-history">Forretress, come back!<br></div><div class="battle-history">Go! <strong>Salazzle</strong>!<br></div><div class="spacer battle-history"><br></div><div class="battle-history">The opposing Infernape used <strong>Swords Dance</strong>!<br></div><div class="battle-history"><small>The opposing Infernape's Attack rose sharply!</small><br></div><div class="spacer battle-history"><br></div><h2 class="battle-history">Turn 11</h2><div class="spacer battle-history"><br></div><div class="battle-history">Salazzle used <strong>Substitute</strong>!<br></div><div class="battle-history"><small>Salazzle put in a substitute!</small><br></div><div class="battle-history"><small>(Salazzle lost <abbr title="−58/234">24.8%</abbr> of its health!)</small><br></div><div class="spacer battle-history"><br></div><div class="battle-history">The opposing Infernape used <strong>Stone Edge</strong>!<br></div><div class="battle-history"><small>It's super effective!</small><br></div><div class="battle-history"><small>Salazzle's substitute faded!</small><br></div><div class="battle-history"><small>The opposing Infernape lost some of its HP!</small><br></div><div class="spacer battle-history"><br></div><div class="battle-history"><small>Salazzle restored a little HP using its Black Sludge!</small><br></div><div class="spacer battle-history"><br></div><h2 class="battle-history">Turn 12</h2><div class="spacer battle-history"><br></div><div class="battle-history">Salazzle used <strong>Substitute</strong>!<br></div><div class="battle-history"><small>Salazzle put in a substitute!</small><br></div><div class="battle-history"><small>(Salazzle lost <abbr title="−58/234">24.8%</abbr> of its health!)</small><br></div><div class="spacer battle-history"><br></div><div class="battle-history">The opposing Infernape used <strong>Flare Blitz</strong>!<br></div><div class="battle-history"><small>It's not very effective...</small><br></div><div class="battle-history"><small>Salazzle's substitute faded!</small><br></div><div class="battle-history"><small>The opposing Infernape was damaged by the recoil!</small><br></div><div class="battle-history"><small>The opposing Infernape lost some of its HP!</small><br></div><div class="spacer battle-history"><br></div><div class="battle-history"><small>Salazzle restored a little HP using its Black Sludge!</small><br></div><div class="spacer battle-history"><br></div><h2 class="battle-history">Turn 13</h2><div class="spacer battle-history"><br></div><div class="battle-history">Salazzle used <strong>Substitute</strong>!<br></div><div class="battle-history"><small>Salazzle put in a substitute!</small><br></div><div class="battle-history"><small>(Salazzle lost <abbr title="−58/234">24.8%</abbr> of its health!)</small><br></div><div class="spacer battle-history"><br></div><div class="battle-history">The opposing Infernape used <strong>Flare Blitz</strong>!<br></div><div class="battle-history"><small>It's not very effective...</small><br></div><div class="battle-history"><small>Salazzle's substitute faded!</small><br></div><div class="battle-history"><small>The opposing Infernape was damaged by the recoil!</small><br></div><div class="battle-history"><small>The opposing Infernape lost some of its HP!</small><br></div><div class="spacer battle-history"><br></div><div class="battle-history"><small>Salazzle restored a little HP using its Black Sludge!</small><br></div><div class="spacer battle-history"><br></div><h2 class="battle-history">Turn 14</h2><div class="spacer battle-history"><br></div><div class="battle-history">Salazzle used <strong>Substitute</strong>!<br></div><div class="battle-history"><small>Salazzle put in a substitute!</small><br></div><div class="battle-history"><small>(Salazzle lost <abbr title="−58/234">24.8%</abbr> of its health!)</small><br></div><div class="spacer battle-history"><br></div><div class="battle-history">The opposing Infernape used <strong>Flare Blitz</strong>!<br></div><div class="battle-history"><small>It's not very effective...</small><br></div><div class="battle-history"><small>Salazzle's substitute faded!</small><br></div><div class="battle-history"><small>The opposing Infernape was damaged by the recoil!</small><br></div><div class="battle-history"><small>The opposing Infernape lost some of its HP!</small><br></div><div class="spacer battle-history"><br></div><div class="battle-history"><small>Salazzle restored a little HP using its Black Sludge!</small><br></div><div class="spacer battle-history"><br></div><h2 class="battle-history">Turn 15</h2><div class="spacer battle-history"><br></div><div class="battle-history">Salazzle used <strong>Protect</strong>!<br></div><div class="battle-history"><small>Salazzle protected itself!</small><br></div><div class="spacer battle-history"><br></div><div class="battle-history">The opposing Infernape used <strong>Close Combat</strong>!<br></div><div class="battle-history"><small>Salazzle protected itself!</small><br></div><div class="spacer battle-history"><br></div><div class="battle-history"><small>Salazzle restored a little HP using its Black Sludge!</small><br></div><div class="spacer battle-history"><br></div><h2 class="battle-history">Turn 16</h2><div class="spacer battle-history"><br></div><div class="battle-history">Salazzle used <strong>Substitute</strong>!<br></div><div class="battle-history"><small>Salazzle put in a substitute!</small><br></div><div class="battle-history"><small>(Salazzle lost <abbr title="−58/234">24.8%</abbr> of its health!)</small><br></div><div class="spacer battle-history"><br></div><div class="battle-history">The opposing Infernape used <strong>Close Combat</strong>!<br></div><div class="battle-history"><small>It's not very effective...</small><br></div><div class="battle-history"><small>Salazzle's substitute faded!</small><br></div><div class="battle-history"><small>The opposing Infernape's Defense fell!</small><br></div><div class="battle-history"><small>The opposing Infernape's Sp. Def fell!</small><br></div><div class="battle-history"><small>The opposing Infernape lost some of its HP!</small><br></div><div class="spacer battle-history"><br></div><div class="battle-history"><small>Salazzle restored a little HP using its Black Sludge!</small><br></div><div class="spacer battle-history"><br></div><h2 class="battle-history">Turn 17</h2><div class="spacer battle-history"><br></div><div class="battle-history">Salazzle used <strong>Protect</strong>!<br></div><div class="battle-history"><small>Salazzle protected itself!</small><br></div><div class="spacer battle-history"><br></div><div class="battle-history">The opposing Infernape used <strong>Flare Blitz</strong>!<br></div><div class="battle-history"><small>Salazzle protected itself!</small><br></div><div class="spacer battle-history"><br></div><div class="battle-history"><small>Salazzle restored a little HP using its Black Sludge!</small><br></div><div class="spacer battle-history"><br></div><h2 class="battle-history">Turn 18</h2><div class="spacer battle-history"><br></div><div class="battle-history">Salazzle used <strong>Flamethrower</strong>!<br></div><div class="battle-history"><small>It's not very effective...</small><br></div><div class="battle-history"><small>(The opposing Infernape lost <abbr title="−74/256">28.9%</abbr> of its health!)</small><br></div><div class="spacer battle-history"><br></div><div class="battle-history">The opposing Infernape fainted!<br></div><div class="spacer battle-history"><br></div><div class="battle-history"><small>Salazzle restored a little HP using its Black Sludge!</small><br></div><div class="spacer battle-history"><br></div><div class="battle-history">Eimint64 sent out Silvally (<strong>Silvally-Fighting</strong>)!<br></div><div class="spacer battle-history"><br></div><h2 class="battle-history">Turn 19</h2><div class="spacer battle-history"><br></div><div class="battle-history">Eimint64 withdrew Silvally!<br></div><div class="battle-history">Eimint64 sent out Meowstic (<strong>Meowstic-F</strong>)!<br></div><div class="spacer battle-history"><br></div><div class="battle-history">Salazzle used <strong>Protect</strong>!<br></div><div class="battle-history"><small>But it failed!</small><br></div><div class="spacer battle-history"><br></div><div class="battle-history"><small>Salazzle restored a little HP using its Black Sludge!</small><br></div><div class="spacer battle-history"><br></div><h2 class="battle-history">Turn 20</h2><div class="spacer battle-history"><br></div><div class="battle-history">Salazzle used <strong>Toxic</strong>!<br></div><div class="battle-history"><small>The opposing Meowstic was badly poisoned!</small><br></div><div class="spacer battle-history"><br></div><div class="battle-history">The opposing Meowstic used <strong>Thunderbolt</strong>!<br></div><div class="battle-history"><small>(Salazzle lost <abbr title="−70/234">29.9%</abbr> of its health!)</small><br></div><div class="spacer battle-history"><br></div><div class="battle-history">Salazzle fainted!<br></div><div class="spacer battle-history"><br></div><div class="battle-history"><small>The opposing Meowstic was hurt by poison!</small><br></div><div class="spacer battle-history"><br></div><div class="battle-history">Go! <strong>Darkrai</strong>!<br></div><div class="spacer battle-history"><br></div><h2 class="battle-history">Turn 21</h2><div class="spacer battle-history"><br></div><div class="battle-history">Eimint64 withdrew Meowstic!<br></div><div class="battle-history">Eimint64 sent out Silvally (<strong>Silvally-Fighting</strong>)!<br></div><div class="spacer battle-history"><br></div><div class="battle-history">Darkrai used <strong>Dark Pulse</strong>!<br></div><div class="battle-history"><small>It's not very effective...</small><br></div><div class="battle-history"><small>(The opposing Silvally lost <abbr title="−58/307">18.9%</abbr> of its health!)</small><br></div><div class="battle-history"><small>Darkrai lost some of its HP!</small><br></div><div class="spacer battle-history"><br></div><h2 class="battle-history">Turn 22</h2><div class="spacer battle-history"><br></div><div class="battle-history">Darkrai, come back!<br></div><div class="battle-history">Go! <strong>Forretress</strong>!<br></div><div class="spacer battle-history"><br></div><div class="battle-history">The opposing Silvally used <strong>Multi-Attack</strong>!<br></div><div class="battle-history"><small>(Forretress lost <abbr title="−73/263">27.8%</abbr> of its health!)</small><br></div><div class="spacer battle-history"><br></div><div class="battle-history"><small>Forretress restored a little HP using its Leftovers!</small><br></div><div class="battle-history"><small>Forretress was hurt by its burn!</small><br></div><div class="spacer battle-history"><br></div><h2 class="battle-history">Turn 23</h2><div class="spacer battle-history"><br></div><div class="battle-history">The opposing Silvally used <strong>Flamethrower</strong>!<br></div><div class="battle-history"><small>It's super effective!</small><br></div><div class="battle-history"><small>(Forretress lost <abbr title="−174/263">66.2%</abbr> of its health!)</small><br></div><div class="spacer battle-history"><br></div><div class="battle-history">Forretress fainted!<br></div><div class="spacer battle-history"><br></div><div class="battle-history">Go! <strong>Sigilyph</strong>!<br></div><div class="spacer battle-history"><br></div><h2 class="battle-history">Turn 24</h2><div class="spacer battle-history"><br></div><div class="battle-history">The opposing Silvally used <strong>Parting Shot</strong>!<br></div><div class="battle-history"><small>Sigilyph's Attack fell!</small><br></div><div class="battle-history"><small>Sigilyph's Sp. Atk fell!</small><br></div><div class="spacer battle-history"><br></div><div class="battle-history">The opposing Silvally went back to Eimint64!<br></div><div class="battle-history">Eimint64 sent out Meowstic (<strong>Meowstic-F</strong>)!<br></div><div class="spacer battle-history"><br></div><div class="battle-history">Sigilyph used <strong>Psychic</strong>!<br></div><div class="battle-history"><small>It's not very effective...</small><br></div><div class="battle-history"><small>(The opposing Meowstic lost <abbr title="−102/277">36.8%</abbr> of its health!)</small><br></div><div class="battle-history"><small>The opposing Meowstic's Sp. Def fell!</small><br></div><div class="spacer battle-history"><br></div><div class="battle-history"><small>The opposing Meowstic was hurt by poison!</small><br></div><div class="spacer battle-history"><br></div><h2 class="battle-history">Turn 25</h2><div class="spacer battle-history"><br></div><div class="battle-history">Sigilyph, come back!<br></div><div class="battle-history">Go! Mimikyu (<strong>Mimikyu-Busted</strong>)!<br></div><div class="spacer battle-history"><br></div><div class="battle-history">The opposing Meowstic used <strong>Dark Pulse</strong>!<br></div><div class="battle-history"><small>(Mimikyu lost <abbr title="−88/203">43.3%</abbr> of its health!)</small><br></div><div class="spacer battle-history"><br></div><div class="battle-history"><small>The opposing Meowstic was hurt by poison!</small><br></div><div class="spacer battle-history"><br></div><h2 class="battle-history">Turn 26</h2><div class="spacer battle-history"><br></div><div class="battle-history">Mimikyu used <strong>Shadow Sneak</strong>!<br></div><div class="battle-history"><small>It's super effective!</small><br></div><div class="battle-history"><small>(The opposing Meowstic lost <abbr title="−66/277">23.8%</abbr> of its health!)</small><br></div><div class="spacer battle-history"><br></div><div class="battle-history">The opposing Meowstic used <strong>Dark Pulse</strong>!<br></div><div class="battle-history"><small>(Mimikyu lost <abbr title="−83/203">40.9%</abbr> of its health!)</small><br></div><div class="spacer battle-history"><br></div><div class="battle-history"><small>The opposing Meowstic was hurt by poison!</small><br></div><div class="spacer battle-history"><br></div><div class="battle-history">The opposing Meowstic fainted!<br></div><div class="spacer battle-history"><br></div><div class="battle-history">Eimint64 sent out Silvally (<strong>Silvally-Fighting</strong>)!<br></div><div class="spacer battle-history"><br></div><h2 class="battle-history">Turn 27</h2><div class="spacer battle-history"><br></div><div class="battle-history">Mimikyu used <strong>Shadow Sneak</strong>!<br></div><div class="battle-history"><small>(The opposing Silvally lost <abbr title="−30/307">9.8%</abbr> of its health!)</small><br></div><div class="spacer battle-history"><br></div><div class="battle-history">The opposing Silvally used <strong>Ice Beam</strong>!<br></div><div class="battle-history"><small>(Mimikyu lost <abbr title="−32/203">15.8%</abbr> of its health!)</small><br></div><div class="spacer battle-history"><br></div><div class="battle-history">Mimikyu fainted!<br></div><div class="spacer battle-history"><br></div><div class="battle-history">Go! <strong>Sigilyph</strong>!<br></div><div class="spacer battle-history"><br></div><h2 class="battle-history">Turn 28</h2><div class="spacer battle-history"><br></div><div class="battle-history">The opposing Silvally used <strong>Parting Shot</strong>!<br></div><div class="battle-history"><small>Sigilyph's Attack fell!</small><br></div><div class="battle-history"><small>Sigilyph's Sp. Atk fell!</small><br></div><div class="spacer battle-history"><br></div><div class="battle-history">The opposing Silvally went back to Eimint64!<br></div><div class="battle-history">Eimint64 sent out <strong>Solrock</strong>!<br></div><div class="spacer battle-history"><br></div><div class="battle-history">Sigilyph used <strong>Psychic</strong>!<br></div><div class="battle-history"><small>It's not very effective...</small><br></div><div class="battle-history"><small>(The opposing Solrock lost <abbr title="−114/305">37.4%</abbr> of its health!)</small><br></div><div class="spacer battle-history"><br></div><div class="battle-history"><small>The opposing Solrock restored a little HP using its Leftovers!</small><br></div><div class="spacer battle-history"><br></div><h2 class="battle-history">Turn 29</h2><div class="spacer battle-history"><br></div><div class="battle-history">Sigilyph, come back!<br></div><div class="battle-history">Go! <strong>Darkrai</strong>!<br></div><div class="spacer battle-history"><br></div><div class="battle-history">The opposing Solrock used <strong>Stone Edge</strong>!<br></div><div class="battle-history"><small>(Darkrai lost <abbr title="−136/231">58.9%</abbr> of its health!)</small><br></div><div class="spacer battle-history"><br></div><div class="battle-history"><small>The opposing Solrock restored a little HP using its Leftovers!</small><br></div><div class="spacer battle-history"><br></div><h2 class="battle-history">Turn 30</h2><div class="spacer battle-history"><br></div><div class="battle-history">Darkrai, come back!<br></div><div class="battle-history">Go! <strong>Sigilyph</strong>!<br></div><div class="spacer battle-history"><br></div><div class="battle-history">The opposing Solrock used <strong>Earthquake</strong>!<br></div><div class="battle-history"><small>It doesn't affect Sigilyph...</small><br></div><div class="spacer battle-history"><br></div><div class="battle-history"><small>The opposing Solrock restored a little HP using its Leftovers!</small><br></div><div class="spacer battle-history"><br></div><h2 class="battle-history">Turn 31</h2><div class="spacer battle-history"><br></div><div class="battle-history">Sigilyph used <strong>Energy Ball</strong>!<br></div><div class="battle-history"><small>It's super effective!</small><br></div><div class="battle-history"><small>(The opposing Solrock lost <abbr title="−236/305">77.4%</abbr> of its health!)</small><br></div><div class="spacer battle-history"><br></div><div class="battle-history">The opposing Solrock used <strong>Stone Edge</strong>!<br></div><div class="battle-history"><small>It's super effective!</small><br></div><div class="battle-history"><small>(Sigilyph lost <abbr title="−240/261">92.0%</abbr> of its health!)</small><br></div><div class="spacer battle-history"><br></div><div class="battle-history"><small>The opposing Solrock restored a little HP using its Leftovers!</small><br></div><div class="spacer battle-history"><br></div><h2 class="battle-history">Turn 32</h2><div class="spacer battle-history"><br></div><div class="battle-history">Sigilyph used <strong>Energy Ball</strong>!<br></div><div class="battle-history"><small>It's super effective!</small><br></div><div class="battle-history"><small>(The opposing Solrock lost <abbr title="−24/305">7.9%</abbr> of its health!)</small><br></div><div class="spacer battle-history"><br></div><div class="battle-history">The opposing Solrock fainted!<br></div><div class="spacer battle-history"><br></div><div class="battle-history">Eimint64 sent out Silvally (<strong>Silvally-Fighting</strong>)!<br></div><div class="spacer battle-history"><br></div><h2 class="battle-history">Turn 33</h2><div class="spacer battle-history"><br></div><div class="battle-history">The opposing Silvally used <strong>Ice Beam</strong>!<br></div><div class="battle-history"><small>It's super effective!</small><br></div><div class="battle-history"><small>(Sigilyph lost <abbr title="−21/261">8.0%</abbr> of its health!)</small><br></div><div class="spacer battle-history"><br></div><div class="battle-history">Sigilyph fainted!<br></div><div class="spacer battle-history"><br></div><div class="battle-history">Go! <strong>Dragalge</strong>!<br></div><div class="spacer battle-history"><br></div><h2 class="battle-history">Turn 34</h2><div class="spacer battle-history"><br></div><div class="battle-history">The opposing Silvally used <strong>Parting Shot</strong>!<br></div><div class="battle-history"><small>Dragalge's Attack fell!</small><br></div><div class="battle-history"><small>Dragalge's Sp. Atk fell!</small><br></div><div class="spacer battle-history"><br></div><div class="battle-history">The opposing Silvally went back to Eimint64!<br></div><div class="battle-history">Eimint64 sent out <strong>Stantler</strong>!<br></div><div class="battle-history">[The opposing Stantler's Intimidate]<br></div><div class="battle-history"><small>Dragalge's Attack fell!</small><br></div><div class="spacer battle-history"><br></div><div class="battle-history">Dragalge used <strong>Sludge Wave</strong>!<br></div><div class="battle-history"><small>(The opposing Stantler lost <abbr title="−176/278">63.3%</abbr> of its health!)</small><br></div><div class="spacer battle-history"><br></div><h2 class="battle-history">Turn 35</h2><div class="spacer battle-history"><br></div><div class="battle-history">Dragalge, come back!<br></div><div class="battle-history">Go! <strong>Darkrai</strong>!<br></div><div class="spacer battle-history"><br></div><div class="battle-history">The opposing Stantler used <strong>Double-Edge</strong>!<br></div><div class="battle-history"><small>(Darkrai lost <abbr title="−72/231">31.2%</abbr> of its health!)</small><br></div><div class="spacer battle-history"><br></div><div class="battle-history">Darkrai fainted!<br></div><div class="battle-history"><small>The opposing Stantler was damaged by the recoil!</small><br></div><div class="spacer battle-history"><br></div><div class="battle-history">Go! <strong>Dragalge</strong>!<br></div><div class="spacer battle-history"><br></div><h2 class="battle-history">Turn 36</h2><div class="chat chatmessage-eimint64"><strong style="color:#3ca821"><small>☆</small><span class="username" data-name="Eimint64">Eimint64</span>:</strong> <em>Gg</em></div><div class="chat chatmessage-shnen"><strong style="color:#7c75d2"><small>☆</small><span class="username" data-name="shnen">shnen</span>:</strong> <em>gg</em></div><div class="spacer battle-history"><br></div><div class="battle-history">The opposing Stantler used <strong>Double-Edge</strong>!<br></div><div class="battle-history"><small>(Dragalge lost <abbr title="−113/255">44.3%</abbr> of its health!)</small><br></div><div class="spacer battle-history"><br></div><div class="battle-history">Dragalge fainted!<br></div><div class="battle-history"><small>The opposing Stantler was damaged by the recoil!</small><br></div><div class="spacer battle-history"><br></div><div class="battle-history"><strong>Eimint64</strong> won the battle!<br></div><div class="chat">Eimint64's rating: 1682 → <strong>1709</strong><br>(+27 for winning)</div><div class="chat">shnen's rating: 1800 → <strong>1773</strong><br>(-27 for losing)</div><div class="chat"><small>☆shnen left</small></div></div><div class="inner-preempt message-log"></div></div></div>
</div>
<script>
let daily = Math.floor(Date.now()/1000/60/60/24);document.write('<script src="https://play.pokemonshowdown.com/js/replay-embed.js?version'+daily+'"></'+'script>');
</script>
