<!DOCTYPE html>
<meta charset="utf-8" />
<!-- version 1 -->
<title>[Gen 5] Random Battle replay: ZayVeeN vs. WhatColorIsThis?</title>
<style>
html,body {font-family:Verdana, sans-serif;font-size:10pt;margin:0;padding:0;}body{padding:12px 0;} .battle-log {font-family:Verdana, sans-serif;font-size:10pt;} .battle-log-inline {border:1px solid #AAAAAA;background:#EEF2F5;color:black;max-width:640px;margin:0 auto 80px;padding-bottom:5px;} .battle-log .inner {padding:4px 8px 0px 8px;} .battle-log .inner-preempt {padding:0 8px 4px 8px;} .battle-log .inner-after {margin-top:0.5em;} .battle-log h2 {margin:0.5em -8px;padding:4px 8px;border:1px solid #AAAAAA;background:#E0E7EA;border-left:0;border-right:0;font-family:Verdana, sans-serif;font-size:13pt;} .battle-log .chat {vertical-align:middle;padding:3px 0 3px 0;font-size:8pt;} .battle-log .chat strong {color:#40576A;} .battle-log .chat em {padding:1px 4px 1px 3px;color:#000000;font-style:normal;} .chat.mine {background:rgba(0,0,0,0.05);margin-left:-8px;margin-right:-8px;padding-left:8px;padding-right:8px;} .spoiler {color:#BBBBBB;background:#BBBBBB;padding:0px 3px;} .spoiler:hover, .spoiler:active, .spoiler-shown {color:#000000;background:#E2E2E2;padding:0px 3px;} .spoiler a {color:#BBBBBB;} .spoiler:hover a, .spoiler:active a, .spoiler-shown a {color:#2288CC;} .chat code, .chat .spoiler:hover code, .chat .spoiler:active code, .chat .spoiler-shown code {border:1px solid #C0C0C0;background:#EEEEEE;color:black;padding:0 2px;} .chat .spoiler code {border:1px solid #CCCCCC;background:#CCCCCC;color:#CCCCCC;} .battle-log .rated {padding:3px 4px;} .battle-log .rated strong {color:white;background:#89A;padding:1px 4px;border-radius:4px;} .spacer {margin-top:0.5em;} .message-announce {background:#6688AA;color:white;padding:1px 4px 2px;} .message-announce a, .broadcast-green a, .broadcast-blue a, .broadcast-red a {color:#DDEEFF;} .broadcast-green {background-color:#559955;color:white;padding:2px 4px;} .broadcast-blue {background-color:#6688AA;color:white;padding:2px 4px;} .infobox {border:1px solid #6688AA;padding:2px 4px;} .infobox-limited {max-height:200px;overflow:auto;overflow-x:hidden;} .broadcast-red {background-color:#AA5544;color:white;padding:2px 4px;} .message-learn-canlearn {font-weight:bold;color:#228822;text-decoration:underline;} .message-learn-cannotlearn {font-weight:bold;color:#CC2222;text-decoration:underline;} .message-effect-weak {font-weight:bold;color:#CC2222;} .message-effect-resist {font-weight:bold;color:#6688AA;} .message-effect-immune {font-weight:bold;color:#666666;} .message-learn-list {margin-top:0;margin-bottom:0;} .message-throttle-notice, .message-error {color:#992222;} .message-overflow, .chat small.message-overflow {font-size:0pt;} .message-overflow::before {font-size:9pt;content:'...';} .subtle {color:#3A4A66;}
</style>
<div class="wrapper replay-wrapper" style="max-width:1180px;margin:0 auto">
<input type="hidden" name="replayid" value="gen5randombattle-2012214870" />
<div class="battle"></div><div class="battle-log"></div><div class="replay-controls"></div><div class="replay-controls-2"></div>
<h1 style="font-weight:normal;text-align:center"><strong>[Gen 5] Random Battle</strong><br /><a href="http://pokemonshowdown.com/users/zayveen" class="subtle" target="_blank">ZayVeeN</a> vs. <a href="http://pokemonshowdown.com/users/whatcoloristhis" class="subtle" target="_blank">WhatColorIsThis?</a></h1>
<script type="text/plain" class="battle-log-data">|j|☆ZayVeeN
|j|☆WhatColorIsThis?
|t:|1702663003
|gametype|singles
|player|p1|ZayVeeN|ghetsis|1355
|player|p2|WhatColorIsThis?|170|1527
|teamsize|p1|6
|teamsize|p2|6
|gen|5
|tier|[Gen 5] Random Battle
|rated|
|rule|Sleep Clause Mod: Limit one foe put to sleep
|rule|HP Percentage Mod: HP is shown in percentages
|rule|Illusion Level Mod: Illusion disguises the Pokémon's true level
|
|t:|1702663003
|start
|switch|p1a: Hydreigon|Hydreigon, L79, F|275\/275
|switch|p2a: Klinklang|Klinklang, L85|241\/241
|turn|1
|
|t:|1702663021
|move|p2a: Klinklang|Substitute|p2a: Klinklang
|-start|p2a: Klinklang|Substitute
|-damage|p2a: Klinklang|181\/241
|move|p1a: Hydreigon|U-turn|p2a: Klinklang
|-resisted|p2a: Klinklang
|-activate|p2a: Klinklang|Substitute|[damage]
|
|t:|1702663038
|switch|p1a: Emboar|Emboar, L85, M|326\/326|[from] U-turn
|
|-heal|p2a: Klinklang|196\/241|[from] item: Leftovers
|upkeep
|turn|2
|
|t:|1702663047
|move|p2a: Klinklang|Return|p1a: Emboar
|-damage|p1a: Emboar|234\/326
|move|p1a: Emboar|Fire Blast|p2a: Klinklang
|-supereffective|p2a: Klinklang
|-end|p2a: Klinklang|Substitute
|-damage|p1a: Emboar|202\/326|[from] item: Life Orb
|
|-heal|p2a: Klinklang|211\/241|[from] item: Leftovers
|upkeep
|turn|3
|
|t:|1702663061
|switch|p2a: Lugia|Lugia, L72|272\/272
|switch|p1a: Hydreigon|Hydreigon, L79, F|275\/275
|
|upkeep
|turn|4
|
|t:|1702663071
|move|p1a: Hydreigon|Draco Meteor|p2a: Lugia
|-damage|p2a: Lugia|181\/272
|-unboost|p1a: Hydreigon|spa|2
|move|p2a: Lugia|Toxic|p1a: Hydreigon|[miss]
|-miss|p2a: Lugia|p1a: Hydreigon
|
|-heal|p2a: Lugia|198\/272|[from] item: Leftovers
|upkeep
|turn|5
|
|t:|1702663091
|switch|p1a: Emboar|Emboar, L85, M|202\/326
|move|p2a: Lugia|Substitute|p2a: Lugia
|-start|p2a: Lugia|Substitute
|-damage|p2a: Lugia|130\/272
|
|-heal|p2a: Lugia|147\/272|[from] item: Leftovers
|upkeep
|turn|6
|
|t:|1702663100
|move|p2a: Lugia|Aeroblast|p1a: Emboar
|-supereffective|p1a: Emboar
|-damage|p1a: Emboar|16\/326
|move|p1a: Emboar|Wild Charge|p2a: Lugia
|-supereffective|p2a: Lugia
|-end|p2a: Lugia|Substitute
|-damage|p1a: Emboar|0 fnt|[from] Recoil|[of] p2a: Lugia
|faint|p1a: Emboar
|
|-heal|p2a: Lugia|164\/272|[from] item: Leftovers
|upkeep
|
|t:|1702663109
|switch|p1a: Hydreigon|Hydreigon, L79, F|275\/275
|turn|7
|
|t:|1702663122
|switch|p2a: Klinklang|Klinklang, L85|211\/241
|move|p1a: Hydreigon|Dark Pulse|p2a: Klinklang
|-resisted|p2a: Klinklang
|-damage|p2a: Klinklang|138\/241
|
|-heal|p2a: Klinklang|153\/241|[from] item: Leftovers
|upkeep
|turn|8
|
|t:|1702663134
|move|p2a: Klinklang|Shift Gear|p2a: Klinklang
|-boost|p2a: Klinklang|spe|2
|-boost|p2a: Klinklang|atk|1
|move|p1a: Hydreigon|Dark Pulse|p2a: Klinklang
|-resisted|p2a: Klinklang
|-damage|p2a: Klinklang|81\/241
|
|-heal|p2a: Klinklang|96\/241|[from] item: Leftovers
|upkeep
|turn|9
|
|t:|1702663147
|switch|p1a: Arcanine|Arcanine, L82, M|282\/282
|-ability|p1a: Arcanine|Intimidate|boost
|-fail|p2a: Klinklang|unboost|[from] ability: Clear Body|[of] p2a: Klinklang
|move|p2a: Klinklang|Gear Grind|p1a: Arcanine
|-resisted|p1a: Arcanine
|-damage|p1a: Arcanine|232\/282
|-resisted|p1a: Arcanine
|-damage|p1a: Arcanine|183\/282
|-hitcount|p1a: Arcanine|2
|
|-heal|p2a: Klinklang|111\/241|[from] item: Leftovers
|upkeep
|turn|10
|
|t:|1702663158
|move|p2a: Klinklang|Return|p1a: Arcanine
|-damage|p1a: Arcanine|62\/282
|move|p1a: Arcanine|Close Combat|p2a: Klinklang
|-supereffective|p2a: Klinklang
|-damage|p2a: Klinklang|0 fnt
|-unboost|p1a: Arcanine|def|1
|-unboost|p1a: Arcanine|spd|1
|faint|p2a: Klinklang
|
|upkeep
|
|t:|1702663161
|switch|p2a: Raticate|Raticate, L89, M|243\/243
|turn|11
|
|t:|1702663175
|switch|p1a: Blastoise|Blastoise, L83, F|267\/267
|move|p2a: Raticate|Crunch|p1a: Blastoise
|-damage|p1a: Blastoise|213\/267
|
|-heal|p1a: Blastoise|229\/267|[from] item: Leftovers
|-status|p2a: Raticate|tox|[from] item: Toxic Orb
|upkeep
|turn|12
|
|t:|1702663184
|move|p2a: Raticate|Facade|p1a: Blastoise
|-damage|p1a: Blastoise|46\/267
|move|p1a: Blastoise|Scald|p2a: Raticate
|-damage|p2a: Raticate|116\/243 tox
|
|-heal|p1a: Blastoise|62\/267|[from] item: Leftovers
|-damage|p2a: Raticate|101\/243 tox|[from] psn
|upkeep
|turn|13
|
|t:|1702663198
|move|p2a: Raticate|Facade|p1a: Blastoise
|-damage|p1a: Blastoise|0 fnt
|faint|p1a: Blastoise
|
|-damage|p2a: Raticate|71\/243 tox|[from] psn
|upkeep
|
|t:|1702663209
|switch|p1a: Arcanine|Arcanine, L82, M|62\/282
|-ability|p1a: Arcanine|Intimidate|boost
|-unboost|p2a: Raticate|atk|1
|turn|14
|
|t:|1702663217
|switch|p2a: Forretress|Forretress, L80, M|251\/251
|move|p1a: Arcanine|Extreme Speed|p2a: Forretress
|-resisted|p2a: Forretress
|-damage|p2a: Forretress|219\/251
|
|-heal|p2a: Forretress|234\/251|[from] item: Leftovers
|upkeep
|turn|15
|
|t:|1702663233
|switch|p1a: Jynx|Jynx, L85, F|249\/249
|move|p2a: Forretress|Volt Switch|p1a: Jynx
|-damage|p1a: Jynx|217\/249
|
|t:|1702663240
|switch|p2a: Raticate|Raticate, L89, M|71\/243 tox|[from] Volt Switch
|
|-damage|p2a: Raticate|56\/243 tox|[from] psn
|upkeep
|turn|16
|
|t:|1702663248
|move|p1a: Jynx|Psychic|p2a: Raticate
|-damage|p2a: Raticate|0 fnt
|faint|p2a: Raticate
|
|upkeep
|
|t:|1702663259
|switch|p2a: Beautifly|Beautifly, L96, F|271\/271
|turn|17
|
|t:|1702663265
|move|p1a: Jynx|Psychic|p2a: Beautifly
|-damage|p2a: Beautifly|126\/271
|move|p2a: Beautifly|Quiver Dance|p2a: Beautifly
|-boost|p2a: Beautifly|spa|1
|-boost|p2a: Beautifly|spd|1
|-boost|p2a: Beautifly|spe|1
|
|-heal|p2a: Beautifly|142\/271|[from] item: Leftovers
|upkeep
|turn|18
|
|t:|1702663271
|move|p1a: Jynx|Psychic|p2a: Beautifly
|-damage|p2a: Beautifly|43\/271
|move|p2a: Beautifly|Bug Buzz|p1a: Jynx
|-supereffective|p1a: Jynx
|-damage|p1a: Jynx|0 fnt
|faint|p1a: Jynx
|
|-heal|p2a: Beautifly|59\/271|[from] item: Leftovers
|upkeep
|
|t:|1702663278
|switch|p1a: Arcanine|Arcanine, L82, M|62\/282
|-ability|p1a: Arcanine|Intimidate|boost
|-unboost|p2a: Beautifly|atk|1
|turn|19
|
|t:|1702663282
|move|p1a: Arcanine|Extreme Speed|p2a: Beautifly
|-damage|p2a: Beautifly|0 fnt
|faint|p2a: Beautifly
|
|upkeep
|
|t:|1702663298
|switch|p2a: Arceus|Arceus-Rock, L71|288\/288
|turn|20
|
|t:|1702663312
|switch|p1a: Electivire|Electivire, L84, F|263\/263
|move|p2a: Arceus|Swords Dance|p2a: Arceus
|-boost|p2a: Arceus|atk|2
|
|upkeep
|turn|21
|
|t:|1702663321
|move|p2a: Arceus|Earthquake|p1a: Electivire
|-supereffective|p1a: Electivire
|-damage|p1a: Electivire|0 fnt
|faint|p1a: Electivire
|
|upkeep
|
|t:|1702663337
|switch|p1a: Arcanine|Arcanine, L82, M|62\/282
|-ability|p1a: Arcanine|Intimidate|boost
|-unboost|p2a: Arceus|atk|1
|turn|22
|
|t:|1702663352
|move|p2a: Arceus|Stone Edge|p1a: Arcanine
|-supereffective|p1a: Arcanine
|-damage|p1a: Arcanine|0 fnt
|faint|p1a: Arcanine
|
|upkeep
|c|☆ZayVeeN|gg
|
|t:|1702663357
|switch|p1a: Hydreigon|Hydreigon, L79, F|275\/275
|turn|23
|
|t:|1702663361
|move|p2a: Arceus|Stone Edge|p1a: Hydreigon
|-damage|p1a: Hydreigon|113\/275
|move|p1a: Hydreigon|Dark Pulse|p2a: Arceus
|-damage|p2a: Arceus|171\/288
|
|upkeep
|turn|24
|c|☆WhatColorIsThis?|gg
|
|t:|1702663368
|move|p2a: Arceus|Stone Edge|p1a: Hydreigon
|-damage|p1a: Hydreigon|0 fnt
|faint|p1a: Hydreigon
|
|win|WhatColorIsThis?
|raw|ZayVeeN's rating: 1355 &rarr; <strong>1344<\/strong><br \/>(-11 for losing)
|raw|WhatColorIsThis?'s rating: 1527 &rarr; <strong>1538<\/strong><br \/>(+11 for winning)
</script>
</div>
<div class="battle-log battle-log-inline"><div class="inner"><div class="battle-options"></div><div class="inner message-log"><div class="chat"><small>☆ZayVeeN and ☆WhatColorIsThis? joined</small></div><div class=""><small>Format:</small> <br><strong>[Gen 5] Random Battle</strong></div><div class="rated"><strong>Rated battle</strong></div><div class=""><small><em>Sleep Clause Mod:</em> Limit one foe put to sleep</small></div><div class=""><small><em>HP Percentage Mod:</em> HP is shown in percentages</small></div><div class=""><small><em>Illusion Level Mod:</em> Illusion disguises the Pokémon's true level</small></div><div class="spacer battle-history"><br></div><div class="battle-history">Battle started between ZayVeeN and WhatColorIsThis?!<br></div><div class="spacer battle-history"><br></div><div class="battle-history">ZayVeeN sent out <strong>Hydreigon</strong>!<br></div><div class="spacer battle-history"><br></div><div class="battle-history">Go! <strong>Klinklang</strong>!<br></div><div class="spacer battle-history"><br></div><h2 class="battle-history">Turn 1</h2><div class="spacer battle-history"><br></div><div class="battle-history">Klinklang used <strong>Substitute</strong>!<br></div><div class="battle-history"><small>Klinklang put in a substitute!</small><br></div><div class="battle-history"><small>(Klinklang lost <abbr title="−60/241">24.9%</abbr> of its health!)</small><br></div><div class="spacer battle-history"><br></div><div class="battle-history">The opposing Hydreigon used <strong>U-turn</strong>!<br></div><div class="battle-history"><small>It's not very effective...</small><br></div><div class="battle-history"><small>The substitute took damage for Klinklang!</small><br></div><div class="spacer battle-history"><br></div><div class="battle-history">The opposing Hydreigon went back to ZayVeeN!<br></div><div class="battle-history">ZayVeeN sent out <strong>Emboar</strong>!<br></div><div class="spacer battle-history"><br></div><div class="battle-history"><small>Klinklang restored a little HP using its Leftovers!</small><br></div><div class="spacer battle-history"><br></div><h2 class="battle-history">Turn 2</h2><div class="spacer battle-history"><br></div><div class="battle-history">Klinklang used <strong>Return</strong>!<br></div><div class="battle-history"><small>(The opposing Emboar lost <abbr title="−92/326">28.2%</abbr> of its health!)</small><br></div><div class="spacer battle-history"><br></div><div class="battle-history">The opposing Emboar used <strong>Fire Blast</strong>!<br></div><div class="battle-history"><small>It's super effective!</small><br></div><div class="battle-history"><small>Klinklang's substitute faded!</small><br></div><div class="battle-history"><small>The opposing Emboar lost some of its HP!</small><br></div><div class="spacer battle-history"><br></div><div class="battle-history"><small>Klinklang restored a little HP using its Leftovers!</small><br></div><div class="spacer battle-history"><br></div><h2 class="battle-history">Turn 3</h2><div class="spacer battle-history"><br></div><div class="battle-history">Klinklang, come back!<br></div><div class="battle-history">Go! <strong>Lugia</strong>!<br></div><div class="spacer battle-history"><br></div><div class="battle-history">ZayVeeN withdrew Emboar!<br></div><div class="battle-history">ZayVeeN sent out <strong>Hydreigon</strong>!<br></div><div class="spacer battle-history"><br></div><h2 class="battle-history">Turn 4</h2><div class="spacer battle-history"><br></div><div class="battle-history">The opposing Hydreigon used <strong>Draco Meteor</strong>!<br></div><div class="battle-history"><small>(Lugia lost <abbr title="−91/272">33.5%</abbr> of its health!)</small><br></div><div class="battle-history"><small>The opposing Hydreigon's Sp. Atk fell harshly!</small><br></div><div class="spacer battle-history"><br></div><div class="battle-history">Lugia used <strong>Toxic</strong>!<br></div><div class="battle-history"><small>The opposing Hydreigon avoided the attack!</small><br></div><div class="spacer battle-history"><br></div><div class="battle-history"><small>Lugia restored a little HP using its Leftovers!</small><br></div><div class="spacer battle-history"><br></div><h2 class="battle-history">Turn 5</h2><div class="spacer battle-history"><br></div><div class="battle-history">ZayVeeN withdrew Hydreigon!<br></div><div class="battle-history">ZayVeeN sent out <strong>Emboar</strong>!<br></div><div class="spacer battle-history"><br></div><div class="battle-history">Lugia used <strong>Substitute</strong>!<br></div><div class="battle-history"><small>Lugia put in a substitute!</small><br></div><div class="battle-history"><small>(Lugia lost <abbr title="−68/272">25%</abbr> of its health!)</small><br></div><div class="spacer battle-history"><br></div><div class="battle-history"><small>Lugia restored a little HP using its Leftovers!</small><br></div><div class="spacer battle-history"><br></div><h2 class="battle-history">Turn 6</h2><div class="spacer battle-history"><br></div><div class="battle-history">Lugia used <strong>Aeroblast</strong>!<br></div><div class="battle-history"><small>It's super effective!</small><br></div><div class="battle-history"><small>(The opposing Emboar lost <abbr title="−186/326">57.1%</abbr> of its health!)</small><br></div><div class="spacer battle-history"><br></div><div class="battle-history">The opposing Emboar used <strong>Wild Charge</strong>!<br></div><div class="battle-history"><small>It's super effective!</small><br></div><div class="battle-history"><small>Lugia's substitute faded!</small><br></div><div class="battle-history"><small>The opposing Emboar was damaged by the recoil!</small><br></div><div class="spacer battle-history"><br></div><div class="battle-history">The opposing Emboar fainted!<br></div><div class="spacer battle-history"><br></div><div class="battle-history"><small>Lugia restored a little HP using its Leftovers!</small><br></div><div class="spacer battle-history"><br></div><div class="battle-history">ZayVeeN sent out <strong>Hydreigon</strong>!<br></div><div class="spacer battle-history"><br></div><h2 class="battle-history">Turn 7</h2><div class="spacer battle-history"><br></div><div class="battle-history">Lugia, come back!<br></div><div class="battle-history">Go! <strong>Klinklang</strong>!<br></div><div class="spacer battle-history"><br></div><div class="battle-history">The opposing Hydreigon used <strong>Dark Pulse</strong>!<br></div><div class="battle-history"><small>It's not very effective...</small><br></div><div class="battle-history"><small>(Klinklang lost <abbr title="−73/241">30.3%</abbr> of its health!)</small><br></div><div class="spacer battle-history"><br></div><div class="battle-history"><small>Klinklang restored a little HP using its Leftovers!</small><br></div><div class="spacer battle-history"><br></div><h2 class="battle-history">Turn 8</h2><div class="spacer battle-history"><br></div><div class="battle-history">Klinklang used <strong>Shift Gear</strong>!<br></div><div class="battle-history"><small>Klinklang's Speed rose sharply!</small><br></div><div class="battle-history"><small>Klinklang's Attack rose!</small><br></div><div class="spacer battle-history"><br></div><div class="battle-history">The opposing Hydreigon used <strong>Dark Pulse</strong>!<br></div><div class="battle-history"><small>It's not very effective...</small><br></div><div class="battle-history"><small>(Klinklang lost <abbr title="−72/241">29.9%</abbr> of its health!)</small><br></div><div class="spacer battle-history"><br></div><div class="battle-history"><small>Klinklang restored a little HP using its Leftovers!</small><br></div><div class="spacer battle-history"><br></div><h2 class="battle-history">Turn 9</h2><div class="spacer battle-history"><br></div><div class="battle-history">ZayVeeN withdrew Hydreigon!<br></div><div class="battle-history">ZayVeeN sent out <strong>Arcanine</strong>!<br></div><div class="battle-history">[The opposing Arcanine's Intimidate]<br></div><div class="battle-history">[Klinklang's Clear Body]<br><small>Klinklang's stats were not lowered!</small><br></div><div class="spacer battle-history"><br></div><div class="battle-history">Klinklang used <strong>Gear Grind</strong>!<br></div><div class="battle-history"><small>It's not very effective...</small><br></div><div class="battle-history"><small>(The opposing Arcanine lost <abbr title="−50/282">17.7%</abbr> of its health!)</small><br></div><div class="battle-history"><small>It's not very effective...</small><br></div><div class="battle-history"><small>(The opposing Arcanine lost <abbr title="−49/282">17.4%</abbr> of its health!)</small><br></div><div class="battle-history"><small>The Pokémon was hit 2 times!</small><br></div><div class="spacer battle-history"><br></div><div class="battle-history"><small>Klinklang restored a little HP using its Leftovers!</small><br></div><div class="spacer battle-history"><br></div><h2 class="battle-history">Turn 10</h2><div class="spacer battle-history"><br></div><div class="battle-history">Klinklang used <strong>Return</strong>!<br></div><div class="battle-history"><small>(The opposing Arcanine lost <abbr title="−121/282">42.9%</abbr> of its health!)</small><br></div><div class="spacer battle-history"><br></div><div class="battle-history">The opposing Arcanine used <strong>Close Combat</strong>!<br></div><div class="battle-history"><small>It's super effective!</small><br></div><div class="battle-history"><small>(Klinklang lost <abbr title="−111/241">46.1%</abbr> of its health!)</small><br></div><div class="battle-history"><small>The opposing Arcanine's Defense fell!</small><br></div><div class="battle-history"><small>The opposing Arcanine's Sp. Def fell!</small><br></div><div class="spacer battle-history"><br></div><div class="battle-history">Klinklang fainted!<br></div><div class="spacer battle-history"><br></div><div class="battle-history">Go! <strong>Raticate</strong>!<br></div><div class="spacer battle-history"><br></div><h2 class="battle-history">Turn 11</h2><div class="spacer battle-history"><br></div><div class="battle-history">ZayVeeN withdrew Arcanine!<br></div><div class="battle-history">ZayVeeN sent out <strong>Blastoise</strong>!<br></div><div class="spacer battle-history"><br></div><div class="battle-history">Raticate used <strong>Crunch</strong>!<br></div><div class="battle-history"><small>(The opposing Blastoise lost <abbr title="−54/267">20.2%</abbr> of its health!)</small><br></div><div class="spacer battle-history"><br></div><div class="battle-history"><small>The opposing Blastoise restored a little HP using its Leftovers!</small><br></div><div class="battle-history"><small>Raticate was badly poisoned!</small><br></div><div class="spacer battle-history"><br></div><h2 class="battle-history">Turn 12</h2><div class="spacer battle-history"><br></div><div class="battle-history">Raticate used <strong>Facade</strong>!<br></div><div class="battle-history"><small>(The opposing Blastoise lost <abbr title="−183/267">68.5%</abbr> of its health!)</small><br></div><div class="spacer battle-history"><br></div><div class="battle-history">The opposing Blastoise used <strong>Scald</strong>!<br></div><div class="battle-history"><small>(Raticate lost <abbr title="−127/243">52.3%</abbr> of its health!)</small><br></div><div class="spacer battle-history"><br></div><div class="battle-history"><small>The opposing Blastoise restored a little HP using its Leftovers!</small><br></div><div class="battle-history"><small>Raticate was hurt by poison!</small><br></div><div class="spacer battle-history"><br></div><h2 class="battle-history">Turn 13</h2><div class="spacer battle-history"><br></div><div class="battle-history">Raticate used <strong>Facade</strong>!<br></div><div class="battle-history"><small>(The opposing Blastoise lost <abbr title="−62/267">23.2%</abbr> of its health!)</small><br></div><div class="spacer battle-history"><br></div><div class="battle-history">The opposing Blastoise fainted!<br></div><div class="spacer battle-history"><br></div><div class="battle-history"><small>Raticate was hurt by poison!</small><br></div><div class="spacer battle-history"><br></div><div class="battle-history">ZayVeeN sent out <strong>Arcanine</strong>!<br></div><div class="battle-history">[The opposing Arcanine's Intimidate]<br></div><div class="battle-history"><small>Raticate's Attack fell!</small><br></div><div class="spacer battle-history"><br></div><h2 class="battle-history">Turn 14</h2><div class="spacer battle-history"><br></div><div class="battle-history">Raticate, come back!<br></div><div class="battle-history">Go! <strong>Forretress</strong>!<br></div><div class="spacer battle-history"><br></div><div class="battle-history">The opposing Arcanine used <strong>Extreme Speed</strong>!<br></div><div class="battle-history"><small>It's not very effective...</small><br></div><div class="battle-history"><small>(Forretress lost <abbr title="−32/251">12.7%</abbr> of its health!)</small><br></div><div class="spacer battle-history"><br></div><div class="battle-history"><small>Forretress restored a little HP using its Leftovers!</small><br></div><div class="spacer battle-history"><br></div><h2 class="battle-history">Turn 15</h2><div class="spacer battle-history"><br></div><div class="battle-history">ZayVeeN withdrew Arcanine!<br></div><div class="battle-history">ZayVeeN sent out <strong>Jynx</strong>!<br></div><div class="spacer battle-history"><br></div><div class="battle-history">Forretress used <strong>Volt Switch</strong>!<br></div><div class="battle-history"><small>(The opposing Jynx lost <abbr title="−32/249">12.9%</abbr> of its health!)</small><br></div><div class="spacer battle-history"><br></div><div class="battle-history">Forretress went back to WhatColorIsThis?!<br></div><div class="battle-history">Go! <strong>Raticate</strong>!<br></div><div class="spacer battle-history"><br></div><div class="battle-history"><small>Raticate was hurt by poison!</small><br></div><div class="spacer battle-history"><br></div><h2 class="battle-history">Turn 16</h2><div class="spacer battle-history"><br></div><div class="battle-history">The opposing Jynx used <strong>Psychic</strong>!<br></div><div class="battle-history"><small>(Raticate lost <abbr title="−56/243">23.0%</abbr> of its health!)</small><br></div><div class="spacer battle-history"><br></div><div class="battle-history">Raticate fainted!<br></div><div class="spacer battle-history"><br></div><div class="battle-history">Go! <strong>Beautifly</strong>!<br></div><div class="spacer battle-history"><br></div><h2 class="battle-history">Turn 17</h2><div class="spacer battle-history"><br></div><div class="battle-history">The opposing Jynx used <strong>Psychic</strong>!<br></div><div class="battle-history"><small>(Beautifly lost <abbr title="−145/271">53.5%</abbr> of its health!)</small><br></div><div class="spacer battle-history"><br></div><div class="battle-history">Beautifly used <strong>Quiver Dance</strong>!<br></div><div class="battle-history"><small>Beautifly's Sp. Atk rose!</small><br></div><div class="battle-history"><small>Beautifly's Sp. Def rose!</small><br></div><div class="battle-history"><small>Beautifly's Speed rose!</small><br></div><div class="spacer battle-history"><br></div><div class="battle-history"><small>Beautifly restored a little HP using its Leftovers!</small><br></div><div class="spacer battle-history"><br></div><h2 class="battle-history">Turn 18</h2><div class="spacer battle-history"><br></div><div class="battle-history">The opposing Jynx used <strong>Psychic</strong>!<br></div><div class="battle-history"><small>(Beautifly lost <abbr title="−99/271">36.5%</abbr> of its health!)</small><br></div><div class="spacer battle-history"><br></div><div class="battle-history">Beautifly used <strong>Bug Buzz</strong>!<br></div><div class="battle-history"><small>It's super effective!</small><br></div><div class="battle-history"><small>(The opposing Jynx lost <abbr title="−217/249">87.1%</abbr> of its health!)</small><br></div><div class="spacer battle-history"><br></div><div class="battle-history">The opposing Jynx fainted!<br></div><div class="spacer battle-history"><br></div><div class="battle-history"><small>Beautifly restored a little HP using its Leftovers!</small><br></div><div class="spacer battle-history"><br></div><div class="battle-history">ZayVeeN sent out <strong>Arcanine</strong>!<br></div><div class="battle-history">[The opposing Arcanine's Intimidate]<br></div><div class="battle-history"><small>Beautifly's Attack fell!</small><br></div><div class="spacer battle-history"><br></div><h2 class="battle-history">Turn 19</h2><div class="spacer battle-history"><br></div><div class="battle-history">The opposing Arcanine used <strong>Extreme Speed</strong>!<br></div><div class="battle-history"><small>(Beautifly lost <abbr title="−59/271">21.8%</abbr> of its health!)</small><br></div><div class="spacer battle-history"><br></div><div class="battle-history">Beautifly fainted!<br></div><div class="spacer battle-history"><br></div><div class="battle-history">Go! Arceus (<strong>Arceus-Rock</strong>)!<br></div><div class="spacer battle-history"><br></div><h2 class="battle-history">Turn 20</h2><div class="spacer battle-history"><br></div><div class="battle-history">ZayVeeN withdrew Arcanine!<br></div><div class="battle-history">ZayVeeN sent out <strong>Electivire</strong>!<br></div><div class="spacer battle-history"><br></div><div class="battle-history">Arceus used <strong>Swords Dance</strong>!<br></div><div class="battle-history"><small>Arceus's Attack rose sharply!</small><br></div><div class="spacer battle-history"><br></div><h2 class="battle-history">Turn 21</h2><div class="spacer battle-history"><br></div><div class="battle-history">Arceus used <strong>Earthquake</strong>!<br></div><div class="battle-history"><small>It's super effective!</small><br></div><div class="battle-history"><small>(The opposing Electivire lost <abbr title="−263/263">100%</abbr> of its health!)</small><br></div><div class="spacer battle-history"><br></div><div class="battle-history">The opposing Electivire fainted!<br></div><div class="spacer battle-history"><br></div><div class="battle-history">ZayVeeN sent out <strong>Arcanine</strong>!<br></div><div class="battle-history">[The opposing Arcanine's Intimidate]<br></div><div class="battle-history"><small>Arceus's Attack fell!</small><br></div><div class="spacer battle-history"><br></div><h2 class="battle-history">Turn 22</h2><div class="spacer battle-history"><br></div><div class="battle-history">Arceus used <strong>Stone Edge</strong>!<br></div><div class="battle-history"><small>It's super effective!</small><br></div><div class="battle-history"><small>(The opposing Arcanine lost <abbr title="−62/282">22.0%</abbr> of its health!)</small><br></div><div class="spacer battle-history"><br></div><div class="battle-history">The opposing Arcanine fainted!<br></div><div class="chat chatmessage-zayveen"><strong style="color:#5677bd"><small>☆</small><span class="username" data-name="ZayVeeN">ZayVeeN</span>:</strong> <em>gg</em></div><div class="spacer battle-history"><br></div><div class="battle-history">ZayVeeN sent out <strong>Hydreigon</strong>!<br></div><div class="spacer battle-history"><br></div><h2 class="battle-history">Turn 23</h2><div class="spacer battle-history"><br></div><div class="battle-history">Arceus used <strong>Stone Edge</strong>!<br></div><div class="battle-history"><small>(The opposing Hydreigon lost <abbr title="−162/275">58.9%</abbr> of its health!)</small><br></div><div class="spacer battle-history"><br></div><div class="battle-history">The opposing Hydreigon used <strong>Dark Pulse</strong>!<br></div><div class="battle-history"><small>(Arceus lost <abbr title="−117/288">40.6%</abbr> of its health!)</small><br></div><div class="spacer battle-history"><br></div><h2 class="battle-history">Turn 24</h2><div class="chat chatmessage-whatcoloristhis"><strong style="color:#c48c12"><small>☆</small><span class="username" data-name="WhatColorIsThis?">WhatColorIsThis?</span>:</strong> <em>gg</em></div><div class="spacer battle-history"><br></div><div class="battle-history">Arceus used <strong>Stone Edge</strong>!<br></div><div class="battle-history"><small>(The opposing Hydreigon lost <abbr title="−113/275">41.1%</abbr> of its health!)</small><br></div><div class="spacer battle-history"><br></div><div class="battle-history">The opposing Hydreigon fainted!<br></div><div class="spacer battle-history"><br></div><div class="battle-history"><strong>WhatColorIsThis?</strong> won the battle!<br></div><div class="chat">ZayVeeN's rating: 1355 → <strong>1344</strong><br>(-11 for losing)</div><div class="chat">WhatColorIsThis?'s rating: 1527 → <strong>1538</strong><br>(+11 for winning)</div></div><div class="inner-preempt message-log"></div></div></div>
</div>
<script>
let daily = Math.floor(Date.now()/1000/60/60/24);document.write('<script src="https://play.pokemonshowdown.com/js/replay-embed.js?version'+daily+'"></'+'script>');
</script>
