<!DOCTYPE html>
<meta charset="utf-8" />
<!-- version 1 -->
<title>[Gen 6] Random Battle replay: Dr Ari Haswari vs. paysa</title>
<style>
html,body {font-family:Verdana, sans-serif;font-size:10pt;margin:0;padding:0;}body{padding:12px 0;} .battle-log {font-family:Verdana, sans-serif;font-size:10pt;} .battle-log-inline {border:1px solid #AAAAAA;background:#EEF2F5;color:black;max-width:640px;margin:0 auto 80px;padding-bottom:5px;} .battle-log .inner {padding:4px 8px 0px 8px;} .battle-log .inner-preempt {padding:0 8px 4px 8px;} .battle-log .inner-after {margin-top:0.5em;} .battle-log h2 {margin:0.5em -8px;padding:4px 8px;border:1px solid #AAAAAA;background:#E0E7EA;border-left:0;border-right:0;font-family:Verdana, sans-serif;font-size:13pt;} .battle-log .chat {vertical-align:middle;padding:3px 0 3px 0;font-size:8pt;} .battle-log .chat strong {color:#40576A;} .battle-log .chat em {padding:1px 4px 1px 3px;color:#000000;font-style:normal;} .chat.mine {background:rgba(0,0,0,0.05);margin-left:-8px;margin-right:-8px;padding-left:8px;padding-right:8px;} .spoiler {color:#BBBBBB;background:#BBBBBB;padding:0px 3px;} .spoiler:hover, .spoiler:active, .spoiler-shown {color:#000000;background:#E2E2E2;padding:0px 3px;} .spoiler a {color:#BBBBBB;} .spoiler:hover a, .spoiler:active a, .spoiler-shown a {color:#2288CC;} .chat code, .chat .spoiler:hover code, .chat .spoiler:active code, .chat .spoiler-shown code {border:1px solid #C0C0C0;background:#EEEEEE;color:black;padding:0 2px;} .chat .spoiler code {border:1px solid #CCCCCC;background:#CCCCCC;color:#CCCCCC;} .battle-log .rated {padding:3px 4px;} .battle-log .rated strong {color:white;background:#89A;padding:1px 4px;border-radius:4px;} .spacer {margin-top:0.5em;} .message-announce {background:#6688AA;color:white;padding:1px 4px 2px;} .message-announce a, .broadcast-green a, .broadcast-blue a, .broadcast-red a {color:#DDEEFF;} .broadcast-green {background-color:#559955;color:white;padding:2px 4px;} .broadcast-blue {background-color:#6688AA;color:white;padding:2px 4px;} .infobox {border:1px solid #6688AA;padding:2px 4px;} .infobox-limited {max-height:200px;overflow:auto;overflow-x:hidden;} .broadcast-red {background-color:#AA5544;color:white;padding:2px 4px;} .message-learn-canlearn {font-weight:bold;color:#228822;text-decoration:underline;} .message-learn-cannotlearn {font-weight:bold;color:#CC2222;text-decoration:underline;} .message-effect-weak {font-weight:bold;color:#CC2222;} .message-effect-resist {font-weight:bold;color:#6688AA;} .message-effect-immune {font-weight:bold;color:#666666;} .message-learn-list {margin-top:0;margin-bottom:0;} .message-throttle-notice, .message-error {color:#992222;} .message-overflow, .chat small.message-overflow {font-size:0pt;} .message-overflow::before {font-size:9pt;content:'...';} .subtle {color:#3A4A66;}
</style>
<div class="wrapper replay-wrapper" style="max-width:1180px;margin:0 auto">
<input type="hidden" name="replayid" value="gen6randombattle-2078094149" />
<div class="battle"></div><div class="battle-log"></div><div class="replay-controls"></div><div class="replay-controls-2"></div>
<h1 style="font-weight:normal;text-align:center"><strong>[Gen 6] Random Battle</strong><br /><a href="http://pokemonshowdown.com/users/drarihaswari" class="subtle" target="_blank">Dr Ari Haswari</a> vs. <a href="http://pokemonshowdown.com/users/paysa" class="subtle" target="_blank">paysa</a></h1>
<script type="text/plain" class="battle-log-data">|j|☆Dr Ari Haswari
|j|☆paysa
|t:|1710112827
|gametype|singles
|player|p1|Dr Ari Haswari|265|1782
|player|p2|paysa|caitlin|1763
|teamsize|p1|6
|teamsize|p2|6
|gen|6
|tier|[Gen 6] Random Battle
|rated|
|rule|Sleep Clause Mod: Limit one foe put to sleep
|rule|HP Percentage Mod: HP is shown in percentages
|rule|Illusion Level Mod: Illusion disguises the Pokémon's true level
|
|t:|1710112827
|start
|switch|p1a: Kingdra|Kingdra, L85, M|266\/266
|switch|p2a: Volcarona|Volcarona, L77, M|257\/257
|turn|1
|inactive|Battle timer is ON: inactive players will automatically lose when time's up. (requested by paysa)
|j| JustOut459
|j| meamdefinitely4
|l| meamdefinitely4
|inactive|paysa has 120 seconds left.
|
|t:|1710112867
|switch|p2a: Luxray|Luxray, L88, M|284\/284
|-ability|p2a: Luxray|Intimidate|boost
|-unboost|p1a: Kingdra|atk|1
|move|p1a: Kingdra|Draco Meteor|p2a: Luxray
|-damage|p2a: Luxray|159\/284
|-unboost|p1a: Kingdra|spa|2
|-damage|p1a: Kingdra|240\/266|[from] item: Life Orb
|
|upkeep
|turn|2
|
|t:|1710112879
|switch|p1a: Forretress|Forretress, L83, M|260\/260
|move|p2a: Luxray|Volt Switch|p1a: Forretress
|-damage|p1a: Forretress|149\/260
|inactive|paysa has 120 seconds left.
|
|t:|1710112919
|switch|p2a: Volcarona|Volcarona, L77, M|257\/257|[from] Volt Switch
|
|-heal|p1a: Forretress|165\/260|[from] item: Leftovers
|upkeep
|turn|3
|inactive|paysa has 120 seconds left.
|
|t:|1710112945
|switch|p1a: Kingdra|Kingdra, L85, M|240\/266
|move|p2a: Volcarona|Fiery Dance|p1a: Kingdra
|-resisted|p1a: Kingdra
|-damage|p1a: Kingdra|218\/266
|-boost|p2a: Volcarona|spa|1
|
|upkeep
|turn|4
|inactive|paysa has 90 seconds left.
|
|t:|1710112971
|switch|p2a: Gardevoir|Gardevoir, L82, M|246\/246
|-ability|p2a: Gardevoir|Swift Swim|[from] ability: Trace|[of] p1a: Kingdra
|move|p1a: Kingdra|Rain Dance|p1a: Kingdra
|-weather|RainDance
|
|-weather|RainDance|[upkeep]
|upkeep
|turn|5
|inactive|paysa has 90 seconds left.
|
|t:|1710112983
|move|p2a: Gardevoir|Thunderbolt|p1a: Kingdra
|-damage|p1a: Kingdra|155\/266
|move|p1a: Kingdra|Waterfall|p2a: Gardevoir
|-damage|p2a: Gardevoir|30\/246
|-damage|p1a: Kingdra|129\/266|[from] item: Life Orb
|
|-weather|RainDance|[upkeep]
|upkeep
|turn|6
|
|t:|1710112996
|switch|p2a: Luxray|Luxray, L88, M|159\/284
|-ability|p2a: Luxray|Intimidate|boost
|-unboost|p1a: Kingdra|atk|1
|move|p1a: Kingdra|Waterfall|p2a: Luxray
|-damage|p2a: Luxray|33\/284
|-damage|p1a: Kingdra|103\/266|[from] item: Life Orb
|
|-weather|RainDance|[upkeep]
|upkeep
|turn|7
|
|t:|1710113004
|move|p1a: Kingdra|Waterfall|p2a: Luxray
|-damage|p2a: Luxray|0 fnt
|faint|p2a: Luxray
|-damage|p1a: Kingdra|77\/266|[from] item: Life Orb
|
|-weather|RainDance|[upkeep]
|upkeep
|
|t:|1710113006
|switch|p2a: Gardevoir|Gardevoir, L82, M|30\/246
|-ability|p2a: Gardevoir|Swift Swim|[from] ability: Trace|[of] p1a: Kingdra
|turn|8
|inactive|Dr Ari Haswari has 120 seconds left.
|
|t:|1710113043
|switch|p1a: Forretress|Forretress, L83, M|165\/260
|move|p2a: Gardevoir|Psychic|p1a: Forretress
|-resisted|p1a: Forretress
|-damage|p1a: Forretress|92\/260
|
|-weather|none
|-heal|p1a: Forretress|108\/260|[from] item: Leftovers
|upkeep
|turn|9
|inactive|Dr Ari Haswari has 120 seconds left.
|inactive|paysa has 120 seconds left.
|
|t:|1710113053
|switch|p2a: Volcarona|Volcarona, L77, M|257\/257
|move|p1a: Forretress|Spikes|p2a: Volcarona
|-sidestart|p2: paysa|Spikes
|
|-heal|p1a: Forretress|124\/260|[from] item: Leftovers
|upkeep
|turn|10
|inactive|Dr Ari Haswari has 120 seconds left.
|
|t:|1710113087
|switch|p1a: Kingdra|Kingdra, L85, M|77\/266
|move|p2a: Volcarona|Quiver Dance|p2a: Volcarona
|-boost|p2a: Volcarona|spa|1
|-boost|p2a: Volcarona|spd|1
|-boost|p2a: Volcarona|spe|1
|
|upkeep
|turn|11
|
|t:|1710113094
|move|p2a: Volcarona|Bug Buzz|p1a: Kingdra
|-damage|p1a: Kingdra|0 fnt
|faint|p1a: Kingdra
|
|upkeep
|
|t:|1710113103
|switch|p1a: Sandslash|Sandslash, L88, M|275\/275
|turn|12
|
|t:|1710113110
|move|p2a: Volcarona|Fiery Dance|p1a: Sandslash
|-damage|p1a: Sandslash|92\/275
|move|p1a: Sandslash|Stone Edge|p2a: Volcarona
|-supereffective|p2a: Volcarona
|-damage|p2a: Volcarona|0 fnt
|faint|p2a: Volcarona
|
|-heal|p1a: Sandslash|109\/275|[from] item: Leftovers
|upkeep
|inactive|paysa has 120 seconds left.
|
|t:|1710113136
|switch|p2a: Gardevoir|Gardevoir, L82, M|30\/246
|-damage|p2a: Gardevoir|0 fnt|[from] Spikes
|faint|p2a: Gardevoir
|inactive|paysa has 120 seconds left.
|
|t:|1710113145
|switch|p2a: Durant|Durant, L79, F|221\/221
|-damage|p2a: Durant|194\/221|[from] Spikes
|turn|13
|
|t:|1710113157
|move|p2a: Durant|Hone Claws|p2a: Durant
|-boost|p2a: Durant|atk|1
|-boost|p2a: Durant|accuracy|1
|move|p1a: Sandslash|Earthquake|p2a: Durant
|-damage|p2a: Durant|83\/221
|
|-heal|p1a: Sandslash|126\/275|[from] item: Leftovers
|upkeep
|turn|14
|
|t:|1710113169
|move|p2a: Durant|Iron Head|p1a: Sandslash
|-damage|p1a: Sandslash|0 fnt
|faint|p1a: Sandslash
|-damage|p2a: Durant|61\/221|[from] item: Life Orb
|
|upkeep
|
|t:|1710113180
|switch|p1a: Kecleon|Kecleon, L89, F|252\/252
|turn|15
|
|t:|1710113190
|move|p1a: Kecleon|Fake Out|p2a: Durant
|-resisted|p2a: Durant
|-damage|p2a: Durant|32\/221
|-damage|p1a: Kecleon|227\/252|[from] item: Life Orb
|cant|p2a: Durant|flinch
|
|upkeep
|turn|16
|
|t:|1710113195
|switch|p1a: Forretress|Forretress, L83, M|124\/260
|move|p2a: Durant|Iron Head|p1a: Forretress
|-resisted|p1a: Forretress
|-damage|p1a: Forretress|36\/260
|-damage|p2a: Durant|10\/221|[from] item: Life Orb
|
|-heal|p1a: Forretress|52\/260|[from] item: Leftovers
|upkeep
|turn|17
|
|t:|1710113199
|move|p2a: Durant|Iron Head|p1a: Forretress
|-resisted|p1a: Forretress
|-damage|p1a: Forretress|0 fnt
|faint|p1a: Forretress
|-damage|p2a: Durant|0 fnt|[from] item: Life Orb
|faint|p2a: Durant
|
|upkeep
|
|t:|1710113214
|switch|p2a: Darmanitan|Darmanitan, L81, F|303\/303
|switch|p1a: Kecleon|Kecleon, L89, F|227\/252
|-damage|p2a: Darmanitan|266\/303|[from] Spikes
|turn|18
|inactive|Dr Ari Haswari has 120 seconds left.
|
|t:|1710113252
|move|p1a: Kecleon|Fake Out|p2a: Darmanitan
|-damage|p2a: Darmanitan|184\/303
|-damage|p1a: Kecleon|202\/252|[from] item: Life Orb
|cant|p2a: Darmanitan|flinch
|
|upkeep
|turn|19
|inactive|Dr Ari Haswari has 120 seconds left.
|
|t:|1710113259
|switch|p1a: Cradily|Cradily, L89, F|298\/298
|move|p2a: Darmanitan|Flare Blitz|p1a: Cradily
|-damage|p1a: Cradily|82\/298
|-damage|p2a: Darmanitan|113\/303|[from] Recoil
|
|-heal|p1a: Cradily|100\/298|[from] item: Leftovers
|upkeep
|turn|20
|inactive|Dr Ari Haswari has 120 seconds left.
|
|t:|1710113271
|move|p2a: Darmanitan|Flare Blitz|p1a: Cradily
|-damage|p1a: Cradily|0 fnt
|faint|p1a: Cradily
|-damage|p2a: Darmanitan|80\/303|[from] Recoil
|
|upkeep
|
|t:|1710113274
|switch|p1a: Kecleon|Kecleon, L89, F|202\/252
|turn|21
|
|t:|1710113277
|move|p1a: Kecleon|Fake Out|p2a: Darmanitan
|-damage|p2a: Darmanitan|2\/303
|-damage|p1a: Kecleon|177\/252|[from] item: Life Orb
|cant|p2a: Darmanitan|flinch
|
|upkeep
|turn|22
|
|t:|1710113280
|move|p1a: Kecleon|Shadow Sneak|p2a: Darmanitan
|-start|p1a: Kecleon|typechange|Ghost|[from] ability: Protean
|-damage|p2a: Darmanitan|0 fnt
|faint|p2a: Darmanitan
|-damage|p1a: Kecleon|152\/252|[from] item: Life Orb
|
|upkeep
|
|t:|1710113283
|switch|p2a: Alakazam|Alakazam, L79, F|216\/216
|turn|23
|
|t:|1710113303
|switch|p1a: Slurpuff|Slurpuff, L78, M|256\/256
|detailschange|p2a: Alakazam|Alakazam-Mega, L79, F
|-mega|p2a: Alakazam|Alakazam|Alakazite
|-ability|p2a: Alakazam|Unburden|[from] ability: Trace|[of] p1a: Slurpuff
|move|p2a: Alakazam|Shadow Ball|p1a: Slurpuff
|-damage|p1a: Slurpuff|156\/256
|
|upkeep
|turn|24
|
|t:|1710113314
|move|p2a: Alakazam|Psychic|p1a: Slurpuff
|-damage|p1a: Slurpuff|0 fnt
|faint|p1a: Slurpuff
|
|upkeep
|
|t:|1710113318
|switch|p1a: Kecleon|Kecleon, L89, F|152\/252
|turn|25
|
|t:|1710113328
|move|p1a: Kecleon|Fake Out|p2a: Alakazam
|-damage|p2a: Alakazam|134\/216
|-damage|p1a: Kecleon|127\/252|[from] item: Life Orb
|cant|p2a: Alakazam|flinch
|
|upkeep
|turn|26
|
|t:|1710113333
|move|p1a: Kecleon|Shadow Sneak|p2a: Alakazam
|-start|p1a: Kecleon|typechange|Ghost|[from] ability: Protean
|-supereffective|p2a: Alakazam
|-damage|p2a: Alakazam|0 fnt
|faint|p2a: Alakazam
|-damage|p1a: Kecleon|102\/252|[from] item: Life Orb
|
|win|Dr Ari Haswari
|raw|Dr Ari Haswari's rating: 1782 &rarr; <strong>1801<\/strong><br \/>(+19 for winning)
|raw|paysa's rating: 1763 &rarr; <strong>1744<\/strong><br \/>(-19 for losing)
|l|☆paysa
|player|p2|
|l| JustOut459
</script>
</div>
<div class="battle-log battle-log-inline"><div class="inner"><div class="battle-options"></div><div class="inner message-log"><div class="chat"><small>☆Dr Ari Haswari and ☆paysa joined</small></div><div class=""><small>Format:</small> <br><strong>[Gen 6] Random Battle</strong></div><div class="rated"><strong>Rated battle</strong></div><div class=""><small><em>Sleep Clause Mod:</em> Limit one foe put to sleep</small></div><div class=""><small><em>HP Percentage Mod:</em> HP is shown in percentages</small></div><div class=""><small><em>Illusion Level Mod:</em> Illusion disguises the Pokémon's true level</small></div><div class="spacer battle-history"><br></div><div class="battle-history">Battle started between Dr Ari Haswari and paysa!<br></div><div class="spacer battle-history"><br></div><div class="battle-history">Dr Ari Haswari sent out <strong>Kingdra</strong>!<br></div><div class="spacer battle-history"><br></div><div class="battle-history">Go! <strong>Volcarona</strong>!<br></div><div class="spacer battle-history"><br></div><h2 class="battle-history">Turn 1</h2><div class="chat message-error">Battle timer is ON: inactive players will automatically lose when time's up. (requested by paysa)</div><div class="chat"><small> JustOut459 and  meamdefinitely4 joined;  meamdefinitely4 left</small></div><div class="chat message-error">paysa has 120 seconds left.</div><div class="spacer battle-history"><br></div><div class="battle-history">Volcarona, come back!<br></div><div class="battle-history">Go! <strong>Luxray</strong>!<br></div><div class="battle-history">[Luxray's Intimidate]<br></div><div class="battle-history"><small>The opposing Kingdra's Attack fell!</small><br></div><div class="spacer battle-history"><br></div><div class="battle-history">The opposing Kingdra used <strong>Draco Meteor</strong>!<br></div><div class="battle-history"><small>(Luxray lost <abbr title="−125/284">44.0%</abbr> of its health!)</small><br></div><div class="battle-history"><small>The opposing Kingdra's Sp. Atk fell harshly!</small><br></div><div class="battle-history"><small>The opposing Kingdra lost some of its HP!</small><br></div><div class="spacer battle-history"><br></div><h2 class="battle-history">Turn 2</h2><div class="spacer battle-history"><br></div><div class="battle-history">Dr Ari Haswari withdrew Kingdra!<br></div><div class="battle-history">Dr Ari Haswari sent out <strong>Forretress</strong>!<br></div><div class="spacer battle-history"><br></div><div class="battle-history">Luxray used <strong>Volt Switch</strong>!<br></div><div class="battle-history"><small>(The opposing Forretress lost <abbr title="−111/260">42.7%</abbr> of its health!)</small><br></div><div class="chat message-error">paysa has 120 seconds left.</div><div class="spacer battle-history"><br></div><div class="battle-history">Luxray went back to paysa!<br></div><div class="battle-history">Go! <strong>Volcarona</strong>!<br></div><div class="spacer battle-history"><br></div><div class="battle-history"><small>The opposing Forretress restored a little HP using its Leftovers!</small><br></div><div class="spacer battle-history"><br></div><h2 class="battle-history">Turn 3</h2><div class="chat message-error">paysa has 120 seconds left.</div><div class="spacer battle-history"><br></div><div class="battle-history">Dr Ari Haswari withdrew Forretress!<br></div><div class="battle-history">Dr Ari Haswari sent out <strong>Kingdra</strong>!<br></div><div class="spacer battle-history"><br></div><div class="battle-history">Volcarona used <strong>Fiery Dance</strong>!<br></div><div class="battle-history"><small>It's not very effective...</small><br></div><div class="battle-history"><small>(The opposing Kingdra lost <abbr title="−22/266">8.3%</abbr> of its health!)</small><br></div><div class="battle-history"><small>Volcarona's Sp. Atk rose!</small><br></div><div class="spacer battle-history"><br></div><h2 class="battle-history">Turn 4</h2><div class="chat message-error">paysa has 90 seconds left.</div><div class="spacer battle-history"><br></div><div class="battle-history">Volcarona, come back!<br></div><div class="battle-history">Go! <strong>Gardevoir</strong>!<br></div><div class="battle-history">[Gardevoir's Trace]<br>[Gardevoir's Swift Swim]<br><small>Gardevoir traced the opposing Kingdra's Swift Swim!</small><br></div><div class="spacer battle-history"><br></div><div class="battle-history">The opposing Kingdra used <strong>Rain Dance</strong>!<br></div><div class="battle-history"><small>It started to rain!</small><br></div><div class="spacer battle-history"><br></div><div class="battle-history"><small>(Rain continues to fall.)</small><br></div><div class="spacer battle-history"><br></div><h2 class="battle-history">Turn 5</h2><div class="chat message-error">paysa has 90 seconds left.</div><div class="spacer battle-history"><br></div><div class="battle-history">Gardevoir used <strong>Thunderbolt</strong>!<br></div><div class="battle-history"><small>(The opposing Kingdra lost <abbr title="−63/266">23.7%</abbr> of its health!)</small><br></div><div class="spacer battle-history"><br></div><div class="battle-history">The opposing Kingdra used <strong>Waterfall</strong>!<br></div><div class="battle-history"><small>(Gardevoir lost <abbr title="−216/246">87.8%</abbr> of its health!)</small><br></div><div class="battle-history"><small>The opposing Kingdra lost some of its HP!</small><br></div><div class="spacer battle-history"><br></div><div class="battle-history"><small>(Rain continues to fall.)</small><br></div><div class="spacer battle-history"><br></div><h2 class="battle-history">Turn 6</h2><div class="spacer battle-history"><br></div><div class="battle-history">Gardevoir, come back!<br></div><div class="battle-history">Go! <strong>Luxray</strong>!<br></div><div class="battle-history">[Luxray's Intimidate]<br></div><div class="battle-history"><small>The opposing Kingdra's Attack fell!</small><br></div><div class="spacer battle-history"><br></div><div class="battle-history">The opposing Kingdra used <strong>Waterfall</strong>!<br></div><div class="battle-history"><small>(Luxray lost <abbr title="−126/284">44.4%</abbr> of its health!)</small><br></div><div class="battle-history"><small>The opposing Kingdra lost some of its HP!</small><br></div><div class="spacer battle-history"><br></div><div class="battle-history"><small>(Rain continues to fall.)</small><br></div><div class="spacer battle-history"><br></div><h2 class="battle-history">Turn 7</h2><div class="spacer battle-history"><br></div><div class="battle-history">The opposing Kingdra used <strong>Waterfall</strong>!<br></div><div class="battle-history"><small>(Luxray lost <abbr title="−33/284">11.6%</abbr> of its health!)</small><br></div><div class="spacer battle-history"><br></div><div class="battle-history">Luxray fainted!<br></div><div class="battle-history"><small>The opposing Kingdra lost some of its HP!</small><br></div><div class="spacer battle-history"><br></div><div class="battle-history"><small>(Rain continues to fall.)</small><br></div><div class="spacer battle-history"><br></div><div class="battle-history">Go! <strong>Gardevoir</strong>!<br></div><div class="battle-history">[Gardevoir's Trace]<br>[Gardevoir's Swift Swim]<br><small>Gardevoir traced the opposing Kingdra's Swift Swim!</small><br></div><div class="spacer battle-history"><br></div><h2 class="battle-history">Turn 8</h2><div class="chat message-error">Dr Ari Haswari has 120 seconds left.</div><div class="spacer battle-history"><br></div><div class="battle-history">Dr Ari Haswari withdrew Kingdra!<br></div><div class="battle-history">Dr Ari Haswari sent out <strong>Forretress</strong>!<br></div><div class="spacer battle-history"><br></div><div class="battle-history">Gardevoir used <strong>Psychic</strong>!<br></div><div class="battle-history"><small>It's not very effective...</small><br></div><div class="battle-history"><small>(The opposing Forretress lost <abbr title="−73/260">28.1%</abbr> of its health!)</small><br></div><div class="spacer battle-history"><br></div><div class="battle-history"><small>The rain stopped.</small><br></div><div class="battle-history"><small>The opposing Forretress restored a little HP using its Leftovers!</small><br></div><div class="spacer battle-history"><br></div><h2 class="battle-history">Turn 9</h2><div class="chat message-error">Dr Ari Haswari has 120 seconds left.</div><div class="chat message-error">paysa has 120 seconds left.</div><div class="spacer battle-history"><br></div><div class="battle-history">Gardevoir, come back!<br></div><div class="battle-history">Go! <strong>Volcarona</strong>!<br></div><div class="spacer battle-history"><br></div><div class="battle-history">The opposing Forretress used <strong>Spikes</strong>!<br></div><div class="battle-history"><small>Spikes were scattered on the ground all around your team!</small><br></div><div class="spacer battle-history"><br></div><div class="battle-history"><small>The opposing Forretress restored a little HP using its Leftovers!</small><br></div><div class="spacer battle-history"><br></div><h2 class="battle-history">Turn 10</h2><div class="chat message-error">Dr Ari Haswari has 120 seconds left.</div><div class="spacer battle-history"><br></div><div class="battle-history">Dr Ari Haswari withdrew Forretress!<br></div><div class="battle-history">Dr Ari Haswari sent out <strong>Kingdra</strong>!<br></div><div class="spacer battle-history"><br></div><div class="battle-history">Volcarona used <strong>Quiver Dance</strong>!<br></div><div class="battle-history"><small>Volcarona's Sp. Atk rose!</small><br></div><div class="battle-history"><small>Volcarona's Sp. Def rose!</small><br></div><div class="battle-history"><small>Volcarona's Speed rose!</small><br></div><div class="spacer battle-history"><br></div><h2 class="battle-history">Turn 11</h2><div class="spacer battle-history"><br></div><div class="battle-history">Volcarona used <strong>Bug Buzz</strong>!<br></div><div class="battle-history"><small>(The opposing Kingdra lost <abbr title="−77/266">28.9%</abbr> of its health!)</small><br></div><div class="spacer battle-history"><br></div><div class="battle-history">The opposing Kingdra fainted!<br></div><div class="spacer battle-history"><br></div><div class="battle-history">Dr Ari Haswari sent out <strong>Sandslash</strong>!<br></div><div class="spacer battle-history"><br></div><h2 class="battle-history">Turn 12</h2><div class="spacer battle-history"><br></div><div class="battle-history">Volcarona used <strong>Fiery Dance</strong>!<br></div><div class="battle-history"><small>(The opposing Sandslash lost <abbr title="−183/275">66.5%</abbr> of its health!)</small><br></div><div class="spacer battle-history"><br></div><div class="battle-history">The opposing Sandslash used <strong>Stone Edge</strong>!<br></div><div class="battle-history"><small>It's super effective!</small><br></div><div class="battle-history"><small>(Volcarona lost <abbr title="−257/257">100%</abbr> of its health!)</small><br></div><div class="spacer battle-history"><br></div><div class="battle-history">Volcarona fainted!<br></div><div class="spacer battle-history"><br></div><div class="battle-history"><small>The opposing Sandslash restored a little HP using its Leftovers!</small><br></div><div class="chat message-error">paysa has 120 seconds left.</div><div class="spacer battle-history"><br></div><div class="battle-history">Go! <strong>Gardevoir</strong>!<br></div><div class="battle-history"><small>Gardevoir was hurt by the spikes!</small><br></div><div class="spacer battle-history"><br></div><div class="battle-history">Gardevoir fainted!<br></div><div class="chat message-error">paysa has 120 seconds left.</div><div class="spacer battle-history"><br></div><div class="battle-history">Go! <strong>Durant</strong>!<br></div><div class="battle-history"><small>Durant was hurt by the spikes!</small><br></div><div class="spacer battle-history"><br></div><h2 class="battle-history">Turn 13</h2><div class="spacer battle-history"><br></div><div class="battle-history">Durant used <strong>Hone Claws</strong>!<br></div><div class="battle-history"><small>Durant's Attack rose!</small><br></div><div class="battle-history"><small>Durant's accuracy rose!</small><br></div><div class="spacer battle-history"><br></div><div class="battle-history">The opposing Sandslash used <strong>Earthquake</strong>!<br></div><div class="battle-history"><small>(Durant lost <abbr title="−111/221">50.2%</abbr> of its health!)</small><br></div><div class="spacer battle-history"><br></div><div class="battle-history"><small>The opposing Sandslash restored a little HP using its Leftovers!</small><br></div><div class="spacer battle-history"><br></div><h2 class="battle-history">Turn 14</h2><div class="spacer battle-history"><br></div><div class="battle-history">Durant used <strong>Iron Head</strong>!<br></div><div class="battle-history"><small>(The opposing Sandslash lost <abbr title="−126/275">45.8%</abbr> of its health!)</small><br></div><div class="spacer battle-history"><br></div><div class="battle-history">The opposing Sandslash fainted!<br></div><div class="battle-history"><small>Durant lost some of its HP!</small><br></div><div class="spacer battle-history"><br></div><div class="battle-history">Dr Ari Haswari sent out <strong>Kecleon</strong>!<br></div><div class="spacer battle-history"><br></div><h2 class="battle-history">Turn 15</h2><div class="spacer battle-history"><br></div><div class="battle-history">The opposing Kecleon used <strong>Fake Out</strong>!<br></div><div class="battle-history"><small>It's not very effective...</small><br></div><div class="battle-history"><small>(Durant lost <abbr title="−29/221">13.1%</abbr> of its health!)</small><br></div><div class="battle-history"><small>The opposing Kecleon lost some of its HP!</small><br></div><div class="spacer battle-history"><br></div><div class="battle-history">Durant flinched and couldn't move!<br></div><div class="spacer battle-history"><br></div><h2 class="battle-history">Turn 16</h2><div class="spacer battle-history"><br></div><div class="battle-history">Dr Ari Haswari withdrew Kecleon!<br></div><div class="battle-history">Dr Ari Haswari sent out <strong>Forretress</strong>!<br></div><div class="spacer battle-history"><br></div><div class="battle-history">Durant used <strong>Iron Head</strong>!<br></div><div class="battle-history"><small>It's not very effective...</small><br></div><div class="battle-history"><small>(The opposing Forretress lost <abbr title="−88/260">33.8%</abbr> of its health!)</small><br></div><div class="battle-history"><small>Durant lost some of its HP!</small><br></div><div class="spacer battle-history"><br></div><div class="battle-history"><small>The opposing Forretress restored a little HP using its Leftovers!</small><br></div><div class="spacer battle-history"><br></div><h2 class="battle-history">Turn 17</h2><div class="spacer battle-history"><br></div><div class="battle-history">Durant used <strong>Iron Head</strong>!<br></div><div class="battle-history"><small>It's not very effective...</small><br></div><div class="battle-history"><small>(The opposing Forretress lost <abbr title="−52/260">20%</abbr> of its health!)</small><br></div><div class="spacer battle-history"><br></div><div class="battle-history">The opposing Forretress fainted!<br></div><div class="battle-history"><small>Durant lost some of its HP!</small><br></div><div class="spacer battle-history"><br></div><div class="battle-history">Durant fainted!<br></div><div class="spacer battle-history"><br></div><div class="battle-history">Go! <strong>Darmanitan</strong>!<br></div><div class="spacer battle-history"><br></div><div class="battle-history">Dr Ari Haswari sent out <strong>Kecleon</strong>!<br></div><div class="battle-history"><small>Darmanitan was hurt by the spikes!</small><br></div><div class="spacer battle-history"><br></div><h2 class="battle-history">Turn 18</h2><div class="chat message-error">Dr Ari Haswari has 120 seconds left.</div><div class="spacer battle-history"><br></div><div class="battle-history">The opposing Kecleon used <strong>Fake Out</strong>!<br></div><div class="battle-history"><small>(Darmanitan lost <abbr title="−82/303">27.1%</abbr> of its health!)</small><br></div><div class="battle-history"><small>The opposing Kecleon lost some of its HP!</small><br></div><div class="spacer battle-history"><br></div><div class="battle-history">Darmanitan flinched and couldn't move!<br></div><div class="spacer battle-history"><br></div><h2 class="battle-history">Turn 19</h2><div class="chat message-error">Dr Ari Haswari has 120 seconds left.</div><div class="spacer battle-history"><br></div><div class="battle-history">Dr Ari Haswari withdrew Kecleon!<br></div><div class="battle-history">Dr Ari Haswari sent out <strong>Cradily</strong>!<br></div><div class="spacer battle-history"><br></div><div class="battle-history">Darmanitan used <strong>Flare Blitz</strong>!<br></div><div class="battle-history"><small>(The opposing Cradily lost <abbr title="−216/298">72.5%</abbr> of its health!)</small><br></div><div class="battle-history"><small>Darmanitan was damaged by the recoil!</small><br></div><div class="spacer battle-history"><br></div><div class="battle-history"><small>The opposing Cradily restored a little HP using its Leftovers!</small><br></div><div class="spacer battle-history"><br></div><h2 class="battle-history">Turn 20</h2><div class="chat message-error">Dr Ari Haswari has 120 seconds left.</div><div class="spacer battle-history"><br></div><div class="battle-history">Darmanitan used <strong>Flare Blitz</strong>!<br></div><div class="battle-history"><small>(The opposing Cradily lost <abbr title="−100/298">33.6%</abbr> of its health!)</small><br></div><div class="spacer battle-history"><br></div><div class="battle-history">The opposing Cradily fainted!<br></div><div class="battle-history"><small>Darmanitan was damaged by the recoil!</small><br></div><div class="spacer battle-history"><br></div><div class="battle-history">Dr Ari Haswari sent out <strong>Kecleon</strong>!<br></div><div class="spacer battle-history"><br></div><h2 class="battle-history">Turn 21</h2><div class="spacer battle-history"><br></div><div class="battle-history">The opposing Kecleon used <strong>Fake Out</strong>!<br></div><div class="battle-history"><small>(Darmanitan lost <abbr title="−78/303">25.7%</abbr> of its health!)</small><br></div><div class="battle-history"><small>The opposing Kecleon lost some of its HP!</small><br></div><div class="spacer battle-history"><br></div><div class="battle-history">Darmanitan flinched and couldn't move!<br></div><div class="spacer battle-history"><br></div><h2 class="battle-history">Turn 22</h2><div class="spacer battle-history"><br></div><div class="battle-history">The opposing Kecleon used <strong>Shadow Sneak</strong>!<br></div><div class="spacer battle-history"><br></div><div class="battle-history">[The opposing Kecleon's Protean]<br><small>The opposing Kecleon's type changed to Ghost!</small><br></div><div class="battle-history"><small>(Darmanitan lost <abbr title="−2/303">0.7%</abbr> of its health!)</small><br></div><div class="spacer battle-history"><br></div><div class="battle-history">Darmanitan fainted!<br></div><div class="battle-history"><small>The opposing Kecleon lost some of its HP!</small><br></div><div class="spacer battle-history"><br></div><div class="battle-history">Go! <strong>Alakazam</strong>!<br></div><div class="spacer battle-history"><br></div><h2 class="battle-history">Turn 23</h2><div class="spacer battle-history"><br></div><div class="battle-history">Dr Ari Haswari withdrew Kecleon!<br></div><div class="battle-history">Dr Ari Haswari sent out <strong>Slurpuff</strong>!<br></div><div class="spacer battle-history"><br></div><div class="battle-history"><small>Alakazam's Alakazite is reacting to paysa's Mega Bracelet!</small><br>Alakazam has Mega Evolved into Mega Alakazam!<br></div><div class="battle-history">[Alakazam's Trace]<br>[Alakazam's Unburden]<br><small>Alakazam traced the opposing Slurpuff's Unburden!</small><br></div><div class="spacer battle-history"><br></div><div class="battle-history">Alakazam used <strong>Shadow Ball</strong>!<br></div><div class="battle-history"><small>(The opposing Slurpuff lost <abbr title="−100/256">39.1%</abbr> of its health!)</small><br></div><div class="spacer battle-history"><br></div><h2 class="battle-history">Turn 24</h2><div class="spacer battle-history"><br></div><div class="battle-history">Alakazam used <strong>Psychic</strong>!<br></div><div class="battle-history"><small>(The opposing Slurpuff lost <abbr title="−156/256">60.9%</abbr> of its health!)</small><br></div><div class="spacer battle-history"><br></div><div class="battle-history">The opposing Slurpuff fainted!<br></div><div class="spacer battle-history"><br></div><div class="battle-history">Dr Ari Haswari sent out <strong>Kecleon</strong>!<br></div><div class="spacer battle-history"><br></div><h2 class="battle-history">Turn 25</h2><div class="spacer battle-history"><br></div><div class="battle-history">The opposing Kecleon used <strong>Fake Out</strong>!<br></div><div class="battle-history"><small>(Alakazam lost <abbr title="−82/216">38.0%</abbr> of its health!)</small><br></div><div class="battle-history"><small>The opposing Kecleon lost some of its HP!</small><br></div><div class="spacer battle-history"><br></div><div class="battle-history">Alakazam flinched and couldn't move!<br></div><div class="spacer battle-history"><br></div><h2 class="battle-history">Turn 26</h2><div class="spacer battle-history"><br></div><div class="battle-history">The opposing Kecleon used <strong>Shadow Sneak</strong>!<br></div><div class="spacer battle-history"><br></div><div class="battle-history">[The opposing Kecleon's Protean]<br><small>The opposing Kecleon's type changed to Ghost!</small><br></div><div class="battle-history"><small>It's super effective!</small><br></div><div class="battle-history"><small>(Alakazam lost <abbr title="−134/216">62.0%</abbr> of its health!)</small><br></div><div class="spacer battle-history"><br></div><div class="battle-history">Alakazam fainted!<br></div><div class="battle-history"><small>The opposing Kecleon lost some of its HP!</small><br></div><div class="spacer battle-history"><br></div><div class="battle-history"><strong>Dr Ari Haswari</strong> won the battle!<br></div><div class="chat">Dr Ari Haswari's rating: 1782 → <strong>1801</strong><br>(+19 for winning)</div><div class="chat">paysa's rating: 1763 → <strong>1744</strong><br>(-19 for losing)</div><div class="chat"><small>☆paysa left</small></div><div class="chat"><small> JustOut459 left</small></div></div><div class="inner-preempt message-log"></div></div></div>
</div>
<script>
let daily = Math.floor(Date.now()/1000/60/60/24);document.write('<script src="https://play.pokemonshowdown.com/js/replay-embed.js?version'+daily+'"></'+'script>');
</script>
