<!DOCTYPE html>
<meta charset="utf-8" />
<!-- version 1 -->
<title>[Gen 7] Random Battle replay: 35Q71N vs. dhfegg</title>
<style>
html,body {font-family:Verdana, sans-serif;font-size:10pt;margin:0;padding:0;}body{padding:12px 0;} .battle-log {font-family:Verdana, sans-serif;font-size:10pt;} .battle-log-inline {border:1px solid #AAAAAA;background:#EEF2F5;color:black;max-width:640px;margin:0 auto 80px;padding-bottom:5px;} .battle-log .inner {padding:4px 8px 0px 8px;} .battle-log .inner-preempt {padding:0 8px 4px 8px;} .battle-log .inner-after {margin-top:0.5em;} .battle-log h2 {margin:0.5em -8px;padding:4px 8px;border:1px solid #AAAAAA;background:#E0E7EA;border-left:0;border-right:0;font-family:Verdana, sans-serif;font-size:13pt;} .battle-log .chat {vertical-align:middle;padding:3px 0 3px 0;font-size:8pt;} .battle-log .chat strong {color:#40576A;} .battle-log .chat em {padding:1px 4px 1px 3px;color:#000000;font-style:normal;} .chat.mine {background:rgba(0,0,0,0.05);margin-left:-8px;margin-right:-8px;padding-left:8px;padding-right:8px;} .spoiler {color:#BBBBBB;background:#BBBBBB;padding:0px 3px;} .spoiler:hover, .spoiler:active, .spoiler-shown {color:#000000;background:#E2E2E2;padding:0px 3px;} .spoiler a {color:#BBBBBB;} .spoiler:hover a, .spoiler:active a, .spoiler-shown a {color:#2288CC;} .chat code, .chat .spoiler:hover code, .chat .spoiler:active code, .chat .spoiler-shown code {border:1px solid #C0C0C0;background:#EEEEEE;color:black;padding:0 2px;} .chat .spoiler code {border:1px solid #CCCCCC;background:#CCCCCC;color:#CCCCCC;} .battle-log .rated {padding:3px 4px;} .battle-log .rated strong {color:white;background:#89A;padding:1px 4px;border-radius:4px;} .spacer {margin-top:0.5em;} .message-announce {background:#6688AA;color:white;padding:1px 4px 2px;} .message-announce a, .broadcast-green a, .broadcast-blue a, .broadcast-red a {color:#DDEEFF;} .broadcast-green {background-color:#559955;color:white;padding:2px 4px;} .broadcast-blue {background-color:#6688AA;color:white;padding:2px 4px;} .infobox {border:1px solid #6688AA;padding:2px 4px;} .infobox-limited {max-height:200px;overflow:auto;overflow-x:hidden;} .broadcast-red {background-color:#AA5544;color:white;padding:2px 4px;} .message-learn-canlearn {font-weight:bold;color:#228822;text-decoration:underline;} .message-learn-cannotlearn {font-weight:bold;color:#CC2222;text-decoration:underline;} .message-effect-weak {font-weight:bold;color:#CC2222;} .message-effect-resist {font-weight:bold;color:#6688AA;} .message-effect-immune {font-weight:bold;color:#666666;} .message-learn-list {margin-top:0;margin-bottom:0;} .message-throttle-notice, .message-error {color:#992222;} .message-overflow, .chat small.message-overflow {font-size:0pt;} .message-overflow::before {font-size:9pt;content:'...';} .subtle {color:#3A4A66;}
</style>
<div class="wrapper replay-wrapper" style="max-width:1180px;margin:0 auto">
<input type="hidden" name="replayid" value="gen7randombattle-715661462" />
<div class="battle"></div><div class="battle-log"></div><div class="replay-controls"></div><div class="replay-controls-2"></div>
<h1 style="font-weight:normal;text-align:center"><strong>[Gen 7] Random Battle</strong><br /><a href="http://pokemonshowdown.com/users/35q71n" class="subtle" target="_blank">35Q71N</a> vs. <a href="http://pokemonshowdown.com/users/dhfegg" class="subtle" target="_blank">dhfegg</a></h1>
<script type="text/plain" class="battle-log-data">|j|☆35Q71N
|j|☆dhfegg
|player|p1|35Q71N|1
|player|p2|dhfegg|154
|teamsize|p1|6
|teamsize|p2|6
|gametype|singles
|gen|7
|tier|[Gen 7] Random Battle
|rated|
|seed|9119,534,52368,7038
|rule|Sleep Clause Mod: Limit one foe put to sleep
|rule|HP Percentage Mod: HP is shown in percentages
|
|start
|switch|p1a: Leafeon|Leafeon, L83, F|244\/244
|switch|p2a: Mamoswine|Mamoswine, L75, M|289\/289
|turn|1
|
|move|p1a: Leafeon|Substitute|p1a: Leafeon
|-start|p1a: Leafeon|Substitute
|-damage|p1a: Leafeon|183\/244
|move|p2a: Mamoswine|Icicle Crash|p1a: Leafeon
|-supereffective|p1a: Leafeon
|-end|p1a: Leafeon|Substitute
|-damage|p2a: Mamoswine|261\/289|[from] item: Life Orb
|
|-heal|p1a: Leafeon|198\/244|[from] item: Leftovers
|upkeep
|turn|2
|
|switch|p1a: Escavalier|Escavalier, L79, F|240\/240
|move|p2a: Mamoswine|Stealth Rock|p1a: Escavalier
|-sidestart|p1: 35Q71N|move: Stealth Rock
|
|upkeep
|turn|3
|
|move|p2a: Mamoswine|Earthquake|p1a: Escavalier
|-damage|p1a: Escavalier|102\/240
|-damage|p2a: Mamoswine|233\/289|[from] item: Life Orb
|move|p1a: Escavalier|Pursuit|p2a: Mamoswine
|-damage|p2a: Mamoswine|182\/289
|-damage|p1a: Escavalier|78\/240|[from] item: Life Orb
|
|upkeep
|turn|4
|
|switch|p1a: Leafeon|Leafeon, L83, F|198\/244
|-damage|p1a: Leafeon|168\/244|[from] Stealth Rock
|move|p2a: Mamoswine|Earthquake|p1a: Leafeon
|-resisted|p1a: Leafeon
|-damage|p1a: Leafeon|119\/244
|-damage|p2a: Mamoswine|154\/289|[from] item: Life Orb
|
|-heal|p1a: Leafeon|134\/244|[from] item: Leftovers
|upkeep
|turn|5
|
|switch|p2a: Klinklang|Klinklang, L81|230\/230
|move|p1a: Leafeon|Leaf Blade|p2a: Klinklang
|-resisted|p2a: Klinklang
|-damage|p2a: Klinklang|189\/230
|
|-heal|p1a: Leafeon|149\/244|[from] item: Leftovers
|-heal|p2a: Klinklang|203\/230|[from] item: Leftovers
|upkeep
|turn|6
|
|switch|p1a: Escavalier|Escavalier, L79, F|78\/240
|-damage|p1a: Escavalier|48\/240|[from] Stealth Rock
|move|p2a: Klinklang|Shift Gear|p2a: Klinklang
|-boost|p2a: Klinklang|spe|2
|-boost|p2a: Klinklang|atk|1
|
|-heal|p2a: Klinklang|217\/230|[from] item: Leftovers
|upkeep
|turn|7
|
|move|p2a: Klinklang|Wild Charge|p1a: Escavalier
|-damage|p1a: Escavalier|0 fnt
|-damage|p2a: Klinklang|205\/230|[from] Recoil
|faint|p1a: Escavalier
|
|-heal|p2a: Klinklang|219\/230|[from] item: Leftovers
|upkeep
|
|switch|p1a: Manectric|Manectric, L77, M|234\/234
|-damage|p1a: Manectric|205\/234|[from] Stealth Rock
|turn|8
|
|-mega|p1a: Manectric|Manectric|Manectite
|detailschange|p1a: Manectric|Manectric-Mega, L77, M
|-ability|p1a: Manectric|Intimidate|boost
|-fail|p2a: Klinklang|unboost|[from] ability: Clear Body|[of] p2a: Klinklang
|move|p2a: Klinklang|Substitute|p2a: Klinklang
|-start|p2a: Klinklang|Substitute
|-damage|p2a: Klinklang|162\/230
|move|p1a: Manectric|Overheat|p2a: Klinklang
|-supereffective|p2a: Klinklang
|-end|p2a: Klinklang|Substitute
|-unboost|p1a: Manectric|spa|2
|
|-heal|p2a: Klinklang|176\/230|[from] item: Leftovers
|upkeep
|turn|9
|
|move|p2a: Klinklang|Substitute|p2a: Klinklang
|-start|p2a: Klinklang|Substitute
|-damage|p2a: Klinklang|119\/230
|move|p1a: Manectric|Volt Switch|p2a: Klinklang
|-activate|p2a: Klinklang|move: Substitute|[damage]
|
|switch|p1a: Dhelmise|Dhelmise, L79|240\/240|[from]move: Volt Switch
|-damage|p1a: Dhelmise|210\/240|[from] Stealth Rock
|
|-heal|p2a: Klinklang|133\/230|[from] item: Leftovers
|upkeep
|turn|10
|
|move|p2a: Klinklang|Shift Gear|p2a: Klinklang
|-boost|p2a: Klinklang|spe|2
|-boost|p2a: Klinklang|atk|1
|move|p1a: Dhelmise|Earthquake|p2a: Klinklang
|-supereffective|p2a: Klinklang
|-end|p2a: Klinklang|Substitute
|-damage|p1a: Dhelmise|186\/240|[from] item: Life Orb
|
|-heal|p2a: Klinklang|147\/230|[from] item: Leftovers
|upkeep
|turn|11
|
|move|p2a: Klinklang|Substitute|p2a: Klinklang
|-start|p2a: Klinklang|Substitute
|-damage|p2a: Klinklang|90\/230
|move|p1a: Dhelmise|Earthquake|p2a: Klinklang
|-supereffective|p2a: Klinklang
|-end|p2a: Klinklang|Substitute
|-damage|p1a: Dhelmise|162\/240|[from] item: Life Orb
|
|-heal|p2a: Klinklang|104\/230|[from] item: Leftovers
|upkeep
|turn|12
|
|move|p2a: Klinklang|Substitute|p2a: Klinklang
|-start|p2a: Klinklang|Substitute
|-damage|p2a: Klinklang|47\/230
|move|p1a: Dhelmise|Earthquake|p2a: Klinklang
|-supereffective|p2a: Klinklang
|-end|p2a: Klinklang|Substitute
|-damage|p1a: Dhelmise|138\/240|[from] item: Life Orb
|
|-heal|p2a: Klinklang|61\/230|[from] item: Leftovers
|upkeep
|turn|13
|
|move|p2a: Klinklang|Gear Grind|p1a: Dhelmise
|-damage|p1a: Dhelmise|42\/240
|-damage|p1a: Dhelmise|0 fnt
|-hitcount|p1a: Dhelmise|2
|faint|p1a: Dhelmise
|
|-heal|p2a: Klinklang|75\/230|[from] item: Leftovers
|upkeep
|
|switch|p1a: Manectric|Manectric-Mega, L77, M|205\/234
|-damage|p1a: Manectric|176\/234|[from] Stealth Rock
|-ability|p1a: Manectric|Intimidate|boost
|-fail|p2a: Klinklang|unboost|[from] ability: Clear Body|[of] p2a: Klinklang
|turn|14
|
|move|p2a: Klinklang|Shift Gear|p2a: Klinklang
|-boost|p2a: Klinklang|spe|2
|-boost|p2a: Klinklang|atk|1
|move|p1a: Manectric|Thunderbolt|p2a: Klinklang
|-damage|p2a: Klinklang|0 fnt
|faint|p2a: Klinklang
|
|upkeep
|c|☆dhfegg|misclick
|
|switch|p2a: Mamoswine|Mamoswine, L75, M|154\/289
|turn|15
|c|☆35Q71N|oh
|
|move|p1a: Manectric|Overheat|p2a: Mamoswine
|-supereffective|p2a: Mamoswine
|-damage|p2a: Mamoswine|0 fnt
|-unboost|p1a: Manectric|spa|2
|faint|p2a: Mamoswine
|
|upkeep
|
|switch|p2a: Gorebyss|Gorebyss, L83, F|227\/227
|turn|16
|
|move|p1a: Manectric|Volt Switch|p2a: Gorebyss
|-supereffective|p2a: Gorebyss
|-damage|p2a: Gorebyss|129\/227
|
|switch|p1a: Keldeo|Keldeo, L75|260\/260|[from]move: Volt Switch
|-damage|p1a: Keldeo|244\/260|[from] Stealth Rock
|move|p2a: Gorebyss|Shell Smash|p2a: Gorebyss
|-unboost|p2a: Gorebyss|def|1
|-unboost|p2a: Gorebyss|spd|1
|-boost|p2a: Gorebyss|atk|2
|-boost|p2a: Gorebyss|spa|2
|-boost|p2a: Gorebyss|spe|2
|-enditem|p2a: Gorebyss|White Herb
|-clearnegativeboost|p2a: Gorebyss|[silent]
|
|-heal|p1a: Keldeo|260\/260|[from] item: Leftovers
|upkeep
|turn|17
|
|move|p2a: Gorebyss|Hydro Pump|p1a: Keldeo
|-resisted|p1a: Keldeo
|-damage|p1a: Keldeo|119\/260
|move|p1a: Keldeo|Icy Wind|p2a: Gorebyss
|-resisted|p2a: Gorebyss
|-crit|p2a: Gorebyss
|-damage|p2a: Gorebyss|96\/227
|-unboost|p2a: Gorebyss|spe|1
|
|-heal|p1a: Keldeo|135\/260|[from] item: Leftovers
|upkeep
|turn|18
|
|move|p1a: Keldeo|Secret Sword|p2a: Gorebyss
|-damage|p2a: Gorebyss|18\/227
|move|p2a: Gorebyss|Shell Smash|p2a: Gorebyss
|-unboost|p2a: Gorebyss|def|1
|-unboost|p2a: Gorebyss|spd|1
|-boost|p2a: Gorebyss|atk|2
|-boost|p2a: Gorebyss|spa|2
|-boost|p2a: Gorebyss|spe|2
|
|-heal|p1a: Keldeo|151\/260|[from] item: Leftovers
|upkeep
|turn|19
|
|move|p2a: Gorebyss|Hydro Pump|p1a: Keldeo
|-resisted|p1a: Keldeo
|-damage|p1a: Keldeo|0 fnt
|faint|p1a: Keldeo
|
|upkeep
|
|switch|p1a: Leafeon|Leafeon, L83, F|149\/244
|-damage|p1a: Leafeon|119\/244|[from] Stealth Rock
|turn|20
|
|move|p2a: Gorebyss|Ice Beam|p1a: Leafeon
|-supereffective|p1a: Leafeon
|-damage|p1a: Leafeon|0 fnt
|faint|p1a: Leafeon
|
|upkeep
|
|switch|p1a: Manectric|Manectric-Mega, L77, M|176\/234
|-damage|p1a: Manectric|147\/234|[from] Stealth Rock
|-ability|p1a: Manectric|Intimidate|boost
|-unboost|p2a: Gorebyss|atk|1
|turn|21
|
|move|p2a: Gorebyss|Hydro Pump|p1a: Manectric
|-damage|p1a: Manectric|0 fnt
|faint|p1a: Manectric
|
|upkeep
|c|☆35Q71N|gg
|
|switch|p1a: Darmanitan|Darmanitan, L77, F|287\/287
|-damage|p1a: Darmanitan|216\/287|[from] Stealth Rock
|turn|22
|c|☆dhfegg|gg
|
|move|p2a: Gorebyss|Hydro Pump|p1a: Darmanitan
|-supereffective|p1a: Darmanitan
|-damage|p1a: Darmanitan|0 fnt
|faint|p1a: Darmanitan
|
|win|dhfegg
</script>
</div>
<div class="battle-log battle-log-inline"><div class="inner"><div class="battle-options"></div><div class="inner message-log"><div class="chat"><small>☆35Q71N and ☆dhfegg joined</small></div><div class=""><small>Format:</small> <br><strong>[Gen 7] Random Battle</strong></div><div class="rated"><strong>Rated battle</strong></div><div class=""><small><em>Sleep Clause Mod:</em> Limit one foe put to sleep</small></div><div class=""><small><em>HP Percentage Mod:</em> HP is shown in percentages</small></div><div class="spacer battle-history"><br></div><div class="battle-history">Battle started between 35Q71N and dhfegg!<br></div><div class="spacer battle-history"><br></div><div class="battle-history">Go! <strong>Leafeon</strong>!<br></div><div class="spacer battle-history"><br></div><div class="battle-history">dhfegg sent out <strong>Mamoswine</strong>!<br></div><div class="spacer battle-history"><br></div><h2 class="battle-history">Turn 1</h2><div class="spacer battle-history"><br></div><div class="battle-history">Leafeon used <strong>Substitute</strong>!<br></div><div class="battle-history"><small>Leafeon put in a substitute!</small><br></div><div class="battle-history"><small>(Leafeon lost <abbr title="−61/244">25%</abbr> of its health!)</small><br></div><div class="spacer battle-history"><br></div><div class="battle-history">The opposing Mamoswine used <strong>Icicle Crash</strong>!<br></div><div class="battle-history"><small>It's super effective!</small><br></div><div class="battle-history"><small>Leafeon's substitute faded!</small><br></div><div class="battle-history"><small>The opposing Mamoswine lost some of its HP!</small><br></div><div class="spacer battle-history"><br></div><div class="battle-history"><small>Leafeon restored a little HP using its Leftovers!</small><br></div><div class="spacer battle-history"><br></div><h2 class="battle-history">Turn 2</h2><div class="spacer battle-history"><br></div><div class="battle-history">Leafeon, come back!<br></div><div class="battle-history">Go! <strong>Escavalier</strong>!<br></div><div class="spacer battle-history"><br></div><div class="battle-history">The opposing Mamoswine used <strong>Stealth Rock</strong>!<br></div><div class="battle-history"><small>Pointed stones float in the air around your team!</small><br></div><div class="spacer battle-history"><br></div><h2 class="battle-history">Turn 3</h2><div class="spacer battle-history"><br></div><div class="battle-history">The opposing Mamoswine used <strong>Earthquake</strong>!<br></div><div class="battle-history"><small>(Escavalier lost <abbr title="−138/240">57.5%</abbr> of its health!)</small><br></div><div class="battle-history"><small>The opposing Mamoswine lost some of its HP!</small><br></div><div class="spacer battle-history"><br></div><div class="battle-history">Escavalier used <strong>Pursuit</strong>!<br></div><div class="battle-history"><small>(The opposing Mamoswine lost <abbr title="−51/289">17.6%</abbr> of its health!)</small><br></div><div class="battle-history"><small>Escavalier lost some of its HP!</small><br></div><div class="spacer battle-history"><br></div><h2 class="battle-history">Turn 4</h2><div class="spacer battle-history"><br></div><div class="battle-history">Escavalier, come back!<br></div><div class="battle-history">Go! <strong>Leafeon</strong>!<br></div><div class="battle-history"><small>Pointed stones dug into Leafeon!</small><br></div><div class="spacer battle-history"><br></div><div class="battle-history">The opposing Mamoswine used <strong>Earthquake</strong>!<br></div><div class="battle-history"><small>It's not very effective...</small><br></div><div class="battle-history"><small>(Leafeon lost <abbr title="−49/244">20.1%</abbr> of its health!)</small><br></div><div class="battle-history"><small>The opposing Mamoswine lost some of its HP!</small><br></div><div class="spacer battle-history"><br></div><div class="battle-history"><small>Leafeon restored a little HP using its Leftovers!</small><br></div><div class="spacer battle-history"><br></div><h2 class="battle-history">Turn 5</h2><div class="spacer battle-history"><br></div><div class="battle-history">dhfegg withdrew Mamoswine!<br></div><div class="battle-history">dhfegg sent out <strong>Klinklang</strong>!<br></div><div class="spacer battle-history"><br></div><div class="battle-history">Leafeon used <strong>Leaf Blade</strong>!<br></div><div class="battle-history"><small>It's not very effective...</small><br></div><div class="battle-history"><small>(The opposing Klinklang lost <abbr title="−41/230">17.8%</abbr> of its health!)</small><br></div><div class="spacer battle-history"><br></div><div class="battle-history"><small>Leafeon restored a little HP using its Leftovers!</small><br></div><div class="battle-history"><small>The opposing Klinklang restored a little HP using its Leftovers!</small><br></div><div class="spacer battle-history"><br></div><h2 class="battle-history">Turn 6</h2><div class="spacer battle-history"><br></div><div class="battle-history">Leafeon, come back!<br></div><div class="battle-history">Go! <strong>Escavalier</strong>!<br></div><div class="battle-history"><small>Pointed stones dug into Escavalier!</small><br></div><div class="spacer battle-history"><br></div><div class="battle-history">The opposing Klinklang used <strong>Shift Gear</strong>!<br></div><div class="battle-history"><small>The opposing Klinklang's Speed rose sharply!</small><br></div><div class="battle-history"><small>The opposing Klinklang's Attack rose!</small><br></div><div class="spacer battle-history"><br></div><div class="battle-history"><small>The opposing Klinklang restored a little HP using its Leftovers!</small><br></div><div class="spacer battle-history"><br></div><h2 class="battle-history">Turn 7</h2><div class="spacer battle-history"><br></div><div class="battle-history">The opposing Klinklang used <strong>Wild Charge</strong>!<br></div><div class="battle-history"><small>(Escavalier lost <abbr title="−48/240">20%</abbr> of its health!)</small><br></div><div class="battle-history"><small>The opposing Klinklang was damaged by the recoil!</small><br></div><div class="spacer battle-history"><br></div><div class="battle-history">Escavalier fainted!<br></div><div class="spacer battle-history"><br></div><div class="battle-history"><small>The opposing Klinklang restored a little HP using its Leftovers!</small><br></div><div class="spacer battle-history"><br></div><div class="battle-history">Go! <strong>Manectric</strong>!<br></div><div class="battle-history"><small>Pointed stones dug into Manectric!</small><br></div><div class="spacer battle-history"><br></div><h2 class="battle-history">Turn 8</h2><div class="spacer battle-history"><br></div><div class="battle-history"><small>Manectric's Manectite is reacting to the Key Stone!</small><br>Manectric has Mega Evolved into Mega Manectric!<br></div><div class="battle-history">[Manectric's Intimidate]<br></div><div class="battle-history">[The opposing Klinklang's Clear Body]<br><small>The opposing Klinklang's stats were not lowered!</small><br></div><div class="spacer battle-history"><br></div><div class="battle-history">The opposing Klinklang used <strong>Substitute</strong>!<br></div><div class="battle-history"><small>The opposing Klinklang put in a substitute!</small><br></div><div class="battle-history"><small>(The opposing Klinklang lost <abbr title="−57/230">24.8%</abbr> of its health!)</small><br></div><div class="spacer battle-history"><br></div><div class="battle-history">Manectric used <strong>Overheat</strong>!<br></div><div class="battle-history"><small>It's super effective!</small><br></div><div class="battle-history"><small>The opposing Klinklang's substitute faded!</small><br></div><div class="battle-history"><small>Manectric's Sp. Atk fell harshly!</small><br></div><div class="spacer battle-history"><br></div><div class="battle-history"><small>The opposing Klinklang restored a little HP using its Leftovers!</small><br></div><div class="spacer battle-history"><br></div><h2 class="battle-history">Turn 9</h2><div class="spacer battle-history"><br></div><div class="battle-history">The opposing Klinklang used <strong>Substitute</strong>!<br></div><div class="battle-history"><small>The opposing Klinklang put in a substitute!</small><br></div><div class="battle-history"><small>(The opposing Klinklang lost <abbr title="−57/230">24.8%</abbr> of its health!)</small><br></div><div class="spacer battle-history"><br></div><div class="battle-history">Manectric used <strong>Volt Switch</strong>!<br></div><div class="battle-history"><small>The substitute took damage for the opposing Klinklang!</small><br></div><div class="spacer battle-history"><br></div><div class="battle-history">Manectric went back to 35Q71N!<br></div><div class="battle-history">Go! <strong>Dhelmise</strong>!<br></div><div class="battle-history"><small>Pointed stones dug into Dhelmise!</small><br></div><div class="spacer battle-history"><br></div><div class="battle-history"><small>The opposing Klinklang restored a little HP using its Leftovers!</small><br></div><div class="spacer battle-history"><br></div><h2 class="battle-history">Turn 10</h2><div class="spacer battle-history"><br></div><div class="battle-history">The opposing Klinklang used <strong>Shift Gear</strong>!<br></div><div class="battle-history"><small>The opposing Klinklang's Speed rose sharply!</small><br></div><div class="battle-history"><small>The opposing Klinklang's Attack rose!</small><br></div><div class="spacer battle-history"><br></div><div class="battle-history">Dhelmise used <strong>Earthquake</strong>!<br></div><div class="battle-history"><small>It's super effective!</small><br></div><div class="battle-history"><small>The opposing Klinklang's substitute faded!</small><br></div><div class="battle-history"><small>Dhelmise lost some of its HP!</small><br></div><div class="spacer battle-history"><br></div><div class="battle-history"><small>The opposing Klinklang restored a little HP using its Leftovers!</small><br></div><div class="spacer battle-history"><br></div><h2 class="battle-history">Turn 11</h2><div class="spacer battle-history"><br></div><div class="battle-history">The opposing Klinklang used <strong>Substitute</strong>!<br></div><div class="battle-history"><small>The opposing Klinklang put in a substitute!</small><br></div><div class="battle-history"><small>(The opposing Klinklang lost <abbr title="−57/230">24.8%</abbr> of its health!)</small><br></div><div class="spacer battle-history"><br></div><div class="battle-history">Dhelmise used <strong>Earthquake</strong>!<br></div><div class="battle-history"><small>It's super effective!</small><br></div><div class="battle-history"><small>The opposing Klinklang's substitute faded!</small><br></div><div class="battle-history"><small>Dhelmise lost some of its HP!</small><br></div><div class="spacer battle-history"><br></div><div class="battle-history"><small>The opposing Klinklang restored a little HP using its Leftovers!</small><br></div><div class="spacer battle-history"><br></div><h2 class="battle-history">Turn 12</h2><div class="spacer battle-history"><br></div><div class="battle-history">The opposing Klinklang used <strong>Substitute</strong>!<br></div><div class="battle-history"><small>The opposing Klinklang put in a substitute!</small><br></div><div class="battle-history"><small>(The opposing Klinklang lost <abbr title="−57/230">24.8%</abbr> of its health!)</small><br></div><div class="spacer battle-history"><br></div><div class="battle-history">Dhelmise used <strong>Earthquake</strong>!<br></div><div class="battle-history"><small>It's super effective!</small><br></div><div class="battle-history"><small>The opposing Klinklang's substitute faded!</small><br></div><div class="battle-history"><small>Dhelmise lost some of its HP!</small><br></div><div class="spacer battle-history"><br></div><div class="battle-history"><small>The opposing Klinklang restored a little HP using its Leftovers!</small><br></div><div class="spacer battle-history"><br></div><h2 class="battle-history">Turn 13</h2><div class="spacer battle-history"><br></div><div class="battle-history">The opposing Klinklang used <strong>Gear Grind</strong>!<br></div><div class="battle-history"><small>(Dhelmise lost <abbr title="−96/240">40%</abbr> of its health!)</small><br></div><div class="battle-history"><small>(Dhelmise lost <abbr title="−42/240">17.5%</abbr> of its health!)</small><br></div><div class="battle-history"><small>The Pokémon was hit 2 times!</small><br></div><div class="spacer battle-history"><br></div><div class="battle-history">Dhelmise fainted!<br></div><div class="spacer battle-history"><br></div><div class="battle-history"><small>The opposing Klinklang restored a little HP using its Leftovers!</small><br></div><div class="spacer battle-history"><br></div><div class="battle-history">Go! Manectric (<strong>Manectric-Mega</strong>)!<br></div><div class="battle-history"><small>Pointed stones dug into Manectric!</small><br></div><div class="battle-history">[Manectric's Intimidate]<br></div><div class="battle-history">[The opposing Klinklang's Clear Body]<br><small>The opposing Klinklang's stats were not lowered!</small><br></div><div class="spacer battle-history"><br></div><h2 class="battle-history">Turn 14</h2><div class="spacer battle-history"><br></div><div class="battle-history">The opposing Klinklang used <strong>Shift Gear</strong>!<br></div><div class="battle-history"><small>The opposing Klinklang's Speed rose sharply!</small><br></div><div class="battle-history"><small>The opposing Klinklang's Attack rose!</small><br></div><div class="spacer battle-history"><br></div><div class="battle-history">Manectric used <strong>Thunderbolt</strong>!<br></div><div class="battle-history"><small>(The opposing Klinklang lost <abbr title="−75/230">32.6%</abbr> of its health!)</small><br></div><div class="spacer battle-history"><br></div><div class="battle-history">The opposing Klinklang fainted!<br></div><div class="chat chatmessage-dhfegg"><strong style="color:#0fa22a"><small>☆</small><span class="username" data-name="dhfegg">dhfegg</span>:</strong> <em>misclick</em></div><div class="spacer battle-history"><br></div><div class="battle-history">dhfegg sent out <strong>Mamoswine</strong>!<br></div><div class="spacer battle-history"><br></div><h2 class="battle-history">Turn 15</h2><div class="chat chatmessage-35q71n"><strong style="color:#ba134b"><small>☆</small><span class="username" data-name="35Q71N">35Q71N</span>:</strong> <em>oh</em></div><div class="spacer battle-history"><br></div><div class="battle-history">Manectric used <strong>Overheat</strong>!<br></div><div class="battle-history"><small>It's super effective!</small><br></div><div class="battle-history"><small>(The opposing Mamoswine lost <abbr title="−154/289">53.3%</abbr> of its health!)</small><br></div><div class="battle-history"><small>Manectric's Sp. Atk fell harshly!</small><br></div><div class="spacer battle-history"><br></div><div class="battle-history">The opposing Mamoswine fainted!<br></div><div class="spacer battle-history"><br></div><div class="battle-history">dhfegg sent out <strong>Gorebyss</strong>!<br></div><div class="spacer battle-history"><br></div><h2 class="battle-history">Turn 16</h2><div class="spacer battle-history"><br></div><div class="battle-history">Manectric used <strong>Volt Switch</strong>!<br></div><div class="battle-history"><small>It's super effective!</small><br></div><div class="battle-history"><small>(The opposing Gorebyss lost <abbr title="−98/227">43.2%</abbr> of its health!)</small><br></div><div class="spacer battle-history"><br></div><div class="battle-history">Manectric went back to 35Q71N!<br></div><div class="battle-history">Go! <strong>Keldeo</strong>!<br></div><div class="battle-history"><small>Pointed stones dug into Keldeo!</small><br></div><div class="spacer battle-history"><br></div><div class="battle-history">The opposing Gorebyss used <strong>Shell Smash</strong>!<br></div><div class="battle-history"><small>The opposing Gorebyss's Defense fell!</small><br></div><div class="battle-history"><small>The opposing Gorebyss's Sp. Def fell!</small><br></div><div class="battle-history"><small>The opposing Gorebyss's Attack rose sharply!</small><br></div><div class="battle-history"><small>The opposing Gorebyss's Sp. Atk rose sharply!</small><br></div><div class="battle-history"><small>The opposing Gorebyss's Speed rose sharply!</small><br></div><div class="battle-history"><small>The opposing Gorebyss returned its stats to normal using its White Herb!</small><br></div><div class="spacer battle-history"><br></div><div class="battle-history"><small>Keldeo restored a little HP using its Leftovers!</small><br></div><div class="spacer battle-history"><br></div><h2 class="battle-history">Turn 17</h2><div class="spacer battle-history"><br></div><div class="battle-history">The opposing Gorebyss used <strong>Hydro Pump</strong>!<br></div><div class="battle-history"><small>It's not very effective...</small><br></div><div class="battle-history"><small>(Keldeo lost <abbr title="−141/260">54.2%</abbr> of its health!)</small><br></div><div class="spacer battle-history"><br></div><div class="battle-history">Keldeo used <strong>Icy Wind</strong>!<br></div><div class="battle-history"><small>It's not very effective...</small><br></div><div class="battle-history"><small>A critical hit!</small><br></div><div class="battle-history"><small>(The opposing Gorebyss lost <abbr title="−33/227">14.5%</abbr> of its health!)</small><br></div><div class="battle-history"><small>The opposing Gorebyss's Speed fell!</small><br></div><div class="spacer battle-history"><br></div><div class="battle-history"><small>Keldeo restored a little HP using its Leftovers!</small><br></div><div class="spacer battle-history"><br></div><h2 class="battle-history">Turn 18</h2><div class="spacer battle-history"><br></div><div class="battle-history">Keldeo used <strong>Secret Sword</strong>!<br></div><div class="battle-history"><small>(The opposing Gorebyss lost <abbr title="−78/227">34.4%</abbr> of its health!)</small><br></div><div class="spacer battle-history"><br></div><div class="battle-history">The opposing Gorebyss used <strong>Shell Smash</strong>!<br></div><div class="battle-history"><small>The opposing Gorebyss's Defense fell!</small><br></div><div class="battle-history"><small>The opposing Gorebyss's Sp. Def fell!</small><br></div><div class="battle-history"><small>The opposing Gorebyss's Attack rose sharply!</small><br></div><div class="battle-history"><small>The opposing Gorebyss's Sp. Atk rose sharply!</small><br></div><div class="battle-history"><small>The opposing Gorebyss's Speed rose sharply!</small><br></div><div class="spacer battle-history"><br></div><div class="battle-history"><small>Keldeo restored a little HP using its Leftovers!</small><br></div><div class="spacer battle-history"><br></div><h2 class="battle-history">Turn 19</h2><div class="spacer battle-history"><br></div><div class="battle-history">The opposing Gorebyss used <strong>Hydro Pump</strong>!<br></div><div class="battle-history"><small>It's not very effective...</small><br></div><div class="battle-history"><small>(Keldeo lost <abbr title="−151/260">58.1%</abbr> of its health!)</small><br></div><div class="spacer battle-history"><br></div><div class="battle-history">Keldeo fainted!<br></div><div class="spacer battle-history"><br></div><div class="battle-history">Go! <strong>Leafeon</strong>!<br></div><div class="battle-history"><small>Pointed stones dug into Leafeon!</small><br></div><div class="spacer battle-history"><br></div><h2 class="battle-history">Turn 20</h2><div class="spacer battle-history"><br></div><div class="battle-history">The opposing Gorebyss used <strong>Ice Beam</strong>!<br></div><div class="battle-history"><small>It's super effective!</small><br></div><div class="battle-history"><small>(Leafeon lost <abbr title="−119/244">48.8%</abbr> of its health!)</small><br></div><div class="spacer battle-history"><br></div><div class="battle-history">Leafeon fainted!<br></div><div class="spacer battle-history"><br></div><div class="battle-history">Go! Manectric (<strong>Manectric-Mega</strong>)!<br></div><div class="battle-history"><small>Pointed stones dug into Manectric!</small><br></div><div class="battle-history">[Manectric's Intimidate]<br></div><div class="battle-history"><small>The opposing Gorebyss's Attack fell!</small><br></div><div class="spacer battle-history"><br></div><h2 class="battle-history">Turn 21</h2><div class="spacer battle-history"><br></div><div class="battle-history">The opposing Gorebyss used <strong>Hydro Pump</strong>!<br></div><div class="battle-history"><small>(Manectric lost <abbr title="−147/234">62.8%</abbr> of its health!)</small><br></div><div class="spacer battle-history"><br></div><div class="battle-history">Manectric fainted!<br></div><div class="chat chatmessage-35q71n"><strong style="color:#ba134b"><small>☆</small><span class="username" data-name="35Q71N">35Q71N</span>:</strong> <em>gg</em></div><div class="spacer battle-history"><br></div><div class="battle-history">Go! <strong>Darmanitan</strong>!<br></div><div class="battle-history"><small>Pointed stones dug into Darmanitan!</small><br></div><div class="spacer battle-history"><br></div><h2 class="battle-history">Turn 22</h2><div class="chat chatmessage-dhfegg"><strong style="color:#0fa22a"><small>☆</small><span class="username" data-name="dhfegg">dhfegg</span>:</strong> <em>gg</em></div><div class="spacer battle-history"><br></div><div class="battle-history">The opposing Gorebyss used <strong>Hydro Pump</strong>!<br></div><div class="battle-history"><small>It's super effective!</small><br></div><div class="battle-history"><small>(Darmanitan lost <abbr title="−216/287">75.3%</abbr> of its health!)</small><br></div><div class="spacer battle-history"><br></div><div class="battle-history">Darmanitan fainted!<br></div><div class="spacer battle-history"><br></div><div class="battle-history"><strong>dhfegg</strong> won the battle!<br></div></div><div class="inner-preempt message-log"></div></div></div>
</div>
<script>
let daily = Math.floor(Date.now()/1000/60/60/24);document.write('<script src="https://play.pokemonshowdown.com/js/replay-embed.js?version'+daily+'"></'+'script>');
</script>
