<!DOCTYPE html>
<meta charset="utf-8" />
<!-- version 1 -->
<title>[Gen 7] Random Battle replay: Dalek10 vs. maikun</title>
<style>
html,body {font-family:Verdana, sans-serif;font-size:10pt;margin:0;padding:0;}body{padding:12px 0;} .battle-log {font-family:Verdana, sans-serif;font-size:10pt;} .battle-log-inline {border:1px solid #AAAAAA;background:#EEF2F5;color:black;max-width:640px;margin:0 auto 80px;padding-bottom:5px;} .battle-log .inner {padding:4px 8px 0px 8px;} .battle-log .inner-preempt {padding:0 8px 4px 8px;} .battle-log .inner-after {margin-top:0.5em;} .battle-log h2 {margin:0.5em -8px;padding:4px 8px;border:1px solid #AAAAAA;background:#E0E7EA;border-left:0;border-right:0;font-family:Verdana, sans-serif;font-size:13pt;} .battle-log .chat {vertical-align:middle;padding:3px 0 3px 0;font-size:8pt;} .battle-log .chat strong {color:#40576A;} .battle-log .chat em {padding:1px 4px 1px 3px;color:#000000;font-style:normal;} .chat.mine {background:rgba(0,0,0,0.05);margin-left:-8px;margin-right:-8px;padding-left:8px;padding-right:8px;} .spoiler {color:#BBBBBB;background:#BBBBBB;padding:0px 3px;} .spoiler:hover, .spoiler:active, .spoiler-shown {color:#000000;background:#E2E2E2;padding:0px 3px;} .spoiler a {color:#BBBBBB;} .spoiler:hover a, .spoiler:active a, .spoiler-shown a {color:#2288CC;} .chat code, .chat .spoiler:hover code, .chat .spoiler:active code, .chat .spoiler-shown code {border:1px solid #C0C0C0;background:#EEEEEE;color:black;padding:0 2px;} .chat .spoiler code {border:1px solid #CCCCCC;background:#CCCCCC;color:#CCCCCC;} .battle-log .rated {padding:3px 4px;} .battle-log .rated strong {color:white;background:#89A;padding:1px 4px;border-radius:4px;} .spacer {margin-top:0.5em;} .message-announce {background:#6688AA;color:white;padding:1px 4px 2px;} .message-announce a, .broadcast-green a, .broadcast-blue a, .broadcast-red a {color:#DDEEFF;} .broadcast-green {background-color:#559955;color:white;padding:2px 4px;} .broadcast-blue {background-color:#6688AA;color:white;padding:2px 4px;} .infobox {border:1px solid #6688AA;padding:2px 4px;} .infobox-limited {max-height:200px;overflow:auto;overflow-x:hidden;} .broadcast-red {background-color:#AA5544;color:white;padding:2px 4px;} .message-learn-canlearn {font-weight:bold;color:#228822;text-decoration:underline;} .message-learn-cannotlearn {font-weight:bold;color:#CC2222;text-decoration:underline;} .message-effect-weak {font-weight:bold;color:#CC2222;} .message-effect-resist {font-weight:bold;color:#6688AA;} .message-effect-immune {font-weight:bold;color:#666666;} .message-learn-list {margin-top:0;margin-bottom:0;} .message-throttle-notice, .message-error {color:#992222;} .message-overflow, .chat small.message-overflow {font-size:0pt;} .message-overflow::before {font-size:9pt;content:'...';} .subtle {color:#3A4A66;}
</style>
<div class="wrapper replay-wrapper" style="max-width:1180px;margin:0 auto">
<input type="hidden" name="replayid" value="gen7randombattle-999884929" />
<div class="battle"></div><div class="battle-log"></div><div class="replay-controls"></div><div class="replay-controls-2"></div>
<h1 style="font-weight:normal;text-align:center"><strong>[Gen 7] Random Battle</strong><br /><a href="http://pokemonshowdown.com/users/dalek10" class="subtle" target="_blank">Dalek10</a> vs. <a href="http://pokemonshowdown.com/users/maikun" class="subtle" target="_blank">maikun</a></h1>
<script type="text/plain" class="battle-log-data">|j|☆Dalek10
|j|☆maikun
|player|p1|Dalek10|92|1760
|player|p2|maikun|ninjaboy|1677
|teamsize|p1|6
|teamsize|p2|6
|gametype|singles
|gen|7
|tier|[Gen 7] Random Battle
|rated|
|rule|Sleep Clause Mod: Limit one foe put to sleep
|rule|HP Percentage Mod: HP is shown in percentages
|
|start
|switch|p1a: Drapion|Drapion, L84, F|255\/255
|switch|p2a: Floette|Floette-Eternal, L80, F|250\/250
|turn|1
|inactive|Battle timer is ON: inactive players will automatically lose when time's up. (requested by maikun)
|
|switch|p2a: Forretress|Forretress, L84, M|263\/263
|move|p1a: Drapion|Poison Jab|p2a: Forretress
|-immune|p2a: Forretress
|
|upkeep
|turn|2
|
|move|p1a: Drapion|Swords Dance|p1a: Drapion
|-boost|p1a: Drapion|atk|2
|move|p2a: Forretress|Stealth Rock|p1a: Drapion
|-sidestart|p1: Dalek10|move: Stealth Rock
|
|upkeep
|turn|3
|
|move|p1a: Drapion|Swords Dance|p1a: Drapion
|-boost|p1a: Drapion|atk|2
|move|p2a: Forretress|Gyro Ball|p1a: Drapion
|-damage|p1a: Drapion|195\/255
|
|upkeep
|turn|4
|inactive|maikun has 120 seconds left.
|
|move|p1a: Drapion|Knock Off|p2a: Forretress
|-damage|p2a: Forretress|64\/263
|-enditem|p2a: Forretress|Leftovers|[from] move: Knock Off|[of] p1a: Drapion
|move|p2a: Forretress|Gyro Ball|p1a: Drapion
|-damage|p1a: Drapion|138\/255
|
|upkeep
|turn|5
|inactive|maikun has 120 seconds left.
|
|move|p1a: Drapion|Knock Off|p2a: Forretress
|-damage|p2a: Forretress|0 fnt
|faint|p2a: Forretress
|
|upkeep
|inactive|maikun has 120 seconds left.
|
|switch|p2a: Zebstrika|Zebstrika, L89, M|278\/278
|turn|6
|
|move|p2a: Zebstrika|Volt Switch|p1a: Drapion
|-damage|p1a: Drapion|59\/255
|
|switch|p2a: Liepard|Liepard, L88, F|256\/256
|move|p1a: Drapion|Poison Jab|p2a: Liepard
|-damage|p2a: Liepard|0 fnt
|faint|p2a: Liepard
|
|upkeep
|
|switch|p2a: Zebstrika|Zebstrika, L89, M|278\/278
|turn|7
|
|move|p2a: Zebstrika|Wild Charge|p1a: Drapion
|-damage|p1a: Drapion|0 fnt
|-damage|p2a: Zebstrika|263\/278|[from] Recoil
|faint|p1a: Drapion
|
|upkeep
|
|switch|p1a: Magmortar|Magmortar, L86, M|269\/269
|-damage|p1a: Magmortar|202\/269|[from] Stealth Rock
|turn|8
|inactive|maikun has 120 seconds left.
|
|move|p2a: Zebstrika|Volt Switch|p1a: Magmortar
|-damage|p1a: Magmortar|156\/269
|inactive|maikun has 120 seconds left.
|
|switch|p2a: Hariyama|Hariyama, L86, M|388\/388
|move|p1a: Magmortar|Earthquake|p2a: Hariyama
|-damage|p2a: Hariyama|289\/388
|
|upkeep
|turn|9
|
|switch|p1a: Primarina|Primarina, L82, M|265\/265
|-damage|p1a: Primarina|232\/265|[from] Stealth Rock
|move|p2a: Hariyama|Close Combat|p1a: Primarina
|-resisted|p1a: Primarina
|-damage|p1a: Primarina|123\/265
|-unboost|p2a: Hariyama|def|1
|-unboost|p2a: Hariyama|spd|1
|-damage|p2a: Hariyama|251\/388|[from] item: Life Orb
|
|upkeep
|turn|10
|
|switch|p2a: Floette|Floette-Eternal, L80, F|250\/250
|move|p1a: Primarina|Hydro Pump|p2a: Floette
|-damage|p2a: Floette|78\/250
|
|upkeep
|turn|11
|
|move|p2a: Floette|Moonblast|p1a: Primarina
|-damage|p1a: Primarina|0 fnt
|faint|p1a: Primarina
|
|upkeep
|inactive|Dalek10 has 120 seconds left.
|
|switch|p1a: Charizard|Charizard, L87, M|277\/277
|-damage|p1a: Charizard|139\/277|[from] Stealth Rock
|turn|12
|inactive|Dalek10 has 120 seconds left.
|inactive|maikun has 90 seconds left.
|inactive|Dalek10 has 90 seconds left.
|
|switch|p2a: Zebstrika|Zebstrika, L89, M|263\/278
|-zpower|p1a: Charizard
|move|p1a: Charizard|Z-Hold Hands|null|[anim]Hold Hands|[notarget]
|-boost|p1a: Charizard|atk|1|[zeffect]
|-boost|p1a: Charizard|def|1|[zeffect]
|-boost|p1a: Charizard|spa|1|[zeffect]
|-boost|p1a: Charizard|spd|1|[zeffect]
|-boost|p1a: Charizard|spe|1|[zeffect]
|-fail|p1a: Charizard
|
|upkeep
|turn|13
|inactive|Dalek10 has 90 seconds left.
|inactive|maikun has 90 seconds left.
|
|move|p1a: Charizard|Roost|p1a: Charizard
|-heal|p1a: Charizard|277\/277
|-singleturn|p1a: Charizard|move: Roost
|move|p2a: Zebstrika|Wild Charge|p1a: Charizard
|-damage|p1a: Charizard|202\/277
|-damage|p2a: Zebstrika|244\/278|[from] Recoil
|
|upkeep
|turn|14
|inactive|Dalek10 has 90 seconds left.
|
|move|p1a: Charizard|Fire Blast|p2a: Zebstrika
|-damage|p2a: Zebstrika|6\/278
|move|p2a: Zebstrika|Wild Charge|p1a: Charizard
|-supereffective|p1a: Charizard
|-damage|p1a: Charizard|5\/277
|-damage|p2a: Zebstrika|0 fnt|[from] Recoil
|faint|p2a: Zebstrika
|
|upkeep
|
|switch|p2a: Hariyama|Hariyama, L86, M|251\/388
|turn|15
|
|move|p2a: Hariyama|Bullet Punch|p1a: Charizard
|-resisted|p1a: Charizard
|-damage|p1a: Charizard|0 fnt
|-damage|p2a: Hariyama|213\/388|[from] item: Life Orb
|faint|p1a: Charizard
|
|upkeep
|inactive|Dalek10 has 90 seconds left.
|
|switch|p1a: Lopunny|Lopunny, L80, F|235\/235
|-damage|p1a: Lopunny|206\/235|[from] Stealth Rock
|turn|16
|inactive|maikun has 120 seconds left.
|
|detailschange|p1a: Lopunny|Lopunny-Mega, L80, F
|-mega|p1a: Lopunny|Lopunny|Lopunnite
|move|p1a: Lopunny|High Jump Kick|p2a: Hariyama
|-damage|p2a: Hariyama|5\/388
|move|p2a: Hariyama|Close Combat|p1a: Lopunny
|-supereffective|p1a: Lopunny
|-damage|p1a: Lopunny|0 fnt
|-unboost|p2a: Hariyama|def|1
|-unboost|p2a: Hariyama|spd|1
|-damage|p2a: Hariyama|0 fnt|[from] item: Life Orb
|faint|p1a: Lopunny
|faint|p2a: Hariyama
|
|upkeep
|inactive|maikun has 120 seconds left.
|inactive|Dalek10 has 90 seconds left.
|
|switch|p1a: Magmortar|Magmortar, L86, M|156\/269
|switch|p2a: Kommo-o|Kommo-o, L80, M|251\/251
|-damage|p1a: Magmortar|89\/269|[from] Stealth Rock
|turn|17
|inactive|Dalek10 has 90 seconds left.
|inactive|maikun has 120 seconds left.
|
|move|p1a: Magmortar|Focus Blast|p2a: Kommo-o
|-immune|p2a: Kommo-o|[from] ability: Bulletproof
|move|p2a: Kommo-o|Dragon Dance|p2a: Kommo-o
|-boost|p2a: Kommo-o|atk|1
|-boost|p2a: Kommo-o|spe|1
|
|upkeep
|turn|18
|inactive|Dalek10 has 90 seconds left.
|inactive|maikun has 120 seconds left.
|
|move|p2a: Kommo-o|Poison Jab|p1a: Magmortar
|-damage|p1a: Magmortar|0 fnt
|faint|p1a: Magmortar
|
|upkeep
|inactive|Dalek10 has 90 seconds left.
|
|switch|p1a: Magnezone|Magnezone, L80|243\/243
|-damage|p1a: Magnezone|228\/243|[from] Stealth Rock
|turn|19
|inactive|maikun has 120 seconds left.
|
|move|p2a: Kommo-o|Close Combat|p1a: Magnezone
|-supereffective|p1a: Magnezone
|-damage|p1a: Magnezone|0 fnt
|-unboost|p2a: Kommo-o|def|1
|-unboost|p2a: Kommo-o|spd|1
|faint|p1a: Magnezone
|
|win|maikun
|raw|Dalek10's rating: 1760 &rarr; <strong>1736<\/strong><br \/>(-24 for losing)
|raw|maikun's rating: 1677 &rarr; <strong>1702<\/strong><br \/>(+25 for winning)
|l|☆Dalek10
</script>
</div>
<div class="battle-log battle-log-inline"><div class="inner"><div class="battle-options"></div><div class="inner message-log"><div class="chat"><small>☆Dalek10 and ☆maikun joined</small></div><div class=""><small>Format:</small> <br><strong>[Gen 7] Random Battle</strong></div><div class="rated"><strong>Rated battle</strong></div><div class=""><small><em>Sleep Clause Mod:</em> Limit one foe put to sleep</small></div><div class=""><small><em>HP Percentage Mod:</em> HP is shown in percentages</small></div><div class="spacer battle-history"><br></div><div class="battle-history">Battle started between Dalek10 and maikun!<br></div><div class="spacer battle-history"><br></div><div class="battle-history">Go! <strong>Drapion</strong>!<br></div><div class="spacer battle-history"><br></div><div class="battle-history">maikun sent out Floette (<strong>Floette-Eternal</strong>)!<br></div><div class="spacer battle-history"><br></div><h2 class="battle-history">Turn 1</h2><div class="chat message-error">Battle timer is ON: inactive players will automatically lose when time's up. (requested by maikun)</div><div class="spacer battle-history"><br></div><div class="battle-history">maikun withdrew Floette!<br></div><div class="battle-history">maikun sent out <strong>Forretress</strong>!<br></div><div class="spacer battle-history"><br></div><div class="battle-history">Drapion used <strong>Poison Jab</strong>!<br></div><div class="battle-history"><small>It doesn't affect the opposing Forretress...</small><br></div><div class="spacer battle-history"><br></div><h2 class="battle-history">Turn 2</h2><div class="spacer battle-history"><br></div><div class="battle-history">Drapion used <strong>Swords Dance</strong>!<br></div><div class="battle-history"><small>Drapion's Attack rose sharply!</small><br></div><div class="spacer battle-history"><br></div><div class="battle-history">The opposing Forretress used <strong>Stealth Rock</strong>!<br></div><div class="battle-history"><small>Pointed stones float in the air around your team!</small><br></div><div class="spacer battle-history"><br></div><h2 class="battle-history">Turn 3</h2><div class="spacer battle-history"><br></div><div class="battle-history">Drapion used <strong>Swords Dance</strong>!<br></div><div class="battle-history"><small>Drapion's Attack rose sharply!</small><br></div><div class="spacer battle-history"><br></div><div class="battle-history">The opposing Forretress used <strong>Gyro Ball</strong>!<br></div><div class="battle-history"><small>(Drapion lost <abbr title="−60/255">23.5%</abbr> of its health!)</small><br></div><div class="spacer battle-history"><br></div><h2 class="battle-history">Turn 4</h2><div class="chat message-error">maikun has 120 seconds left.</div><div class="spacer battle-history"><br></div><div class="battle-history">Drapion used <strong>Knock Off</strong>!<br></div><div class="battle-history"><small>(The opposing Forretress lost <abbr title="−199/263">75.7%</abbr> of its health!)</small><br></div><div class="battle-history"><small>Drapion knocked off the opposing Forretress's Leftovers!</small><br></div><div class="spacer battle-history"><br></div><div class="battle-history">The opposing Forretress used <strong>Gyro Ball</strong>!<br></div><div class="battle-history"><small>(Drapion lost <abbr title="−57/255">22.4%</abbr> of its health!)</small><br></div><div class="spacer battle-history"><br></div><h2 class="battle-history">Turn 5</h2><div class="chat message-error">maikun has 120 seconds left.</div><div class="spacer battle-history"><br></div><div class="battle-history">Drapion used <strong>Knock Off</strong>!<br></div><div class="battle-history"><small>(The opposing Forretress lost <abbr title="−64/263">24.3%</abbr> of its health!)</small><br></div><div class="spacer battle-history"><br></div><div class="battle-history">The opposing Forretress fainted!<br></div><div class="chat message-error">maikun has 120 seconds left.</div><div class="spacer battle-history"><br></div><div class="battle-history">maikun sent out <strong>Zebstrika</strong>!<br></div><div class="spacer battle-history"><br></div><h2 class="battle-history">Turn 6</h2><div class="spacer battle-history"><br></div><div class="battle-history">The opposing Zebstrika used <strong>Volt Switch</strong>!<br></div><div class="battle-history"><small>(Drapion lost <abbr title="−79/255">31.0%</abbr> of its health!)</small><br></div><div class="spacer battle-history"><br></div><div class="battle-history">maikun withdrew Zebstrika!<br></div><div class="battle-history">maikun sent out <strong>Liepard</strong>!<br></div><div class="spacer battle-history"><br></div><div class="battle-history">Drapion used <strong>Poison Jab</strong>!<br></div><div class="battle-history"><small>(The opposing Liepard lost <abbr title="−256/256">100%</abbr> of its health!)</small><br></div><div class="spacer battle-history"><br></div><div class="battle-history">The opposing Liepard fainted!<br></div><div class="spacer battle-history"><br></div><div class="battle-history">maikun sent out <strong>Zebstrika</strong>!<br></div><div class="spacer battle-history"><br></div><h2 class="battle-history">Turn 7</h2><div class="spacer battle-history"><br></div><div class="battle-history">The opposing Zebstrika used <strong>Wild Charge</strong>!<br></div><div class="battle-history"><small>(Drapion lost <abbr title="−59/255">23.1%</abbr> of its health!)</small><br></div><div class="battle-history"><small>The opposing Zebstrika was damaged by the recoil!</small><br></div><div class="spacer battle-history"><br></div><div class="battle-history">Drapion fainted!<br></div><div class="spacer battle-history"><br></div><div class="battle-history">Go! <strong>Magmortar</strong>!<br></div><div class="battle-history"><small>Pointed stones dug into Magmortar!</small><br></div><div class="spacer battle-history"><br></div><h2 class="battle-history">Turn 8</h2><div class="chat message-error">maikun has 120 seconds left.</div><div class="spacer battle-history"><br></div><div class="battle-history">The opposing Zebstrika used <strong>Volt Switch</strong>!<br></div><div class="battle-history"><small>(Magmortar lost <abbr title="−46/269">17.1%</abbr> of its health!)</small><br></div><div class="chat message-error">maikun has 120 seconds left.</div><div class="spacer battle-history"><br></div><div class="battle-history">maikun withdrew Zebstrika!<br></div><div class="battle-history">maikun sent out <strong>Hariyama</strong>!<br></div><div class="spacer battle-history"><br></div><div class="battle-history">Magmortar used <strong>Earthquake</strong>!<br></div><div class="battle-history"><small>(The opposing Hariyama lost <abbr title="−99/388">25.5%</abbr> of its health!)</small><br></div><div class="spacer battle-history"><br></div><h2 class="battle-history">Turn 9</h2><div class="spacer battle-history"><br></div><div class="battle-history">Magmortar, come back!<br></div><div class="battle-history">Go! <strong>Primarina</strong>!<br></div><div class="battle-history"><small>Pointed stones dug into Primarina!</small><br></div><div class="spacer battle-history"><br></div><div class="battle-history">The opposing Hariyama used <strong>Close Combat</strong>!<br></div><div class="battle-history"><small>It's not very effective...</small><br></div><div class="battle-history"><small>(Primarina lost <abbr title="−109/265">41.1%</abbr> of its health!)</small><br></div><div class="battle-history"><small>The opposing Hariyama's Defense fell!</small><br></div><div class="battle-history"><small>The opposing Hariyama's Sp. Def fell!</small><br></div><div class="battle-history"><small>The opposing Hariyama lost some of its HP!</small><br></div><div class="spacer battle-history"><br></div><h2 class="battle-history">Turn 10</h2><div class="spacer battle-history"><br></div><div class="battle-history">maikun withdrew Hariyama!<br></div><div class="battle-history">maikun sent out Floette (<strong>Floette-Eternal</strong>)!<br></div><div class="spacer battle-history"><br></div><div class="battle-history">Primarina used <strong>Hydro Pump</strong>!<br></div><div class="battle-history"><small>(The opposing Floette lost <abbr title="−172/250">68.8%</abbr> of its health!)</small><br></div><div class="spacer battle-history"><br></div><h2 class="battle-history">Turn 11</h2><div class="spacer battle-history"><br></div><div class="battle-history">The opposing Floette used <strong>Moonblast</strong>!<br></div><div class="battle-history"><small>(Primarina lost <abbr title="−123/265">46.4%</abbr> of its health!)</small><br></div><div class="spacer battle-history"><br></div><div class="battle-history">Primarina fainted!<br></div><div class="chat message-error">Dalek10 has 120 seconds left.</div><div class="spacer battle-history"><br></div><div class="battle-history">Go! <strong>Charizard</strong>!<br></div><div class="battle-history"><small>Pointed stones dug into Charizard!</small><br></div><div class="spacer battle-history"><br></div><h2 class="battle-history">Turn 12</h2><div class="chat message-error">Dalek10 has 120 seconds left.</div><div class="chat message-error">maikun has 90 seconds left.</div><div class="chat message-error">Dalek10 has 90 seconds left.</div><div class="spacer battle-history"><br></div><div class="battle-history">maikun withdrew Floette!<br></div><div class="battle-history">maikun sent out <strong>Zebstrika</strong>!<br></div><div class="battle-history"><small>Charizard surrounded itself with its Z-Power!</small><br></div><div class="spacer battle-history"><br></div><div class="battle-history">Charizard used <strong>Z-Hold Hands</strong>!<br></div><div class="battle-history"><small>Charizard boosted its Attack using its Z-Power!</small><br></div><div class="battle-history"><small>Charizard boosted its Defense using its Z-Power!</small><br></div><div class="battle-history"><small>Charizard boosted its Sp. Atk using its Z-Power!</small><br></div><div class="battle-history"><small>Charizard boosted its Sp. Def using its Z-Power!</small><br></div><div class="battle-history"><small>Charizard boosted its Speed using its Z-Power!</small><br></div><div class="battle-history"><small>But it failed!</small><br></div><div class="spacer battle-history"><br></div><h2 class="battle-history">Turn 13</h2><div class="chat message-error">Dalek10 has 90 seconds left.</div><div class="chat message-error">maikun has 90 seconds left.</div><div class="spacer battle-history"><br></div><div class="battle-history">Charizard used <strong>Roost</strong>!<br></div><div class="battle-history"><small>Charizard had its HP restored.</small><br></div><div class="battle-history"><small>(Charizard loses Flying type this turn.)</small><br></div><div class="spacer battle-history"><br></div><div class="battle-history">The opposing Zebstrika used <strong>Wild Charge</strong>!<br></div><div class="battle-history"><small>(Charizard lost <abbr title="−75/277">27.1%</abbr> of its health!)</small><br></div><div class="battle-history"><small>The opposing Zebstrika was damaged by the recoil!</small><br></div><div class="spacer battle-history"><br></div><h2 class="battle-history">Turn 14</h2><div class="chat message-error">Dalek10 has 90 seconds left.</div><div class="spacer battle-history"><br></div><div class="battle-history">Charizard used <strong>Fire Blast</strong>!<br></div><div class="battle-history"><small>(The opposing Zebstrika lost <abbr title="−238/278">85.6%</abbr> of its health!)</small><br></div><div class="spacer battle-history"><br></div><div class="battle-history">The opposing Zebstrika used <strong>Wild Charge</strong>!<br></div><div class="battle-history"><small>It's super effective!</small><br></div><div class="battle-history"><small>(Charizard lost <abbr title="−197/277">71.1%</abbr> of its health!)</small><br></div><div class="battle-history"><small>The opposing Zebstrika was damaged by the recoil!</small><br></div><div class="spacer battle-history"><br></div><div class="battle-history">The opposing Zebstrika fainted!<br></div><div class="spacer battle-history"><br></div><div class="battle-history">maikun sent out <strong>Hariyama</strong>!<br></div><div class="spacer battle-history"><br></div><h2 class="battle-history">Turn 15</h2><div class="spacer battle-history"><br></div><div class="battle-history">The opposing Hariyama used <strong>Bullet Punch</strong>!<br></div><div class="battle-history"><small>It's not very effective...</small><br></div><div class="battle-history"><small>(Charizard lost <abbr title="−5/277">1.8%</abbr> of its health!)</small><br></div><div class="battle-history"><small>The opposing Hariyama lost some of its HP!</small><br></div><div class="spacer battle-history"><br></div><div class="battle-history">Charizard fainted!<br></div><div class="chat message-error">Dalek10 has 90 seconds left.</div><div class="spacer battle-history"><br></div><div class="battle-history">Go! <strong>Lopunny</strong>!<br></div><div class="battle-history"><small>Pointed stones dug into Lopunny!</small><br></div><div class="spacer battle-history"><br></div><h2 class="battle-history">Turn 16</h2><div class="chat message-error">maikun has 120 seconds left.</div><div class="spacer battle-history"><br></div><div class="battle-history"><small>Lopunny's Lopunnite is reacting to the Key Stone!</small><br>Lopunny has Mega Evolved into Mega Lopunny!<br></div><div class="spacer battle-history"><br></div><div class="battle-history">Lopunny used <strong>High Jump Kick</strong>!<br></div><div class="battle-history"><small>(The opposing Hariyama lost <abbr title="−208/388">53.6%</abbr> of its health!)</small><br></div><div class="spacer battle-history"><br></div><div class="battle-history">The opposing Hariyama used <strong>Close Combat</strong>!<br></div><div class="battle-history"><small>It's super effective!</small><br></div><div class="battle-history"><small>(Lopunny lost <abbr title="−206/235">87.7%</abbr> of its health!)</small><br></div><div class="battle-history"><small>The opposing Hariyama's Defense fell!</small><br></div><div class="battle-history"><small>The opposing Hariyama's Sp. Def fell!</small><br></div><div class="battle-history"><small>The opposing Hariyama lost some of its HP!</small><br></div><div class="spacer battle-history"><br></div><div class="battle-history">Lopunny fainted!<br></div><div class="battle-history">The opposing Hariyama fainted!<br></div><div class="chat message-error">maikun has 120 seconds left.</div><div class="chat message-error">Dalek10 has 90 seconds left.</div><div class="spacer battle-history"><br></div><div class="battle-history">Go! <strong>Magmortar</strong>!<br></div><div class="spacer battle-history"><br></div><div class="battle-history">maikun sent out <strong>Kommo-o</strong>!<br></div><div class="battle-history"><small>Pointed stones dug into Magmortar!</small><br></div><div class="spacer battle-history"><br></div><h2 class="battle-history">Turn 17</h2><div class="chat message-error">Dalek10 has 90 seconds left.</div><div class="chat message-error">maikun has 120 seconds left.</div><div class="spacer battle-history"><br></div><div class="battle-history">Magmortar used <strong>Focus Blast</strong>!<br></div><div class="battle-history">[The opposing Kommo-o's Bulletproof]<br><small>It doesn't affect the opposing Kommo-o...</small><br></div><div class="spacer battle-history"><br></div><div class="battle-history">The opposing Kommo-o used <strong>Dragon Dance</strong>!<br></div><div class="battle-history"><small>The opposing Kommo-o's Attack rose!</small><br></div><div class="battle-history"><small>The opposing Kommo-o's Speed rose!</small><br></div><div class="spacer battle-history"><br></div><h2 class="battle-history">Turn 18</h2><div class="chat message-error">Dalek10 has 90 seconds left.</div><div class="chat message-error">maikun has 120 seconds left.</div><div class="spacer battle-history"><br></div><div class="battle-history">The opposing Kommo-o used <strong>Poison Jab</strong>!<br></div><div class="battle-history"><small>(Magmortar lost <abbr title="−89/269">33.1%</abbr> of its health!)</small><br></div><div class="spacer battle-history"><br></div><div class="battle-history">Magmortar fainted!<br></div><div class="chat message-error">Dalek10 has 90 seconds left.</div><div class="spacer battle-history"><br></div><div class="battle-history">Go! <strong>Magnezone</strong>!<br></div><div class="battle-history"><small>Pointed stones dug into Magnezone!</small><br></div><div class="spacer battle-history"><br></div><h2 class="battle-history">Turn 19</h2><div class="chat message-error">maikun has 120 seconds left.</div><div class="spacer battle-history"><br></div><div class="battle-history">The opposing Kommo-o used <strong>Close Combat</strong>!<br></div><div class="battle-history"><small>It's super effective!</small><br></div><div class="battle-history"><small>(Magnezone lost <abbr title="−228/243">93.8%</abbr> of its health!)</small><br></div><div class="battle-history"><small>The opposing Kommo-o's Defense fell!</small><br></div><div class="battle-history"><small>The opposing Kommo-o's Sp. Def fell!</small><br></div><div class="spacer battle-history"><br></div><div class="battle-history">Magnezone fainted!<br></div><div class="spacer battle-history"><br></div><div class="battle-history"><strong>maikun</strong> won the battle!<br></div><div class="chat">Dalek10's rating: 1760 → <strong>1736</strong><br>(-24 for losing)</div><div class="chat">maikun's rating: 1677 → <strong>1702</strong><br>(+25 for winning)</div><div class="chat"><small>☆Dalek10 left</small></div></div><div class="inner-preempt message-log"></div></div></div>
</div>
<script>
let daily = Math.floor(Date.now()/1000/60/60/24);document.write('<script src="https://play.pokemonshowdown.com/js/replay-embed.js?version'+daily+'"></'+'script>');
</script>
