<!DOCTYPE html>
<meta charset="utf-8" />
<!-- version 1 -->
<title>[Gen 7] Random Battle replay: ElberGazaBrosa vs. FunkyMonk21</title>
<style>
html,body {font-family:Verdana, sans-serif;font-size:10pt;margin:0;padding:0;}body{padding:12px 0;} .battle-log {font-family:Verdana, sans-serif;font-size:10pt;} .battle-log-inline {border:1px solid #AAAAAA;background:#EEF2F5;color:black;max-width:640px;margin:0 auto 80px;padding-bottom:5px;} .battle-log .inner {padding:4px 8px 0px 8px;} .battle-log .inner-preempt {padding:0 8px 4px 8px;} .battle-log .inner-after {margin-top:0.5em;} .battle-log h2 {margin:0.5em -8px;padding:4px 8px;border:1px solid #AAAAAA;background:#E0E7EA;border-left:0;border-right:0;font-family:Verdana, sans-serif;font-size:13pt;} .battle-log .chat {vertical-align:middle;padding:3px 0 3px 0;font-size:8pt;} .battle-log .chat strong {color:#40576A;} .battle-log .chat em {padding:1px 4px 1px 3px;color:#000000;font-style:normal;} .chat.mine {background:rgba(0,0,0,0.05);margin-left:-8px;margin-right:-8px;padding-left:8px;padding-right:8px;} .spoiler {color:#BBBBBB;background:#BBBBBB;padding:0px 3px;} .spoiler:hover, .spoiler:active, .spoiler-shown {color:#000000;background:#E2E2E2;padding:0px 3px;} .spoiler a {color:#BBBBBB;} .spoiler:hover a, .spoiler:active a, .spoiler-shown a {color:#2288CC;} .chat code, .chat .spoiler:hover code, .chat .spoiler:active code, .chat .spoiler-shown code {border:1px solid #C0C0C0;background:#EEEEEE;color:black;padding:0 2px;} .chat .spoiler code {border:1px solid #CCCCCC;background:#CCCCCC;color:#CCCCCC;} .battle-log .rated {padding:3px 4px;} .battle-log .rated strong {color:white;background:#89A;padding:1px 4px;border-radius:4px;} .spacer {margin-top:0.5em;} .message-announce {background:#6688AA;color:white;padding:1px 4px 2px;} .message-announce a, .broadcast-green a, .broadcast-blue a, .broadcast-red a {color:#DDEEFF;} .broadcast-green {background-color:#559955;color:white;padding:2px 4px;} .broadcast-blue {background-color:#6688AA;color:white;padding:2px 4px;} .infobox {border:1px solid #6688AA;padding:2px 4px;} .infobox-limited {max-height:200px;overflow:auto;overflow-x:hidden;} .broadcast-red {background-color:#AA5544;color:white;padding:2px 4px;} .message-learn-canlearn {font-weight:bold;color:#228822;text-decoration:underline;} .message-learn-cannotlearn {font-weight:bold;color:#CC2222;text-decoration:underline;} .message-effect-weak {font-weight:bold;color:#CC2222;} .message-effect-resist {font-weight:bold;color:#6688AA;} .message-effect-immune {font-weight:bold;color:#666666;} .message-learn-list {margin-top:0;margin-bottom:0;} .message-throttle-notice, .message-error {color:#992222;} .message-overflow, .chat small.message-overflow {font-size:0pt;} .message-overflow::before {font-size:9pt;content:'...';} .subtle {color:#3A4A66;}
</style>
<div class="wrapper replay-wrapper" style="max-width:1180px;margin:0 auto">
<input type="hidden" name="replayid" value="gen7randombattle-2110268573" />
<div class="battle"></div><div class="battle-log"></div><div class="replay-controls"></div><div class="replay-controls-2"></div>
<h1 style="font-weight:normal;text-align:center"><strong>[Gen 7] Random Battle</strong><br /><a href="http://pokemonshowdown.com/users/elbergazabrosa" class="subtle" target="_blank">ElberGazaBrosa</a> vs. <a href="http://pokemonshowdown.com/users/funkymonk21" class="subtle" target="_blank">FunkyMonk21</a></h1>
<script type="text/plain" class="battle-log-data">|uhtml|medal-msg|<div class="broadcast-blue">Curious what those medals under the avatar are? PS now has Ladder Seasons! For more information, check out the <a href="https:\/\/www.smogon.com\/forums\/threads\/3740067\/">thread on Smogon.<\/a><\/div>
|uhtml|medal-msg|<div class="broadcast-blue">Curious what those medals under the avatar are? PS now has Ladder Seasons! For more information, check out the <a href="https:\/\/www.smogon.com\/forums\/threads\/3740067\/">thread on Smogon.<\/a><\/div>
|j|☆ElberGazaBrosa
|j|☆FunkyMonk21
|t:|1713929524
|gametype|singles
|player|p1|ElberGazaBrosa|169|1219
|player|p2|FunkyMonk21|169|1105
|teamsize|p1|6
|teamsize|p2|6
|gen|7
|tier|[Gen 7] Random Battle
|rated|
|rule|Sleep Clause Mod: Limit one foe put to sleep
|rule|HP Percentage Mod: HP is shown in percentages
|rule|Illusion Level Mod: Illusion disguises the Pokémon's true level
|
|t:|1713929524
|start
|switch|p1a: Shuckle|Shuckle, L86, F|175\/175
|switch|p2a: Jellicent|Jellicent, L88, F|319\/319
|turn|1
|inactive|Battle timer is ON: inactive players will automatically lose when time's up. (requested by ElberGazaBrosa)
|
|t:|1713929532
|move|p2a: Jellicent|Scald|p1a: Shuckle
|-supereffective|p1a: Shuckle
|-damage|p1a: Shuckle|97\/175
|move|p1a: Shuckle|Toxic|p2a: Jellicent
|-status|p2a: Jellicent|tox
|
|-damage|p2a: Jellicent|300\/319 tox|[from] psn
|upkeep
|turn|2
|
|t:|1713929540
|move|p2a: Jellicent|Toxic|p1a: Shuckle
|-status|p1a: Shuckle|tox
|move|p1a: Shuckle|Stealth Rock|p2a: Jellicent
|-sidestart|p2: FunkyMonk21|move: Stealth Rock
|
|-heal|p2a: Jellicent|319\/319 tox|[from] item: Leftovers
|-damage|p2a: Jellicent|281\/319 tox|[from] psn
|-damage|p1a: Shuckle|87\/175 tox|[from] psn
|upkeep
|turn|3
|
|t:|1713929549
|move|p2a: Jellicent|Scald|p1a: Shuckle
|-supereffective|p1a: Shuckle
|-damage|p1a: Shuckle|9\/175 tox
|move|p1a: Shuckle|Sticky Web|p2a: Jellicent
|-sidestart|p2: FunkyMonk21|move: Sticky Web
|
|-heal|p2a: Jellicent|300\/319 tox|[from] item: Leftovers
|-damage|p2a: Jellicent|243\/319 tox|[from] psn
|-damage|p1a: Shuckle|0 fnt|[from] psn
|faint|p1a: Shuckle
|upkeep
|
|t:|1713929578
|switch|p1a: Mightyena|Mightyena, L94, F|284\/284
|-ability|p1a: Mightyena|Intimidate|boost
|-unboost|p2a: Jellicent|atk|1
|turn|4
|
|t:|1713929601
|move|p1a: Mightyena|Crunch|p2a: Jellicent
|-supereffective|p2a: Jellicent
|-damage|p2a: Jellicent|0 fnt
|faint|p2a: Jellicent
|
|upkeep
|
|t:|1713929615
|switch|p2a: Chansey|Chansey, L86, F|570\/570
|-damage|p2a: Chansey|499\/570|[from] Stealth Rock
|-activate|p2a: Chansey|move: Sticky Web
|-unboost|p2a: Chansey|spe|1
|turn|5
|
|t:|1713929627
|switch|p1a: Heracross|Heracross, L82, F|265\/265
|move|p2a: Chansey|Toxic|p1a: Heracross
|-status|p1a: Heracross|tox
|
|-damage|p1a: Heracross|249\/265 tox|[from] psn
|upkeep
|turn|6
|
|t:|1713929635
|detailschange|p1a: Heracross|Heracross-Mega, L82, F
|-mega|p1a: Heracross|Heracross|Heracronite
|move|p1a: Heracross|Swords Dance|p1a: Heracross
|-boost|p1a: Heracross|atk|2
|move|p2a: Chansey|Wish|p2a: Chansey
|
|-damage|p1a: Heracross|217\/265 tox|[from] psn
|upkeep
|turn|7
|
|t:|1713929650
|switch|p2a: Granbull|Granbull, L88, F|302\/302
|-damage|p2a: Granbull|265\/302|[from] Stealth Rock
|-activate|p2a: Granbull|move: Sticky Web
|-unboost|p2a: Granbull|spe|1
|-ability|p2a: Granbull|Intimidate|boost
|-unboost|p1a: Heracross|atk|1
|move|p1a: Heracross|Close Combat|p2a: Granbull
|-resisted|p2a: Granbull
|-damage|p2a: Granbull|99\/302
|-unboost|p1a: Heracross|def|1
|-unboost|p1a: Heracross|spd|1
|
|-heal|p2a: Granbull|302\/302|[from] move: Wish|[wisher] Chansey
|-damage|p1a: Heracross|169\/265 tox|[from] psn
|upkeep
|turn|8
|inactive|FunkyMonk21 has 120 seconds left.
|
|t:|1713929683
|move|p1a: Heracross|Rock Blast|p2a: Granbull
|-damage|p2a: Granbull|253\/302
|-damage|p2a: Granbull|203\/302
|-damage|p2a: Granbull|155\/302
|-damage|p2a: Granbull|112\/302
|-damage|p2a: Granbull|61\/302
|-hitcount|p2a: Granbull|5
|move|p2a: Granbull|Play Rough|p1a: Heracross
|-supereffective|p1a: Heracross
|-damage|p1a: Heracross|0 fnt
|faint|p1a: Heracross
|
|-heal|p2a: Granbull|79\/302|[from] item: Leftovers
|upkeep
|
|t:|1713929698
|switch|p1a: Mightyena|Mightyena, L94, F|284\/284
|-ability|p1a: Mightyena|Intimidate|boost
|-unboost|p2a: Granbull|atk|1
|turn|9
|inactive|FunkyMonk21 has 120 seconds left.
|
|t:|1713929712
|switch|p2a: Durant|Durant, L81, F|227\/227
|-damage|p2a: Durant|199\/227|[from] Stealth Rock
|-activate|p2a: Durant|move: Sticky Web
|-unboost|p2a: Durant|spe|1
|move|p1a: Mightyena|Iron Tail|p2a: Durant
|-resisted|p2a: Durant
|-damage|p2a: Durant|141\/227
|
|upkeep
|turn|10
|inactive|FunkyMonk21 has 120 seconds left.
|
|t:|1713929729
|switch|p1a: Krookodile|Krookodile, L80, M|283\/283
|move|p2a: Durant|Hone Claws|p2a: Durant
|-boost|p2a: Durant|atk|1
|-boost|p2a: Durant|accuracy|1
|
|upkeep
|turn|11
|
|t:|1713929737
|move|p1a: Krookodile|Earthquake|p2a: Durant
|-damage|p2a: Durant|0 fnt
|faint|p2a: Durant
|-ability|p1a: Krookodile|Moxie|boost
|-boost|p1a: Krookodile|atk|1
|
|upkeep
|
|t:|1713929752
|switch|p2a: Chansey|Chansey, L86, F|499\/570
|-damage|p2a: Chansey|428\/570|[from] Stealth Rock
|-activate|p2a: Chansey|move: Sticky Web
|-unboost|p2a: Chansey|spe|1
|turn|12
|
|t:|1713929760
|move|p1a: Krookodile|Earthquake|p2a: Chansey
|-damage|p2a: Chansey|0 fnt
|faint|p2a: Chansey
|-ability|p1a: Krookodile|Moxie|boost
|-boost|p1a: Krookodile|atk|1
|
|upkeep
|
|t:|1713929780
|switch|p2a: Garchomp|Garchomp, L77, M|293\/293
|-damage|p2a: Garchomp|275\/293|[from] Stealth Rock
|-activate|p2a: Garchomp|move: Sticky Web
|-unboost|p2a: Garchomp|spe|1
|turn|13
|
|t:|1713929785
|switch|p2a: Granbull|Granbull, L88, F|79\/302
|-damage|p2a: Granbull|42\/302|[from] Stealth Rock
|-activate|p2a: Granbull|move: Sticky Web
|-unboost|p2a: Granbull|spe|1
|-ability|p2a: Granbull|Intimidate|boost
|-unboost|p1a: Krookodile|atk|1
|move|p1a: Krookodile|Earthquake|p2a: Granbull
|-damage|p2a: Granbull|0 fnt
|faint|p2a: Granbull
|-ability|p1a: Krookodile|Moxie|boost
|-boost|p1a: Krookodile|atk|1
|
|upkeep
|
|t:|1713929796
|switch|p2a: Garchomp|Garchomp, L77, M|275\/293
|-damage|p2a: Garchomp|257\/293|[from] Stealth Rock
|-activate|p2a: Garchomp|move: Sticky Web
|-unboost|p2a: Garchomp|spe|1
|turn|14
|
|t:|1713929809
|detailschange|p2a: Garchomp|Garchomp-Mega, L77, M
|-mega|p2a: Garchomp|Garchomp|Garchompite
|move|p1a: Krookodile|Earthquake|p2a: Garchomp
|-damage|p2a: Garchomp|0 fnt
|faint|p2a: Garchomp
|-ability|p1a: Krookodile|Moxie|boost
|-boost|p1a: Krookodile|atk|1
|
|upkeep
|
|t:|1713929816
|switch|p2a: Grumpig|Grumpig, L92, F|297\/297
|-damage|p2a: Grumpig|260\/297|[from] Stealth Rock
|-activate|p2a: Grumpig|move: Sticky Web
|-unboost|p2a: Grumpig|spe|1
|turn|15
|
|t:|1713929825
|move|p1a: Krookodile|Earthquake|p2a: Grumpig
|-damage|p2a: Grumpig|0 fnt
|faint|p2a: Grumpig
|
|win|ElberGazaBrosa
|raw|ElberGazaBrosa's rating: 1219 &rarr; <strong>1236<\/strong><br \/>(+17 for winning)
|raw|FunkyMonk21's rating: 1105 &rarr; <strong>1088<\/strong><br \/>(-17 for losing)
</script>
</div>
<div class="battle-log battle-log-inline"><div class="inner"><div class="battle-options"></div><div class="inner message-log"><div class="notice uhtml-medalmsg"><div class="broadcast-blue">Curious what those medals under the avatar are? PS now has Ladder Seasons! For more information, check out the <a href="https://www.smogon.com/forums/threads/3740067/" target="_blank" rel="noopener">thread on Smogon.</a></div></div><div class="chat"><small>☆ElberGazaBrosa and ☆FunkyMonk21 joined</small></div><div class=""><small>Format:</small> <br><strong>[Gen 7] Random Battle</strong></div><div class="rated"><strong>Rated battle</strong></div><div class=""><small><em>Sleep Clause Mod:</em> Limit one foe put to sleep</small></div><div class=""><small><em>HP Percentage Mod:</em> HP is shown in percentages</small></div><div class=""><small><em>Illusion Level Mod:</em> Illusion disguises the Pokémon's true level</small></div><div class="spacer battle-history"><br></div><div class="battle-history">Battle started between ElberGazaBrosa and FunkyMonk21!<br></div><div class="spacer battle-history"><br></div><div class="battle-history">Go! <strong>Shuckle</strong>!<br></div><div class="spacer battle-history"><br></div><div class="battle-history">FunkyMonk21 sent out <strong>Jellicent</strong>!<br></div><div class="spacer battle-history"><br></div><h2 class="battle-history">Turn 1</h2><div class="chat message-error">Battle timer is ON: inactive players will automatically lose when time's up. (requested by ElberGazaBrosa)</div><div class="spacer battle-history"><br></div><div class="battle-history">The opposing Jellicent used <strong>Scald</strong>!<br></div><div class="battle-history"><small>It's super effective!</small><br></div><div class="battle-history"><small>(Shuckle lost <abbr title="−78/175">44.6%</abbr> of its health!)</small><br></div><div class="spacer battle-history"><br></div><div class="battle-history">Shuckle used <strong>Toxic</strong>!<br></div><div class="battle-history"><small>The opposing Jellicent was badly poisoned!</small><br></div><div class="spacer battle-history"><br></div><div class="battle-history"><small>The opposing Jellicent was hurt by poison!</small><br></div><div class="spacer battle-history"><br></div><h2 class="battle-history">Turn 2</h2><div class="spacer battle-history"><br></div><div class="battle-history">The opposing Jellicent used <strong>Toxic</strong>!<br></div><div class="battle-history"><small>Shuckle was badly poisoned!</small><br></div><div class="spacer battle-history"><br></div><div class="battle-history">Shuckle used <strong>Stealth Rock</strong>!<br></div><div class="battle-history"><small>Pointed stones float in the air around the opposing team!</small><br></div><div class="spacer battle-history"><br></div><div class="battle-history"><small>The opposing Jellicent restored a little HP using its Leftovers!</small><br></div><div class="battle-history"><small>The opposing Jellicent was hurt by poison!</small><br></div><div class="battle-history"><small>Shuckle was hurt by poison!</small><br></div><div class="spacer battle-history"><br></div><h2 class="battle-history">Turn 3</h2><div class="spacer battle-history"><br></div><div class="battle-history">The opposing Jellicent used <strong>Scald</strong>!<br></div><div class="battle-history"><small>It's super effective!</small><br></div><div class="battle-history"><small>(Shuckle lost <abbr title="−78/175">44.6%</abbr> of its health!)</small><br></div><div class="spacer battle-history"><br></div><div class="battle-history">Shuckle used <strong>Sticky Web</strong>!<br></div><div class="battle-history"><small>A sticky web has been laid out on the ground around the opposing team!</small><br></div><div class="spacer battle-history"><br></div><div class="battle-history"><small>The opposing Jellicent restored a little HP using its Leftovers!</small><br></div><div class="battle-history"><small>The opposing Jellicent was hurt by poison!</small><br></div><div class="battle-history"><small>Shuckle was hurt by poison!</small><br></div><div class="spacer battle-history"><br></div><div class="battle-history">Shuckle fainted!<br></div><div class="spacer battle-history"><br></div><div class="battle-history">Go! <strong>Mightyena</strong>!<br></div><div class="battle-history">[Mightyena's Intimidate]<br></div><div class="battle-history"><small>The opposing Jellicent's Attack fell!</small><br></div><div class="spacer battle-history"><br></div><h2 class="battle-history">Turn 4</h2><div class="spacer battle-history"><br></div><div class="battle-history">Mightyena used <strong>Crunch</strong>!<br></div><div class="battle-history"><small>It's super effective!</small><br></div><div class="battle-history"><small>(The opposing Jellicent lost <abbr title="−243/319">76.2%</abbr> of its health!)</small><br></div><div class="spacer battle-history"><br></div><div class="battle-history">The opposing Jellicent fainted!<br></div><div class="spacer battle-history"><br></div><div class="battle-history">FunkyMonk21 sent out <strong>Chansey</strong>!<br></div><div class="battle-history"><small>Pointed stones dug into the opposing Chansey!</small><br></div><div class="battle-history"><small>The opposing Chansey was caught in a sticky web!</small><br></div><div class="battle-history"><small>The opposing Chansey's Speed fell!</small><br></div><div class="spacer battle-history"><br></div><h2 class="battle-history">Turn 5</h2><div class="spacer battle-history"><br></div><div class="battle-history">Mightyena, come back!<br></div><div class="battle-history">Go! <strong>Heracross</strong>!<br></div><div class="spacer battle-history"><br></div><div class="battle-history">The opposing Chansey used <strong>Toxic</strong>!<br></div><div class="battle-history"><small>Heracross was badly poisoned!</small><br></div><div class="spacer battle-history"><br></div><div class="battle-history"><small>Heracross was hurt by poison!</small><br></div><div class="spacer battle-history"><br></div><h2 class="battle-history">Turn 6</h2><div class="spacer battle-history"><br></div><div class="battle-history"><small>Heracross's Heracronite is reacting to the Key Stone!</small><br>Heracross has Mega Evolved into Mega Heracross!<br></div><div class="spacer battle-history"><br></div><div class="battle-history">Heracross used <strong>Swords Dance</strong>!<br></div><div class="battle-history"><small>Heracross's Attack rose sharply!</small><br></div><div class="spacer battle-history"><br></div><div class="battle-history">The opposing Chansey used <strong>Wish</strong>!<br></div><div class="spacer battle-history"><br></div><div class="battle-history"><small>Heracross was hurt by poison!</small><br></div><div class="spacer battle-history"><br></div><h2 class="battle-history">Turn 7</h2><div class="spacer battle-history"><br></div><div class="battle-history">FunkyMonk21 withdrew Chansey!<br></div><div class="battle-history">FunkyMonk21 sent out <strong>Granbull</strong>!<br></div><div class="battle-history"><small>Pointed stones dug into the opposing Granbull!</small><br></div><div class="battle-history"><small>The opposing Granbull was caught in a sticky web!</small><br></div><div class="battle-history"><small>The opposing Granbull's Speed fell!</small><br></div><div class="battle-history">[The opposing Granbull's Intimidate]<br></div><div class="battle-history"><small>Heracross's Attack fell!</small><br></div><div class="spacer battle-history"><br></div><div class="battle-history">Heracross used <strong>Close Combat</strong>!<br></div><div class="battle-history"><small>It's not very effective...</small><br></div><div class="battle-history"><small>(The opposing Granbull lost <abbr title="−166/302">55.0%</abbr> of its health!)</small><br></div><div class="battle-history"><small>Heracross's Defense fell!</small><br></div><div class="battle-history"><small>Heracross's Sp. Def fell!</small><br></div><div class="spacer battle-history"><br></div><div class="battle-history"><small>Chansey's wish came true!</small><br></div><div class="battle-history"><small>Heracross was hurt by poison!</small><br></div><div class="spacer battle-history"><br></div><h2 class="battle-history">Turn 8</h2><div class="chat message-error">FunkyMonk21 has 120 seconds left.</div><div class="spacer battle-history"><br></div><div class="battle-history">Heracross used <strong>Rock Blast</strong>!<br></div><div class="battle-history"><small>(The opposing Granbull lost <abbr title="−49/302">16.2%</abbr> of its health!)</small><br></div><div class="battle-history"><small>(The opposing Granbull lost <abbr title="−50/302">16.6%</abbr> of its health!)</small><br></div><div class="battle-history"><small>(The opposing Granbull lost <abbr title="−48/302">15.9%</abbr> of its health!)</small><br></div><div class="battle-history"><small>(The opposing Granbull lost <abbr title="−43/302">14.2%</abbr> of its health!)</small><br></div><div class="battle-history"><small>(The opposing Granbull lost <abbr title="−51/302">16.9%</abbr> of its health!)</small><br></div><div class="battle-history"><small>The Pokémon was hit 5 times!</small><br></div><div class="spacer battle-history"><br></div><div class="battle-history">The opposing Granbull used <strong>Play Rough</strong>!<br></div><div class="battle-history"><small>It's super effective!</small><br></div><div class="battle-history"><small>(Heracross lost <abbr title="−169/265">63.8%</abbr> of its health!)</small><br></div><div class="spacer battle-history"><br></div><div class="battle-history">Heracross fainted!<br></div><div class="spacer battle-history"><br></div><div class="battle-history"><small>The opposing Granbull restored a little HP using its Leftovers!</small><br></div><div class="spacer battle-history"><br></div><div class="battle-history">Go! <strong>Mightyena</strong>!<br></div><div class="battle-history">[Mightyena's Intimidate]<br></div><div class="battle-history"><small>The opposing Granbull's Attack fell!</small><br></div><div class="spacer battle-history"><br></div><h2 class="battle-history">Turn 9</h2><div class="chat message-error">FunkyMonk21 has 120 seconds left.</div><div class="spacer battle-history"><br></div><div class="battle-history">FunkyMonk21 withdrew Granbull!<br></div><div class="battle-history">FunkyMonk21 sent out <strong>Durant</strong>!<br></div><div class="battle-history"><small>Pointed stones dug into the opposing Durant!</small><br></div><div class="battle-history"><small>The opposing Durant was caught in a sticky web!</small><br></div><div class="battle-history"><small>The opposing Durant's Speed fell!</small><br></div><div class="spacer battle-history"><br></div><div class="battle-history">Mightyena used <strong>Iron Tail</strong>!<br></div><div class="battle-history"><small>It's not very effective...</small><br></div><div class="battle-history"><small>(The opposing Durant lost <abbr title="−58/227">25.6%</abbr> of its health!)</small><br></div><div class="spacer battle-history"><br></div><h2 class="battle-history">Turn 10</h2><div class="chat message-error">FunkyMonk21 has 120 seconds left.</div><div class="spacer battle-history"><br></div><div class="battle-history">Mightyena, come back!<br></div><div class="battle-history">Go! <strong>Krookodile</strong>!<br></div><div class="spacer battle-history"><br></div><div class="battle-history">The opposing Durant used <strong>Hone Claws</strong>!<br></div><div class="battle-history"><small>The opposing Durant's Attack rose!</small><br></div><div class="battle-history"><small>The opposing Durant's accuracy rose!</small><br></div><div class="spacer battle-history"><br></div><h2 class="battle-history">Turn 11</h2><div class="spacer battle-history"><br></div><div class="battle-history">Krookodile used <strong>Earthquake</strong>!<br></div><div class="battle-history"><small>(The opposing Durant lost <abbr title="−141/227">62.1%</abbr> of its health!)</small><br></div><div class="spacer battle-history"><br></div><div class="battle-history">The opposing Durant fainted!<br></div><div class="battle-history">[Krookodile's Moxie]<br></div><div class="battle-history"><small>Krookodile's Attack rose!</small><br></div><div class="spacer battle-history"><br></div><div class="battle-history">FunkyMonk21 sent out <strong>Chansey</strong>!<br></div><div class="battle-history"><small>Pointed stones dug into the opposing Chansey!</small><br></div><div class="battle-history"><small>The opposing Chansey was caught in a sticky web!</small><br></div><div class="battle-history"><small>The opposing Chansey's Speed fell!</small><br></div><div class="spacer battle-history"><br></div><h2 class="battle-history">Turn 12</h2><div class="spacer battle-history"><br></div><div class="battle-history">Krookodile used <strong>Earthquake</strong>!<br></div><div class="battle-history"><small>(The opposing Chansey lost <abbr title="−428/570">75.1%</abbr> of its health!)</small><br></div><div class="spacer battle-history"><br></div><div class="battle-history">The opposing Chansey fainted!<br></div><div class="battle-history">[Krookodile's Moxie]<br></div><div class="battle-history"><small>Krookodile's Attack rose!</small><br></div><div class="spacer battle-history"><br></div><div class="battle-history">FunkyMonk21 sent out <strong>Garchomp</strong>!<br></div><div class="battle-history"><small>Pointed stones dug into the opposing Garchomp!</small><br></div><div class="battle-history"><small>The opposing Garchomp was caught in a sticky web!</small><br></div><div class="battle-history"><small>The opposing Garchomp's Speed fell!</small><br></div><div class="spacer battle-history"><br></div><h2 class="battle-history">Turn 13</h2><div class="spacer battle-history"><br></div><div class="battle-history">FunkyMonk21 withdrew Garchomp!<br></div><div class="battle-history">FunkyMonk21 sent out <strong>Granbull</strong>!<br></div><div class="battle-history"><small>Pointed stones dug into the opposing Granbull!</small><br></div><div class="battle-history"><small>The opposing Granbull was caught in a sticky web!</small><br></div><div class="battle-history"><small>The opposing Granbull's Speed fell!</small><br></div><div class="battle-history">[The opposing Granbull's Intimidate]<br></div><div class="battle-history"><small>Krookodile's Attack fell!</small><br></div><div class="spacer battle-history"><br></div><div class="battle-history">Krookodile used <strong>Earthquake</strong>!<br></div><div class="battle-history"><small>(The opposing Granbull lost <abbr title="−42/302">13.9%</abbr> of its health!)</small><br></div><div class="spacer battle-history"><br></div><div class="battle-history">The opposing Granbull fainted!<br></div><div class="battle-history">[Krookodile's Moxie]<br></div><div class="battle-history"><small>Krookodile's Attack rose!</small><br></div><div class="spacer battle-history"><br></div><div class="battle-history">FunkyMonk21 sent out <strong>Garchomp</strong>!<br></div><div class="battle-history"><small>Pointed stones dug into the opposing Garchomp!</small><br></div><div class="battle-history"><small>The opposing Garchomp was caught in a sticky web!</small><br></div><div class="battle-history"><small>The opposing Garchomp's Speed fell!</small><br></div><div class="spacer battle-history"><br></div><h2 class="battle-history">Turn 14</h2><div class="spacer battle-history"><br></div><div class="battle-history"><small>The opposing Garchomp's Garchompite is reacting to the Key Stone!</small><br>The opposing Garchomp has Mega Evolved into Mega Garchomp!<br></div><div class="spacer battle-history"><br></div><div class="battle-history">Krookodile used <strong>Earthquake</strong>!<br></div><div class="battle-history"><small>(The opposing Garchomp lost <abbr title="−257/293">87.7%</abbr> of its health!)</small><br></div><div class="spacer battle-history"><br></div><div class="battle-history">The opposing Garchomp fainted!<br></div><div class="battle-history">[Krookodile's Moxie]<br></div><div class="battle-history"><small>Krookodile's Attack rose!</small><br></div><div class="spacer battle-history"><br></div><div class="battle-history">FunkyMonk21 sent out <strong>Grumpig</strong>!<br></div><div class="battle-history"><small>Pointed stones dug into the opposing Grumpig!</small><br></div><div class="battle-history"><small>The opposing Grumpig was caught in a sticky web!</small><br></div><div class="battle-history"><small>The opposing Grumpig's Speed fell!</small><br></div><div class="spacer battle-history"><br></div><h2 class="battle-history">Turn 15</h2><div class="spacer battle-history"><br></div><div class="battle-history">Krookodile used <strong>Earthquake</strong>!<br></div><div class="battle-history"><small>(The opposing Grumpig lost <abbr title="−260/297">87.5%</abbr> of its health!)</small><br></div><div class="spacer battle-history"><br></div><div class="battle-history">The opposing Grumpig fainted!<br></div><div class="spacer battle-history"><br></div><div class="battle-history"><strong>ElberGazaBrosa</strong> won the battle!<br></div><div class="chat">ElberGazaBrosa's rating: 1219 → <strong>1236</strong><br>(+17 for winning)</div><div class="chat">FunkyMonk21's rating: 1105 → <strong>1088</strong><br>(-17 for losing)</div></div><div class="inner-preempt message-log"></div></div></div>
</div>
<script>
let daily = Math.floor(Date.now()/1000/60/60/24);document.write('<script src="https://play.pokemonshowdown.com/js/replay-embed.js?version'+daily+'"></'+'script>');
</script>
