<!DOCTYPE html>
<meta charset="utf-8" />
<!-- version 1 -->
<title>[Gen 7] Random Battle replay: Moon☾☽Crescent vs. Wav3y</title>
<style>
html,body {font-family:Verdana, sans-serif;font-size:10pt;margin:0;padding:0;}body{padding:12px 0;} .battle-log {font-family:Verdana, sans-serif;font-size:10pt;} .battle-log-inline {border:1px solid #AAAAAA;background:#EEF2F5;color:black;max-width:640px;margin:0 auto 80px;padding-bottom:5px;} .battle-log .inner {padding:4px 8px 0px 8px;} .battle-log .inner-preempt {padding:0 8px 4px 8px;} .battle-log .inner-after {margin-top:0.5em;} .battle-log h2 {margin:0.5em -8px;padding:4px 8px;border:1px solid #AAAAAA;background:#E0E7EA;border-left:0;border-right:0;font-family:Verdana, sans-serif;font-size:13pt;} .battle-log .chat {vertical-align:middle;padding:3px 0 3px 0;font-size:8pt;} .battle-log .chat strong {color:#40576A;} .battle-log .chat em {padding:1px 4px 1px 3px;color:#000000;font-style:normal;} .chat.mine {background:rgba(0,0,0,0.05);margin-left:-8px;margin-right:-8px;padding-left:8px;padding-right:8px;} .spoiler {color:#BBBBBB;background:#BBBBBB;padding:0px 3px;} .spoiler:hover, .spoiler:active, .spoiler-shown {color:#000000;background:#E2E2E2;padding:0px 3px;} .spoiler a {color:#BBBBBB;} .spoiler:hover a, .spoiler:active a, .spoiler-shown a {color:#2288CC;} .chat code, .chat .spoiler:hover code, .chat .spoiler:active code, .chat .spoiler-shown code {border:1px solid #C0C0C0;background:#EEEEEE;color:black;padding:0 2px;} .chat .spoiler code {border:1px solid #CCCCCC;background:#CCCCCC;color:#CCCCCC;} .battle-log .rated {padding:3px 4px;} .battle-log .rated strong {color:white;background:#89A;padding:1px 4px;border-radius:4px;} .spacer {margin-top:0.5em;} .message-announce {background:#6688AA;color:white;padding:1px 4px 2px;} .message-announce a, .broadcast-green a, .broadcast-blue a, .broadcast-red a {color:#DDEEFF;} .broadcast-green {background-color:#559955;color:white;padding:2px 4px;} .broadcast-blue {background-color:#6688AA;color:white;padding:2px 4px;} .infobox {border:1px solid #6688AA;padding:2px 4px;} .infobox-limited {max-height:200px;overflow:auto;overflow-x:hidden;} .broadcast-red {background-color:#AA5544;color:white;padding:2px 4px;} .message-learn-canlearn {font-weight:bold;color:#228822;text-decoration:underline;} .message-learn-cannotlearn {font-weight:bold;color:#CC2222;text-decoration:underline;} .message-effect-weak {font-weight:bold;color:#CC2222;} .message-effect-resist {font-weight:bold;color:#6688AA;} .message-effect-immune {font-weight:bold;color:#666666;} .message-learn-list {margin-top:0;margin-bottom:0;} .message-throttle-notice, .message-error {color:#992222;} .message-overflow, .chat small.message-overflow {font-size:0pt;} .message-overflow::before {font-size:9pt;content:'...';} .subtle {color:#3A4A66;}
</style>
<div class="wrapper replay-wrapper" style="max-width:1180px;margin:0 auto">
<input type="hidden" name="replayid" value="gen7randombattle-719058686" />
<div class="battle"></div><div class="battle-log"></div><div class="replay-controls"></div><div class="replay-controls-2"></div>
<h1 style="font-weight:normal;text-align:center"><strong>[Gen 7] Random Battle</strong><br /><a href="http://pokemonshowdown.com/users/mooncrescent" class="subtle" target="_blank">Moon☾☽Crescent</a> vs. <a href="http://pokemonshowdown.com/users/wav3y" class="subtle" target="_blank">Wav3y</a></h1>
<script type="text/plain" class="battle-log-data">|j|☆Moon☾☽Crescent
|j|☆Wav3y
|player|p1|Moon☾☽Crescent|215
|player|p2|Wav3y|3
|teamsize|p1|6
|teamsize|p2|6
|gametype|singles
|gen|7
|tier|[Gen 7] Random Battle
|rated|
|seed|57399,4518,50830,60768
|rule|Sleep Clause Mod: Limit one foe put to sleep
|rule|HP Percentage Mod: HP is shown in percentages
|
|start
|switch|p1a: Scrafty|Scrafty, L81, F|238\/238
|switch|p2a: Kyurem|Kyurem-Black, L75|311\/311
|-ability|p2a: Kyurem|Teravolt
|turn|1
|c|☆Wav3y|oh hi
|c|☆Wav3y|didn't expect to play you
|c|☆Moon☾☽Crescent|Well well
|c|☆Moon☾☽Crescent|if it isnt you!
|c|☆Wav3y|going for first eh?
|c|☆Moon☾☽Crescent|That random fejiroeu
|c|☆Moon☾☽Crescent|passed me
|c|☆Moon☾☽Crescent|my happy place
|c|☆Moon☾☽Crescent|sad
|c|☆Moon☾☽Crescent|But gl
|c|☆Moon☾☽Crescent|not the best team
|
|switch|p2a: Volbeat|Volbeat, L83, M|243\/243
|move|p1a: Scrafty|Dragon Dance|p1a: Scrafty
|-boost|p1a: Scrafty|atk|1
|-boost|p1a: Scrafty|spe|1
|
|upkeep
|turn|2
|c|☆Wav3y|uh oops
|
|switch|p2a: Wishiwashi|Wishiwashi, L83, M|210\/210
|-formechange|p2a: Wishiwashi|Wishiwashi-School|[from] ability: Schooling
|move|p1a: Scrafty|Ice Punch|p2a: Wishiwashi
|-resisted|p2a: Wishiwashi
|-damage|p2a: Wishiwashi|185\/210
|
|upkeep
|turn|3
|
|move|p1a: Scrafty|Dragon Dance|p1a: Scrafty
|-boost|p1a: Scrafty|atk|1
|-boost|p1a: Scrafty|spe|1
|move|p2a: Wishiwashi|Scald|p1a: Scrafty
|-damage|p1a: Scrafty|142\/238
|
|upkeep
|turn|4
|c|☆Wav3y|i've been playing ou for a few days so i might be a bit rusty with the randomness of the rand bats :P
|
|move|p1a: Scrafty|Drain Punch|p2a: Wishiwashi
|-damage|p2a: Wishiwashi|77\/210
|-heal|p1a: Scrafty|196\/238|[from] drain|[of] p2a: Wishiwashi
|move|p2a: Wishiwashi|Scald|p1a: Scrafty
|-crit|p1a: Scrafty
|-damage|p1a: Scrafty|64\/238
|
|upkeep
|turn|5
|
|move|p1a: Scrafty|Drain Punch|p2a: Wishiwashi
|-damage|p2a: Wishiwashi|0 fnt
|-heal|p1a: Scrafty|103\/238|[from] drain|[of] p2a: Wishiwashi
|faint|p2a: Wishiwashi
|-ability|p1a: Scrafty|Moxie|boost
|-boost|p1a: Scrafty|atk|1
|
|upkeep
|c|☆Moon☾☽Crescent|Better than burn i guess
|
|switch|p2a: Mandibuzz|Mandibuzz, L79, F|303\/303
|turn|6
|
|move|p1a: Scrafty|Drain Punch|p2a: Mandibuzz
|-damage|p2a: Mandibuzz|135\/303
|-heal|p1a: Scrafty|187\/238|[from] drain|[of] p2a: Mandibuzz
|move|p2a: Mandibuzz|Whirlwind|p1a: Scrafty
|drag|p1a: Volcanion|Volcanion, L77|250\/250
|
|-heal|p2a: Mandibuzz|153\/303|[from] item: Leftovers
|upkeep
|turn|7
|
|switch|p2a: Kyurem|Kyurem-Black, L75|311\/311
|-ability|p2a: Kyurem|Teravolt
|move|p1a: Volcanion|Steam Eruption|p2a: Kyurem
|-resisted|p2a: Kyurem
|-damage|p2a: Kyurem|248\/311
|
|-heal|p2a: Kyurem|267\/311|[from] item: Leftovers
|upkeep
|turn|8
|
|switch|p1a: Hypno|Hypno, L83, F|277\/277
|move|p2a: Kyurem|Fusion Bolt|p1a: Hypno
|-damage|p1a: Hypno|171\/277
|
|-heal|p2a: Kyurem|286\/311|[from] item: Leftovers
|-heal|p1a: Hypno|188\/277|[from] item: Leftovers
|upkeep
|turn|9
|
|switch|p2a: Bronzong|Bronzong, L79|235\/235
|move|p1a: Hypno|Toxic|p2a: Bronzong
|-immune|p2a: Bronzong|[msg]
|
|-heal|p1a: Hypno|205\/277|[from] item: Leftovers
|upkeep
|turn|10
|
|switch|p1a: Volcanion|Volcanion, L77|250\/250
|move|p2a: Bronzong|Stealth Rock|p1a: Volcanion
|-sidestart|p1: Moon☾☽Crescent|move: Stealth Rock
|
|upkeep
|turn|11
|
|move|p1a: Volcanion|Fire Blast|p2a: Bronzong
|-supereffective|p2a: Bronzong
|-damage|p2a: Bronzong|13\/235
|move|p2a: Bronzong|Light Screen|p2a: Bronzong
|-sidestart|p2: Wav3y|move: Light Screen
|
|upkeep
|turn|12
|
|switch|p2a: Kyurem|Kyurem-Black, L75|286\/311
|-ability|p2a: Kyurem|Teravolt
|move|p1a: Volcanion|Steam Eruption|p2a: Kyurem
|-resisted|p2a: Kyurem
|-damage|p2a: Kyurem|253\/311
|
|-heal|p2a: Kyurem|272\/311|[from] item: Leftovers
|upkeep
|turn|13
|
|switch|p1a: Hypno|Hypno, L83, F|205\/277
|-damage|p1a: Hypno|171\/277|[from] Stealth Rock
|move|p2a: Kyurem|Fusion Bolt|p1a: Hypno
|-damage|p1a: Hypno|62\/277
|
|-heal|p2a: Kyurem|291\/311|[from] item: Leftovers
|-heal|p1a: Hypno|79\/277|[from] item: Leftovers
|upkeep
|turn|14
|
|move|p2a: Kyurem|Fusion Bolt|p1a: Hypno
|-damage|p1a: Hypno|0 fnt
|faint|p1a: Hypno
|
|-heal|p2a: Kyurem|310\/311|[from] item: Leftovers
|upkeep
|
|switch|p1a: Shiinotic|Shiinotic, L83, M|235\/235
|-damage|p1a: Shiinotic|206\/235|[from] Stealth Rock
|turn|15
|
|switch|p2a: Volbeat|Volbeat, L83, M|243\/243
|move|p1a: Shiinotic|Leech Seed|p2a: Volbeat
|-start|p2a: Volbeat|move: Leech Seed
|
|-heal|p1a: Shiinotic|220\/235|[from] item: Leftovers
|-damage|p2a: Volbeat|213\/243|[from] Leech Seed|[of] p1a: Shiinotic
|-heal|p1a: Shiinotic|235\/235|[silent]
|upkeep
|turn|16
|
|switch|p1a: Scrafty|Scrafty, L81, F|187\/238
|-damage|p1a: Scrafty|173\/238|[from] Stealth Rock
|move|p2a: Volbeat|Encore|p1a: Scrafty
|-hint|In gen 7, Dark is immune to Prankster moves.
|-immune|p1a: Scrafty|[msg]
|
|-heal|p2a: Volbeat|228\/243|[from] item: Leftovers
|-damage|p2a: Volbeat|198\/243|[from] Leech Seed|[of] p1a: Scrafty
|-heal|p1a: Scrafty|203\/238|[silent]
|upkeep
|turn|17
|
|switch|p2a: Mandibuzz|Mandibuzz, L79, F|153\/303
|move|p1a: Scrafty|Dragon Dance|p1a: Scrafty
|-boost|p1a: Scrafty|atk|1
|-boost|p1a: Scrafty|spe|1
|
|-heal|p2a: Mandibuzz|171\/303|[from] item: Leftovers
|upkeep
|turn|18
|
|move|p1a: Scrafty|Ice Punch|p2a: Mandibuzz
|-supereffective|p2a: Mandibuzz
|-damage|p2a: Mandibuzz|45\/303
|move|p2a: Mandibuzz|Roost|p2a: Mandibuzz
|-heal|p2a: Mandibuzz|197\/303
|
|-heal|p2a: Mandibuzz|215\/303|[from] item: Leftovers
|-sideend|p2: Wav3y|move: Light Screen
|upkeep
|turn|19
|
|move|p1a: Scrafty|Ice Punch|p2a: Mandibuzz
|-supereffective|p2a: Mandibuzz
|-damage|p2a: Mandibuzz|79\/303
|move|p2a: Mandibuzz|Roost|p2a: Mandibuzz
|-heal|p2a: Mandibuzz|231\/303
|
|-heal|p2a: Mandibuzz|249\/303|[from] item: Leftovers
|upkeep
|turn|20
|
|move|p1a: Scrafty|Ice Punch|p2a: Mandibuzz
|-supereffective|p2a: Mandibuzz
|-damage|p2a: Mandibuzz|107\/303
|move|p2a: Mandibuzz|Roost|p2a: Mandibuzz
|-heal|p2a: Mandibuzz|259\/303
|
|-heal|p2a: Mandibuzz|277\/303|[from] item: Leftovers
|upkeep
|turn|21
|
|move|p1a: Scrafty|Ice Punch|p2a: Mandibuzz
|-supereffective|p2a: Mandibuzz
|-damage|p2a: Mandibuzz|153\/303
|move|p2a: Mandibuzz|Whirlwind|p1a: Scrafty
|drag|p1a: Volcanion|Volcanion, L77|250\/250
|-damage|p1a: Volcanion|188\/250|[from] Stealth Rock
|
|-heal|p2a: Mandibuzz|171\/303|[from] item: Leftovers
|-heal|p1a: Volcanion|203\/250|[from] item: Leftovers
|upkeep
|turn|22
|
|switch|p2a: Bronzong|Bronzong, L79|13\/235
|switch|p1a: Shiinotic|Shiinotic, L83, M|235\/235
|-damage|p1a: Shiinotic|206\/235|[from] Stealth Rock
|
|-heal|p1a: Shiinotic|220\/235|[from] item: Leftovers
|upkeep
|turn|23
|
|switch|p2a: Volbeat|Volbeat, L83, M|198\/243
|move|p1a: Shiinotic|Moonblast|p2a: Volbeat
|-damage|p2a: Volbeat|105\/243
|
|-heal|p2a: Volbeat|120\/243|[from] item: Leftovers
|-heal|p1a: Shiinotic|234\/235|[from] item: Leftovers
|upkeep
|turn|24
|c|☆Moon☾☽Crescent|did 0
|
|move|p2a: Volbeat|Bug Buzz|p1a: Shiinotic
|-damage|p1a: Shiinotic|180\/235
|move|p1a: Shiinotic|Moonblast|p2a: Volbeat
|-damage|p2a: Volbeat|20\/243
|
|-heal|p2a: Volbeat|35\/243|[from] item: Leftovers
|-heal|p1a: Shiinotic|194\/235|[from] item: Leftovers
|upkeep
|turn|25
|
|move|p2a: Volbeat|Bug Buzz|p1a: Shiinotic
|-damage|p1a: Shiinotic|139\/235
|move|p1a: Shiinotic|Leech Seed|p2a: Volbeat
|-start|p2a: Volbeat|move: Leech Seed
|
|-heal|p2a: Volbeat|50\/243|[from] item: Leftovers
|-heal|p1a: Shiinotic|153\/235|[from] item: Leftovers
|-damage|p2a: Volbeat|20\/243|[from] Leech Seed|[of] p1a: Shiinotic
|-heal|p1a: Shiinotic|183\/235|[silent]
|upkeep
|turn|26
|
|switch|p1a: Scrafty|Scrafty, L81, F|203\/238
|-damage|p1a: Scrafty|189\/238|[from] Stealth Rock
|move|p2a: Volbeat|Bug Buzz|p1a: Scrafty
|-damage|p1a: Scrafty|143\/238
|
|-heal|p2a: Volbeat|35\/243|[from] item: Leftovers
|-damage|p2a: Volbeat|5\/243|[from] Leech Seed|[of] p1a: Scrafty
|-heal|p1a: Scrafty|173\/238|[silent]
|upkeep
|turn|27
|
|move|p2a: Volbeat|Bug Buzz|p1a: Scrafty
|-damage|p1a: Scrafty|124\/238
|-unboost|p1a: Scrafty|spd|1
|move|p1a: Scrafty|Dragon Dance|p1a: Scrafty
|-boost|p1a: Scrafty|atk|1
|-boost|p1a: Scrafty|spe|1
|
|-heal|p2a: Volbeat|20\/243|[from] item: Leftovers
|-damage|p2a: Volbeat|0 fnt|[from] Leech Seed|[of] p1a: Scrafty
|-heal|p1a: Scrafty|144\/238|[silent]
|upkeep
|faint|p2a: Volbeat
|inactive|Battle timer is ON: inactive players will automatically lose when time's up. (requested by Moon☾☽Crescent)
|inactive|Wav3y has 135 seconds left.
|
|switch|p2a: Mandibuzz|Mandibuzz, L79, F|171\/303
|turn|28
|c|☆Wav3y|how rude putting the timer on me like that
|inactive|Wav3y has 135 seconds left.
|c|☆Wav3y|i thought we were friends :(
|c|☆Moon☾☽Crescent|Im sorry
|c|☆Moon☾☽Crescent|:(
|inactive|Wav3y has 120 seconds left.
|c|☆Moon☾☽Crescent|but im too excited
|c|☆Moon☾☽Crescent|i had to improve my timer habits
|inactive|Wav3y has 105 seconds left.
|c|☆Moon☾☽Crescent|I felt it would be rude
|c|☆Moon☾☽Crescent|sorry
|inactive|Wav3y has 90 seconds left.
|
|move|p1a: Scrafty|Drain Punch|p2a: Mandibuzz
|-damage|p2a: Mandibuzz|69\/303
|-heal|p1a: Scrafty|195\/238|[from] drain|[of] p2a: Mandibuzz
|move|p2a: Mandibuzz|Roost|p2a: Mandibuzz
|-heal|p2a: Mandibuzz|221\/303
|
|-heal|p2a: Mandibuzz|239\/303|[from] item: Leftovers
|upkeep
|turn|29
|
|move|p1a: Scrafty|Ice Punch|p2a: Mandibuzz
|-supereffective|p2a: Mandibuzz
|-crit|p2a: Mandibuzz
|-damage|p2a: Mandibuzz|49\/303
|move|p2a: Mandibuzz|Roost|p2a: Mandibuzz
|-heal|p2a: Mandibuzz|201\/303
|
|-heal|p2a: Mandibuzz|219\/303|[from] item: Leftovers
|upkeep
|turn|30
|
|move|p1a: Scrafty|Ice Punch|p2a: Mandibuzz
|-supereffective|p2a: Mandibuzz
|-damage|p2a: Mandibuzz|99\/303
|move|p2a: Mandibuzz|Roost|p2a: Mandibuzz
|-heal|p2a: Mandibuzz|251\/303
|
|-heal|p2a: Mandibuzz|269\/303|[from] item: Leftovers
|upkeep
|turn|31
|
|move|p1a: Scrafty|Ice Punch|p2a: Mandibuzz
|-supereffective|p2a: Mandibuzz
|-damage|p2a: Mandibuzz|147\/303
|move|p2a: Mandibuzz|Roost|p2a: Mandibuzz
|-heal|p2a: Mandibuzz|299\/303
|
|-heal|p2a: Mandibuzz|303\/303|[from] item: Leftovers
|upkeep
|turn|32
|
|move|p1a: Scrafty|Ice Punch|p2a: Mandibuzz
|-supereffective|p2a: Mandibuzz
|-damage|p2a: Mandibuzz|167\/303
|move|p2a: Mandibuzz|Whirlwind|p1a: Scrafty
|drag|p1a: Volcanion|Volcanion, L77|203\/250
|-damage|p1a: Volcanion|141\/250|[from] Stealth Rock
|
|-heal|p2a: Mandibuzz|185\/303|[from] item: Leftovers
|-heal|p1a: Volcanion|156\/250|[from] item: Leftovers
|upkeep
|turn|33
|inactive|Moon☾☽Crescent has 135 seconds left.
|inactive|Wav3y has 135 seconds left.
|
|switch|p2a: Bronzong|Bronzong, L79|13\/235
|move|p1a: Volcanion|Steam Eruption|p2a: Bronzong
|-damage|p2a: Bronzong|0 fnt
|faint|p2a: Bronzong
|
|-heal|p1a: Volcanion|171\/250|[from] item: Leftovers
|upkeep
|
|switch|p2a: Kyurem|Kyurem-Black, L75|310\/311
|-ability|p2a: Kyurem|Teravolt
|turn|34
|
|move|p2a: Kyurem|Fusion Bolt|p1a: Volcanion
|-supereffective|p1a: Volcanion
|-damage|p1a: Volcanion|3\/250
|move|p1a: Volcanion|Fire Blast|p2a: Kyurem
|-damage|p2a: Kyurem|175\/311
|
|-heal|p2a: Kyurem|194\/311|[from] item: Leftovers
|-heal|p1a: Volcanion|18\/250|[from] item: Leftovers
|upkeep
|turn|35
|
|move|p2a: Kyurem|Roost|p2a: Kyurem
|-heal|p2a: Kyurem|311\/311
|move|p1a: Volcanion|Steam Eruption|p2a: Kyurem
|-resisted|p2a: Kyurem
|-damage|p2a: Kyurem|238\/311
|
|-heal|p2a: Kyurem|257\/311|[from] item: Leftovers
|-heal|p1a: Volcanion|33\/250|[from] item: Leftovers
|upkeep
|turn|36
|
|move|p2a: Kyurem|Fusion Bolt|p1a: Volcanion
|-supereffective|p1a: Volcanion
|-damage|p1a: Volcanion|0 fnt
|faint|p1a: Volcanion
|
|-heal|p2a: Kyurem|276\/311|[from] item: Leftovers
|upkeep
|
|switch|p1a: Giratina|Giratina-Origin, L73|339\/339
|-damage|p1a: Giratina|297\/339|[from] Stealth Rock
|turn|37
|
|move|p2a: Kyurem|Outrage|p1a: Giratina
|-supereffective|p1a: Giratina
|-damage|p1a: Giratina|0 fnt
|faint|p1a: Giratina
|
|-heal|p2a: Kyurem|295\/311|[from] item: Leftovers
|upkeep
|inactive|Moon☾☽Crescent has 135 seconds left.
|
|switch|p1a: Scrafty|Scrafty, L81, F|195\/238
|-damage|p1a: Scrafty|181\/238|[from] Stealth Rock
|turn|38
|
|move|p2a: Kyurem|Outrage|p1a: Scrafty|[from]lockedmove
|-damage|p1a: Scrafty|39\/238
|-start|p2a: Kyurem|confusion|[fatigue]
|move|p1a: Scrafty|Dragon Dance|p1a: Scrafty
|-boost|p1a: Scrafty|atk|1
|-boost|p1a: Scrafty|spe|1
|
|-heal|p2a: Kyurem|311\/311|[from] item: Leftovers
|upkeep
|turn|39
|inactive|Wav3y has 135 seconds left.
|inactive|Wav3y has 120 seconds left.
|inactive|Wav3y has 105 seconds left.
|
|switch|p2a: Rayquaza|Rayquaza, L73|274\/274
|-ability|p2a: Rayquaza|Air Lock
|move|p1a: Scrafty|Rest|p1a: Scrafty
|-status|p1a: Scrafty|slp
|-heal|p1a: Scrafty|238\/238 slp|[silent]
|-status|p1a: Scrafty|slp|[from] move: Rest
|-enditem|p1a: Scrafty|Chesto Berry|[eat]
|-curestatus|p1a: Scrafty|slp|[msg]
|
|upkeep
|turn|40
|c|☆Wav3y|nooooooooo
|c|☆Moon☾☽Crescent|lel
|inactive|Wav3y has 135 seconds left.
|
|move|p2a: Rayquaza|Extreme Speed|p1a: Scrafty
|-damage|p1a: Scrafty|159\/238
|move|p1a: Scrafty|Ice Punch|p2a: Rayquaza
|-supereffective|p2a: Rayquaza
|-damage|p2a: Rayquaza|0 fnt
|faint|p2a: Rayquaza
|-ability|p1a: Scrafty|Moxie|boost
|-boost|p1a: Scrafty|atk|1
|
|upkeep
|
|switch|p2a: Mandibuzz|Mandibuzz, L79, F|185\/303
|turn|41
|
|move|p1a: Scrafty|Ice Punch|p2a: Mandibuzz
|-supereffective|p2a: Mandibuzz
|-damage|p2a: Mandibuzz|21\/303
|move|p2a: Mandibuzz|Whirlwind|p1a: Scrafty
|drag|p1a: Altaria|Altaria, L77, M|242\/242
|-damage|p1a: Altaria|182\/242|[from] Stealth Rock
|
|-heal|p2a: Mandibuzz|39\/303|[from] item: Leftovers
|upkeep
|turn|42
|inactive|Wav3y has 135 seconds left.
|c|☆Wav3y|oh shit kyurem sweep coming up imo
|
|-mega|p1a: Altaria|Altaria|Altarianite
|detailschange|p1a: Altaria|Altaria-Mega, L77, M
|move|p1a: Altaria|Return|p2a: Mandibuzz
|-supereffective|p2a: Mandibuzz
|-damage|p2a: Mandibuzz|0 fnt
|faint|p2a: Mandibuzz
|
|upkeep
|c|☆Moon☾☽Crescent|pls no
|
|switch|p2a: Kyurem|Kyurem-Black, L75|311\/311
|-ability|p2a: Kyurem|Teravolt
|turn|43
|j| pokeblade☆101
|
|move|p2a: Kyurem|Ice Beam|p1a: Altaria
|-supereffective|p1a: Altaria
|-damage|p1a: Altaria|14\/242
|move|p1a: Altaria|Return|p2a: Kyurem
|-supereffective|p2a: Kyurem
|-crit|p2a: Kyurem
|-damage|p2a: Kyurem|0 fnt
|faint|p2a: Kyurem
|
|win|Moon☾☽Crescent
|c|☆Wav3y|wtf
|c|☆Moon☾☽Crescent|ay
|c|☆Moon☾☽Crescent|gg
|c|☆Wav3y|weak
|raw|Moon☾☽Crescent's rating: 2458 &rarr; <strong>2476<\/strong><br \/>(+18 for winning)
|raw|Wav3y's rating: 2426 &rarr; <strong>2408<\/strong><br \/>(-18 for losing)
|c|☆Moon☾☽Crescent|lmao
|c|☆Moon☾☽Crescent|ridiculous
|c| pokeblade☆101|wow
|c| pokeblade☆101|2476
|c|☆Moon☾☽Crescent|Your points are so precious
|c| pokeblade☆101|new high for you moon
|c| pokeblade☆101|im seaching Wav3y
|c|☆Wav3y|gg my friend xD congrats
|c| pokeblade☆101|do not!!
|c|☆Moon☾☽Crescent|Gg
|c|☆Moon☾☽Crescent|Scrafty was so important
|c| pokeblade☆101|that kyurem lol
|c| pokeblade☆101|destroyed everything
|c|☆Moon☾☽Crescent|good thing outsped mandibuzz
|c| pokeblade☆101|grl again
|c| pokeblade☆101|uck
|c| pokeblade☆101|fuck
|c|☆Moon☾☽Crescent|so i wouldve died if it hit me with something
|c|☆Moon☾☽Crescent|Rip
|c|☆Moon☾☽Crescent|fejiroeu needs to fall rn
|c| pokeblade☆101|this team
|c| pokeblade☆101|is actually super ass
</script>
</div>
<div class="battle-log battle-log-inline"><div class="inner"><div class="battle-options"></div><div class="inner message-log"><div class="chat"><small>☆Moon☾☽Crescent and ☆Wav3y joined</small></div><div class=""><small>Format:</small> <br><strong>[Gen 7] Random Battle</strong></div><div class="rated"><strong>Rated battle</strong></div><div class=""><small><em>Sleep Clause Mod:</em> Limit one foe put to sleep</small></div><div class=""><small><em>HP Percentage Mod:</em> HP is shown in percentages</small></div><div class="spacer battle-history"><br></div><div class="battle-history">Battle started between Moon☾☽Crescent and Wav3y!<br></div><div class="spacer battle-history"><br></div><div class="battle-history">Go! <strong>Scrafty</strong>!<br></div><div class="spacer battle-history"><br></div><div class="battle-history">Wav3y sent out Kyurem (<strong>Kyurem-Black</strong>)!<br></div><div class="battle-history">[The opposing Kyurem's Teravolt]<br><small>The opposing Kyurem is radiating a bursting aura!</small><br></div><div class="spacer battle-history"><br></div><h2 class="battle-history">Turn 1</h2><div class="chat chatmessage-wav3y"><strong style="color:#306ad6"><small>☆</small><span class="username" data-name="Wav3y">Wav3y</span>:</strong> <em>oh hi</em></div><div class="chat chatmessage-wav3y"><strong style="color:#306ad6"><small>☆</small><span class="username" data-name="Wav3y">Wav3y</span>:</strong> <em>didn't expect to play you</em></div><div class="chat chatmessage-mooncrescent"><strong style="color:#2e5eee"><small>☆</small><span class="username" data-name="Moon☾☽Crescent">Moon☾☽Crescent</span>:</strong> <em>Well well</em></div><div class="chat chatmessage-mooncrescent"><strong style="color:#2e5eee"><small>☆</small><span class="username" data-name="Moon☾☽Crescent">Moon☾☽Crescent</span>:</strong> <em>if it isnt you!</em></div><div class="chat chatmessage-wav3y"><strong style="color:#306ad6"><small>☆</small><span class="username" data-name="Wav3y">Wav3y</span>:</strong> <em>going for first eh?</em></div><div class="chat chatmessage-mooncrescent"><strong style="color:#2e5eee"><small>☆</small><span class="username" data-name="Moon☾☽Crescent">Moon☾☽Crescent</span>:</strong> <em>That random fejiroeu</em></div><div class="chat chatmessage-mooncrescent"><strong style="color:#2e5eee"><small>☆</small><span class="username" data-name="Moon☾☽Crescent">Moon☾☽Crescent</span>:</strong> <em>passed me</em></div><div class="chat chatmessage-mooncrescent"><strong style="color:#2e5eee"><small>☆</small><span class="username" data-name="Moon☾☽Crescent">Moon☾☽Crescent</span>:</strong> <em>my happy place</em></div><div class="chat chatmessage-mooncrescent"><strong style="color:#2e5eee"><small>☆</small><span class="username" data-name="Moon☾☽Crescent">Moon☾☽Crescent</span>:</strong> <em>sad</em></div><div class="chat chatmessage-mooncrescent"><strong style="color:#2e5eee"><small>☆</small><span class="username" data-name="Moon☾☽Crescent">Moon☾☽Crescent</span>:</strong> <em>But gl</em></div><div class="chat chatmessage-mooncrescent"><strong style="color:#2e5eee"><small>☆</small><span class="username" data-name="Moon☾☽Crescent">Moon☾☽Crescent</span>:</strong> <em>not the best team</em></div><div class="spacer battle-history"><br></div><div class="battle-history">Wav3y withdrew Kyurem!<br></div><div class="battle-history">Wav3y sent out <strong>Volbeat</strong>!<br></div><div class="spacer battle-history"><br></div><div class="battle-history">Scrafty used <strong>Dragon Dance</strong>!<br></div><div class="battle-history"><small>Scrafty's Attack rose!</small><br></div><div class="battle-history"><small>Scrafty's Speed rose!</small><br></div><div class="spacer battle-history"><br></div><h2 class="battle-history">Turn 2</h2><div class="chat chatmessage-wav3y"><strong style="color:#306ad6"><small>☆</small><span class="username" data-name="Wav3y">Wav3y</span>:</strong> <em>uh oops</em></div><div class="spacer battle-history"><br></div><div class="battle-history">Wav3y withdrew Volbeat!<br></div><div class="battle-history">Wav3y sent out <strong>Wishiwashi</strong>!<br></div><div class="battle-history">[The opposing Wishiwashi's Schooling]<br>The opposing Wishiwashi formed a school!<br></div><div class="spacer battle-history"><br></div><div class="battle-history">Scrafty used <strong>Ice Punch</strong>!<br></div><div class="battle-history"><small>It's not very effective...</small><br></div><div class="battle-history"><small>(The opposing Wishiwashi lost <abbr title="−25/210">11.9%</abbr> of its health!)</small><br></div><div class="spacer battle-history"><br></div><h2 class="battle-history">Turn 3</h2><div class="spacer battle-history"><br></div><div class="battle-history">Scrafty used <strong>Dragon Dance</strong>!<br></div><div class="battle-history"><small>Scrafty's Attack rose!</small><br></div><div class="battle-history"><small>Scrafty's Speed rose!</small><br></div><div class="spacer battle-history"><br></div><div class="battle-history">The opposing Wishiwashi used <strong>Scald</strong>!<br></div><div class="battle-history"><small>(Scrafty lost <abbr title="−96/238">40.3%</abbr> of its health!)</small><br></div><div class="spacer battle-history"><br></div><h2 class="battle-history">Turn 4</h2><div class="chat chatmessage-wav3y"><strong style="color:#306ad6"><small>☆</small><span class="username" data-name="Wav3y">Wav3y</span>:</strong> <em>i've been playing ou for a few days so i might be a bit rusty with the randomness of the rand bats :P</em></div><div class="spacer battle-history"><br></div><div class="battle-history">Scrafty used <strong>Drain Punch</strong>!<br></div><div class="battle-history"><small>(The opposing Wishiwashi lost <abbr title="−108/210">51.4%</abbr> of its health!)</small><br></div><div class="battle-history"><small>The opposing Wishiwashi had its energy drained!</small><br></div><div class="spacer battle-history"><br></div><div class="battle-history">The opposing Wishiwashi used <strong>Scald</strong>!<br></div><div class="battle-history"><small>A critical hit!</small><br></div><div class="battle-history"><small>(Scrafty lost <abbr title="−132/238">55.5%</abbr> of its health!)</small><br></div><div class="spacer battle-history"><br></div><h2 class="battle-history">Turn 5</h2><div class="spacer battle-history"><br></div><div class="battle-history">Scrafty used <strong>Drain Punch</strong>!<br></div><div class="battle-history"><small>(The opposing Wishiwashi lost <abbr title="−77/210">36.7%</abbr> of its health!)</small><br></div><div class="battle-history"><small>The opposing Wishiwashi had its energy drained!</small><br></div><div class="spacer battle-history"><br></div><div class="battle-history">The opposing Wishiwashi fainted!<br></div><div class="battle-history">[Scrafty's Moxie]<br></div><div class="battle-history"><small>Scrafty's Attack rose!</small><br></div><div class="chat chatmessage-mooncrescent"><strong style="color:#2e5eee"><small>☆</small><span class="username" data-name="Moon☾☽Crescent">Moon☾☽Crescent</span>:</strong> <em>Better than burn i guess</em></div><div class="spacer battle-history"><br></div><div class="battle-history">Wav3y sent out <strong>Mandibuzz</strong>!<br></div><div class="spacer battle-history"><br></div><h2 class="battle-history">Turn 6</h2><div class="spacer battle-history"><br></div><div class="battle-history">Scrafty used <strong>Drain Punch</strong>!<br></div><div class="battle-history"><small>(The opposing Mandibuzz lost <abbr title="−168/303">55.4%</abbr> of its health!)</small><br></div><div class="battle-history"><small>The opposing Mandibuzz had its energy drained!</small><br></div><div class="spacer battle-history"><br></div><div class="battle-history">The opposing Mandibuzz used <strong>Whirlwind</strong>!<br></div><div class="spacer battle-history"><br></div><div class="battle-history"><strong>Volcanion</strong> was dragged out!<br></div><div class="spacer battle-history"><br></div><div class="battle-history"><small>The opposing Mandibuzz restored a little HP using its Leftovers!</small><br></div><div class="spacer battle-history"><br></div><h2 class="battle-history">Turn 7</h2><div class="spacer battle-history"><br></div><div class="battle-history">Wav3y withdrew Mandibuzz!<br></div><div class="battle-history">Wav3y sent out Kyurem (<strong>Kyurem-Black</strong>)!<br></div><div class="battle-history">[The opposing Kyurem's Teravolt]<br><small>The opposing Kyurem is radiating a bursting aura!</small><br></div><div class="spacer battle-history"><br></div><div class="battle-history">Volcanion used <strong>Steam Eruption</strong>!<br></div><div class="battle-history"><small>It's not very effective...</small><br></div><div class="battle-history"><small>(The opposing Kyurem lost <abbr title="−63/311">20.3%</abbr> of its health!)</small><br></div><div class="spacer battle-history"><br></div><div class="battle-history"><small>The opposing Kyurem restored a little HP using its Leftovers!</small><br></div><div class="spacer battle-history"><br></div><h2 class="battle-history">Turn 8</h2><div class="spacer battle-history"><br></div><div class="battle-history">Volcanion, come back!<br></div><div class="battle-history">Go! <strong>Hypno</strong>!<br></div><div class="spacer battle-history"><br></div><div class="battle-history">The opposing Kyurem used <strong>Fusion Bolt</strong>!<br></div><div class="battle-history"><small>(Hypno lost <abbr title="−106/277">38.3%</abbr> of its health!)</small><br></div><div class="spacer battle-history"><br></div><div class="battle-history"><small>The opposing Kyurem restored a little HP using its Leftovers!</small><br></div><div class="battle-history"><small>Hypno restored a little HP using its Leftovers!</small><br></div><div class="spacer battle-history"><br></div><h2 class="battle-history">Turn 9</h2><div class="spacer battle-history"><br></div><div class="battle-history">Wav3y withdrew Kyurem!<br></div><div class="battle-history">Wav3y sent out <strong>Bronzong</strong>!<br></div><div class="spacer battle-history"><br></div><div class="battle-history">Hypno used <strong>Toxic</strong>!<br></div><div class="battle-history"><small>It doesn't affect the opposing Bronzong...</small><br></div><div class="spacer battle-history"><br></div><div class="battle-history"><small>Hypno restored a little HP using its Leftovers!</small><br></div><div class="spacer battle-history"><br></div><h2 class="battle-history">Turn 10</h2><div class="spacer battle-history"><br></div><div class="battle-history">Hypno, come back!<br></div><div class="battle-history">Go! <strong>Volcanion</strong>!<br></div><div class="spacer battle-history"><br></div><div class="battle-history">The opposing Bronzong used <strong>Stealth Rock</strong>!<br></div><div class="battle-history"><small>Pointed stones float in the air around your team!</small><br></div><div class="spacer battle-history"><br></div><h2 class="battle-history">Turn 11</h2><div class="spacer battle-history"><br></div><div class="battle-history">Volcanion used <strong>Fire Blast</strong>!<br></div><div class="battle-history"><small>It's super effective!</small><br></div><div class="battle-history"><small>(The opposing Bronzong lost <abbr title="−222/235">94.5%</abbr> of its health!)</small><br></div><div class="spacer battle-history"><br></div><div class="battle-history">The opposing Bronzong used <strong>Light Screen</strong>!<br></div><div class="battle-history"><small>Light Screen made the opposing team stronger against special moves!</small><br></div><div class="spacer battle-history"><br></div><h2 class="battle-history">Turn 12</h2><div class="spacer battle-history"><br></div><div class="battle-history">Wav3y withdrew Bronzong!<br></div><div class="battle-history">Wav3y sent out Kyurem (<strong>Kyurem-Black</strong>)!<br></div><div class="battle-history">[The opposing Kyurem's Teravolt]<br><small>The opposing Kyurem is radiating a bursting aura!</small><br></div><div class="spacer battle-history"><br></div><div class="battle-history">Volcanion used <strong>Steam Eruption</strong>!<br></div><div class="battle-history"><small>It's not very effective...</small><br></div><div class="battle-history"><small>(The opposing Kyurem lost <abbr title="−33/311">10.6%</abbr> of its health!)</small><br></div><div class="spacer battle-history"><br></div><div class="battle-history"><small>The opposing Kyurem restored a little HP using its Leftovers!</small><br></div><div class="spacer battle-history"><br></div><h2 class="battle-history">Turn 13</h2><div class="spacer battle-history"><br></div><div class="battle-history">Volcanion, come back!<br></div><div class="battle-history">Go! <strong>Hypno</strong>!<br></div><div class="battle-history"><small>Pointed stones dug into Hypno!</small><br></div><div class="spacer battle-history"><br></div><div class="battle-history">The opposing Kyurem used <strong>Fusion Bolt</strong>!<br></div><div class="battle-history"><small>(Hypno lost <abbr title="−109/277">39.4%</abbr> of its health!)</small><br></div><div class="spacer battle-history"><br></div><div class="battle-history"><small>The opposing Kyurem restored a little HP using its Leftovers!</small><br></div><div class="battle-history"><small>Hypno restored a little HP using its Leftovers!</small><br></div><div class="spacer battle-history"><br></div><h2 class="battle-history">Turn 14</h2><div class="spacer battle-history"><br></div><div class="battle-history">The opposing Kyurem used <strong>Fusion Bolt</strong>!<br></div><div class="battle-history"><small>(Hypno lost <abbr title="−79/277">28.5%</abbr> of its health!)</small><br></div><div class="spacer battle-history"><br></div><div class="battle-history">Hypno fainted!<br></div><div class="spacer battle-history"><br></div><div class="battle-history"><small>The opposing Kyurem restored a little HP using its Leftovers!</small><br></div><div class="spacer battle-history"><br></div><div class="battle-history">Go! <strong>Shiinotic</strong>!<br></div><div class="battle-history"><small>Pointed stones dug into Shiinotic!</small><br></div><div class="spacer battle-history"><br></div><h2 class="battle-history">Turn 15</h2><div class="spacer battle-history"><br></div><div class="battle-history">Wav3y withdrew Kyurem!<br></div><div class="battle-history">Wav3y sent out <strong>Volbeat</strong>!<br></div><div class="spacer battle-history"><br></div><div class="battle-history">Shiinotic used <strong>Leech Seed</strong>!<br></div><div class="battle-history"><small>The opposing Volbeat was seeded!</small><br></div><div class="spacer battle-history"><br></div><div class="battle-history"><small>Shiinotic restored a little HP using its Leftovers!</small><br></div><div class="battle-history"><small>The opposing Volbeat's health is sapped by Leech Seed!</small><br></div><div class="spacer battle-history"><br></div><h2 class="battle-history">Turn 16</h2><div class="spacer battle-history"><br></div><div class="battle-history">Shiinotic, come back!<br></div><div class="battle-history">Go! <strong>Scrafty</strong>!<br></div><div class="battle-history"><small>Pointed stones dug into Scrafty!</small><br></div><div class="spacer battle-history"><br></div><div class="battle-history">The opposing Volbeat used <strong>Encore</strong>!<br></div><div class="battle-history"><small>(In gen 7, Dark is immune to Prankster moves.)</small><br></div><div class="battle-history"><small>It doesn't affect Scrafty...</small><br></div><div class="spacer battle-history"><br></div><div class="battle-history"><small>The opposing Volbeat restored a little HP using its Leftovers!</small><br></div><div class="battle-history"><small>The opposing Volbeat's health is sapped by Leech Seed!</small><br></div><div class="spacer battle-history"><br></div><h2 class="battle-history">Turn 17</h2><div class="spacer battle-history"><br></div><div class="battle-history">Wav3y withdrew Volbeat!<br></div><div class="battle-history">Wav3y sent out <strong>Mandibuzz</strong>!<br></div><div class="spacer battle-history"><br></div><div class="battle-history">Scrafty used <strong>Dragon Dance</strong>!<br></div><div class="battle-history"><small>Scrafty's Attack rose!</small><br></div><div class="battle-history"><small>Scrafty's Speed rose!</small><br></div><div class="spacer battle-history"><br></div><div class="battle-history"><small>The opposing Mandibuzz restored a little HP using its Leftovers!</small><br></div><div class="spacer battle-history"><br></div><h2 class="battle-history">Turn 18</h2><div class="spacer battle-history"><br></div><div class="battle-history">Scrafty used <strong>Ice Punch</strong>!<br></div><div class="battle-history"><small>It's super effective!</small><br></div><div class="battle-history"><small>(The opposing Mandibuzz lost <abbr title="−126/303">41.6%</abbr> of its health!)</small><br></div><div class="spacer battle-history"><br></div><div class="battle-history">The opposing Mandibuzz used <strong>Roost</strong>!<br></div><div class="battle-history"><small>The opposing Mandibuzz had its HP restored.</small><br></div><div class="spacer battle-history"><br></div><div class="battle-history"><small>The opposing Mandibuzz restored a little HP using its Leftovers!</small><br></div><div class="battle-history"><small>The opposing team's Light Screen wore off!</small><br></div><div class="spacer battle-history"><br></div><h2 class="battle-history">Turn 19</h2><div class="spacer battle-history"><br></div><div class="battle-history">Scrafty used <strong>Ice Punch</strong>!<br></div><div class="battle-history"><small>It's super effective!</small><br></div><div class="battle-history"><small>(The opposing Mandibuzz lost <abbr title="−136/303">44.9%</abbr> of its health!)</small><br></div><div class="spacer battle-history"><br></div><div class="battle-history">The opposing Mandibuzz used <strong>Roost</strong>!<br></div><div class="battle-history"><small>The opposing Mandibuzz had its HP restored.</small><br></div><div class="spacer battle-history"><br></div><div class="battle-history"><small>The opposing Mandibuzz restored a little HP using its Leftovers!</small><br></div><div class="spacer battle-history"><br></div><h2 class="battle-history">Turn 20</h2><div class="spacer battle-history"><br></div><div class="battle-history">Scrafty used <strong>Ice Punch</strong>!<br></div><div class="battle-history"><small>It's super effective!</small><br></div><div class="battle-history"><small>(The opposing Mandibuzz lost <abbr title="−142/303">46.9%</abbr> of its health!)</small><br></div><div class="spacer battle-history"><br></div><div class="battle-history">The opposing Mandibuzz used <strong>Roost</strong>!<br></div><div class="battle-history"><small>The opposing Mandibuzz had its HP restored.</small><br></div><div class="spacer battle-history"><br></div><div class="battle-history"><small>The opposing Mandibuzz restored a little HP using its Leftovers!</small><br></div><div class="spacer battle-history"><br></div><h2 class="battle-history">Turn 21</h2><div class="spacer battle-history"><br></div><div class="battle-history">Scrafty used <strong>Ice Punch</strong>!<br></div><div class="battle-history"><small>It's super effective!</small><br></div><div class="battle-history"><small>(The opposing Mandibuzz lost <abbr title="−124/303">40.9%</abbr> of its health!)</small><br></div><div class="spacer battle-history"><br></div><div class="battle-history">The opposing Mandibuzz used <strong>Whirlwind</strong>!<br></div><div class="spacer battle-history"><br></div><div class="battle-history"><strong>Volcanion</strong> was dragged out!<br></div><div class="battle-history"><small>Pointed stones dug into Volcanion!</small><br></div><div class="spacer battle-history"><br></div><div class="battle-history"><small>The opposing Mandibuzz restored a little HP using its Leftovers!</small><br></div><div class="battle-history"><small>Volcanion restored a little HP using its Leftovers!</small><br></div><div class="spacer battle-history"><br></div><h2 class="battle-history">Turn 22</h2><div class="spacer battle-history"><br></div><div class="battle-history">Wav3y withdrew Mandibuzz!<br></div><div class="battle-history">Wav3y sent out <strong>Bronzong</strong>!<br></div><div class="spacer battle-history"><br></div><div class="battle-history">Volcanion, come back!<br></div><div class="battle-history">Go! <strong>Shiinotic</strong>!<br></div><div class="battle-history"><small>Pointed stones dug into Shiinotic!</small><br></div><div class="spacer battle-history"><br></div><div class="battle-history"><small>Shiinotic restored a little HP using its Leftovers!</small><br></div><div class="spacer battle-history"><br></div><h2 class="battle-history">Turn 23</h2><div class="spacer battle-history"><br></div><div class="battle-history">Wav3y withdrew Bronzong!<br></div><div class="battle-history">Wav3y sent out <strong>Volbeat</strong>!<br></div><div class="spacer battle-history"><br></div><div class="battle-history">Shiinotic used <strong>Moonblast</strong>!<br></div><div class="battle-history"><small>(The opposing Volbeat lost <abbr title="−93/243">38.3%</abbr> of its health!)</small><br></div><div class="spacer battle-history"><br></div><div class="battle-history"><small>The opposing Volbeat restored a little HP using its Leftovers!</small><br></div><div class="battle-history"><small>Shiinotic restored a little HP using its Leftovers!</small><br></div><div class="spacer battle-history"><br></div><h2 class="battle-history">Turn 24</h2><div class="chat chatmessage-mooncrescent"><strong style="color:#2e5eee"><small>☆</small><span class="username" data-name="Moon☾☽Crescent">Moon☾☽Crescent</span>:</strong> <em>did 0</em></div><div class="spacer battle-history"><br></div><div class="battle-history">The opposing Volbeat used <strong>Bug Buzz</strong>!<br></div><div class="battle-history"><small>(Shiinotic lost <abbr title="−54/235">23.0%</abbr> of its health!)</small><br></div><div class="spacer battle-history"><br></div><div class="battle-history">Shiinotic used <strong>Moonblast</strong>!<br></div><div class="battle-history"><small>(The opposing Volbeat lost <abbr title="−100/243">41.2%</abbr> of its health!)</small><br></div><div class="spacer battle-history"><br></div><div class="battle-history"><small>The opposing Volbeat restored a little HP using its Leftovers!</small><br></div><div class="battle-history"><small>Shiinotic restored a little HP using its Leftovers!</small><br></div><div class="spacer battle-history"><br></div><h2 class="battle-history">Turn 25</h2><div class="spacer battle-history"><br></div><div class="battle-history">The opposing Volbeat used <strong>Bug Buzz</strong>!<br></div><div class="battle-history"><small>(Shiinotic lost <abbr title="−55/235">23.4%</abbr> of its health!)</small><br></div><div class="spacer battle-history"><br></div><div class="battle-history">Shiinotic used <strong>Leech Seed</strong>!<br></div><div class="battle-history"><small>The opposing Volbeat was seeded!</small><br></div><div class="spacer battle-history"><br></div><div class="battle-history"><small>The opposing Volbeat restored a little HP using its Leftovers!</small><br></div><div class="battle-history"><small>Shiinotic restored a little HP using its Leftovers!</small><br></div><div class="battle-history"><small>The opposing Volbeat's health is sapped by Leech Seed!</small><br></div><div class="spacer battle-history"><br></div><h2 class="battle-history">Turn 26</h2><div class="spacer battle-history"><br></div><div class="battle-history">Shiinotic, come back!<br></div><div class="battle-history">Go! <strong>Scrafty</strong>!<br></div><div class="battle-history"><small>Pointed stones dug into Scrafty!</small><br></div><div class="spacer battle-history"><br></div><div class="battle-history">The opposing Volbeat used <strong>Bug Buzz</strong>!<br></div><div class="battle-history"><small>(Scrafty lost <abbr title="−46/238">19.3%</abbr> of its health!)</small><br></div><div class="spacer battle-history"><br></div><div class="battle-history"><small>The opposing Volbeat restored a little HP using its Leftovers!</small><br></div><div class="battle-history"><small>The opposing Volbeat's health is sapped by Leech Seed!</small><br></div><div class="spacer battle-history"><br></div><h2 class="battle-history">Turn 27</h2><div class="spacer battle-history"><br></div><div class="battle-history">The opposing Volbeat used <strong>Bug Buzz</strong>!<br></div><div class="battle-history"><small>(Scrafty lost <abbr title="−49/238">20.6%</abbr> of its health!)</small><br></div><div class="battle-history"><small>Scrafty's Sp. Def fell!</small><br></div><div class="spacer battle-history"><br></div><div class="battle-history">Scrafty used <strong>Dragon Dance</strong>!<br></div><div class="battle-history"><small>Scrafty's Attack rose!</small><br></div><div class="battle-history"><small>Scrafty's Speed rose!</small><br></div><div class="spacer battle-history"><br></div><div class="battle-history"><small>The opposing Volbeat restored a little HP using its Leftovers!</small><br></div><div class="battle-history"><small>The opposing Volbeat's health is sapped by Leech Seed!</small><br></div><div class="spacer battle-history"><br></div><div class="battle-history">The opposing Volbeat fainted!<br></div><div class="chat message-error">Battle timer is ON: inactive players will automatically lose when time's up. (requested by Moon☾☽Crescent)</div><div class="chat message-error">Wav3y has 135 seconds left.</div><div class="spacer battle-history"><br></div><div class="battle-history">Wav3y sent out <strong>Mandibuzz</strong>!<br></div><div class="spacer battle-history"><br></div><h2 class="battle-history">Turn 28</h2><div class="chat chatmessage-wav3y"><strong style="color:#306ad6"><small>☆</small><span class="username" data-name="Wav3y">Wav3y</span>:</strong> <em>how rude putting the timer on me like that</em></div><div class="chat message-error">Wav3y has 135 seconds left.</div><div class="chat chatmessage-wav3y"><strong style="color:#306ad6"><small>☆</small><span class="username" data-name="Wav3y">Wav3y</span>:</strong> <em>i thought we were friends :(</em></div><div class="chat chatmessage-mooncrescent"><strong style="color:#2e5eee"><small>☆</small><span class="username" data-name="Moon☾☽Crescent">Moon☾☽Crescent</span>:</strong> <em>Im sorry</em></div><div class="chat chatmessage-mooncrescent"><strong style="color:#2e5eee"><small>☆</small><span class="username" data-name="Moon☾☽Crescent">Moon☾☽Crescent</span>:</strong> <em>:(</em></div><div class="chat message-error">Wav3y has 120 seconds left.</div><div class="chat chatmessage-mooncrescent"><strong style="color:#2e5eee"><small>☆</small><span class="username" data-name="Moon☾☽Crescent">Moon☾☽Crescent</span>:</strong> <em>but im too excited</em></div><div class="chat chatmessage-mooncrescent"><strong style="color:#2e5eee"><small>☆</small><span class="username" data-name="Moon☾☽Crescent">Moon☾☽Crescent</span>:</strong> <em>i had to improve my timer habits</em></div><div class="chat message-error">Wav3y has 105 seconds left.</div><div class="chat chatmessage-mooncrescent"><strong style="color:#2e5eee"><small>☆</small><span class="username" data-name="Moon☾☽Crescent">Moon☾☽Crescent</span>:</strong> <em>I felt it would be rude</em></div><div class="chat chatmessage-mooncrescent"><strong style="color:#2e5eee"><small>☆</small><span class="username" data-name="Moon☾☽Crescent">Moon☾☽Crescent</span>:</strong> <em>sorry</em></div><div class="chat message-error">Wav3y has 90 seconds left.</div><div class="spacer battle-history"><br></div><div class="battle-history">Scrafty used <strong>Drain Punch</strong>!<br></div><div class="battle-history"><small>(The opposing Mandibuzz lost <abbr title="−102/303">33.7%</abbr> of its health!)</small><br></div><div class="battle-history"><small>The opposing Mandibuzz had its energy drained!</small><br></div><div class="spacer battle-history"><br></div><div class="battle-history">The opposing Mandibuzz used <strong>Roost</strong>!<br></div><div class="battle-history"><small>The opposing Mandibuzz had its HP restored.</small><br></div><div class="spacer battle-history"><br></div><div class="battle-history"><small>The opposing Mandibuzz restored a little HP using its Leftovers!</small><br></div><div class="spacer battle-history"><br></div><h2 class="battle-history">Turn 29</h2><div class="spacer battle-history"><br></div><div class="battle-history">Scrafty used <strong>Ice Punch</strong>!<br></div><div class="battle-history"><small>It's super effective!</small><br></div><div class="battle-history"><small>A critical hit!</small><br></div><div class="battle-history"><small>(The opposing Mandibuzz lost <abbr title="−190/303">62.7%</abbr> of its health!)</small><br></div><div class="spacer battle-history"><br></div><div class="battle-history">The opposing Mandibuzz used <strong>Roost</strong>!<br></div><div class="battle-history"><small>The opposing Mandibuzz had its HP restored.</small><br></div><div class="spacer battle-history"><br></div><div class="battle-history"><small>The opposing Mandibuzz restored a little HP using its Leftovers!</small><br></div><div class="spacer battle-history"><br></div><h2 class="battle-history">Turn 30</h2><div class="spacer battle-history"><br></div><div class="battle-history">Scrafty used <strong>Ice Punch</strong>!<br></div><div class="battle-history"><small>It's super effective!</small><br></div><div class="battle-history"><small>(The opposing Mandibuzz lost <abbr title="−120/303">39.6%</abbr> of its health!)</small><br></div><div class="spacer battle-history"><br></div><div class="battle-history">The opposing Mandibuzz used <strong>Roost</strong>!<br></div><div class="battle-history"><small>The opposing Mandibuzz had its HP restored.</small><br></div><div class="spacer battle-history"><br></div><div class="battle-history"><small>The opposing Mandibuzz restored a little HP using its Leftovers!</small><br></div><div class="spacer battle-history"><br></div><h2 class="battle-history">Turn 31</h2><div class="spacer battle-history"><br></div><div class="battle-history">Scrafty used <strong>Ice Punch</strong>!<br></div><div class="battle-history"><small>It's super effective!</small><br></div><div class="battle-history"><small>(The opposing Mandibuzz lost <abbr title="−122/303">40.3%</abbr> of its health!)</small><br></div><div class="spacer battle-history"><br></div><div class="battle-history">The opposing Mandibuzz used <strong>Roost</strong>!<br></div><div class="battle-history"><small>The opposing Mandibuzz had its HP restored.</small><br></div><div class="spacer battle-history"><br></div><div class="battle-history"><small>The opposing Mandibuzz restored a little HP using its Leftovers!</small><br></div><div class="spacer battle-history"><br></div><h2 class="battle-history">Turn 32</h2><div class="spacer battle-history"><br></div><div class="battle-history">Scrafty used <strong>Ice Punch</strong>!<br></div><div class="battle-history"><small>It's super effective!</small><br></div><div class="battle-history"><small>(The opposing Mandibuzz lost <abbr title="−136/303">44.9%</abbr> of its health!)</small><br></div><div class="spacer battle-history"><br></div><div class="battle-history">The opposing Mandibuzz used <strong>Whirlwind</strong>!<br></div><div class="spacer battle-history"><br></div><div class="battle-history"><strong>Volcanion</strong> was dragged out!<br></div><div class="battle-history"><small>Pointed stones dug into Volcanion!</small><br></div><div class="spacer battle-history"><br></div><div class="battle-history"><small>The opposing Mandibuzz restored a little HP using its Leftovers!</small><br></div><div class="battle-history"><small>Volcanion restored a little HP using its Leftovers!</small><br></div><div class="spacer battle-history"><br></div><h2 class="battle-history">Turn 33</h2><div class="chat message-error">Moon☾☽Crescent has 135 seconds left.</div><div class="chat message-error">Wav3y has 135 seconds left.</div><div class="spacer battle-history"><br></div><div class="battle-history">Wav3y withdrew Mandibuzz!<br></div><div class="battle-history">Wav3y sent out <strong>Bronzong</strong>!<br></div><div class="spacer battle-history"><br></div><div class="battle-history">Volcanion used <strong>Steam Eruption</strong>!<br></div><div class="battle-history"><small>(The opposing Bronzong lost <abbr title="−13/235">5.5%</abbr> of its health!)</small><br></div><div class="spacer battle-history"><br></div><div class="battle-history">The opposing Bronzong fainted!<br></div><div class="spacer battle-history"><br></div><div class="battle-history"><small>Volcanion restored a little HP using its Leftovers!</small><br></div><div class="spacer battle-history"><br></div><div class="battle-history">Wav3y sent out Kyurem (<strong>Kyurem-Black</strong>)!<br></div><div class="battle-history">[The opposing Kyurem's Teravolt]<br><small>The opposing Kyurem is radiating a bursting aura!</small><br></div><div class="spacer battle-history"><br></div><h2 class="battle-history">Turn 34</h2><div class="spacer battle-history"><br></div><div class="battle-history">The opposing Kyurem used <strong>Fusion Bolt</strong>!<br></div><div class="battle-history"><small>It's super effective!</small><br></div><div class="battle-history"><small>(Volcanion lost <abbr title="−168/250">67.2%</abbr> of its health!)</small><br></div><div class="spacer battle-history"><br></div><div class="battle-history">Volcanion used <strong>Fire Blast</strong>!<br></div><div class="battle-history"><small>(The opposing Kyurem lost <abbr title="−135/311">43.4%</abbr> of its health!)</small><br></div><div class="spacer battle-history"><br></div><div class="battle-history"><small>The opposing Kyurem restored a little HP using its Leftovers!</small><br></div><div class="battle-history"><small>Volcanion restored a little HP using its Leftovers!</small><br></div><div class="spacer battle-history"><br></div><h2 class="battle-history">Turn 35</h2><div class="spacer battle-history"><br></div><div class="battle-history">The opposing Kyurem used <strong>Roost</strong>!<br></div><div class="battle-history"><small>The opposing Kyurem had its HP restored.</small><br></div><div class="spacer battle-history"><br></div><div class="battle-history">Volcanion used <strong>Steam Eruption</strong>!<br></div><div class="battle-history"><small>It's not very effective...</small><br></div><div class="battle-history"><small>(The opposing Kyurem lost <abbr title="−73/311">23.5%</abbr> of its health!)</small><br></div><div class="spacer battle-history"><br></div><div class="battle-history"><small>The opposing Kyurem restored a little HP using its Leftovers!</small><br></div><div class="battle-history"><small>Volcanion restored a little HP using its Leftovers!</small><br></div><div class="spacer battle-history"><br></div><h2 class="battle-history">Turn 36</h2><div class="spacer battle-history"><br></div><div class="battle-history">The opposing Kyurem used <strong>Fusion Bolt</strong>!<br></div><div class="battle-history"><small>It's super effective!</small><br></div><div class="battle-history"><small>(Volcanion lost <abbr title="−33/250">13.2%</abbr> of its health!)</small><br></div><div class="spacer battle-history"><br></div><div class="battle-history">Volcanion fainted!<br></div><div class="spacer battle-history"><br></div><div class="battle-history"><small>The opposing Kyurem restored a little HP using its Leftovers!</small><br></div><div class="spacer battle-history"><br></div><div class="battle-history">Go! Giratina (<strong>Giratina-Origin</strong>)!<br></div><div class="battle-history"><small>Pointed stones dug into Giratina!</small><br></div><div class="spacer battle-history"><br></div><h2 class="battle-history">Turn 37</h2><div class="spacer battle-history"><br></div><div class="battle-history">The opposing Kyurem used <strong>Outrage</strong>!<br></div><div class="battle-history"><small>It's super effective!</small><br></div><div class="battle-history"><small>(Giratina lost <abbr title="−297/339">87.6%</abbr> of its health!)</small><br></div><div class="spacer battle-history"><br></div><div class="battle-history">Giratina fainted!<br></div><div class="spacer battle-history"><br></div><div class="battle-history"><small>The opposing Kyurem restored a little HP using its Leftovers!</small><br></div><div class="chat message-error">Moon☾☽Crescent has 135 seconds left.</div><div class="spacer battle-history"><br></div><div class="battle-history">Go! <strong>Scrafty</strong>!<br></div><div class="battle-history"><small>Pointed stones dug into Scrafty!</small><br></div><div class="spacer battle-history"><br></div><h2 class="battle-history">Turn 38</h2><div class="spacer battle-history"><br></div><div class="battle-history">The opposing Kyurem used <strong>Outrage</strong>!<br></div><div class="battle-history"><small>(Scrafty lost <abbr title="−142/238">59.7%</abbr> of its health!)</small><br></div><div class="battle-history"><small>The opposing Kyurem became confused due to fatigue!</small><br></div><div class="spacer battle-history"><br></div><div class="battle-history">Scrafty used <strong>Dragon Dance</strong>!<br></div><div class="battle-history"><small>Scrafty's Attack rose!</small><br></div><div class="battle-history"><small>Scrafty's Speed rose!</small><br></div><div class="spacer battle-history"><br></div><div class="battle-history"><small>The opposing Kyurem restored a little HP using its Leftovers!</small><br></div><div class="spacer battle-history"><br></div><h2 class="battle-history">Turn 39</h2><div class="chat message-error">Wav3y has 135 seconds left.</div><div class="chat message-error">Wav3y has 120 seconds left.</div><div class="chat message-error">Wav3y has 105 seconds left.</div><div class="spacer battle-history"><br></div><div class="battle-history">Wav3y withdrew Kyurem!<br></div><div class="battle-history">Wav3y sent out <strong>Rayquaza</strong>!<br></div><div class="battle-history">[The opposing Rayquaza's Air Lock]<br><small>The effects of the weather disappeared.</small><br></div><div class="spacer battle-history"><br></div><div class="battle-history">Scrafty used <strong>Rest</strong>!<br></div><div class="battle-history"><small>Scrafty fell asleep!</small><br></div><div class="battle-history"><small>Scrafty slept and became healthy!</small><br></div><div class="battle-history"><small>(Scrafty ate its Chesto Berry!)</small><br></div><div class="battle-history"><small>Scrafty woke up!</small><br></div><div class="spacer battle-history"><br></div><h2 class="battle-history">Turn 40</h2><div class="chat chatmessage-wav3y"><strong style="color:#306ad6"><small>☆</small><span class="username" data-name="Wav3y">Wav3y</span>:</strong> <em>nooooooooo</em></div><div class="chat chatmessage-mooncrescent"><strong style="color:#2e5eee"><small>☆</small><span class="username" data-name="Moon☾☽Crescent">Moon☾☽Crescent</span>:</strong> <em>lel</em></div><div class="chat message-error">Wav3y has 135 seconds left.</div><div class="spacer battle-history"><br></div><div class="battle-history">The opposing Rayquaza used <strong>Extreme Speed</strong>!<br></div><div class="battle-history"><small>(Scrafty lost <abbr title="−79/238">33.2%</abbr> of its health!)</small><br></div><div class="spacer battle-history"><br></div><div class="battle-history">Scrafty used <strong>Ice Punch</strong>!<br></div><div class="battle-history"><small>It's super effective!</small><br></div><div class="battle-history"><small>(The opposing Rayquaza lost <abbr title="−274/274">100%</abbr> of its health!)</small><br></div><div class="spacer battle-history"><br></div><div class="battle-history">The opposing Rayquaza fainted!<br></div><div class="battle-history">[Scrafty's Moxie]<br></div><div class="battle-history"><small>Scrafty's Attack rose!</small><br></div><div class="spacer battle-history"><br></div><div class="battle-history">Wav3y sent out <strong>Mandibuzz</strong>!<br></div><div class="spacer battle-history"><br></div><h2 class="battle-history">Turn 41</h2><div class="spacer battle-history"><br></div><div class="battle-history">Scrafty used <strong>Ice Punch</strong>!<br></div><div class="battle-history"><small>It's super effective!</small><br></div><div class="battle-history"><small>(The opposing Mandibuzz lost <abbr title="−164/303">54.1%</abbr> of its health!)</small><br></div><div class="spacer battle-history"><br></div><div class="battle-history">The opposing Mandibuzz used <strong>Whirlwind</strong>!<br></div><div class="spacer battle-history"><br></div><div class="battle-history"><strong>Altaria</strong> was dragged out!<br></div><div class="battle-history"><small>Pointed stones dug into Altaria!</small><br></div><div class="spacer battle-history"><br></div><div class="battle-history"><small>The opposing Mandibuzz restored a little HP using its Leftovers!</small><br></div><div class="spacer battle-history"><br></div><h2 class="battle-history">Turn 42</h2><div class="chat message-error">Wav3y has 135 seconds left.</div><div class="chat chatmessage-wav3y"><strong style="color:#306ad6"><small>☆</small><span class="username" data-name="Wav3y">Wav3y</span>:</strong> <em>oh shit kyurem sweep coming up imo</em></div><div class="spacer battle-history"><br></div><div class="battle-history"><small>Altaria's Altarianite is reacting to the Key Stone!</small><br>Altaria has Mega Evolved into Mega Altaria!<br></div><div class="spacer battle-history"><br></div><div class="battle-history">Altaria used <strong>Return</strong>!<br></div><div class="battle-history"><small>It's super effective!</small><br></div><div class="battle-history"><small>(The opposing Mandibuzz lost <abbr title="−39/303">12.9%</abbr> of its health!)</small><br></div><div class="spacer battle-history"><br></div><div class="battle-history">The opposing Mandibuzz fainted!<br></div><div class="chat chatmessage-mooncrescent"><strong style="color:#2e5eee"><small>☆</small><span class="username" data-name="Moon☾☽Crescent">Moon☾☽Crescent</span>:</strong> <em>pls no</em></div><div class="spacer battle-history"><br></div><div class="battle-history">Wav3y sent out Kyurem (<strong>Kyurem-Black</strong>)!<br></div><div class="battle-history">[The opposing Kyurem's Teravolt]<br><small>The opposing Kyurem is radiating a bursting aura!</small><br></div><div class="spacer battle-history"><br></div><h2 class="battle-history">Turn 43</h2><div class="chat"><small> pokeblade☆101 joined</small></div><div class="spacer battle-history"><br></div><div class="battle-history">The opposing Kyurem used <strong>Ice Beam</strong>!<br></div><div class="battle-history"><small>It's super effective!</small><br></div><div class="battle-history"><small>(Altaria lost <abbr title="−168/242">69.4%</abbr> of its health!)</small><br></div><div class="spacer battle-history"><br></div><div class="battle-history">Altaria used <strong>Return</strong>!<br></div><div class="battle-history"><small>It's super effective!</small><br></div><div class="battle-history"><small>A critical hit!</small><br></div><div class="battle-history"><small>(The opposing Kyurem lost <abbr title="−311/311">100%</abbr> of its health!)</small><br></div><div class="spacer battle-history"><br></div><div class="battle-history">The opposing Kyurem fainted!<br></div><div class="spacer battle-history"><br></div><div class="battle-history"><strong>Moon☾☽Crescent</strong> won the battle!<br></div><div class="chat chatmessage-wav3y"><strong style="color:#306ad6"><small>☆</small><span class="username" data-name="Wav3y">Wav3y</span>:</strong> <em>wtf</em></div><div class="chat chatmessage-mooncrescent"><strong style="color:#2e5eee"><small>☆</small><span class="username" data-name="Moon☾☽Crescent">Moon☾☽Crescent</span>:</strong> <em>ay</em></div><div class="chat chatmessage-mooncrescent"><strong style="color:#2e5eee"><small>☆</small><span class="username" data-name="Moon☾☽Crescent">Moon☾☽Crescent</span>:</strong> <em>gg</em></div><div class="chat chatmessage-wav3y"><strong style="color:#306ad6"><small>☆</small><span class="username" data-name="Wav3y">Wav3y</span>:</strong> <em>weak</em></div><div class="chat">Moon☾☽Crescent's rating: 2458 → <strong>2476</strong><br>(+18 for winning)</div><div class="chat">Wav3y's rating: 2426 → <strong>2408</strong><br>(-18 for losing)</div><div class="chat chatmessage-mooncrescent"><strong style="color:#2e5eee"><small>☆</small><span class="username" data-name="Moon☾☽Crescent">Moon☾☽Crescent</span>:</strong> <em>lmao</em></div><div class="chat chatmessage-mooncrescent"><strong style="color:#2e5eee"><small>☆</small><span class="username" data-name="Moon☾☽Crescent">Moon☾☽Crescent</span>:</strong> <em>ridiculous</em></div><div class="chat chatmessage-pokeblade101"><strong style="color:#129f4f"><small> </small><span class="username" data-name="pokeblade☆101">pokeblade☆101</span>:</strong> <em>wow</em></div><div class="chat chatmessage-pokeblade101"><strong style="color:#129f4f"><small> </small><span class="username" data-name="pokeblade☆101">pokeblade☆101</span>:</strong> <em>2476</em></div><div class="chat chatmessage-mooncrescent"><strong style="color:#2e5eee"><small>☆</small><span class="username" data-name="Moon☾☽Crescent">Moon☾☽Crescent</span>:</strong> <em>Your points are so precious</em></div><div class="chat chatmessage-pokeblade101"><strong style="color:#129f4f"><small> </small><span class="username" data-name="pokeblade☆101">pokeblade☆101</span>:</strong> <em>new high for you moon</em></div><div class="chat chatmessage-pokeblade101"><strong style="color:#129f4f"><small> </small><span class="username" data-name="pokeblade☆101">pokeblade☆101</span>:</strong> <em>im seaching Wav3y</em></div><div class="chat chatmessage-wav3y"><strong style="color:#306ad6"><small>☆</small><span class="username" data-name="Wav3y">Wav3y</span>:</strong> <em>gg my friend xD congrats</em></div><div class="chat chatmessage-pokeblade101"><strong style="color:#129f4f"><small> </small><span class="username" data-name="pokeblade☆101">pokeblade☆101</span>:</strong> <em>do not!!</em></div><div class="chat chatmessage-mooncrescent"><strong style="color:#2e5eee"><small>☆</small><span class="username" data-name="Moon☾☽Crescent">Moon☾☽Crescent</span>:</strong> <em>Gg</em></div><div class="chat chatmessage-mooncrescent"><strong style="color:#2e5eee"><small>☆</small><span class="username" data-name="Moon☾☽Crescent">Moon☾☽Crescent</span>:</strong> <em>Scrafty was so important</em></div><div class="chat chatmessage-pokeblade101"><strong style="color:#129f4f"><small> </small><span class="username" data-name="pokeblade☆101">pokeblade☆101</span>:</strong> <em>that kyurem lol</em></div><div class="chat chatmessage-pokeblade101"><strong style="color:#129f4f"><small> </small><span class="username" data-name="pokeblade☆101">pokeblade☆101</span>:</strong> <em>destroyed everything</em></div><div class="chat chatmessage-mooncrescent"><strong style="color:#2e5eee"><small>☆</small><span class="username" data-name="Moon☾☽Crescent">Moon☾☽Crescent</span>:</strong> <em>good thing outsped mandibuzz</em></div><div class="chat chatmessage-pokeblade101"><strong style="color:#129f4f"><small> </small><span class="username" data-name="pokeblade☆101">pokeblade☆101</span>:</strong> <em>grl again</em></div><div class="chat chatmessage-pokeblade101"><strong style="color:#129f4f"><small> </small><span class="username" data-name="pokeblade☆101">pokeblade☆101</span>:</strong> <em>uck</em></div><div class="chat chatmessage-pokeblade101"><strong style="color:#129f4f"><small> </small><span class="username" data-name="pokeblade☆101">pokeblade☆101</span>:</strong> <em>fuck</em></div><div class="chat chatmessage-mooncrescent"><strong style="color:#2e5eee"><small>☆</small><span class="username" data-name="Moon☾☽Crescent">Moon☾☽Crescent</span>:</strong> <em>so i wouldve died if it hit me with something</em></div><div class="chat chatmessage-mooncrescent"><strong style="color:#2e5eee"><small>☆</small><span class="username" data-name="Moon☾☽Crescent">Moon☾☽Crescent</span>:</strong> <em>Rip</em></div><div class="chat chatmessage-mooncrescent"><strong style="color:#2e5eee"><small>☆</small><span class="username" data-name="Moon☾☽Crescent">Moon☾☽Crescent</span>:</strong> <em>fejiroeu needs to fall rn</em></div><div class="chat chatmessage-pokeblade101"><strong style="color:#129f4f"><small> </small><span class="username" data-name="pokeblade☆101">pokeblade☆101</span>:</strong> <em>this team</em></div><div class="chat chatmessage-pokeblade101"><strong style="color:#129f4f"><small> </small><span class="username" data-name="pokeblade☆101">pokeblade☆101</span>:</strong> <em>is actually super ass</em></div></div><div class="inner-preempt message-log"></div></div></div>
</div>
<script>
let daily = Math.floor(Date.now()/1000/60/60/24);document.write('<script src="https://play.pokemonshowdown.com/js/replay-embed.js?version'+daily+'"></'+'script>');
</script>
