<!DOCTYPE html>
<meta charset="utf-8" />
<!-- version 1 -->
<title>[Gen 7] Random Battle replay: Typhlosion08 vs. cloudiness</title>
<style>
html,body {font-family:Verdana, sans-serif;font-size:10pt;margin:0;padding:0;}body{padding:12px 0;} .battle-log {font-family:Verdana, sans-serif;font-size:10pt;} .battle-log-inline {border:1px solid #AAAAAA;background:#EEF2F5;color:black;max-width:640px;margin:0 auto 80px;padding-bottom:5px;} .battle-log .inner {padding:4px 8px 0px 8px;} .battle-log .inner-preempt {padding:0 8px 4px 8px;} .battle-log .inner-after {margin-top:0.5em;} .battle-log h2 {margin:0.5em -8px;padding:4px 8px;border:1px solid #AAAAAA;background:#E0E7EA;border-left:0;border-right:0;font-family:Verdana, sans-serif;font-size:13pt;} .battle-log .chat {vertical-align:middle;padding:3px 0 3px 0;font-size:8pt;} .battle-log .chat strong {color:#40576A;} .battle-log .chat em {padding:1px 4px 1px 3px;color:#000000;font-style:normal;} .chat.mine {background:rgba(0,0,0,0.05);margin-left:-8px;margin-right:-8px;padding-left:8px;padding-right:8px;} .spoiler {color:#BBBBBB;background:#BBBBBB;padding:0px 3px;} .spoiler:hover, .spoiler:active, .spoiler-shown {color:#000000;background:#E2E2E2;padding:0px 3px;} .spoiler a {color:#BBBBBB;} .spoiler:hover a, .spoiler:active a, .spoiler-shown a {color:#2288CC;} .chat code, .chat .spoiler:hover code, .chat .spoiler:active code, .chat .spoiler-shown code {border:1px solid #C0C0C0;background:#EEEEEE;color:black;padding:0 2px;} .chat .spoiler code {border:1px solid #CCCCCC;background:#CCCCCC;color:#CCCCCC;} .battle-log .rated {padding:3px 4px;} .battle-log .rated strong {color:white;background:#89A;padding:1px 4px;border-radius:4px;} .spacer {margin-top:0.5em;} .message-announce {background:#6688AA;color:white;padding:1px 4px 2px;} .message-announce a, .broadcast-green a, .broadcast-blue a, .broadcast-red a {color:#DDEEFF;} .broadcast-green {background-color:#559955;color:white;padding:2px 4px;} .broadcast-blue {background-color:#6688AA;color:white;padding:2px 4px;} .infobox {border:1px solid #6688AA;padding:2px 4px;} .infobox-limited {max-height:200px;overflow:auto;overflow-x:hidden;} .broadcast-red {background-color:#AA5544;color:white;padding:2px 4px;} .message-learn-canlearn {font-weight:bold;color:#228822;text-decoration:underline;} .message-learn-cannotlearn {font-weight:bold;color:#CC2222;text-decoration:underline;} .message-effect-weak {font-weight:bold;color:#CC2222;} .message-effect-resist {font-weight:bold;color:#6688AA;} .message-effect-immune {font-weight:bold;color:#666666;} .message-learn-list {margin-top:0;margin-bottom:0;} .message-throttle-notice, .message-error {color:#992222;} .message-overflow, .chat small.message-overflow {font-size:0pt;} .message-overflow::before {font-size:9pt;content:'...';} .subtle {color:#3A4A66;}
</style>
<div class="wrapper replay-wrapper" style="max-width:1180px;margin:0 auto">
<input type="hidden" name="replayid" value="gen7randombattle-960725895" />
<div class="battle"></div><div class="battle-log"></div><div class="replay-controls"></div><div class="replay-controls-2"></div>
<h1 style="font-weight:normal;text-align:center"><strong>[Gen 7] Random Battle</strong><br /><a href="http://pokemonshowdown.com/users/typhlosion08" class="subtle" target="_blank">Typhlosion08</a> vs. <a href="http://pokemonshowdown.com/users/cloudiness" class="subtle" target="_blank">cloudiness</a></h1>
<script type="text/plain" class="battle-log-data">|j|☆Typhlosion08
|j|☆cloudiness
|player|p1|Typhlosion08|aromalady-gen3|2406
|player|p2|cloudiness|steven-gen3|2406
|teamsize|p1|6
|teamsize|p2|6
|gametype|singles
|gen|7
|tier|[Gen 7] Random Battle
|rated|
|rule|Sleep Clause Mod: Limit one foe put to sleep
|rule|HP Percentage Mod: HP is shown in percentages
|
|start
|switch|p1a: Lanturn|Lanturn, L88, F|363\/363
|switch|p2a: Crawdaunt|Crawdaunt, L82, M|237\/237
|turn|1
|c|☆Typhlosion08|hf
|c|☆cloudiness|Ah I've come to take you down
|c|☆cloudiness|:)
|c|☆cloudiness|gl hf
|
|move|p1a: Lanturn|Thunder Wave|p2a: Crawdaunt
|-status|p2a: Crawdaunt|par
|cant|p2a: Crawdaunt|par
|
|upkeep
|turn|2
|
|move|p1a: Lanturn|Thunderbolt|p2a: Crawdaunt
|-supereffective|p2a: Crawdaunt
|-enditem|p2a: Crawdaunt|Focus Sash
|-damage|p2a: Crawdaunt|1\/237 par
|cant|p2a: Crawdaunt|par
|
|upkeep
|turn|3
|c|☆cloudiness|Yeah ok
|c|☆Typhlosion08|rip
|
|move|p2a: Crawdaunt|Aqua Jet|p1a: Lanturn
|-resisted|p1a: Lanturn
|-damage|p1a: Lanturn|321\/363
|move|p1a: Lanturn|Scald|p2a: Crawdaunt
|-resisted|p2a: Crawdaunt
|-damage|p2a: Crawdaunt|0 fnt
|faint|p2a: Crawdaunt
|
|upkeep
|
|switch|p2a: Darkrai|Darkrai, L78|237\/237
|turn|4
|
|move|p2a: Darkrai|Hypnosis|p1a: Lanturn
|-status|p1a: Lanturn|slp|[from] move: Hypnosis
|cant|p1a: Lanturn|slp
|
|-damage|p1a: Lanturn|276\/363 slp|[from] ability: Bad Dreams|[of] p2a: Darkrai
|upkeep
|turn|5
|
|switch|p1a: Serperior|Serperior, L80, F|251\/251
|move|p2a: Darkrai|Dark Pulse|p1a: Serperior
|-damage|p1a: Serperior|146\/251
|
|-heal|p1a: Serperior|161\/251|[from] item: Leftovers
|upkeep
|turn|6
|
|switch|p2a: Rapidash|Rapidash, L89, M|259\/259
|move|p1a: Serperior|Glare|p2a: Rapidash
|-status|p2a: Rapidash|par
|
|-heal|p1a: Serperior|176\/251|[from] item: Leftovers
|upkeep
|turn|7
|
|switch|p1a: Manaphy|Manaphy, L81|295\/295
|move|p2a: Rapidash|Flare Blitz|p1a: Manaphy
|-resisted|p1a: Manaphy
|-damage|p1a: Manaphy|209\/295
|-damage|p2a: Rapidash|231\/259 par|[from] Recoil
|-damage|p2a: Rapidash|206\/259 par|[from] item: Life Orb
|
|-heal|p1a: Manaphy|227\/295|[from] item: Leftovers
|upkeep
|turn|8
|
|switch|p2a: Kingdra|Kingdra, L85, F|266\/266
|move|p1a: Manaphy|Tail Glow|p1a: Manaphy
|-boost|p1a: Manaphy|spa|3
|
|-heal|p1a: Manaphy|245\/295|[from] item: Leftovers
|upkeep
|turn|9
|j| Downtown17
|
|move|p1a: Manaphy|Ice Beam|p2a: Kingdra
|-damage|p2a: Kingdra|125\/266
|move|p2a: Kingdra|Dragon Dance|p2a: Kingdra
|-boost|p2a: Kingdra|atk|1
|-boost|p2a: Kingdra|spe|1
|
|-heal|p1a: Manaphy|263\/295|[from] item: Leftovers
|upkeep
|turn|10
|
|move|p2a: Kingdra|Outrage|p1a: Manaphy
|-damage|p1a: Manaphy|33\/295
|-damage|p2a: Kingdra|99\/266|[from] item: Life Orb
|move|p1a: Manaphy|Ice Beam|p2a: Kingdra
|-damage|p2a: Kingdra|0 fnt
|faint|p2a: Kingdra
|
|-heal|p1a: Manaphy|51\/295|[from] item: Leftovers
|upkeep
|
|switch|p2a: Darkrai|Darkrai, L78|237\/237
|turn|11
|c|☆cloudiness|This team is horrendous with these limited switchins
|
|move|p2a: Darkrai|Dark Pulse|p1a: Manaphy
|-damage|p1a: Manaphy|0 fnt
|faint|p1a: Manaphy
|
|upkeep
|
|switch|p1a: Ariados|Ariados, L89, F|269\/269
|turn|12
|j| Ramaru21
|
|move|p2a: Darkrai|Dark Pulse|p1a: Ariados
|-damage|p1a: Ariados|163\/269
|move|p1a: Ariados|Sticky Web|p2a: Darkrai
|-sidestart|p2: cloudiness|move: Sticky Web
|
|-heal|p1a: Ariados|179\/269|[from] item: Black Sludge
|upkeep
|turn|13
|
|switch|p2a: Dodrio|Dodrio, L88, M|249\/249
|move|p1a: Ariados|Megahorn|p2a: Dodrio
|-resisted|p2a: Dodrio
|-damage|p2a: Dodrio|174\/249
|
|-heal|p2a: Dodrio|189\/249|[from] item: Leftovers
|-heal|p1a: Ariados|195\/269|[from] item: Black Sludge
|upkeep
|turn|14
|l| Ramaru21
|
|move|p2a: Dodrio|Swords Dance|p2a: Dodrio
|-boost|p2a: Dodrio|atk|2
|move|p1a: Ariados|Poison Jab|p2a: Dodrio
|-damage|p2a: Dodrio|90\/249
|-status|p2a: Dodrio|psn
|
|-heal|p2a: Dodrio|105\/249 psn|[from] item: Leftovers
|-heal|p1a: Ariados|211\/269|[from] item: Black Sludge
|-damage|p2a: Dodrio|74\/249 psn|[from] psn
|upkeep
|turn|15
|c|☆cloudiness|Yup
|c|☆Typhlosion08|oh man
|
|move|p2a: Dodrio|Return|p1a: Ariados
|-damage|p1a: Ariados|0 fnt
|faint|p1a: Ariados
|
|-heal|p2a: Dodrio|89\/249 psn|[from] item: Leftovers
|-damage|p2a: Dodrio|58\/249 psn|[from] psn
|upkeep
|c|☆cloudiness|This was probably my only wincon too lol
|c|☆Typhlosion08|everything I have dies to this
|
|switch|p1a: Serperior|Serperior, L80, F|176\/251
|turn|16
|
|move|p2a: Dodrio|Return|p1a: Serperior
|-damage|p1a: Serperior|0 fnt
|faint|p1a: Serperior
|
|-heal|p2a: Dodrio|73\/249 psn|[from] item: Leftovers
|-damage|p2a: Dodrio|42\/249 psn|[from] psn
|upkeep
|
|switch|p1a: Houndoom|Houndoom, L83, M|259\/259
|turn|17
|
|switch|p1a: Lanturn|Lanturn, L88, F|276\/363 slp
|move|p2a: Dodrio|Return|p1a: Lanturn
|-damage|p1a: Lanturn|0 fnt
|faint|p1a: Lanturn
|
|-heal|p2a: Dodrio|57\/249 psn|[from] item: Leftovers
|-damage|p2a: Dodrio|26\/249 psn|[from] psn
|upkeep
|
|switch|p1a: Houndoom|Houndoom, L83, M|259\/259
|turn|18
|
|detailschange|p1a: Houndoom|Houndoom-Mega, L83, M
|-mega|p1a: Houndoom|Houndoom|Houndoominite
|move|p2a: Dodrio|Return|p1a: Houndoom
|-damage|p1a: Houndoom|0 fnt
|faint|p1a: Houndoom
|
|-heal|p2a: Dodrio|41\/249 psn|[from] item: Leftovers
|-damage|p2a: Dodrio|10\/249 psn|[from] psn
|upkeep
|
|switch|p1a: Heliolisk|Heliolisk, L86, M|247\/247
|turn|19
|c|☆cloudiness|Wow
|c|☆Typhlosion08|gg
|-message|Typhlosion08 forfeited.
|
|win|cloudiness
|c|☆cloudiness|gg
|raw|Typhlosion08's rating: 2406 &rarr; <strong>2386<\/strong><br \/>(-20 for losing)
|raw|cloudiness's rating: 2406 &rarr; <strong>2426<\/strong><br \/>(+20 for winning)
|l| Downtown17
|j| Downtown17
|l| Downtown17
|l|☆cloudiness
|j|☆cloudiness
|player|p2|cloudiness|steven-gen3
</script>
</div>
<div class="battle-log battle-log-inline"><div class="inner"><div class="battle-options"></div><div class="inner message-log"><div class="chat"><small>☆Typhlosion08 and ☆cloudiness joined</small></div><div class=""><small>Format:</small> <br><strong>[Gen 7] Random Battle</strong></div><div class="rated"><strong>Rated battle</strong></div><div class=""><small><em>Sleep Clause Mod:</em> Limit one foe put to sleep</small></div><div class=""><small><em>HP Percentage Mod:</em> HP is shown in percentages</small></div><div class="spacer battle-history"><br></div><div class="battle-history">Battle started between Typhlosion08 and cloudiness!<br></div><div class="spacer battle-history"><br></div><div class="battle-history">Go! <strong>Lanturn</strong>!<br></div><div class="spacer battle-history"><br></div><div class="battle-history">cloudiness sent out <strong>Crawdaunt</strong>!<br></div><div class="spacer battle-history"><br></div><h2 class="battle-history">Turn 1</h2><div class="chat chatmessage-typhlosion08"><strong style="color:#9d992e"><small>☆</small><span class="username" data-name="Typhlosion08">Typhlosion08</span>:</strong> <em>hf</em></div><div class="chat chatmessage-cloudiness"><strong style="color:#0fb4bc"><small>☆</small><span class="username" data-name="cloudiness">cloudiness</span>:</strong> <em>Ah I've come to take you down</em></div><div class="chat chatmessage-cloudiness"><strong style="color:#0fb4bc"><small>☆</small><span class="username" data-name="cloudiness">cloudiness</span>:</strong> <em>:)</em></div><div class="chat chatmessage-cloudiness"><strong style="color:#0fb4bc"><small>☆</small><span class="username" data-name="cloudiness">cloudiness</span>:</strong> <em>gl hf</em></div><div class="spacer battle-history"><br></div><div class="battle-history">Lanturn used <strong>Thunder Wave</strong>!<br></div><div class="battle-history"><small>The opposing Crawdaunt is paralyzed! It may be unable to move!</small><br></div><div class="spacer battle-history"><br></div><div class="battle-history">The opposing Crawdaunt is paralyzed! It can't move!<br></div><div class="spacer battle-history"><br></div><h2 class="battle-history">Turn 2</h2><div class="spacer battle-history"><br></div><div class="battle-history">Lanturn used <strong>Thunderbolt</strong>!<br></div><div class="battle-history"><small>It's super effective!</small><br></div><div class="battle-history"><small>The opposing Crawdaunt hung on using its Focus Sash!</small><br></div><div class="battle-history"><small>(The opposing Crawdaunt lost <abbr title="−236/237">99.6%</abbr> of its health!)</small><br></div><div class="spacer battle-history"><br></div><div class="battle-history">The opposing Crawdaunt is paralyzed! It can't move!<br></div><div class="spacer battle-history"><br></div><h2 class="battle-history">Turn 3</h2><div class="chat chatmessage-cloudiness"><strong style="color:#0fb4bc"><small>☆</small><span class="username" data-name="cloudiness">cloudiness</span>:</strong> <em>Yeah ok</em></div><div class="chat chatmessage-typhlosion08"><strong style="color:#9d992e"><small>☆</small><span class="username" data-name="Typhlosion08">Typhlosion08</span>:</strong> <em>rip</em></div><div class="spacer battle-history"><br></div><div class="battle-history">The opposing Crawdaunt used <strong>Aqua Jet</strong>!<br></div><div class="battle-history"><small>It's not very effective...</small><br></div><div class="battle-history"><small>(Lanturn lost <abbr title="−42/363">11.6%</abbr> of its health!)</small><br></div><div class="spacer battle-history"><br></div><div class="battle-history">Lanturn used <strong>Scald</strong>!<br></div><div class="battle-history"><small>It's not very effective...</small><br></div><div class="battle-history"><small>(The opposing Crawdaunt lost <abbr title="−1/237">0.4%</abbr> of its health!)</small><br></div><div class="spacer battle-history"><br></div><div class="battle-history">The opposing Crawdaunt fainted!<br></div><div class="spacer battle-history"><br></div><div class="battle-history">cloudiness sent out <strong>Darkrai</strong>!<br></div><div class="spacer battle-history"><br></div><h2 class="battle-history">Turn 4</h2><div class="spacer battle-history"><br></div><div class="battle-history">The opposing Darkrai used <strong>Hypnosis</strong>!<br></div><div class="battle-history"><small>Lanturn fell asleep!</small><br></div><div class="spacer battle-history"><br></div><div class="battle-history">Lanturn is fast asleep.<br></div><div class="spacer battle-history"><br></div><div class="battle-history">[The opposing Darkrai's Bad Dreams]<br><small>Lanturn is tormented!</small><br></div><div class="spacer battle-history"><br></div><h2 class="battle-history">Turn 5</h2><div class="spacer battle-history"><br></div><div class="battle-history">Lanturn, come back!<br></div><div class="battle-history">Go! <strong>Serperior</strong>!<br></div><div class="spacer battle-history"><br></div><div class="battle-history">The opposing Darkrai used <strong>Dark Pulse</strong>!<br></div><div class="battle-history"><small>(Serperior lost <abbr title="−105/251">41.8%</abbr> of its health!)</small><br></div><div class="spacer battle-history"><br></div><div class="battle-history"><small>Serperior restored a little HP using its Leftovers!</small><br></div><div class="spacer battle-history"><br></div><h2 class="battle-history">Turn 6</h2><div class="spacer battle-history"><br></div><div class="battle-history">cloudiness withdrew Darkrai!<br></div><div class="battle-history">cloudiness sent out <strong>Rapidash</strong>!<br></div><div class="spacer battle-history"><br></div><div class="battle-history">Serperior used <strong>Glare</strong>!<br></div><div class="battle-history"><small>The opposing Rapidash is paralyzed! It may be unable to move!</small><br></div><div class="spacer battle-history"><br></div><div class="battle-history"><small>Serperior restored a little HP using its Leftovers!</small><br></div><div class="spacer battle-history"><br></div><h2 class="battle-history">Turn 7</h2><div class="spacer battle-history"><br></div><div class="battle-history">Serperior, come back!<br></div><div class="battle-history">Go! <strong>Manaphy</strong>!<br></div><div class="spacer battle-history"><br></div><div class="battle-history">The opposing Rapidash used <strong>Flare Blitz</strong>!<br></div><div class="battle-history"><small>It's not very effective...</small><br></div><div class="battle-history"><small>(Manaphy lost <abbr title="−86/295">29.2%</abbr> of its health!)</small><br></div><div class="battle-history"><small>The opposing Rapidash was damaged by the recoil!</small><br></div><div class="battle-history"><small>The opposing Rapidash lost some of its HP!</small><br></div><div class="spacer battle-history"><br></div><div class="battle-history"><small>Manaphy restored a little HP using its Leftovers!</small><br></div><div class="spacer battle-history"><br></div><h2 class="battle-history">Turn 8</h2><div class="spacer battle-history"><br></div><div class="battle-history">cloudiness withdrew Rapidash!<br></div><div class="battle-history">cloudiness sent out <strong>Kingdra</strong>!<br></div><div class="spacer battle-history"><br></div><div class="battle-history">Manaphy used <strong>Tail Glow</strong>!<br></div><div class="battle-history"><small>Manaphy's Sp. Atk rose drastically!</small><br></div><div class="spacer battle-history"><br></div><div class="battle-history"><small>Manaphy restored a little HP using its Leftovers!</small><br></div><div class="spacer battle-history"><br></div><h2 class="battle-history">Turn 9</h2><div class="chat"><small> Downtown17 joined</small></div><div class="spacer battle-history"><br></div><div class="battle-history">Manaphy used <strong>Ice Beam</strong>!<br></div><div class="battle-history"><small>(The opposing Kingdra lost <abbr title="−141/266">53.0%</abbr> of its health!)</small><br></div><div class="spacer battle-history"><br></div><div class="battle-history">The opposing Kingdra used <strong>Dragon Dance</strong>!<br></div><div class="battle-history"><small>The opposing Kingdra's Attack rose!</small><br></div><div class="battle-history"><small>The opposing Kingdra's Speed rose!</small><br></div><div class="spacer battle-history"><br></div><div class="battle-history"><small>Manaphy restored a little HP using its Leftovers!</small><br></div><div class="spacer battle-history"><br></div><h2 class="battle-history">Turn 10</h2><div class="spacer battle-history"><br></div><div class="battle-history">The opposing Kingdra used <strong>Outrage</strong>!<br></div><div class="battle-history"><small>(Manaphy lost <abbr title="−230/295">78.0%</abbr> of its health!)</small><br></div><div class="battle-history"><small>The opposing Kingdra lost some of its HP!</small><br></div><div class="spacer battle-history"><br></div><div class="battle-history">Manaphy used <strong>Ice Beam</strong>!<br></div><div class="battle-history"><small>(The opposing Kingdra lost <abbr title="−99/266">37.2%</abbr> of its health!)</small><br></div><div class="spacer battle-history"><br></div><div class="battle-history">The opposing Kingdra fainted!<br></div><div class="spacer battle-history"><br></div><div class="battle-history"><small>Manaphy restored a little HP using its Leftovers!</small><br></div><div class="spacer battle-history"><br></div><div class="battle-history">cloudiness sent out <strong>Darkrai</strong>!<br></div><div class="spacer battle-history"><br></div><h2 class="battle-history">Turn 11</h2><div class="chat chatmessage-cloudiness"><strong style="color:#0fb4bc"><small>☆</small><span class="username" data-name="cloudiness">cloudiness</span>:</strong> <em>This team is horrendous with these limited switchins</em></div><div class="spacer battle-history"><br></div><div class="battle-history">The opposing Darkrai used <strong>Dark Pulse</strong>!<br></div><div class="battle-history"><small>(Manaphy lost <abbr title="−51/295">17.3%</abbr> of its health!)</small><br></div><div class="spacer battle-history"><br></div><div class="battle-history">Manaphy fainted!<br></div><div class="spacer battle-history"><br></div><div class="battle-history">Go! <strong>Ariados</strong>!<br></div><div class="spacer battle-history"><br></div><h2 class="battle-history">Turn 12</h2><div class="chat"><small> Ramaru21 joined</small></div><div class="spacer battle-history"><br></div><div class="battle-history">The opposing Darkrai used <strong>Dark Pulse</strong>!<br></div><div class="battle-history"><small>(Ariados lost <abbr title="−106/269">39.4%</abbr> of its health!)</small><br></div><div class="spacer battle-history"><br></div><div class="battle-history">Ariados used <strong>Sticky Web</strong>!<br></div><div class="battle-history"><small>A sticky web has been laid out on the ground around the opposing team!</small><br></div><div class="spacer battle-history"><br></div><div class="battle-history"><small>Ariados restored a little HP using its Black Sludge!</small><br></div><div class="spacer battle-history"><br></div><h2 class="battle-history">Turn 13</h2><div class="spacer battle-history"><br></div><div class="battle-history">cloudiness withdrew Darkrai!<br></div><div class="battle-history">cloudiness sent out <strong>Dodrio</strong>!<br></div><div class="spacer battle-history"><br></div><div class="battle-history">Ariados used <strong>Megahorn</strong>!<br></div><div class="battle-history"><small>It's not very effective...</small><br></div><div class="battle-history"><small>(The opposing Dodrio lost <abbr title="−75/249">30.1%</abbr> of its health!)</small><br></div><div class="spacer battle-history"><br></div><div class="battle-history"><small>The opposing Dodrio restored a little HP using its Leftovers!</small><br></div><div class="battle-history"><small>Ariados restored a little HP using its Black Sludge!</small><br></div><div class="spacer battle-history"><br></div><h2 class="battle-history">Turn 14</h2><div class="chat"><small> Ramaru21 left</small></div><div class="spacer battle-history"><br></div><div class="battle-history">The opposing Dodrio used <strong>Swords Dance</strong>!<br></div><div class="battle-history"><small>The opposing Dodrio's Attack rose sharply!</small><br></div><div class="spacer battle-history"><br></div><div class="battle-history">Ariados used <strong>Poison Jab</strong>!<br></div><div class="battle-history"><small>(The opposing Dodrio lost <abbr title="−99/249">39.8%</abbr> of its health!)</small><br></div><div class="battle-history"><small>The opposing Dodrio was poisoned!</small><br></div><div class="spacer battle-history"><br></div><div class="battle-history"><small>The opposing Dodrio restored a little HP using its Leftovers!</small><br></div><div class="battle-history"><small>Ariados restored a little HP using its Black Sludge!</small><br></div><div class="battle-history"><small>The opposing Dodrio was hurt by poison!</small><br></div><div class="spacer battle-history"><br></div><h2 class="battle-history">Turn 15</h2><div class="chat chatmessage-cloudiness"><strong style="color:#0fb4bc"><small>☆</small><span class="username" data-name="cloudiness">cloudiness</span>:</strong> <em>Yup</em></div><div class="chat chatmessage-typhlosion08"><strong style="color:#9d992e"><small>☆</small><span class="username" data-name="Typhlosion08">Typhlosion08</span>:</strong> <em>oh man</em></div><div class="spacer battle-history"><br></div><div class="battle-history">The opposing Dodrio used <strong>Return</strong>!<br></div><div class="battle-history"><small>(Ariados lost <abbr title="−211/269">78.4%</abbr> of its health!)</small><br></div><div class="spacer battle-history"><br></div><div class="battle-history">Ariados fainted!<br></div><div class="spacer battle-history"><br></div><div class="battle-history"><small>The opposing Dodrio restored a little HP using its Leftovers!</small><br></div><div class="battle-history"><small>The opposing Dodrio was hurt by poison!</small><br></div><div class="chat chatmessage-cloudiness"><strong style="color:#0fb4bc"><small>☆</small><span class="username" data-name="cloudiness">cloudiness</span>:</strong> <em>This was probably my only wincon too lol</em></div><div class="chat chatmessage-typhlosion08"><strong style="color:#9d992e"><small>☆</small><span class="username" data-name="Typhlosion08">Typhlosion08</span>:</strong> <em>everything I have dies to this</em></div><div class="spacer battle-history"><br></div><div class="battle-history">Go! <strong>Serperior</strong>!<br></div><div class="spacer battle-history"><br></div><h2 class="battle-history">Turn 16</h2><div class="spacer battle-history"><br></div><div class="battle-history">The opposing Dodrio used <strong>Return</strong>!<br></div><div class="battle-history"><small>(Serperior lost <abbr title="−176/251">70.1%</abbr> of its health!)</small><br></div><div class="spacer battle-history"><br></div><div class="battle-history">Serperior fainted!<br></div><div class="spacer battle-history"><br></div><div class="battle-history"><small>The opposing Dodrio restored a little HP using its Leftovers!</small><br></div><div class="battle-history"><small>The opposing Dodrio was hurt by poison!</small><br></div><div class="spacer battle-history"><br></div><div class="battle-history">Go! <strong>Houndoom</strong>!<br></div><div class="spacer battle-history"><br></div><h2 class="battle-history">Turn 17</h2><div class="spacer battle-history"><br></div><div class="battle-history">Houndoom, come back!<br></div><div class="battle-history">Go! <strong>Lanturn</strong>!<br></div><div class="spacer battle-history"><br></div><div class="battle-history">The opposing Dodrio used <strong>Return</strong>!<br></div><div class="battle-history"><small>(Lanturn lost <abbr title="−276/363">76.0%</abbr> of its health!)</small><br></div><div class="spacer battle-history"><br></div><div class="battle-history">Lanturn fainted!<br></div><div class="spacer battle-history"><br></div><div class="battle-history"><small>The opposing Dodrio restored a little HP using its Leftovers!</small><br></div><div class="battle-history"><small>The opposing Dodrio was hurt by poison!</small><br></div><div class="spacer battle-history"><br></div><div class="battle-history">Go! <strong>Houndoom</strong>!<br></div><div class="spacer battle-history"><br></div><h2 class="battle-history">Turn 18</h2><div class="spacer battle-history"><br></div><div class="battle-history"><small>Houndoom's Houndoominite is reacting to the Key Stone!</small><br>Houndoom has Mega Evolved into Mega Houndoom!<br></div><div class="spacer battle-history"><br></div><div class="battle-history">The opposing Dodrio used <strong>Return</strong>!<br></div><div class="battle-history"><small>(Houndoom lost <abbr title="−259/259">100%</abbr> of its health!)</small><br></div><div class="spacer battle-history"><br></div><div class="battle-history">Houndoom fainted!<br></div><div class="spacer battle-history"><br></div><div class="battle-history"><small>The opposing Dodrio restored a little HP using its Leftovers!</small><br></div><div class="battle-history"><small>The opposing Dodrio was hurt by poison!</small><br></div><div class="spacer battle-history"><br></div><div class="battle-history">Go! <strong>Heliolisk</strong>!<br></div><div class="spacer battle-history"><br></div><h2 class="battle-history">Turn 19</h2><div class="chat chatmessage-cloudiness"><strong style="color:#0fb4bc"><small>☆</small><span class="username" data-name="cloudiness">cloudiness</span>:</strong> <em>Wow</em></div><div class="chat chatmessage-typhlosion08"><strong style="color:#9d992e"><small>☆</small><span class="username" data-name="Typhlosion08">Typhlosion08</span>:</strong> <em>gg</em></div><div class="spacer battle-history"><br></div><div class="battle-history"><small>Typhlosion08 forfeited.</small><br></div><div class="spacer battle-history"><br></div><div class="battle-history"><strong>cloudiness</strong> won the battle!<br></div><div class="chat chatmessage-cloudiness"><strong style="color:#0fb4bc"><small>☆</small><span class="username" data-name="cloudiness">cloudiness</span>:</strong> <em>gg</em></div><div class="chat">Typhlosion08's rating: 2406 → <strong>2386</strong><br>(-20 for losing)</div><div class="chat">cloudiness's rating: 2406 → <strong>2426</strong><br>(+20 for winning)</div><div class="chat"><small> Downtown17 left</small></div></div><div class="inner-preempt message-log"></div></div></div>
</div>
<script>
let daily = Math.floor(Date.now()/1000/60/60/24);document.write('<script src="https://play.pokemonshowdown.com/js/replay-embed.js?version'+daily+'"></'+'script>');
</script>
