<!DOCTYPE html>
<meta charset="utf-8" />
<!-- version 1 -->
<title>[Gen 7] Random Battle replay: nafiii vs. wilmabaal</title>
<style>
html,body {font-family:Verdana, sans-serif;font-size:10pt;margin:0;padding:0;}body{padding:12px 0;} .battle-log {font-family:Verdana, sans-serif;font-size:10pt;} .battle-log-inline {border:1px solid #AAAAAA;background:#EEF2F5;color:black;max-width:640px;margin:0 auto 80px;padding-bottom:5px;} .battle-log .inner {padding:4px 8px 0px 8px;} .battle-log .inner-preempt {padding:0 8px 4px 8px;} .battle-log .inner-after {margin-top:0.5em;} .battle-log h2 {margin:0.5em -8px;padding:4px 8px;border:1px solid #AAAAAA;background:#E0E7EA;border-left:0;border-right:0;font-family:Verdana, sans-serif;font-size:13pt;} .battle-log .chat {vertical-align:middle;padding:3px 0 3px 0;font-size:8pt;} .battle-log .chat strong {color:#40576A;} .battle-log .chat em {padding:1px 4px 1px 3px;color:#000000;font-style:normal;} .chat.mine {background:rgba(0,0,0,0.05);margin-left:-8px;margin-right:-8px;padding-left:8px;padding-right:8px;} .spoiler {color:#BBBBBB;background:#BBBBBB;padding:0px 3px;} .spoiler:hover, .spoiler:active, .spoiler-shown {color:#000000;background:#E2E2E2;padding:0px 3px;} .spoiler a {color:#BBBBBB;} .spoiler:hover a, .spoiler:active a, .spoiler-shown a {color:#2288CC;} .chat code, .chat .spoiler:hover code, .chat .spoiler:active code, .chat .spoiler-shown code {border:1px solid #C0C0C0;background:#EEEEEE;color:black;padding:0 2px;} .chat .spoiler code {border:1px solid #CCCCCC;background:#CCCCCC;color:#CCCCCC;} .battle-log .rated {padding:3px 4px;} .battle-log .rated strong {color:white;background:#89A;padding:1px 4px;border-radius:4px;} .spacer {margin-top:0.5em;} .message-announce {background:#6688AA;color:white;padding:1px 4px 2px;} .message-announce a, .broadcast-green a, .broadcast-blue a, .broadcast-red a {color:#DDEEFF;} .broadcast-green {background-color:#559955;color:white;padding:2px 4px;} .broadcast-blue {background-color:#6688AA;color:white;padding:2px 4px;} .infobox {border:1px solid #6688AA;padding:2px 4px;} .infobox-limited {max-height:200px;overflow:auto;overflow-x:hidden;} .broadcast-red {background-color:#AA5544;color:white;padding:2px 4px;} .message-learn-canlearn {font-weight:bold;color:#228822;text-decoration:underline;} .message-learn-cannotlearn {font-weight:bold;color:#CC2222;text-decoration:underline;} .message-effect-weak {font-weight:bold;color:#CC2222;} .message-effect-resist {font-weight:bold;color:#6688AA;} .message-effect-immune {font-weight:bold;color:#666666;} .message-learn-list {margin-top:0;margin-bottom:0;} .message-throttle-notice, .message-error {color:#992222;} .message-overflow, .chat small.message-overflow {font-size:0pt;} .message-overflow::before {font-size:9pt;content:'...';} .subtle {color:#3A4A66;}
</style>
<div class="wrapper replay-wrapper" style="max-width:1180px;margin:0 auto">
<input type="hidden" name="replayid" value="gen7randombattle-2110277637" />
<div class="battle"></div><div class="battle-log"></div><div class="replay-controls"></div><div class="replay-controls-2"></div>
<h1 style="font-weight:normal;text-align:center"><strong>[Gen 7] Random Battle</strong><br /><a href="http://pokemonshowdown.com/users/nafiii" class="subtle" target="_blank">nafiii</a> vs. <a href="http://pokemonshowdown.com/users/wilmabaal" class="subtle" target="_blank">wilmabaal</a></h1>
<script type="text/plain" class="battle-log-data">|uhtml|medal-msg|<div class="broadcast-blue">Curious what those medals under the avatar are? PS now has Ladder Seasons! For more information, check out the <a href="https:\/\/www.smogon.com\/forums\/threads\/3740067\/">thread on Smogon.<\/a><\/div>
|uhtml|medal-msg|<div class="broadcast-blue">Curious what those medals under the avatar are? PS now has Ladder Seasons! For more information, check out the <a href="https:\/\/www.smogon.com\/forums\/threads\/3740067\/">thread on Smogon.<\/a><\/div>
|j|☆nafiii
|j|☆wilmabaal
|t:|1713930770
|gametype|singles
|player|p1|nafiii|galacticgrunt|
|player|p2|wilmabaal|flannery|
|teamsize|p1|6
|teamsize|p2|6
|gen|7
|tier|[Gen 7] Random Battle
|rule|Sleep Clause Mod: Limit one foe put to sleep
|rule|HP Percentage Mod: HP is shown in percentages
|rule|Illusion Level Mod: Illusion disguises the Pokémon's true level
|
|t:|1713930770
|start
|switch|p1a: Unown|Unown-Z|258\/258
|switch|p2a: Electivire|Electivire, L85, F|266\/266
|turn|1
|
|t:|1713930782
|move|p2a: Electivire|Cross Chop|p1a: Unown
|-resisted|p1a: Unown
|-damage|p1a: Unown|170\/258
|move|p1a: Unown|Hidden Power|p2a: Electivire
|-damage|p2a: Electivire|152\/266
|
|upkeep
|turn|2
|
|t:|1713930790
|switch|p2a: Guzzlord|Guzzlord, L87|530\/530
|move|p1a: Unown|Hidden Power|p2a: Guzzlord
|-immune|p2a: Guzzlord
|
|upkeep
|turn|3
|
|t:|1713930798
|switch|p1a: Garbodor|Garbodor, L88, F|284\/284
|move|p2a: Guzzlord|Knock Off|p1a: Garbodor
|-damage|p1a: Garbodor|163\/284
|-enditem|p1a: Garbodor|Black Sludge|[from] move: Knock Off|[of] p2a: Guzzlord
|
|upkeep
|turn|4
|c|☆wilmabaal|guzzlord
|
|t:|1713930806
|move|p1a: Garbodor|Gunk Shot|p2a: Guzzlord|[miss]
|-miss|p1a: Garbodor|p2a: Guzzlord
|move|p2a: Guzzlord|Earthquake|p1a: Garbodor
|-supereffective|p1a: Garbodor
|-damage|p1a: Garbodor|0 fnt
|faint|p1a: Garbodor
|-ability|p2a: Guzzlord|Beast Boost|boost
|-boost|p2a: Guzzlord|atk|1
|
|upkeep
|c|☆wilmabaal|gunkshot avoided
|c|☆wilmabaal|ngh
|
|t:|1713930823
|switch|p1a: Delcatty|Delcatty, L96, F|290\/290
|turn|5
|
|t:|1713930831
|move|p1a: Delcatty|Shadow Ball|p2a: Guzzlord
|-resisted|p2a: Guzzlord
|-damage|p2a: Guzzlord|499\/530
|-damage|p1a: Delcatty|261\/290|[from] item: Life Orb
|move|p2a: Guzzlord|Knock Off|p1a: Delcatty
|-damage|p1a: Delcatty|62\/290
|-enditem|p1a: Delcatty|Life Orb|[from] move: Knock Off|[of] p2a: Guzzlord
|
|upkeep
|turn|6
|
|t:|1713930841
|move|p1a: Delcatty|Double-Edge|p2a: Guzzlord
|-damage|p2a: Guzzlord|343\/530
|-damage|p1a: Delcatty|11\/290|[from] Recoil
|move|p2a: Guzzlord|Knock Off|p1a: Delcatty
|-damage|p1a: Delcatty|0 fnt
|faint|p1a: Delcatty
|-ability|p2a: Guzzlord|Beast Boost|boost
|-boost|p2a: Guzzlord|atk|1
|
|upkeep
|c|☆wilmabaal|edged so hard
|
|t:|1713930853
|switch|p1a: Diggersby|Diggersby, L84, M|280\/280
|turn|7
|c|☆wilmabaal|damaged by recoil
|
|t:|1713930860
|move|p1a: Diggersby|Earthquake|p2a: Guzzlord
|-damage|p2a: Guzzlord|105\/530
|-damage|p1a: Diggersby|252\/280|[from] item: Life Orb
|move|p2a: Guzzlord|Draco Meteor|p1a: Diggersby
|-damage|p1a: Diggersby|89\/280
|-unboost|p2a: Guzzlord|spa|2
|
|upkeep
|turn|8
|
|t:|1713930868
|move|p1a: Diggersby|Earthquake|p2a: Guzzlord
|-damage|p2a: Guzzlord|0 fnt
|faint|p2a: Guzzlord
|-damage|p1a: Diggersby|61\/280|[from] item: Life Orb
|
|upkeep
|
|t:|1713930875
|switch|p2a: Leafeon|Leafeon, L88, F|258\/258
|turn|9
|
|t:|1713930878
|move|p2a: Leafeon|Swords Dance|p2a: Leafeon
|-boost|p2a: Leafeon|atk|2
|move|p1a: Diggersby|Earthquake|p2a: Leafeon
|-resisted|p2a: Leafeon
|-damage|p2a: Leafeon|198\/258
|-damage|p1a: Diggersby|33\/280|[from] item: Life Orb
|
|upkeep
|turn|10
|
|t:|1713930887
|move|p2a: Leafeon|Swords Dance|p2a: Leafeon
|-boost|p2a: Leafeon|atk|2
|move|p1a: Diggersby|Agility|p1a: Diggersby
|-boost|p1a: Diggersby|spe|2
|
|upkeep
|turn|11
|
|t:|1713930894
|move|p1a: Diggersby|Knock Off|p2a: Leafeon
|-damage|p2a: Leafeon|119\/258
|-enditem|p2a: Leafeon|Life Orb|[from] move: Knock Off|[of] p1a: Diggersby
|-damage|p1a: Diggersby|5\/280|[from] item: Life Orb
|move|p2a: Leafeon|Swords Dance|p2a: Leafeon
|-boost|p2a: Leafeon|atk|2
|
|upkeep
|turn|12
|
|t:|1713930903
|move|p1a: Diggersby|Knock Off|p2a: Leafeon
|-damage|p2a: Leafeon|62\/258
|-damage|p1a: Diggersby|0 fnt|[from] item: Life Orb
|faint|p1a: Diggersby
|move|p2a: Leafeon|Synthesis|p2a: Leafeon
|-heal|p2a: Leafeon|191\/258
|
|upkeep
|
|t:|1713930914
|switch|p1a: Unown|Unown-Z|170\/258
|turn|13
|
|t:|1713930921
|move|p2a: Leafeon|Knock Off|p1a: Unown
|-supereffective|p1a: Unown
|-damage|p1a: Unown|0 fnt
|-enditem|p1a: Unown|Choice Specs|[from] move: Knock Off|[of] p2a: Leafeon
|faint|p1a: Unown
|
|upkeep
|
|t:|1713930927
|switch|p1a: Lycanroc|Lycanroc-Dusk, L83, F|260\/260
|turn|14
|
|t:|1713930931
|move|p1a: Lycanroc|Stone Edge|p2a: Leafeon
|-damage|p2a: Leafeon|78\/258
|-damage|p1a: Lycanroc|234\/260|[from] item: Life Orb
|move|p2a: Leafeon|Leaf Blade|p1a: Lycanroc
|-supereffective|p1a: Lycanroc
|-damage|p1a: Lycanroc|0 fnt
|faint|p1a: Lycanroc
|
|upkeep
|
|t:|1713930941
|switch|p1a: Simipour|Simipour, L88, M|275\/275
|turn|15
|c|☆wilmabaal|nasty plot
|
|t:|1713930998
|move|p1a: Simipour|Ice Beam|p2a: Leafeon
|-supereffective|p2a: Leafeon
|-damage|p2a: Leafeon|0 fnt
|faint|p2a: Leafeon
|
|upkeep
|
|t:|1713931013
|switch|p2a: Celebi|Celebi, L83|302\/302
|turn|16
|
|t:|1713931019
|move|p1a: Simipour|Ice Beam|p2a: Celebi
|-supereffective|p2a: Celebi
|-damage|p2a: Celebi|182\/302
|move|p2a: Celebi|Psychic|p1a: Simipour
|-damage|p1a: Simipour|163\/275
|
|-heal|p1a: Simipour|180\/275|[from] item: Leftovers
|upkeep
|turn|17
|
|t:|1713931028
|move|p1a: Simipour|Nasty Plot|p1a: Simipour
|-boost|p1a: Simipour|spa|2
|move|p2a: Celebi|Leaf Storm|p1a: Simipour
|-supereffective|p1a: Simipour
|-damage|p1a: Simipour|0 fnt
|-unboost|p2a: Celebi|spa|2
|faint|p1a: Simipour
|
|win|wilmabaal
|c|☆wilmabaal|nasty plot
</script>
</div>
<div class="battle-log battle-log-inline"><div class="inner"><div class="battle-options"></div><div class="inner message-log"><div class="notice uhtml-medalmsg"><div class="broadcast-blue">Curious what those medals under the avatar are? PS now has Ladder Seasons! For more information, check out the <a href="https://www.smogon.com/forums/threads/3740067/" target="_blank" rel="noopener">thread on Smogon.</a></div></div><div class="chat"><small>☆nafiii and ☆wilmabaal joined</small></div><div class=""><small>Format:</small> <br><strong>[Gen 7] Random Battle</strong></div><div class=""><small><em>Sleep Clause Mod:</em> Limit one foe put to sleep</small></div><div class=""><small><em>HP Percentage Mod:</em> HP is shown in percentages</small></div><div class=""><small><em>Illusion Level Mod:</em> Illusion disguises the Pokémon's true level</small></div><div class="spacer battle-history"><br></div><div class="battle-history">Battle started between nafiii and wilmabaal!<br></div><div class="spacer battle-history"><br></div><div class="battle-history">Go! Unown (<strong>Unown-Z</strong>)!<br></div><div class="spacer battle-history"><br></div><div class="battle-history">wilmabaal sent out <strong>Electivire</strong>!<br></div><div class="spacer battle-history"><br></div><h2 class="battle-history">Turn 1</h2><div class="spacer battle-history"><br></div><div class="battle-history">The opposing Electivire used <strong>Cross Chop</strong>!<br></div><div class="battle-history"><small>It's not very effective...</small><br></div><div class="battle-history"><small>(Unown lost <abbr title="−88/258">34.1%</abbr> of its health!)</small><br></div><div class="spacer battle-history"><br></div><div class="battle-history">Unown used <strong>Hidden Power</strong>!<br></div><div class="battle-history"><small>(The opposing Electivire lost <abbr title="−114/266">42.9%</abbr> of its health!)</small><br></div><div class="spacer battle-history"><br></div><h2 class="battle-history">Turn 2</h2><div class="spacer battle-history"><br></div><div class="battle-history">wilmabaal withdrew Electivire!<br></div><div class="battle-history">wilmabaal sent out <strong>Guzzlord</strong>!<br></div><div class="spacer battle-history"><br></div><div class="battle-history">Unown used <strong>Hidden Power</strong>!<br></div><div class="battle-history"><small>It doesn't affect the opposing Guzzlord...</small><br></div><div class="spacer battle-history"><br></div><h2 class="battle-history">Turn 3</h2><div class="spacer battle-history"><br></div><div class="battle-history">Unown, come back!<br></div><div class="battle-history">Go! <strong>Garbodor</strong>!<br></div><div class="spacer battle-history"><br></div><div class="battle-history">The opposing Guzzlord used <strong>Knock Off</strong>!<br></div><div class="battle-history"><small>(Garbodor lost <abbr title="−121/284">42.6%</abbr> of its health!)</small><br></div><div class="battle-history"><small>The opposing Guzzlord knocked off Garbodor's Black Sludge!</small><br></div><div class="spacer battle-history"><br></div><h2 class="battle-history">Turn 4</h2><div class="chat chatmessage-wilmabaal"><strong style="color:#cd412b"><small>☆</small><span class="username" data-name="wilmabaal">wilmabaal</span>:</strong> <em>guzzlord</em></div><div class="spacer battle-history"><br></div><div class="battle-history">Garbodor used <strong>Gunk Shot</strong>!<br></div><div class="battle-history"><small>The opposing Guzzlord avoided the attack!</small><br></div><div class="spacer battle-history"><br></div><div class="battle-history">The opposing Guzzlord used <strong>Earthquake</strong>!<br></div><div class="battle-history"><small>It's super effective!</small><br></div><div class="battle-history"><small>(Garbodor lost <abbr title="−163/284">57.4%</abbr> of its health!)</small><br></div><div class="spacer battle-history"><br></div><div class="battle-history">Garbodor fainted!<br></div><div class="battle-history">[The opposing Guzzlord's Beast Boost]<br></div><div class="battle-history"><small>The opposing Guzzlord's Attack rose!</small><br></div><div class="chat chatmessage-wilmabaal"><strong style="color:#cd412b"><small>☆</small><span class="username" data-name="wilmabaal">wilmabaal</span>:</strong> <em>gunkshot avoided</em></div><div class="chat chatmessage-wilmabaal"><strong style="color:#cd412b"><small>☆</small><span class="username" data-name="wilmabaal">wilmabaal</span>:</strong> <em>ngh</em></div><div class="spacer battle-history"><br></div><div class="battle-history">Go! <strong>Delcatty</strong>!<br></div><div class="spacer battle-history"><br></div><h2 class="battle-history">Turn 5</h2><div class="spacer battle-history"><br></div><div class="battle-history">Delcatty used <strong>Shadow Ball</strong>!<br></div><div class="battle-history"><small>It's not very effective...</small><br></div><div class="battle-history"><small>(The opposing Guzzlord lost <abbr title="−31/530">5.8%</abbr> of its health!)</small><br></div><div class="battle-history"><small>Delcatty lost some of its HP!</small><br></div><div class="spacer battle-history"><br></div><div class="battle-history">The opposing Guzzlord used <strong>Knock Off</strong>!<br></div><div class="battle-history"><small>(Delcatty lost <abbr title="−199/290">68.6%</abbr> of its health!)</small><br></div><div class="battle-history"><small>The opposing Guzzlord knocked off Delcatty's Life Orb!</small><br></div><div class="spacer battle-history"><br></div><h2 class="battle-history">Turn 6</h2><div class="spacer battle-history"><br></div><div class="battle-history">Delcatty used <strong>Double-Edge</strong>!<br></div><div class="battle-history"><small>(The opposing Guzzlord lost <abbr title="−156/530">29.4%</abbr> of its health!)</small><br></div><div class="battle-history"><small>Delcatty was damaged by the recoil!</small><br></div><div class="spacer battle-history"><br></div><div class="battle-history">The opposing Guzzlord used <strong>Knock Off</strong>!<br></div><div class="battle-history"><small>(Delcatty lost <abbr title="−11/290">3.8%</abbr> of its health!)</small><br></div><div class="spacer battle-history"><br></div><div class="battle-history">Delcatty fainted!<br></div><div class="battle-history">[The opposing Guzzlord's Beast Boost]<br></div><div class="battle-history"><small>The opposing Guzzlord's Attack rose!</small><br></div><div class="chat chatmessage-wilmabaal"><strong style="color:#cd412b"><small>☆</small><span class="username" data-name="wilmabaal">wilmabaal</span>:</strong> <em>edged so hard</em></div><div class="spacer battle-history"><br></div><div class="battle-history">Go! <strong>Diggersby</strong>!<br></div><div class="spacer battle-history"><br></div><h2 class="battle-history">Turn 7</h2><div class="chat chatmessage-wilmabaal"><strong style="color:#cd412b"><small>☆</small><span class="username" data-name="wilmabaal">wilmabaal</span>:</strong> <em>damaged by recoil</em></div><div class="spacer battle-history"><br></div><div class="battle-history">Diggersby used <strong>Earthquake</strong>!<br></div><div class="battle-history"><small>(The opposing Guzzlord lost <abbr title="−238/530">44.9%</abbr> of its health!)</small><br></div><div class="battle-history"><small>Diggersby lost some of its HP!</small><br></div><div class="spacer battle-history"><br></div><div class="battle-history">The opposing Guzzlord used <strong>Draco Meteor</strong>!<br></div><div class="battle-history"><small>(Diggersby lost <abbr title="−163/280">58.2%</abbr> of its health!)</small><br></div><div class="battle-history"><small>The opposing Guzzlord's Sp. Atk fell harshly!</small><br></div><div class="spacer battle-history"><br></div><h2 class="battle-history">Turn 8</h2><div class="spacer battle-history"><br></div><div class="battle-history">Diggersby used <strong>Earthquake</strong>!<br></div><div class="battle-history"><small>(The opposing Guzzlord lost <abbr title="−105/530">19.8%</abbr> of its health!)</small><br></div><div class="spacer battle-history"><br></div><div class="battle-history">The opposing Guzzlord fainted!<br></div><div class="battle-history"><small>Diggersby lost some of its HP!</small><br></div><div class="spacer battle-history"><br></div><div class="battle-history">wilmabaal sent out <strong>Leafeon</strong>!<br></div><div class="spacer battle-history"><br></div><h2 class="battle-history">Turn 9</h2><div class="spacer battle-history"><br></div><div class="battle-history">The opposing Leafeon used <strong>Swords Dance</strong>!<br></div><div class="battle-history"><small>The opposing Leafeon's Attack rose sharply!</small><br></div><div class="spacer battle-history"><br></div><div class="battle-history">Diggersby used <strong>Earthquake</strong>!<br></div><div class="battle-history"><small>It's not very effective...</small><br></div><div class="battle-history"><small>(The opposing Leafeon lost <abbr title="−60/258">23.3%</abbr> of its health!)</small><br></div><div class="battle-history"><small>Diggersby lost some of its HP!</small><br></div><div class="spacer battle-history"><br></div><h2 class="battle-history">Turn 10</h2><div class="spacer battle-history"><br></div><div class="battle-history">The opposing Leafeon used <strong>Swords Dance</strong>!<br></div><div class="battle-history"><small>The opposing Leafeon's Attack rose sharply!</small><br></div><div class="spacer battle-history"><br></div><div class="battle-history">Diggersby used <strong>Agility</strong>!<br></div><div class="battle-history"><small>Diggersby's Speed rose sharply!</small><br></div><div class="spacer battle-history"><br></div><h2 class="battle-history">Turn 11</h2><div class="spacer battle-history"><br></div><div class="battle-history">Diggersby used <strong>Knock Off</strong>!<br></div><div class="battle-history"><small>(The opposing Leafeon lost <abbr title="−79/258">30.6%</abbr> of its health!)</small><br></div><div class="battle-history"><small>Diggersby knocked off the opposing Leafeon's Life Orb!</small><br></div><div class="battle-history"><small>Diggersby lost some of its HP!</small><br></div><div class="spacer battle-history"><br></div><div class="battle-history">The opposing Leafeon used <strong>Swords Dance</strong>!<br></div><div class="battle-history"><small>The opposing Leafeon's Attack rose sharply!</small><br></div><div class="spacer battle-history"><br></div><h2 class="battle-history">Turn 12</h2><div class="spacer battle-history"><br></div><div class="battle-history">Diggersby used <strong>Knock Off</strong>!<br></div><div class="battle-history"><small>(The opposing Leafeon lost <abbr title="−57/258">22.1%</abbr> of its health!)</small><br></div><div class="battle-history"><small>Diggersby lost some of its HP!</small><br></div><div class="spacer battle-history"><br></div><div class="battle-history">Diggersby fainted!<br></div><div class="battle-history">The opposing Leafeon used <strong>Synthesis</strong>!<br></div><div class="battle-history"><small>The opposing Leafeon had its HP restored.</small><br></div><div class="spacer battle-history"><br></div><div class="battle-history">Go! Unown (<strong>Unown-Z</strong>)!<br></div><div class="spacer battle-history"><br></div><h2 class="battle-history">Turn 13</h2><div class="spacer battle-history"><br></div><div class="battle-history">The opposing Leafeon used <strong>Knock Off</strong>!<br></div><div class="battle-history"><small>It's super effective!</small><br></div><div class="battle-history"><small>(Unown lost <abbr title="−170/258">65.9%</abbr> of its health!)</small><br></div><div class="battle-history"><small>The opposing Leafeon knocked off Unown's Choice Specs!</small><br></div><div class="spacer battle-history"><br></div><div class="battle-history">Unown fainted!<br></div><div class="spacer battle-history"><br></div><div class="battle-history">Go! Lycanroc (<strong>Lycanroc-Dusk</strong>)!<br></div><div class="spacer battle-history"><br></div><h2 class="battle-history">Turn 14</h2><div class="spacer battle-history"><br></div><div class="battle-history">Lycanroc used <strong>Stone Edge</strong>!<br></div><div class="battle-history"><small>(The opposing Leafeon lost <abbr title="−113/258">43.8%</abbr> of its health!)</small><br></div><div class="battle-history"><small>Lycanroc lost some of its HP!</small><br></div><div class="spacer battle-history"><br></div><div class="battle-history">The opposing Leafeon used <strong>Leaf Blade</strong>!<br></div><div class="battle-history"><small>It's super effective!</small><br></div><div class="battle-history"><small>(Lycanroc lost <abbr title="−234/260">90%</abbr> of its health!)</small><br></div><div class="spacer battle-history"><br></div><div class="battle-history">Lycanroc fainted!<br></div><div class="spacer battle-history"><br></div><div class="battle-history">Go! <strong>Simipour</strong>!<br></div><div class="spacer battle-history"><br></div><h2 class="battle-history">Turn 15</h2><div class="chat chatmessage-wilmabaal"><strong style="color:#cd412b"><small>☆</small><span class="username" data-name="wilmabaal">wilmabaal</span>:</strong> <em>nasty plot</em></div><div class="spacer battle-history"><br></div><div class="battle-history">Simipour used <strong>Ice Beam</strong>!<br></div><div class="battle-history"><small>It's super effective!</small><br></div><div class="battle-history"><small>(The opposing Leafeon lost <abbr title="−78/258">30.2%</abbr> of its health!)</small><br></div><div class="spacer battle-history"><br></div><div class="battle-history">The opposing Leafeon fainted!<br></div><div class="spacer battle-history"><br></div><div class="battle-history">wilmabaal sent out <strong>Celebi</strong>!<br></div><div class="spacer battle-history"><br></div><h2 class="battle-history">Turn 16</h2><div class="spacer battle-history"><br></div><div class="battle-history">Simipour used <strong>Ice Beam</strong>!<br></div><div class="battle-history"><small>It's super effective!</small><br></div><div class="battle-history"><small>(The opposing Celebi lost <abbr title="−120/302">39.7%</abbr> of its health!)</small><br></div><div class="spacer battle-history"><br></div><div class="battle-history">The opposing Celebi used <strong>Psychic</strong>!<br></div><div class="battle-history"><small>(Simipour lost <abbr title="−112/275">40.7%</abbr> of its health!)</small><br></div><div class="spacer battle-history"><br></div><div class="battle-history"><small>Simipour restored a little HP using its Leftovers!</small><br></div><div class="spacer battle-history"><br></div><h2 class="battle-history">Turn 17</h2><div class="spacer battle-history"><br></div><div class="battle-history">Simipour used <strong>Nasty Plot</strong>!<br></div><div class="battle-history"><small>Simipour's Sp. Atk rose sharply!</small><br></div><div class="spacer battle-history"><br></div><div class="battle-history">The opposing Celebi used <strong>Leaf Storm</strong>!<br></div><div class="battle-history"><small>It's super effective!</small><br></div><div class="battle-history"><small>(Simipour lost <abbr title="−180/275">65.5%</abbr> of its health!)</small><br></div><div class="battle-history"><small>The opposing Celebi's Sp. Atk fell harshly!</small><br></div><div class="spacer battle-history"><br></div><div class="battle-history">Simipour fainted!<br></div><div class="spacer battle-history"><br></div><div class="battle-history"><strong>wilmabaal</strong> won the battle!<br></div><div class="chat chatmessage-wilmabaal"><strong style="color:#cd412b"><small>☆</small><span class="username" data-name="wilmabaal">wilmabaal</span>:</strong> <em>nasty plot</em></div></div><div class="inner-preempt message-log"></div></div></div>
</div>
<script>
let daily = Math.floor(Date.now()/1000/60/60/24);document.write('<script src="https://play.pokemonshowdown.com/js/replay-embed.js?version'+daily+'"></'+'script>');
</script>
