<!DOCTYPE html>
<meta charset="utf-8" />
<!-- version 1 -->
<title>[Gen 7] Random Battle replay: hamletofromaj vs. metinplayer</title>
<style>
html,body {font-family:Verdana, sans-serif;font-size:10pt;margin:0;padding:0;}body{padding:12px 0;} .battle-log {font-family:Verdana, sans-serif;font-size:10pt;} .battle-log-inline {border:1px solid #AAAAAA;background:#EEF2F5;color:black;max-width:640px;margin:0 auto 80px;padding-bottom:5px;} .battle-log .inner {padding:4px 8px 0px 8px;} .battle-log .inner-preempt {padding:0 8px 4px 8px;} .battle-log .inner-after {margin-top:0.5em;} .battle-log h2 {margin:0.5em -8px;padding:4px 8px;border:1px solid #AAAAAA;background:#E0E7EA;border-left:0;border-right:0;font-family:Verdana, sans-serif;font-size:13pt;} .battle-log .chat {vertical-align:middle;padding:3px 0 3px 0;font-size:8pt;} .battle-log .chat strong {color:#40576A;} .battle-log .chat em {padding:1px 4px 1px 3px;color:#000000;font-style:normal;} .chat.mine {background:rgba(0,0,0,0.05);margin-left:-8px;margin-right:-8px;padding-left:8px;padding-right:8px;} .spoiler {color:#BBBBBB;background:#BBBBBB;padding:0px 3px;} .spoiler:hover, .spoiler:active, .spoiler-shown {color:#000000;background:#E2E2E2;padding:0px 3px;} .spoiler a {color:#BBBBBB;} .spoiler:hover a, .spoiler:active a, .spoiler-shown a {color:#2288CC;} .chat code, .chat .spoiler:hover code, .chat .spoiler:active code, .chat .spoiler-shown code {border:1px solid #C0C0C0;background:#EEEEEE;color:black;padding:0 2px;} .chat .spoiler code {border:1px solid #CCCCCC;background:#CCCCCC;color:#CCCCCC;} .battle-log .rated {padding:3px 4px;} .battle-log .rated strong {color:white;background:#89A;padding:1px 4px;border-radius:4px;} .spacer {margin-top:0.5em;} .message-announce {background:#6688AA;color:white;padding:1px 4px 2px;} .message-announce a, .broadcast-green a, .broadcast-blue a, .broadcast-red a {color:#DDEEFF;} .broadcast-green {background-color:#559955;color:white;padding:2px 4px;} .broadcast-blue {background-color:#6688AA;color:white;padding:2px 4px;} .infobox {border:1px solid #6688AA;padding:2px 4px;} .infobox-limited {max-height:200px;overflow:auto;overflow-x:hidden;} .broadcast-red {background-color:#AA5544;color:white;padding:2px 4px;} .message-learn-canlearn {font-weight:bold;color:#228822;text-decoration:underline;} .message-learn-cannotlearn {font-weight:bold;color:#CC2222;text-decoration:underline;} .message-effect-weak {font-weight:bold;color:#CC2222;} .message-effect-resist {font-weight:bold;color:#6688AA;} .message-effect-immune {font-weight:bold;color:#666666;} .message-learn-list {margin-top:0;margin-bottom:0;} .message-throttle-notice, .message-error {color:#992222;} .message-overflow, .chat small.message-overflow {font-size:0pt;} .message-overflow::before {font-size:9pt;content:'...';} .subtle {color:#3A4A66;}
</style>
<div class="wrapper replay-wrapper" style="max-width:1180px;margin:0 auto">
<input type="hidden" name="replayid" value="gen7randombattle-2110383455" />
<div class="battle"></div><div class="battle-log"></div><div class="replay-controls"></div><div class="replay-controls-2"></div>
<h1 style="font-weight:normal;text-align:center"><strong>[Gen 7] Random Battle</strong><br /><a href="http://pokemonshowdown.com/users/hamletofromaj" class="subtle" target="_blank">hamletofromaj</a> vs. <a href="http://pokemonshowdown.com/users/metinplayer" class="subtle" target="_blank">metinplayer</a></h1>
<script type="text/plain" class="battle-log-data">|uhtml|medal-msg|<div class="broadcast-blue">Curious what those medals under the avatar are? PS now has Ladder Seasons! For more information, check out the <a href="https:\/\/www.smogon.com\/forums\/threads\/3740067\/">thread on Smogon.<\/a><\/div>
|uhtml|medal-msg|<div class="broadcast-blue">Curious what those medals under the avatar are? PS now has Ladder Seasons! For more information, check out the <a href="https:\/\/www.smogon.com\/forums\/threads\/3740067\/">thread on Smogon.<\/a><\/div>
|j|☆hamletofromaj
|j|☆metinplayer
|t:|1713949420
|gametype|singles
|player|p1|hamletofromaj|hilbert-wonderlauncher|1345
|player|p2|metinplayer|2|1447
|teamsize|p1|6
|teamsize|p2|6
|gen|7
|tier|[Gen 7] Random Battle
|rated|
|rule|Sleep Clause Mod: Limit one foe put to sleep
|rule|HP Percentage Mod: HP is shown in percentages
|rule|Illusion Level Mod: Illusion disguises the Pokémon's true level
|
|t:|1713949420
|start
|switch|p1a: Tauros|Tauros, L84, M|263\/263
|switch|p2a: Manectric|Manectric, L79, F|240\/240
|-ability|p1a: Tauros|Intimidate|boost
|-unboost|p2a: Manectric|atk|1
|turn|1
|
|t:|1713949436
|detailschange|p2a: Manectric|Manectric-Mega, L79, F
|-mega|p2a: Manectric|Manectric|Manectite
|-ability|p2a: Manectric|Intimidate|boost
|-unboost|p1a: Tauros|atk|1
|move|p2a: Manectric|Volt Switch|p1a: Tauros
|-damage|p1a: Tauros|158\/263
|
|t:|1713949444
|switch|p2a: Yanmega|Yanmega, L83, F|277\/277|[from] Volt Switch
|move|p1a: Tauros|Earthquake|p2a: Yanmega
|-immune|p2a: Yanmega
|
|upkeep
|turn|2
|inactive|Battle timer is ON: inactive players will automatically lose when time's up. (requested by metinplayer)
|
|t:|1713949464
|switch|p1a: Flareon|Flareon, L88, M|258\/258
|switch|p2a: Manectric|Manectric-Mega, L79, F|240\/240
|-ability|p2a: Manectric|Intimidate|boost
|-unboost|p1a: Flareon|atk|1
|
|-status|p1a: Flareon|tox|[from] item: Toxic Orb
|upkeep
|turn|3
|
|t:|1713949482
|move|p2a: Manectric|Volt Switch|p1a: Flareon
|-damage|p1a: Flareon|189\/258 tox
|
|t:|1713949486
|switch|p2a: Milotic|Milotic, L84, F|297\/297|[from] Volt Switch
|move|p1a: Flareon|Facade|p2a: Milotic
|-damage|p2a: Milotic|149\/297
|
|-heal|p2a: Milotic|167\/297|[from] item: Leftovers
|-damage|p1a: Flareon|173\/258 tox|[from] psn
|upkeep
|turn|4
|
|t:|1713949513
|switch|p1a: Malamar|Malamar, L82, F|275\/275
|move|p2a: Milotic|Scald|p1a: Malamar
|-crit|p1a: Malamar
|-damage|p1a: Malamar|112\/275
|
|-heal|p2a: Milotic|185\/297|[from] item: Leftovers
|-heal|p1a: Malamar|129\/275|[from] item: Leftovers
|upkeep
|turn|5
|
|t:|1713949527
|move|p2a: Milotic|Scald|p1a: Malamar
|-damage|p1a: Malamar|29\/275
|move|p1a: Malamar|Rest|p1a: Malamar
|-status|p1a: Malamar|slp|[from] move: Rest
|-heal|p1a: Malamar|275\/275 slp|[silent]
|
|-heal|p2a: Milotic|203\/297|[from] item: Leftovers
|upkeep
|turn|6
|
|t:|1713949536
|switch|p2a: Yanmega|Yanmega, L83, F|277\/277
|cant|p1a: Malamar|slp
|
|upkeep
|turn|7
|
|t:|1713949541
|move|p2a: Yanmega|Bug Buzz|p1a: Malamar
|-supereffective|p1a: Malamar
|-damage|p1a: Malamar|0 fnt
|faint|p1a: Malamar
|
|upkeep
|-message|hamletofromaj forfeited.
|
|win|metinplayer
|raw|hamletofromaj's rating: 1345 &rarr; <strong>1331<\/strong><br \/>(-14 for losing)
|raw|metinplayer's rating: 1447 &rarr; <strong>1461<\/strong><br \/>(+14 for winning)
|l|☆hamletofromaj
|player|p1|
</script>
</div>
<div class="battle-log battle-log-inline"><div class="inner"><div class="battle-options"></div><div class="inner message-log"><div class="notice uhtml-medalmsg"><div class="broadcast-blue">Curious what those medals under the avatar are? PS now has Ladder Seasons! For more information, check out the <a href="https://www.smogon.com/forums/threads/3740067/" target="_blank" rel="noopener">thread on Smogon.</a></div></div><div class="chat"><small>☆hamletofromaj and ☆metinplayer joined</small></div><div class=""><small>Format:</small> <br><strong>[Gen 7] Random Battle</strong></div><div class="rated"><strong>Rated battle</strong></div><div class=""><small><em>Sleep Clause Mod:</em> Limit one foe put to sleep</small></div><div class=""><small><em>HP Percentage Mod:</em> HP is shown in percentages</small></div><div class=""><small><em>Illusion Level Mod:</em> Illusion disguises the Pokémon's true level</small></div><div class="spacer battle-history"><br></div><div class="battle-history">Battle started between hamletofromaj and metinplayer!<br></div><div class="spacer battle-history"><br></div><div class="battle-history">Go! <strong>Tauros</strong>!<br></div><div class="spacer battle-history"><br></div><div class="battle-history">metinplayer sent out <strong>Manectric</strong>!<br></div><div class="battle-history">[Tauros's Intimidate]<br></div><div class="battle-history"><small>The opposing Manectric's Attack fell!</small><br></div><div class="spacer battle-history"><br></div><h2 class="battle-history">Turn 1</h2><div class="spacer battle-history"><br></div><div class="battle-history"><small>The opposing Manectric's Manectite is reacting to the Key Stone!</small><br>The opposing Manectric has Mega Evolved into Mega Manectric!<br></div><div class="battle-history">[The opposing Manectric's Intimidate]<br></div><div class="battle-history"><small>Tauros's Attack fell!</small><br></div><div class="spacer battle-history"><br></div><div class="battle-history">The opposing Manectric used <strong>Volt Switch</strong>!<br></div><div class="battle-history"><small>(Tauros lost <abbr title="−105/263">39.9%</abbr> of its health!)</small><br></div><div class="spacer battle-history"><br></div><div class="battle-history">The opposing Manectric went back to metinplayer!<br></div><div class="battle-history">metinplayer sent out <strong>Yanmega</strong>!<br></div><div class="spacer battle-history"><br></div><div class="battle-history">Tauros used <strong>Earthquake</strong>!<br></div><div class="battle-history"><small>It doesn't affect the opposing Yanmega...</small><br></div><div class="spacer battle-history"><br></div><h2 class="battle-history">Turn 2</h2><div class="chat message-error">Battle timer is ON: inactive players will automatically lose when time's up. (requested by metinplayer)</div><div class="spacer battle-history"><br></div><div class="battle-history">Tauros, come back!<br></div><div class="battle-history">Go! <strong>Flareon</strong>!<br></div><div class="spacer battle-history"><br></div><div class="battle-history">metinplayer withdrew Yanmega!<br></div><div class="battle-history">metinplayer sent out Manectric (<strong>Manectric-Mega</strong>)!<br></div><div class="battle-history">[The opposing Manectric's Intimidate]<br></div><div class="battle-history"><small>Flareon's Attack fell!</small><br></div><div class="spacer battle-history"><br></div><div class="battle-history"><small>Flareon was badly poisoned!</small><br></div><div class="spacer battle-history"><br></div><h2 class="battle-history">Turn 3</h2><div class="spacer battle-history"><br></div><div class="battle-history">The opposing Manectric used <strong>Volt Switch</strong>!<br></div><div class="battle-history"><small>(Flareon lost <abbr title="−69/258">26.7%</abbr> of its health!)</small><br></div><div class="spacer battle-history"><br></div><div class="battle-history">The opposing Manectric went back to metinplayer!<br></div><div class="battle-history">metinplayer sent out <strong>Milotic</strong>!<br></div><div class="spacer battle-history"><br></div><div class="battle-history">Flareon used <strong>Facade</strong>!<br></div><div class="battle-history"><small>(The opposing Milotic lost <abbr title="−148/297">49.8%</abbr> of its health!)</small><br></div><div class="spacer battle-history"><br></div><div class="battle-history"><small>The opposing Milotic restored a little HP using its Leftovers!</small><br></div><div class="battle-history"><small>Flareon was hurt by poison!</small><br></div><div class="spacer battle-history"><br></div><h2 class="battle-history">Turn 4</h2><div class="spacer battle-history"><br></div><div class="battle-history">Flareon, come back!<br></div><div class="battle-history">Go! <strong>Malamar</strong>!<br></div><div class="spacer battle-history"><br></div><div class="battle-history">The opposing Milotic used <strong>Scald</strong>!<br></div><div class="battle-history"><small>A critical hit!</small><br></div><div class="battle-history"><small>(Malamar lost <abbr title="−163/275">59.3%</abbr> of its health!)</small><br></div><div class="spacer battle-history"><br></div><div class="battle-history"><small>The opposing Milotic restored a little HP using its Leftovers!</small><br></div><div class="battle-history"><small>Malamar restored a little HP using its Leftovers!</small><br></div><div class="spacer battle-history"><br></div><h2 class="battle-history">Turn 5</h2><div class="spacer battle-history"><br></div><div class="battle-history">The opposing Milotic used <strong>Scald</strong>!<br></div><div class="battle-history"><small>(Malamar lost <abbr title="−100/275">36.4%</abbr> of its health!)</small><br></div><div class="spacer battle-history"><br></div><div class="battle-history">Malamar used <strong>Rest</strong>!<br></div><div class="battle-history"><small>Malamar slept and became healthy!</small><br></div><div class="spacer battle-history"><br></div><div class="battle-history"><small>The opposing Milotic restored a little HP using its Leftovers!</small><br></div><div class="spacer battle-history"><br></div><h2 class="battle-history">Turn 6</h2><div class="spacer battle-history"><br></div><div class="battle-history">metinplayer withdrew Milotic!<br></div><div class="battle-history">metinplayer sent out <strong>Yanmega</strong>!<br></div><div class="spacer battle-history"><br></div><div class="battle-history">Malamar is fast asleep.<br></div><div class="spacer battle-history"><br></div><h2 class="battle-history">Turn 7</h2><div class="spacer battle-history"><br></div><div class="battle-history">The opposing Yanmega used <strong>Bug Buzz</strong>!<br></div><div class="battle-history"><small>It's super effective!</small><br></div><div class="battle-history"><small>(Malamar lost <abbr title="−275/275">100%</abbr> of its health!)</small><br></div><div class="spacer battle-history"><br></div><div class="battle-history">Malamar fainted!<br></div><div class="spacer battle-history"><br></div><div class="battle-history"><small>hamletofromaj forfeited.</small><br></div><div class="spacer battle-history"><br></div><div class="battle-history"><strong>metinplayer</strong> won the battle!<br></div><div class="chat">hamletofromaj's rating: 1345 → <strong>1331</strong><br>(-14 for losing)</div><div class="chat">metinplayer's rating: 1447 → <strong>1461</strong><br>(+14 for winning)</div><div class="chat"><small>☆hamletofromaj left</small></div></div><div class="inner-preempt message-log"></div></div></div>
</div>
<script>
let daily = Math.floor(Date.now()/1000/60/60/24);document.write('<script src="https://play.pokemonshowdown.com/js/replay-embed.js?version'+daily+'"></'+'script>');
</script>
