<!DOCTYPE html>
<meta charset="utf-8" />
<!-- version 1 -->
<title>[Gen 7] Random Battle replay: merchingftw2 vs. sg2004</title>
<style>
html,body {font-family:Verdana, sans-serif;font-size:10pt;margin:0;padding:0;}body{padding:12px 0;} .battle-log {font-family:Verdana, sans-serif;font-size:10pt;} .battle-log-inline {border:1px solid #AAAAAA;background:#EEF2F5;color:black;max-width:640px;margin:0 auto 80px;padding-bottom:5px;} .battle-log .inner {padding:4px 8px 0px 8px;} .battle-log .inner-preempt {padding:0 8px 4px 8px;} .battle-log .inner-after {margin-top:0.5em;} .battle-log h2 {margin:0.5em -8px;padding:4px 8px;border:1px solid #AAAAAA;background:#E0E7EA;border-left:0;border-right:0;font-family:Verdana, sans-serif;font-size:13pt;} .battle-log .chat {vertical-align:middle;padding:3px 0 3px 0;font-size:8pt;} .battle-log .chat strong {color:#40576A;} .battle-log .chat em {padding:1px 4px 1px 3px;color:#000000;font-style:normal;} .chat.mine {background:rgba(0,0,0,0.05);margin-left:-8px;margin-right:-8px;padding-left:8px;padding-right:8px;} .spoiler {color:#BBBBBB;background:#BBBBBB;padding:0px 3px;} .spoiler:hover, .spoiler:active, .spoiler-shown {color:#000000;background:#E2E2E2;padding:0px 3px;} .spoiler a {color:#BBBBBB;} .spoiler:hover a, .spoiler:active a, .spoiler-shown a {color:#2288CC;} .chat code, .chat .spoiler:hover code, .chat .spoiler:active code, .chat .spoiler-shown code {border:1px solid #C0C0C0;background:#EEEEEE;color:black;padding:0 2px;} .chat .spoiler code {border:1px solid #CCCCCC;background:#CCCCCC;color:#CCCCCC;} .battle-log .rated {padding:3px 4px;} .battle-log .rated strong {color:white;background:#89A;padding:1px 4px;border-radius:4px;} .spacer {margin-top:0.5em;} .message-announce {background:#6688AA;color:white;padding:1px 4px 2px;} .message-announce a, .broadcast-green a, .broadcast-blue a, .broadcast-red a {color:#DDEEFF;} .broadcast-green {background-color:#559955;color:white;padding:2px 4px;} .broadcast-blue {background-color:#6688AA;color:white;padding:2px 4px;} .infobox {border:1px solid #6688AA;padding:2px 4px;} .infobox-limited {max-height:200px;overflow:auto;overflow-x:hidden;} .broadcast-red {background-color:#AA5544;color:white;padding:2px 4px;} .message-learn-canlearn {font-weight:bold;color:#228822;text-decoration:underline;} .message-learn-cannotlearn {font-weight:bold;color:#CC2222;text-decoration:underline;} .message-effect-weak {font-weight:bold;color:#CC2222;} .message-effect-resist {font-weight:bold;color:#6688AA;} .message-effect-immune {font-weight:bold;color:#666666;} .message-learn-list {margin-top:0;margin-bottom:0;} .message-throttle-notice, .message-error {color:#992222;} .message-overflow, .chat small.message-overflow {font-size:0pt;} .message-overflow::before {font-size:9pt;content:'...';} .subtle {color:#3A4A66;}
</style>
<div class="wrapper replay-wrapper" style="max-width:1180px;margin:0 auto">
<input type="hidden" name="replayid" value="gen7randombattle-2025472309" />
<div class="battle"></div><div class="battle-log"></div><div class="replay-controls"></div><div class="replay-controls-2"></div>
<h1 style="font-weight:normal;text-align:center"><strong>[Gen 7] Random Battle</strong><br /><a href="http://pokemonshowdown.com/users/merchingftw2" class="subtle" target="_blank">merchingftw2</a> vs. <a href="http://pokemonshowdown.com/users/sg2004" class="subtle" target="_blank">sg2004</a></h1>
<script type="text/plain" class="battle-log-data">|j|☆merchingftw2
|j|☆sg2004
|t:|1704220890
|gametype|singles
|player|p1|merchingftw2|2|1684
|player|p2|sg2004|nate|1598
|teamsize|p1|6
|teamsize|p2|6
|gen|7
|tier|[Gen 7] Random Battle
|rated|
|rule|Sleep Clause Mod: Limit one foe put to sleep
|rule|HP Percentage Mod: HP is shown in percentages
|rule|Illusion Level Mod: Illusion disguises the Pokémon's true level
|
|t:|1704220890
|start
|switch|p1a: Comfey|Comfey, L88, M|233\/233
|switch|p2a: Octillery|Octillery, L91, F|284\/284
|turn|1
|inactive|Battle timer is ON: inactive players will automatically lose when time's up. (requested by sg2004)
|
|t:|1704220911
|switch|p1a: Genesect|Genesect, L76|233\/233
|-ability|p1a: Genesect|Download|boost
|-boost|p1a: Genesect|spa|1
|move|p2a: Octillery|Gunk Shot|p1a: Genesect
|-immune|p1a: Genesect
|
|upkeep
|turn|2
|
|t:|1704220919
|move|p1a: Genesect|U-turn|p2a: Octillery
|-damage|p2a: Octillery|161\/284
|
|t:|1704220930
|switch|p1a: Comfey|Comfey, L88, M|233\/233|[from] U-turn
|move|p2a: Octillery|Hydro Pump|p1a: Comfey
|-damage|p1a: Comfey|72\/233
|-damage|p2a: Octillery|133\/284|[from] item: Life Orb
|
|upkeep
|turn|3
|
|t:|1704220939
|move|p1a: Comfey|Giga Drain|p2a: Octillery
|-supereffective|p2a: Octillery
|-damage|p2a: Octillery|0 fnt
|-heal|p1a: Comfey|139\/233|[from] drain|[of] p2a: Octillery
|faint|p2a: Octillery
|-damage|p1a: Comfey|116\/233|[from] item: Life Orb
|
|upkeep
|
|t:|1704220957
|switch|p2a: Genesect|Genesect, L76|233\/233
|-ability|p2a: Genesect|Download|boost
|-boost|p2a: Genesect|atk|1
|turn|4
|
|t:|1704220983
|move|p1a: Comfey|Draining Kiss|p2a: Genesect
|-resisted|p2a: Genesect
|-damage|p2a: Genesect|201\/233
|-heal|p1a: Comfey|140\/233|[from] drain|[of] p2a: Genesect
|-damage|p1a: Comfey|117\/233|[from] item: Life Orb
|move|p2a: Genesect|Flamethrower|p1a: Comfey
|-damage|p1a: Comfey|63\/233
|-status|p1a: Comfey|brn
|
|-damage|p1a: Comfey|49\/233 brn|[from] brn
|upkeep
|turn|5
|inactive|merchingftw2 has 120 seconds left.
|
|t:|1704221002
|switch|p1a: Solrock|Solrock, L89|305\/305
|move|p2a: Genesect|Flamethrower|p1a: Solrock
|-resisted|p1a: Solrock
|-damage|p1a: Solrock|266\/305
|
|-heal|p1a: Solrock|285\/305|[from] item: Leftovers
|upkeep
|turn|6
|
|t:|1704221010
|switch|p2a: Carnivine|Carnivine, L97, F|301\/301
|move|p1a: Solrock|Stealth Rock|p2a: Carnivine
|-sidestart|p2: sg2004|move: Stealth Rock
|
|-heal|p1a: Solrock|304\/305|[from] item: Leftovers
|upkeep
|turn|7
|
|t:|1704221018
|switch|p1a: Comfey|Comfey, L88, M|49\/233 brn
|move|p2a: Carnivine|Sleep Powder||[still]
|-fail|p2a: Carnivine
|
|-damage|p1a: Comfey|35\/233 brn|[from] brn
|upkeep
|turn|8
|
|t:|1704221027
|switch|p1a: Genesect|Genesect, L76|233\/233
|-ability|p1a: Genesect|Download|boost
|-boost|p1a: Genesect|spa|1
|move|p2a: Carnivine|Power Whip|p1a: Genesect
|-resisted|p1a: Genesect
|-damage|p1a: Genesect|191\/233
|
|upkeep
|turn|9
|
|t:|1704221043
|move|p1a: Genesect|U-turn|p2a: Carnivine
|-supereffective|p2a: Carnivine
|-damage|p2a: Carnivine|89\/301
|
|t:|1704221045
|switch|p1a: Comfey|Comfey, L88, M|35\/233 brn|[from] U-turn
|move|p2a: Carnivine|Defog|p1a: Comfey
|-unboost|p1a: Comfey|evasion|1
|-sideend|p2: sg2004|Stealth Rock|[from] move: Defog|[of] p2a: Carnivine
|
|-heal|p2a: Carnivine|107\/301|[from] item: Leftovers
|-damage|p1a: Comfey|21\/233 brn|[from] brn
|upkeep
|turn|10
|
|t:|1704221051
|move|p1a: Comfey|Draining Kiss|p2a: Carnivine
|-damage|p2a: Carnivine|39\/301
|-heal|p1a: Comfey|72\/233 brn|[from] drain|[of] p2a: Carnivine
|-damage|p1a: Comfey|49\/233 brn|[from] item: Life Orb
|move|p2a: Carnivine|Power Whip|p1a: Comfey
|-damage|p1a: Comfey|0 fnt
|faint|p1a: Comfey
|
|-heal|p2a: Carnivine|57\/301|[from] item: Leftovers
|upkeep
|
|t:|1704221062
|switch|p1a: Genesect|Genesect, L76|191\/233
|-ability|p1a: Genesect|Download|boost
|-boost|p1a: Genesect|spa|1
|turn|11
|
|t:|1704221066
|switch|p2a: Genesect|Genesect, L76|201\/233
|-ability|p2a: Genesect|Download|boost
|-boost|p2a: Genesect|spa|1
|move|p1a: Genesect|Blaze Kick|p2a: Genesect
|-supereffective|p2a: Genesect
|-damage|p2a: Genesect|0 fnt
|faint|p2a: Genesect
|
|upkeep
|
|t:|1704221083
|switch|p2a: Volcanion|Volcanion, L82|265\/265
|turn|12
|
|t:|1704221091
|switch|p1a: Chansey|Chansey, L86, F|570\/570
|move|p2a: Volcanion|Substitute|p2a: Volcanion
|-start|p2a: Volcanion|Substitute
|-damage|p2a: Volcanion|199\/265
|
|-heal|p2a: Volcanion|215\/265|[from] item: Leftovers
|upkeep
|turn|13
|
|t:|1704221106
|switch|p1a: Solrock|Solrock, L89|304\/305
|move|p2a: Volcanion|Earth Power|p1a: Solrock
|-immune|p1a: Solrock|[from] ability: Levitate
|
|-heal|p1a: Solrock|305\/305|[from] item: Leftovers
|-heal|p2a: Volcanion|231\/265|[from] item: Leftovers
|upkeep
|turn|14
|
|t:|1704221112
|switch|p1a: Chansey|Chansey, L86, F|570\/570
|move|p2a: Volcanion|Steam Eruption|p1a: Chansey
|-damage|p1a: Chansey|489\/570
|-status|p1a: Chansey|brn
|
|-heal|p2a: Volcanion|247\/265|[from] item: Leftovers
|-damage|p1a: Chansey|454\/570 brn|[from] brn
|upkeep
|turn|15
|
|t:|1704221118
|move|p2a: Volcanion|Earth Power|p1a: Chansey
|-damage|p1a: Chansey|413\/570 brn
|move|p1a: Chansey|Seismic Toss|p2a: Volcanion
|-end|p2a: Volcanion|Substitute
|
|-heal|p2a: Volcanion|263\/265|[from] item: Leftovers
|-damage|p1a: Chansey|378\/570 brn|[from] brn
|upkeep
|turn|16
|
|t:|1704221124
|switch|p2a: Dhelmise|Dhelmise, L90|272\/272
|move|p1a: Chansey|Seismic Toss|p2a: Dhelmise
|-immune|p2a: Dhelmise
|
|-damage|p1a: Chansey|343\/570 brn|[from] brn
|upkeep
|turn|17
|
|t:|1704221131
|-curestatus|p1a: Chansey|brn|[from] ability: Natural Cure
|switch|p1a: Masquerain|Masquerain, L86, M|261\/261
|-ability|p1a: Masquerain|Intimidate|boost
|-unboost|p2a: Dhelmise|atk|1
|move|p2a: Dhelmise|Knock Off|p1a: Masquerain
|-damage|p1a: Masquerain|141\/261
|-enditem|p1a: Masquerain|Leftovers|[from] move: Knock Off|[of] p2a: Dhelmise
|-damage|p2a: Dhelmise|245\/272|[from] item: Life Orb
|
|upkeep
|turn|18
|
|t:|1704221142
|switch|p2a: Carnivine|Carnivine, L97, F|57\/301
|move|p1a: Masquerain|Air Slash|p2a: Carnivine
|-supereffective|p2a: Carnivine
|-damage|p2a: Carnivine|0 fnt
|faint|p2a: Carnivine
|
|upkeep
|
|t:|1704221153
|switch|p2a: Tapu Koko|Tapu Koko, L77|234\/234
|-fieldstart|move: Electric Terrain|[from] ability: Electric Surge|[of] p2a: Tapu Koko
|turn|19
|
|t:|1704221162
|switch|p1a: Nidoqueen|Nidoqueen, L83, F|285\/285
|move|p2a: Tapu Koko|U-turn|p1a: Nidoqueen
|-resisted|p1a: Nidoqueen
|-damage|p1a: Nidoqueen|260\/285
|
|t:|1704221171
|switch|p2a: Volcanion|Volcanion, L82|263\/265|[from] U-turn
|
|-heal|p2a: Volcanion|265\/265|[from] item: Leftovers
|upkeep
|turn|20
|
|t:|1704221181
|switch|p1a: Chansey|Chansey, L86, F|343\/570
|move|p2a: Volcanion|Steam Eruption|p1a: Chansey
|-damage|p1a: Chansey|267\/570
|-status|p1a: Chansey|brn
|
|-damage|p1a: Chansey|232\/570 brn|[from] brn
|upkeep
|turn|21
|
|t:|1704221186
|move|p2a: Volcanion|Substitute|p2a: Volcanion
|-start|p2a: Volcanion|Substitute
|-damage|p2a: Volcanion|199\/265
|move|p1a: Chansey|Toxic||[still]
|-fail|p1a: Chansey
|
|-heal|p2a: Volcanion|215\/265|[from] item: Leftovers
|-damage|p1a: Chansey|197\/570 brn|[from] brn
|upkeep
|turn|22
|
|t:|1704221196
|move|p2a: Volcanion|Earth Power|p1a: Chansey
|-damage|p1a: Chansey|152\/570 brn
|move|p1a: Chansey|Wish|p1a: Chansey
|
|-heal|p2a: Volcanion|231\/265|[from] item: Leftovers
|-damage|p1a: Chansey|117\/570 brn|[from] brn
|upkeep
|turn|23
|
|t:|1704221204
|move|p2a: Volcanion|Steam Eruption|p1a: Chansey
|-damage|p1a: Chansey|33\/570 brn
|move|p1a: Chansey|Seismic Toss|p2a: Volcanion
|-end|p2a: Volcanion|Substitute
|
|-heal|p1a: Chansey|318\/570 brn|[from] move: Wish|[wisher] Chansey
|-heal|p2a: Volcanion|247\/265|[from] item: Leftovers
|-damage|p1a: Chansey|283\/570 brn|[from] brn
|-fieldend|move: Electric Terrain
|upkeep
|turn|24
|
|t:|1704221212
|move|p2a: Volcanion|Substitute|p2a: Volcanion
|-start|p2a: Volcanion|Substitute
|-damage|p2a: Volcanion|181\/265
|move|p1a: Chansey|Toxic||[still]
|-fail|p1a: Chansey
|
|-heal|p2a: Volcanion|197\/265|[from] item: Leftovers
|-damage|p1a: Chansey|248\/570 brn|[from] brn
|upkeep
|turn|25
|
|t:|1704221218
|move|p2a: Volcanion|Earth Power|p1a: Chansey
|-damage|p1a: Chansey|201\/570 brn
|move|p1a: Chansey|Wish|p1a: Chansey
|
|-heal|p2a: Volcanion|213\/265|[from] item: Leftovers
|-damage|p1a: Chansey|166\/570 brn|[from] brn
|upkeep
|turn|26
|
|t:|1704221224
|move|p2a: Volcanion|Fire Blast|p1a: Chansey
|-damage|p1a: Chansey|90\/570 brn
|move|p1a: Chansey|Seismic Toss|p2a: Volcanion
|-end|p2a: Volcanion|Substitute
|
|-heal|p1a: Chansey|375\/570 brn|[from] move: Wish|[wisher] Chansey
|-heal|p2a: Volcanion|229\/265|[from] item: Leftovers
|-damage|p1a: Chansey|340\/570 brn|[from] brn
|upkeep
|turn|27
|
|t:|1704221232
|move|p2a: Volcanion|Substitute|p2a: Volcanion
|-start|p2a: Volcanion|Substitute
|-damage|p2a: Volcanion|163\/265
|move|p1a: Chansey|Wish|p1a: Chansey
|
|-heal|p2a: Volcanion|179\/265|[from] item: Leftovers
|-damage|p1a: Chansey|305\/570 brn|[from] brn
|upkeep
|turn|28
|
|t:|1704221238
|move|p2a: Volcanion|Earth Power|p1a: Chansey
|-damage|p1a: Chansey|262\/570 brn
|move|p1a: Chansey|Seismic Toss|p2a: Volcanion
|-end|p2a: Volcanion|Substitute
|
|-heal|p1a: Chansey|547\/570 brn|[from] move: Wish|[wisher] Chansey
|-heal|p2a: Volcanion|195\/265|[from] item: Leftovers
|-damage|p1a: Chansey|512\/570 brn|[from] brn
|upkeep
|turn|29
|
|t:|1704221246
|move|p2a: Volcanion|Substitute|p2a: Volcanion
|-start|p2a: Volcanion|Substitute
|-damage|p2a: Volcanion|129\/265
|move|p1a: Chansey|Toxic||[still]
|-fail|p1a: Chansey
|
|-heal|p2a: Volcanion|145\/265|[from] item: Leftovers
|-damage|p1a: Chansey|477\/570 brn|[from] brn
|upkeep
|turn|30
|
|t:|1704221251
|move|p2a: Volcanion|Earth Power|p1a: Chansey
|-damage|p1a: Chansey|432\/570 brn
|move|p1a: Chansey|Seismic Toss|p2a: Volcanion
|-end|p2a: Volcanion|Substitute
|
|-heal|p2a: Volcanion|161\/265|[from] item: Leftovers
|-damage|p1a: Chansey|397\/570 brn|[from] brn
|upkeep
|turn|31
|
|t:|1704221259
|switch|p2a: Dhelmise|Dhelmise, L90|245\/272
|move|p1a: Chansey|Wish|p1a: Chansey
|
|-damage|p1a: Chansey|362\/570 brn|[from] brn
|upkeep
|turn|32
|
|t:|1704221268
|-curestatus|p1a: Chansey|brn|[from] ability: Natural Cure
|switch|p1a: Genesect|Genesect, L76|191\/233
|-ability|p1a: Genesect|Download|boost
|-boost|p1a: Genesect|spa|1
|move|p2a: Dhelmise|Anchor Shot|p1a: Genesect
|-resisted|p1a: Genesect
|-damage|p1a: Genesect|105\/233
|-activate|p1a: Genesect|trapped
|-damage|p2a: Dhelmise|218\/272|[from] item: Life Orb
|
|-heal|p1a: Genesect|233\/233|[from] move: Wish|[wisher] Chansey
|upkeep
|turn|33
|
|t:|1704221288
|move|p1a: Genesect|U-turn|p2a: Dhelmise
|-damage|p2a: Dhelmise|130\/272
|inactive|merchingftw2 has 120 seconds left.
|
|t:|1704221308
|switch|p1a: Chansey|Chansey, L86, F|362\/570|[from] U-turn
|move|p2a: Dhelmise|Synthesis|p2a: Dhelmise
|-heal|p2a: Dhelmise|266\/272
|
|upkeep
|turn|34
|inactive|merchingftw2 has 120 seconds left.
|
|t:|1704221320
|move|p1a: Chansey|Toxic|p2a: Dhelmise
|-status|p2a: Dhelmise|tox
|move|p2a: Dhelmise|Anchor Shot|p1a: Chansey
|-damage|p1a: Chansey|0 fnt
|faint|p1a: Chansey
|-damage|p2a: Dhelmise|239\/272 tox|[from] item: Life Orb
|
|-damage|p2a: Dhelmise|222\/272 tox|[from] psn
|upkeep
|inactive|merchingftw2 has 120 seconds left.
|
|t:|1704221332
|switch|p1a: Masquerain|Masquerain, L86, M|141\/261
|-ability|p1a: Masquerain|Intimidate|boost
|-unboost|p2a: Dhelmise|atk|1
|turn|35
|inactive|merchingftw2 has 120 seconds left.
|
|t:|1704221354
|switch|p2a: Tapu Koko|Tapu Koko, L77|234\/234
|-fieldstart|move: Electric Terrain|[from] ability: Electric Surge|[of] p2a: Tapu Koko
|move|p1a: Masquerain|Air Slash|p2a: Tapu Koko
|-resisted|p2a: Tapu Koko
|-damage|p2a: Tapu Koko|198\/234
|
|upkeep
|turn|36
|
|t:|1704221363
|switch|p1a: Nidoqueen|Nidoqueen, L83, F|260\/285
|move|p2a: Tapu Koko|Brave Bird|p1a: Nidoqueen
|-damage|p1a: Nidoqueen|179\/285
|-damage|p2a: Tapu Koko|171\/234|[from] Recoil
|
|upkeep
|turn|37
|inactive|merchingftw2 has 120 seconds left.
|
|t:|1704221369
|move|p2a: Tapu Koko|U-turn|p1a: Nidoqueen
|-resisted|p1a: Nidoqueen
|-damage|p1a: Nidoqueen|156\/285
|
|t:|1704221372
|switch|p2a: Dhelmise|Dhelmise, L90|222\/272 tox|[from] U-turn
|move|p1a: Nidoqueen|Sludge Wave|p2a: Dhelmise
|-damage|p2a: Dhelmise|97\/272 tox
|
|-damage|p2a: Dhelmise|80\/272 tox|[from] psn
|upkeep
|turn|38
|
|t:|1704221381
|move|p1a: Nidoqueen|Sludge Wave|p2a: Dhelmise
|-damage|p2a: Dhelmise|0 fnt
|faint|p2a: Dhelmise
|
|upkeep
|
|t:|1704221383
|switch|p2a: Volcanion|Volcanion, L82|161\/265
|turn|39
|
|t:|1704221388
|move|p1a: Nidoqueen|Earth Power|p2a: Volcanion
|-supereffective|p2a: Volcanion
|-damage|p2a: Volcanion|0 fnt
|faint|p2a: Volcanion
|
|-fieldend|move: Electric Terrain
|upkeep
|
|t:|1704221391
|switch|p2a: Tapu Koko|Tapu Koko, L77|171\/234
|-fieldstart|move: Electric Terrain|[from] ability: Electric Surge|[of] p2a: Tapu Koko
|turn|40
|
|t:|1704221398
|move|p2a: Tapu Koko|Brave Bird|p1a: Nidoqueen
|-damage|p1a: Nidoqueen|73\/285
|-damage|p2a: Tapu Koko|144\/234|[from] Recoil
|move|p1a: Nidoqueen|Sludge Wave|p2a: Tapu Koko
|-supereffective|p2a: Tapu Koko
|-damage|p2a: Tapu Koko|0 fnt
|faint|p2a: Tapu Koko
|
|win|merchingftw2
|raw|merchingftw2's rating: 1684 &rarr; <strong>1699<\/strong><br \/>(+15 for winning)
|raw|sg2004's rating: 1598 &rarr; <strong>1583<\/strong><br \/>(-15 for losing)
</script>
</div>
<div class="battle-log battle-log-inline"><div class="inner"><div class="battle-options"></div><div class="inner message-log"><div class="chat"><small>☆merchingftw2 and ☆sg2004 joined</small></div><div class=""><small>Format:</small> <br><strong>[Gen 7] Random Battle</strong></div><div class="rated"><strong>Rated battle</strong></div><div class=""><small><em>Sleep Clause Mod:</em> Limit one foe put to sleep</small></div><div class=""><small><em>HP Percentage Mod:</em> HP is shown in percentages</small></div><div class=""><small><em>Illusion Level Mod:</em> Illusion disguises the Pokémon's true level</small></div><div class="spacer battle-history"><br></div><div class="battle-history">Battle started between merchingftw2 and sg2004!<br></div><div class="spacer battle-history"><br></div><div class="battle-history">Go! <strong>Comfey</strong>!<br></div><div class="spacer battle-history"><br></div><div class="battle-history">sg2004 sent out <strong>Octillery</strong>!<br></div><div class="spacer battle-history"><br></div><h2 class="battle-history">Turn 1</h2><div class="chat message-error">Battle timer is ON: inactive players will automatically lose when time's up. (requested by sg2004)</div><div class="spacer battle-history"><br></div><div class="battle-history">Comfey, come back!<br></div><div class="battle-history">Go! <strong>Genesect</strong>!<br></div><div class="battle-history">[Genesect's Download]<br></div><div class="battle-history"><small>Genesect's Sp. Atk rose!</small><br></div><div class="spacer battle-history"><br></div><div class="battle-history">The opposing Octillery used <strong>Gunk Shot</strong>!<br></div><div class="battle-history"><small>It doesn't affect Genesect...</small><br></div><div class="spacer battle-history"><br></div><h2 class="battle-history">Turn 2</h2><div class="spacer battle-history"><br></div><div class="battle-history">Genesect used <strong>U-turn</strong>!<br></div><div class="battle-history"><small>(The opposing Octillery lost <abbr title="−123/284">43.3%</abbr> of its health!)</small><br></div><div class="spacer battle-history"><br></div><div class="battle-history">Genesect went back to merchingftw2!<br></div><div class="battle-history">Go! <strong>Comfey</strong>!<br></div><div class="spacer battle-history"><br></div><div class="battle-history">The opposing Octillery used <strong>Hydro Pump</strong>!<br></div><div class="battle-history"><small>(Comfey lost <abbr title="−161/233">69.1%</abbr> of its health!)</small><br></div><div class="battle-history"><small>The opposing Octillery lost some of its HP!</small><br></div><div class="spacer battle-history"><br></div><h2 class="battle-history">Turn 3</h2><div class="spacer battle-history"><br></div><div class="battle-history">Comfey used <strong>Giga Drain</strong>!<br></div><div class="battle-history"><small>It's super effective!</small><br></div><div class="battle-history"><small>(The opposing Octillery lost <abbr title="−133/284">46.8%</abbr> of its health!)</small><br></div><div class="battle-history"><small>The opposing Octillery had its energy drained!</small><br></div><div class="spacer battle-history"><br></div><div class="battle-history">The opposing Octillery fainted!<br></div><div class="battle-history"><small>Comfey lost some of its HP!</small><br></div><div class="spacer battle-history"><br></div><div class="battle-history">sg2004 sent out <strong>Genesect</strong>!<br></div><div class="battle-history">[The opposing Genesect's Download]<br></div><div class="battle-history"><small>The opposing Genesect's Attack rose!</small><br></div><div class="spacer battle-history"><br></div><h2 class="battle-history">Turn 4</h2><div class="spacer battle-history"><br></div><div class="battle-history">Comfey used <strong>Draining Kiss</strong>!<br></div><div class="battle-history"><small>It's not very effective...</small><br></div><div class="battle-history"><small>(The opposing Genesect lost <abbr title="−32/233">13.7%</abbr> of its health!)</small><br></div><div class="battle-history"><small>The opposing Genesect had its energy drained!</small><br></div><div class="battle-history"><small>Comfey lost some of its HP!</small><br></div><div class="spacer battle-history"><br></div><div class="battle-history">The opposing Genesect used <strong>Flamethrower</strong>!<br></div><div class="battle-history"><small>(Comfey lost <abbr title="−54/233">23.2%</abbr> of its health!)</small><br></div><div class="battle-history"><small>Comfey was burned!</small><br></div><div class="spacer battle-history"><br></div><div class="battle-history"><small>Comfey was hurt by its burn!</small><br></div><div class="spacer battle-history"><br></div><h2 class="battle-history">Turn 5</h2><div class="chat message-error">merchingftw2 has 120 seconds left.</div><div class="spacer battle-history"><br></div><div class="battle-history">Comfey, come back!<br></div><div class="battle-history">Go! <strong>Solrock</strong>!<br></div><div class="spacer battle-history"><br></div><div class="battle-history">The opposing Genesect used <strong>Flamethrower</strong>!<br></div><div class="battle-history"><small>It's not very effective...</small><br></div><div class="battle-history"><small>(Solrock lost <abbr title="−39/305">12.8%</abbr> of its health!)</small><br></div><div class="spacer battle-history"><br></div><div class="battle-history"><small>Solrock restored a little HP using its Leftovers!</small><br></div><div class="spacer battle-history"><br></div><h2 class="battle-history">Turn 6</h2><div class="spacer battle-history"><br></div><div class="battle-history">sg2004 withdrew Genesect!<br></div><div class="battle-history">sg2004 sent out <strong>Carnivine</strong>!<br></div><div class="spacer battle-history"><br></div><div class="battle-history">Solrock used <strong>Stealth Rock</strong>!<br></div><div class="battle-history"><small>Pointed stones float in the air around the opposing team!</small><br></div><div class="spacer battle-history"><br></div><div class="battle-history"><small>Solrock restored a little HP using its Leftovers!</small><br></div><div class="spacer battle-history"><br></div><h2 class="battle-history">Turn 7</h2><div class="spacer battle-history"><br></div><div class="battle-history">Solrock, come back!<br></div><div class="battle-history">Go! <strong>Comfey</strong>!<br></div><div class="spacer battle-history"><br></div><div class="battle-history">The opposing Carnivine used <strong>Sleep Powder</strong>!<br></div><div class="battle-history"><small>But it failed!</small><br></div><div class="spacer battle-history"><br></div><div class="battle-history"><small>Comfey was hurt by its burn!</small><br></div><div class="spacer battle-history"><br></div><h2 class="battle-history">Turn 8</h2><div class="spacer battle-history"><br></div><div class="battle-history">Comfey, come back!<br></div><div class="battle-history">Go! <strong>Genesect</strong>!<br></div><div class="battle-history">[Genesect's Download]<br></div><div class="battle-history"><small>Genesect's Sp. Atk rose!</small><br></div><div class="spacer battle-history"><br></div><div class="battle-history">The opposing Carnivine used <strong>Power Whip</strong>!<br></div><div class="battle-history"><small>It's not very effective...</small><br></div><div class="battle-history"><small>(Genesect lost <abbr title="−42/233">18.0%</abbr> of its health!)</small><br></div><div class="spacer battle-history"><br></div><h2 class="battle-history">Turn 9</h2><div class="spacer battle-history"><br></div><div class="battle-history">Genesect used <strong>U-turn</strong>!<br></div><div class="battle-history"><small>It's super effective!</small><br></div><div class="battle-history"><small>(The opposing Carnivine lost <abbr title="−212/301">70.4%</abbr> of its health!)</small><br></div><div class="spacer battle-history"><br></div><div class="battle-history">Genesect went back to merchingftw2!<br></div><div class="battle-history">Go! <strong>Comfey</strong>!<br></div><div class="spacer battle-history"><br></div><div class="battle-history">The opposing Carnivine used <strong>Defog</strong>!<br></div><div class="battle-history"><small>Comfey's evasiveness fell!</small><br></div><div class="battle-history"><small>The pointed stones disappeared from around the opposing team!</small><br></div><div class="spacer battle-history"><br></div><div class="battle-history"><small>The opposing Carnivine restored a little HP using its Leftovers!</small><br></div><div class="battle-history"><small>Comfey was hurt by its burn!</small><br></div><div class="spacer battle-history"><br></div><h2 class="battle-history">Turn 10</h2><div class="spacer battle-history"><br></div><div class="battle-history">Comfey used <strong>Draining Kiss</strong>!<br></div><div class="battle-history"><small>(The opposing Carnivine lost <abbr title="−68/301">22.6%</abbr> of its health!)</small><br></div><div class="battle-history"><small>The opposing Carnivine had its energy drained!</small><br></div><div class="battle-history"><small>Comfey lost some of its HP!</small><br></div><div class="spacer battle-history"><br></div><div class="battle-history">The opposing Carnivine used <strong>Power Whip</strong>!<br></div><div class="battle-history"><small>(Comfey lost <abbr title="−49/233">21.0%</abbr> of its health!)</small><br></div><div class="spacer battle-history"><br></div><div class="battle-history">Comfey fainted!<br></div><div class="spacer battle-history"><br></div><div class="battle-history"><small>The opposing Carnivine restored a little HP using its Leftovers!</small><br></div><div class="spacer battle-history"><br></div><div class="battle-history">Go! <strong>Genesect</strong>!<br></div><div class="battle-history">[Genesect's Download]<br></div><div class="battle-history"><small>Genesect's Sp. Atk rose!</small><br></div><div class="spacer battle-history"><br></div><h2 class="battle-history">Turn 11</h2><div class="spacer battle-history"><br></div><div class="battle-history">sg2004 withdrew Carnivine!<br></div><div class="battle-history">sg2004 sent out <strong>Genesect</strong>!<br></div><div class="battle-history">[The opposing Genesect's Download]<br></div><div class="battle-history"><small>The opposing Genesect's Sp. Atk rose!</small><br></div><div class="spacer battle-history"><br></div><div class="battle-history">Genesect used <strong>Blaze Kick</strong>!<br></div><div class="battle-history"><small>It's super effective!</small><br></div><div class="battle-history"><small>(The opposing Genesect lost <abbr title="−201/233">86.3%</abbr> of its health!)</small><br></div><div class="spacer battle-history"><br></div><div class="battle-history">The opposing Genesect fainted!<br></div><div class="spacer battle-history"><br></div><div class="battle-history">sg2004 sent out <strong>Volcanion</strong>!<br></div><div class="spacer battle-history"><br></div><h2 class="battle-history">Turn 12</h2><div class="spacer battle-history"><br></div><div class="battle-history">Genesect, come back!<br></div><div class="battle-history">Go! <strong>Chansey</strong>!<br></div><div class="spacer battle-history"><br></div><div class="battle-history">The opposing Volcanion used <strong>Substitute</strong>!<br></div><div class="battle-history"><small>The opposing Volcanion put in a substitute!</small><br></div><div class="battle-history"><small>(The opposing Volcanion lost <abbr title="−66/265">24.9%</abbr> of its health!)</small><br></div><div class="spacer battle-history"><br></div><div class="battle-history"><small>The opposing Volcanion restored a little HP using its Leftovers!</small><br></div><div class="spacer battle-history"><br></div><h2 class="battle-history">Turn 13</h2><div class="spacer battle-history"><br></div><div class="battle-history">Chansey, come back!<br></div><div class="battle-history">Go! <strong>Solrock</strong>!<br></div><div class="spacer battle-history"><br></div><div class="battle-history">The opposing Volcanion used <strong>Earth Power</strong>!<br></div><div class="battle-history">[Solrock's Levitate]<br><small>It doesn't affect Solrock...</small><br></div><div class="spacer battle-history"><br></div><div class="battle-history"><small>Solrock restored a little HP using its Leftovers!</small><br></div><div class="battle-history"><small>The opposing Volcanion restored a little HP using its Leftovers!</small><br></div><div class="spacer battle-history"><br></div><h2 class="battle-history">Turn 14</h2><div class="spacer battle-history"><br></div><div class="battle-history">Solrock, come back!<br></div><div class="battle-history">Go! <strong>Chansey</strong>!<br></div><div class="spacer battle-history"><br></div><div class="battle-history">The opposing Volcanion used <strong>Steam Eruption</strong>!<br></div><div class="battle-history"><small>(Chansey lost <abbr title="−81/570">14.2%</abbr> of its health!)</small><br></div><div class="battle-history"><small>Chansey was burned!</small><br></div><div class="spacer battle-history"><br></div><div class="battle-history"><small>The opposing Volcanion restored a little HP using its Leftovers!</small><br></div><div class="battle-history"><small>Chansey was hurt by its burn!</small><br></div><div class="spacer battle-history"><br></div><h2 class="battle-history">Turn 15</h2><div class="spacer battle-history"><br></div><div class="battle-history">The opposing Volcanion used <strong>Earth Power</strong>!<br></div><div class="battle-history"><small>(Chansey lost <abbr title="−41/570">7.2%</abbr> of its health!)</small><br></div><div class="spacer battle-history"><br></div><div class="battle-history">Chansey used <strong>Seismic Toss</strong>!<br></div><div class="battle-history"><small>The opposing Volcanion's substitute faded!</small><br></div><div class="spacer battle-history"><br></div><div class="battle-history"><small>The opposing Volcanion restored a little HP using its Leftovers!</small><br></div><div class="battle-history"><small>Chansey was hurt by its burn!</small><br></div><div class="spacer battle-history"><br></div><h2 class="battle-history">Turn 16</h2><div class="spacer battle-history"><br></div><div class="battle-history">sg2004 withdrew Volcanion!<br></div><div class="battle-history">sg2004 sent out <strong>Dhelmise</strong>!<br></div><div class="spacer battle-history"><br></div><div class="battle-history">Chansey used <strong>Seismic Toss</strong>!<br></div><div class="battle-history"><small>It doesn't affect the opposing Dhelmise...</small><br></div><div class="spacer battle-history"><br></div><div class="battle-history"><small>Chansey was hurt by its burn!</small><br></div><div class="spacer battle-history"><br></div><h2 class="battle-history">Turn 17</h2><div class="spacer battle-history"><br></div><div class="battle-history"><small>(Chansey is cured by its Natural Cure!)</small><br></div><div class="battle-history">Chansey, come back!<br></div><div class="battle-history">Go! <strong>Masquerain</strong>!<br></div><div class="battle-history">[Masquerain's Intimidate]<br></div><div class="battle-history"><small>The opposing Dhelmise's Attack fell!</small><br></div><div class="spacer battle-history"><br></div><div class="battle-history">The opposing Dhelmise used <strong>Knock Off</strong>!<br></div><div class="battle-history"><small>(Masquerain lost <abbr title="−120/261">46.0%</abbr> of its health!)</small><br></div><div class="battle-history"><small>The opposing Dhelmise knocked off Masquerain's Leftovers!</small><br></div><div class="battle-history"><small>The opposing Dhelmise lost some of its HP!</small><br></div><div class="spacer battle-history"><br></div><h2 class="battle-history">Turn 18</h2><div class="spacer battle-history"><br></div><div class="battle-history">sg2004 withdrew Dhelmise!<br></div><div class="battle-history">sg2004 sent out <strong>Carnivine</strong>!<br></div><div class="spacer battle-history"><br></div><div class="battle-history">Masquerain used <strong>Air Slash</strong>!<br></div><div class="battle-history"><small>It's super effective!</small><br></div><div class="battle-history"><small>(The opposing Carnivine lost <abbr title="−57/301">18.9%</abbr> of its health!)</small><br></div><div class="spacer battle-history"><br></div><div class="battle-history">The opposing Carnivine fainted!<br></div><div class="spacer battle-history"><br></div><div class="battle-history">sg2004 sent out <strong>Tapu Koko</strong>!<br></div><div class="battle-history">[The opposing Tapu Koko's Electric Surge]<br><small>An electric current ran across the battlefield!</small><br></div><div class="spacer battle-history"><br></div><h2 class="battle-history">Turn 19</h2><div class="spacer battle-history"><br></div><div class="battle-history">Masquerain, come back!<br></div><div class="battle-history">Go! <strong>Nidoqueen</strong>!<br></div><div class="spacer battle-history"><br></div><div class="battle-history">The opposing Tapu Koko used <strong>U-turn</strong>!<br></div><div class="battle-history"><small>It's not very effective...</small><br></div><div class="battle-history"><small>(Nidoqueen lost <abbr title="−25/285">8.8%</abbr> of its health!)</small><br></div><div class="spacer battle-history"><br></div><div class="battle-history">The opposing Tapu Koko went back to sg2004!<br></div><div class="battle-history">sg2004 sent out <strong>Volcanion</strong>!<br></div><div class="spacer battle-history"><br></div><div class="battle-history"><small>The opposing Volcanion restored a little HP using its Leftovers!</small><br></div><div class="spacer battle-history"><br></div><h2 class="battle-history">Turn 20</h2><div class="spacer battle-history"><br></div><div class="battle-history">Nidoqueen, come back!<br></div><div class="battle-history">Go! <strong>Chansey</strong>!<br></div><div class="spacer battle-history"><br></div><div class="battle-history">The opposing Volcanion used <strong>Steam Eruption</strong>!<br></div><div class="battle-history"><small>(Chansey lost <abbr title="−76/570">13.3%</abbr> of its health!)</small><br></div><div class="battle-history"><small>Chansey was burned!</small><br></div><div class="spacer battle-history"><br></div><div class="battle-history"><small>Chansey was hurt by its burn!</small><br></div><div class="spacer battle-history"><br></div><h2 class="battle-history">Turn 21</h2><div class="spacer battle-history"><br></div><div class="battle-history">The opposing Volcanion used <strong>Substitute</strong>!<br></div><div class="battle-history"><small>The opposing Volcanion put in a substitute!</small><br></div><div class="battle-history"><small>(The opposing Volcanion lost <abbr title="−66/265">24.9%</abbr> of its health!)</small><br></div><div class="spacer battle-history"><br></div><div class="battle-history">Chansey used <strong>Toxic</strong>!<br></div><div class="battle-history"><small>But it failed!</small><br></div><div class="spacer battle-history"><br></div><div class="battle-history"><small>The opposing Volcanion restored a little HP using its Leftovers!</small><br></div><div class="battle-history"><small>Chansey was hurt by its burn!</small><br></div><div class="spacer battle-history"><br></div><h2 class="battle-history">Turn 22</h2><div class="spacer battle-history"><br></div><div class="battle-history">The opposing Volcanion used <strong>Earth Power</strong>!<br></div><div class="battle-history"><small>(Chansey lost <abbr title="−45/570">7.9%</abbr> of its health!)</small><br></div><div class="spacer battle-history"><br></div><div class="battle-history">Chansey used <strong>Wish</strong>!<br></div><div class="spacer battle-history"><br></div><div class="battle-history"><small>The opposing Volcanion restored a little HP using its Leftovers!</small><br></div><div class="battle-history"><small>Chansey was hurt by its burn!</small><br></div><div class="spacer battle-history"><br></div><h2 class="battle-history">Turn 23</h2><div class="spacer battle-history"><br></div><div class="battle-history">The opposing Volcanion used <strong>Steam Eruption</strong>!<br></div><div class="battle-history"><small>(Chansey lost <abbr title="−84/570">14.7%</abbr> of its health!)</small><br></div><div class="spacer battle-history"><br></div><div class="battle-history">Chansey used <strong>Seismic Toss</strong>!<br></div><div class="battle-history"><small>The opposing Volcanion's substitute faded!</small><br></div><div class="spacer battle-history"><br></div><div class="battle-history"><small>Chansey's wish came true!</small><br></div><div class="battle-history"><small>The opposing Volcanion restored a little HP using its Leftovers!</small><br></div><div class="battle-history"><small>Chansey was hurt by its burn!</small><br></div><div class="battle-history"><small>The electricity disappeared from the battlefield.</small><br></div><div class="spacer battle-history"><br></div><h2 class="battle-history">Turn 24</h2><div class="spacer battle-history"><br></div><div class="battle-history">The opposing Volcanion used <strong>Substitute</strong>!<br></div><div class="battle-history"><small>The opposing Volcanion put in a substitute!</small><br></div><div class="battle-history"><small>(The opposing Volcanion lost <abbr title="−66/265">24.9%</abbr> of its health!)</small><br></div><div class="spacer battle-history"><br></div><div class="battle-history">Chansey used <strong>Toxic</strong>!<br></div><div class="battle-history"><small>But it failed!</small><br></div><div class="spacer battle-history"><br></div><div class="battle-history"><small>The opposing Volcanion restored a little HP using its Leftovers!</small><br></div><div class="battle-history"><small>Chansey was hurt by its burn!</small><br></div><div class="spacer battle-history"><br></div><h2 class="battle-history">Turn 25</h2><div class="spacer battle-history"><br></div><div class="battle-history">The opposing Volcanion used <strong>Earth Power</strong>!<br></div><div class="battle-history"><small>(Chansey lost <abbr title="−47/570">8.2%</abbr> of its health!)</small><br></div><div class="spacer battle-history"><br></div><div class="battle-history">Chansey used <strong>Wish</strong>!<br></div><div class="spacer battle-history"><br></div><div class="battle-history"><small>The opposing Volcanion restored a little HP using its Leftovers!</small><br></div><div class="battle-history"><small>Chansey was hurt by its burn!</small><br></div><div class="spacer battle-history"><br></div><h2 class="battle-history">Turn 26</h2><div class="spacer battle-history"><br></div><div class="battle-history">The opposing Volcanion used <strong>Fire Blast</strong>!<br></div><div class="battle-history"><small>(Chansey lost <abbr title="−76/570">13.3%</abbr> of its health!)</small><br></div><div class="spacer battle-history"><br></div><div class="battle-history">Chansey used <strong>Seismic Toss</strong>!<br></div><div class="battle-history"><small>The opposing Volcanion's substitute faded!</small><br></div><div class="spacer battle-history"><br></div><div class="battle-history"><small>Chansey's wish came true!</small><br></div><div class="battle-history"><small>The opposing Volcanion restored a little HP using its Leftovers!</small><br></div><div class="battle-history"><small>Chansey was hurt by its burn!</small><br></div><div class="spacer battle-history"><br></div><h2 class="battle-history">Turn 27</h2><div class="spacer battle-history"><br></div><div class="battle-history">The opposing Volcanion used <strong>Substitute</strong>!<br></div><div class="battle-history"><small>The opposing Volcanion put in a substitute!</small><br></div><div class="battle-history"><small>(The opposing Volcanion lost <abbr title="−66/265">24.9%</abbr> of its health!)</small><br></div><div class="spacer battle-history"><br></div><div class="battle-history">Chansey used <strong>Wish</strong>!<br></div><div class="spacer battle-history"><br></div><div class="battle-history"><small>The opposing Volcanion restored a little HP using its Leftovers!</small><br></div><div class="battle-history"><small>Chansey was hurt by its burn!</small><br></div><div class="spacer battle-history"><br></div><h2 class="battle-history">Turn 28</h2><div class="spacer battle-history"><br></div><div class="battle-history">The opposing Volcanion used <strong>Earth Power</strong>!<br></div><div class="battle-history"><small>(Chansey lost <abbr title="−43/570">7.5%</abbr> of its health!)</small><br></div><div class="spacer battle-history"><br></div><div class="battle-history">Chansey used <strong>Seismic Toss</strong>!<br></div><div class="battle-history"><small>The opposing Volcanion's substitute faded!</small><br></div><div class="spacer battle-history"><br></div><div class="battle-history"><small>Chansey's wish came true!</small><br></div><div class="battle-history"><small>The opposing Volcanion restored a little HP using its Leftovers!</small><br></div><div class="battle-history"><small>Chansey was hurt by its burn!</small><br></div><div class="spacer battle-history"><br></div><h2 class="battle-history">Turn 29</h2><div class="spacer battle-history"><br></div><div class="battle-history">The opposing Volcanion used <strong>Substitute</strong>!<br></div><div class="battle-history"><small>The opposing Volcanion put in a substitute!</small><br></div><div class="battle-history"><small>(The opposing Volcanion lost <abbr title="−66/265">24.9%</abbr> of its health!)</small><br></div><div class="spacer battle-history"><br></div><div class="battle-history">Chansey used <strong>Toxic</strong>!<br></div><div class="battle-history"><small>But it failed!</small><br></div><div class="spacer battle-history"><br></div><div class="battle-history"><small>The opposing Volcanion restored a little HP using its Leftovers!</small><br></div><div class="battle-history"><small>Chansey was hurt by its burn!</small><br></div><div class="spacer battle-history"><br></div><h2 class="battle-history">Turn 30</h2><div class="spacer battle-history"><br></div><div class="battle-history">The opposing Volcanion used <strong>Earth Power</strong>!<br></div><div class="battle-history"><small>(Chansey lost <abbr title="−45/570">7.9%</abbr> of its health!)</small><br></div><div class="spacer battle-history"><br></div><div class="battle-history">Chansey used <strong>Seismic Toss</strong>!<br></div><div class="battle-history"><small>The opposing Volcanion's substitute faded!</small><br></div><div class="spacer battle-history"><br></div><div class="battle-history"><small>The opposing Volcanion restored a little HP using its Leftovers!</small><br></div><div class="battle-history"><small>Chansey was hurt by its burn!</small><br></div><div class="spacer battle-history"><br></div><h2 class="battle-history">Turn 31</h2><div class="spacer battle-history"><br></div><div class="battle-history">sg2004 withdrew Volcanion!<br></div><div class="battle-history">sg2004 sent out <strong>Dhelmise</strong>!<br></div><div class="spacer battle-history"><br></div><div class="battle-history">Chansey used <strong>Wish</strong>!<br></div><div class="spacer battle-history"><br></div><div class="battle-history"><small>Chansey was hurt by its burn!</small><br></div><div class="spacer battle-history"><br></div><h2 class="battle-history">Turn 32</h2><div class="spacer battle-history"><br></div><div class="battle-history"><small>(Chansey is cured by its Natural Cure!)</small><br></div><div class="battle-history">Chansey, come back!<br></div><div class="battle-history">Go! <strong>Genesect</strong>!<br></div><div class="battle-history">[Genesect's Download]<br></div><div class="battle-history"><small>Genesect's Sp. Atk rose!</small><br></div><div class="spacer battle-history"><br></div><div class="battle-history">The opposing Dhelmise used <strong>Anchor Shot</strong>!<br></div><div class="battle-history"><small>It's not very effective...</small><br></div><div class="battle-history"><small>(Genesect lost <abbr title="−86/233">36.9%</abbr> of its health!)</small><br></div><div class="battle-history"><small>Genesect can no longer escape!</small><br></div><div class="battle-history"><small>The opposing Dhelmise lost some of its HP!</small><br></div><div class="spacer battle-history"><br></div><div class="battle-history"><small>Chansey's wish came true!</small><br></div><div class="spacer battle-history"><br></div><h2 class="battle-history">Turn 33</h2><div class="spacer battle-history"><br></div><div class="battle-history">Genesect used <strong>U-turn</strong>!<br></div><div class="battle-history"><small>(The opposing Dhelmise lost <abbr title="−88/272">32.4%</abbr> of its health!)</small><br></div><div class="chat message-error">merchingftw2 has 120 seconds left.</div><div class="spacer battle-history"><br></div><div class="battle-history">Genesect went back to merchingftw2!<br></div><div class="battle-history">Go! <strong>Chansey</strong>!<br></div><div class="spacer battle-history"><br></div><div class="battle-history">The opposing Dhelmise used <strong>Synthesis</strong>!<br></div><div class="battle-history"><small>The opposing Dhelmise had its HP restored.</small><br></div><div class="spacer battle-history"><br></div><h2 class="battle-history">Turn 34</h2><div class="chat message-error">merchingftw2 has 120 seconds left.</div><div class="spacer battle-history"><br></div><div class="battle-history">Chansey used <strong>Toxic</strong>!<br></div><div class="battle-history"><small>The opposing Dhelmise was badly poisoned!</small><br></div><div class="spacer battle-history"><br></div><div class="battle-history">The opposing Dhelmise used <strong>Anchor Shot</strong>!<br></div><div class="battle-history"><small>(Chansey lost <abbr title="−362/570">63.5%</abbr> of its health!)</small><br></div><div class="spacer battle-history"><br></div><div class="battle-history">Chansey fainted!<br></div><div class="battle-history"><small>The opposing Dhelmise lost some of its HP!</small><br></div><div class="spacer battle-history"><br></div><div class="battle-history"><small>The opposing Dhelmise was hurt by poison!</small><br></div><div class="chat message-error">merchingftw2 has 120 seconds left.</div><div class="spacer battle-history"><br></div><div class="battle-history">Go! <strong>Masquerain</strong>!<br></div><div class="battle-history">[Masquerain's Intimidate]<br></div><div class="battle-history"><small>The opposing Dhelmise's Attack fell!</small><br></div><div class="spacer battle-history"><br></div><h2 class="battle-history">Turn 35</h2><div class="chat message-error">merchingftw2 has 120 seconds left.</div><div class="spacer battle-history"><br></div><div class="battle-history">sg2004 withdrew Dhelmise!<br></div><div class="battle-history">sg2004 sent out <strong>Tapu Koko</strong>!<br></div><div class="battle-history">[The opposing Tapu Koko's Electric Surge]<br><small>An electric current ran across the battlefield!</small><br></div><div class="spacer battle-history"><br></div><div class="battle-history">Masquerain used <strong>Air Slash</strong>!<br></div><div class="battle-history"><small>It's not very effective...</small><br></div><div class="battle-history"><small>(The opposing Tapu Koko lost <abbr title="−36/234">15.4%</abbr> of its health!)</small><br></div><div class="spacer battle-history"><br></div><h2 class="battle-history">Turn 36</h2><div class="spacer battle-history"><br></div><div class="battle-history">Masquerain, come back!<br></div><div class="battle-history">Go! <strong>Nidoqueen</strong>!<br></div><div class="spacer battle-history"><br></div><div class="battle-history">The opposing Tapu Koko used <strong>Brave Bird</strong>!<br></div><div class="battle-history"><small>(Nidoqueen lost <abbr title="−81/285">28.4%</abbr> of its health!)</small><br></div><div class="battle-history"><small>The opposing Tapu Koko was damaged by the recoil!</small><br></div><div class="spacer battle-history"><br></div><h2 class="battle-history">Turn 37</h2><div class="chat message-error">merchingftw2 has 120 seconds left.</div><div class="spacer battle-history"><br></div><div class="battle-history">The opposing Tapu Koko used <strong>U-turn</strong>!<br></div><div class="battle-history"><small>It's not very effective...</small><br></div><div class="battle-history"><small>(Nidoqueen lost <abbr title="−23/285">8.1%</abbr> of its health!)</small><br></div><div class="spacer battle-history"><br></div><div class="battle-history">The opposing Tapu Koko went back to sg2004!<br></div><div class="battle-history">sg2004 sent out <strong>Dhelmise</strong>!<br></div><div class="spacer battle-history"><br></div><div class="battle-history">Nidoqueen used <strong>Sludge Wave</strong>!<br></div><div class="battle-history"><small>(The opposing Dhelmise lost <abbr title="−125/272">46.0%</abbr> of its health!)</small><br></div><div class="spacer battle-history"><br></div><div class="battle-history"><small>The opposing Dhelmise was hurt by poison!</small><br></div><div class="spacer battle-history"><br></div><h2 class="battle-history">Turn 38</h2><div class="spacer battle-history"><br></div><div class="battle-history">Nidoqueen used <strong>Sludge Wave</strong>!<br></div><div class="battle-history"><small>(The opposing Dhelmise lost <abbr title="−80/272">29.4%</abbr> of its health!)</small><br></div><div class="spacer battle-history"><br></div><div class="battle-history">The opposing Dhelmise fainted!<br></div><div class="spacer battle-history"><br></div><div class="battle-history">sg2004 sent out <strong>Volcanion</strong>!<br></div><div class="spacer battle-history"><br></div><h2 class="battle-history">Turn 39</h2><div class="spacer battle-history"><br></div><div class="battle-history">Nidoqueen used <strong>Earth Power</strong>!<br></div><div class="battle-history"><small>It's super effective!</small><br></div><div class="battle-history"><small>(The opposing Volcanion lost <abbr title="−161/265">60.8%</abbr> of its health!)</small><br></div><div class="spacer battle-history"><br></div><div class="battle-history">The opposing Volcanion fainted!<br></div><div class="spacer battle-history"><br></div><div class="battle-history"><small>The electricity disappeared from the battlefield.</small><br></div><div class="spacer battle-history"><br></div><div class="battle-history">sg2004 sent out <strong>Tapu Koko</strong>!<br></div><div class="battle-history">[The opposing Tapu Koko's Electric Surge]<br><small>An electric current ran across the battlefield!</small><br></div><div class="spacer battle-history"><br></div><h2 class="battle-history">Turn 40</h2><div class="spacer battle-history"><br></div><div class="battle-history">The opposing Tapu Koko used <strong>Brave Bird</strong>!<br></div><div class="battle-history"><small>(Nidoqueen lost <abbr title="−83/285">29.1%</abbr> of its health!)</small><br></div><div class="battle-history"><small>The opposing Tapu Koko was damaged by the recoil!</small><br></div><div class="spacer battle-history"><br></div><div class="battle-history">Nidoqueen used <strong>Sludge Wave</strong>!<br></div><div class="battle-history"><small>It's super effective!</small><br></div><div class="battle-history"><small>(The opposing Tapu Koko lost <abbr title="−144/234">61.5%</abbr> of its health!)</small><br></div><div class="spacer battle-history"><br></div><div class="battle-history">The opposing Tapu Koko fainted!<br></div><div class="spacer battle-history"><br></div><div class="battle-history"><strong>merchingftw2</strong> won the battle!<br></div><div class="chat">merchingftw2's rating: 1684 → <strong>1699</strong><br>(+15 for winning)</div><div class="chat">sg2004's rating: 1598 → <strong>1583</strong><br>(-15 for losing)</div></div><div class="inner-preempt message-log"></div></div></div>
</div>
<script>
let daily = Math.floor(Date.now()/1000/60/60/24);document.write('<script src="https://play.pokemonshowdown.com/js/replay-embed.js?version'+daily+'"></'+'script>');
</script>
