<!DOCTYPE html>
<meta charset="utf-8" />
<!-- version 1 -->
<title>[Gen 7] Random Battle replay: Boris Huang - YT vs. ILikeLosingControl</title>
<style>
html,body {font-family:Verdana, sans-serif;font-size:10pt;margin:0;padding:0;}body{padding:12px 0;} .battle-log {font-family:Verdana, sans-serif;font-size:10pt;} .battle-log-inline {border:1px solid #AAAAAA;background:#EEF2F5;color:black;max-width:640px;margin:0 auto 80px;padding-bottom:5px;} .battle-log .inner {padding:4px 8px 0px 8px;} .battle-log .inner-preempt {padding:0 8px 4px 8px;} .battle-log .inner-after {margin-top:0.5em;} .battle-log h2 {margin:0.5em -8px;padding:4px 8px;border:1px solid #AAAAAA;background:#E0E7EA;border-left:0;border-right:0;font-family:Verdana, sans-serif;font-size:13pt;} .battle-log .chat {vertical-align:middle;padding:3px 0 3px 0;font-size:8pt;} .battle-log .chat strong {color:#40576A;} .battle-log .chat em {padding:1px 4px 1px 3px;color:#000000;font-style:normal;} .chat.mine {background:rgba(0,0,0,0.05);margin-left:-8px;margin-right:-8px;padding-left:8px;padding-right:8px;} .spoiler {color:#BBBBBB;background:#BBBBBB;padding:0px 3px;} .spoiler:hover, .spoiler:active, .spoiler-shown {color:#000000;background:#E2E2E2;padding:0px 3px;} .spoiler a {color:#BBBBBB;} .spoiler:hover a, .spoiler:active a, .spoiler-shown a {color:#2288CC;} .chat code, .chat .spoiler:hover code, .chat .spoiler:active code, .chat .spoiler-shown code {border:1px solid #C0C0C0;background:#EEEEEE;color:black;padding:0 2px;} .chat .spoiler code {border:1px solid #CCCCCC;background:#CCCCCC;color:#CCCCCC;} .battle-log .rated {padding:3px 4px;} .battle-log .rated strong {color:white;background:#89A;padding:1px 4px;border-radius:4px;} .spacer {margin-top:0.5em;} .message-announce {background:#6688AA;color:white;padding:1px 4px 2px;} .message-announce a, .broadcast-green a, .broadcast-blue a, .broadcast-red a {color:#DDEEFF;} .broadcast-green {background-color:#559955;color:white;padding:2px 4px;} .broadcast-blue {background-color:#6688AA;color:white;padding:2px 4px;} .infobox {border:1px solid #6688AA;padding:2px 4px;} .infobox-limited {max-height:200px;overflow:auto;overflow-x:hidden;} .broadcast-red {background-color:#AA5544;color:white;padding:2px 4px;} .message-learn-canlearn {font-weight:bold;color:#228822;text-decoration:underline;} .message-learn-cannotlearn {font-weight:bold;color:#CC2222;text-decoration:underline;} .message-effect-weak {font-weight:bold;color:#CC2222;} .message-effect-resist {font-weight:bold;color:#6688AA;} .message-effect-immune {font-weight:bold;color:#666666;} .message-learn-list {margin-top:0;margin-bottom:0;} .message-throttle-notice, .message-error {color:#992222;} .message-overflow, .chat small.message-overflow {font-size:0pt;} .message-overflow::before {font-size:9pt;content:'...';} .subtle {color:#3A4A66;}
</style>
<div class="wrapper replay-wrapper" style="max-width:1180px;margin:0 auto">
<input type="hidden" name="replayid" value="gen7randombattle-989831396" />
<div class="battle"></div><div class="battle-log"></div><div class="replay-controls"></div><div class="replay-controls-2"></div>
<h1 style="font-weight:normal;text-align:center"><strong>[Gen 7] Random Battle</strong><br /><a href="http://pokemonshowdown.com/users/borishuangyt" class="subtle" target="_blank">Boris Huang - YT</a> vs. <a href="http://pokemonshowdown.com/users/ilikelosingcontrol" class="subtle" target="_blank">ILikeLosingControl</a></h1>
<script type="text/plain" class="battle-log-data">|j|☆Boris Huang - YT
|j|☆ILikeLosingControl
|player|p1|Boris Huang - YT|lusamine-nihilego|2467
|player|p2|ILikeLosingControl|dawn|2437
|teamsize|p1|6
|teamsize|p2|6
|gametype|singles
|gen|7
|tier|[Gen 7] Random Battle
|rated|
|rule|Sleep Clause Mod: Limit one foe put to sleep
|rule|HP Percentage Mod: HP is shown in percentages
|
|start
|switch|p1a: Tornadus|Tornadus-Therian, L80, M|258\/258
|switch|p2a: Alomomola|Alomomola, L82, M|405\/405
|turn|1
|c|☆ILikeLosingControl|hf
|c|☆Boris Huang - YT|u2
|
|move|p1a: Tornadus|U-turn|p2a: Alomomola
|-damage|p2a: Alomomola|349\/405
|
|switch|p1a: Genesect|Genesect, L78|239\/239
|-ability|p1a: Genesect|Download|boost
|-boost|p1a: Genesect|spa|1
|move|p2a: Alomomola|Knock Off|p1a: Genesect
|-damage|p1a: Genesect|182\/239
|-enditem|p1a: Genesect|Life Orb|[from] move: Knock Off|[of] p2a: Alomomola
|
|-heal|p2a: Alomomola|374\/405|[from] item: Leftovers
|upkeep
|turn|2
|
|switch|p2a: Volcarona|Volcarona, L80, M|267\/267
|move|p1a: Genesect|Ice Beam|p2a: Volcarona
|-resisted|p2a: Volcarona
|-damage|p2a: Volcarona|219\/267
|
|-heal|p2a: Volcarona|235\/267|[from] item: Leftovers
|upkeep
|turn|3
|
|switch|p1a: Bruxish|Bruxish, L85, M|254\/254
|move|p2a: Volcarona|Fiery Dance|p1a: Bruxish
|-resisted|p1a: Bruxish
|-damage|p1a: Bruxish|194\/254
|-boost|p2a: Volcarona|spa|1
|
|-heal|p2a: Volcarona|251\/267|[from] item: Leftovers
|upkeep
|turn|4
|
|switch|p2a: Tyrantrum|Tyrantrum, L84, M|275\/275
|move|p1a: Bruxish|Liquidation|p2a: Tyrantrum
|-damage|p2a: Tyrantrum|196\/275
|
|upkeep
|turn|5
|
|switch|p1a: Sawk|Sawk, L87, M|272\/272
|move|p2a: Tyrantrum|Head Smash|p1a: Sawk
|-resisted|p1a: Sawk
|-damage|p1a: Sawk|165\/272
|
|upkeep
|turn|6
|
|switch|p2a: Aromatisse|Aromatisse, L87, M|317\/317
|move|p1a: Sawk|Close Combat|p2a: Aromatisse
|-resisted|p2a: Aromatisse
|-damage|p2a: Aromatisse|188\/317
|-unboost|p1a: Sawk|def|1
|-unboost|p1a: Sawk|spd|1
|
|upkeep
|turn|7
|
|switch|p1a: Tornadus|Tornadus-Therian, L80, M|258\/258
|move|p2a: Aromatisse|Reflect|p2a: Aromatisse
|-sidestart|p2: ILikeLosingControl|Reflect
|
|upkeep
|turn|8
|
|move|p1a: Tornadus|Hurricane|p2a: Aromatisse
|-crit|p2a: Aromatisse
|-damage|p2a: Aromatisse|7\/317
|move|p2a: Aromatisse|Light Screen|p2a: Aromatisse
|-sidestart|p2: ILikeLosingControl|move: Light Screen
|
|upkeep
|turn|9
|
|move|p1a: Tornadus|U-turn|p2a: Aromatisse
|-resisted|p2a: Aromatisse
|-damage|p2a: Aromatisse|0 fnt
|faint|p2a: Aromatisse
|
|switch|p1a: Unfezant|Unfezant, L89, M|287\/287
|
|upkeep
|
|switch|p2a: Stunfisk|Stunfisk, L91, F|346\/346
|turn|10
|
|move|p1a: Unfezant|Hypnosis|p2a: Stunfisk|[miss]
|-miss|p1a: Unfezant|p2a: Stunfisk
|move|p2a: Stunfisk|Stealth Rock|p1a: Unfezant
|-sidestart|p1: Boris Huang - YT|move: Stealth Rock
|
|upkeep
|turn|11
|
|move|p1a: Unfezant|Hypnosis|p2a: Stunfisk|[miss]
|-miss|p1a: Unfezant|p2a: Stunfisk
|move|p2a: Stunfisk|Discharge|p1a: Unfezant
|-supereffective|p1a: Unfezant
|-damage|p1a: Unfezant|57\/287
|
|upkeep
|turn|12
|
|move|p1a: Unfezant|Hypnosis|p2a: Stunfisk|[miss]
|-miss|p1a: Unfezant|p2a: Stunfisk
|move|p2a: Stunfisk|Discharge|p1a: Unfezant
|-supereffective|p1a: Unfezant
|-damage|p1a: Unfezant|0 fnt
|faint|p1a: Unfezant
|
|upkeep
|c|☆ILikeLosingControl|sorry
|
|switch|p1a: Sawk|Sawk, L87, M|165\/272
|-damage|p1a: Sawk|148\/272|[from] Stealth Rock
|turn|13
|
|move|p1a: Sawk|Earthquake|p2a: Stunfisk
|-supereffective|p2a: Stunfisk
|-damage|p2a: Stunfisk|207\/346
|move|p2a: Stunfisk|Discharge|p1a: Sawk
|-damage|p1a: Sawk|45\/272
|
|upkeep
|turn|14
|
|switch|p2a: Alomomola|Alomomola, L82, M|405\/405
|move|p1a: Sawk|Earthquake|p2a: Alomomola
|-damage|p2a: Alomomola|332\/405
|
|-heal|p2a: Alomomola|357\/405|[from] item: Leftovers
|-sideend|p2: ILikeLosingControl|Reflect
|upkeep
|turn|15
|
|switch|p1a: Tornadus|Tornadus-Therian, L80, M|258\/258
|-damage|p1a: Tornadus|194\/258|[from] Stealth Rock
|move|p2a: Alomomola|Scald|p1a: Tornadus
|-damage|p1a: Tornadus|161\/258
|
|-heal|p2a: Alomomola|382\/405|[from] item: Leftovers
|-sideend|p2: ILikeLosingControl|move: Light Screen
|upkeep
|turn|16
|
|move|p2a: Alomomola|Protect|p2a: Alomomola
|-singleturn|p2a: Alomomola|Protect
|move|p1a: Tornadus|Hurricane|p2a: Alomomola
|-activate|p2a: Alomomola|move: Protect
|
|-heal|p2a: Alomomola|405\/405|[from] item: Leftovers
|upkeep
|turn|17
|
|move|p1a: Tornadus|Hurricane|p2a: Alomomola
|-damage|p2a: Alomomola|206\/405
|move|p2a: Alomomola|Wish|p2a: Alomomola
|
|-heal|p2a: Alomomola|231\/405|[from] item: Leftovers
|upkeep
|turn|18
|
|move|p1a: Tornadus|U-turn|p2a: Alomomola
|-damage|p2a: Alomomola|182\/405
|
|switch|p1a: Genesect|Genesect, L78|182\/239
|-damage|p1a: Genesect|153\/239|[from] Stealth Rock
|-ability|p1a: Genesect|Download|boost
|-boost|p1a: Genesect|spa|1
|move|p2a: Alomomola|Scald|p1a: Genesect
|-damage|p1a: Genesect|111\/239
|
|-heal|p2a: Alomomola|384\/405|[from] move: Wish|[wisher] Alomomola
|-heal|p2a: Alomomola|405\/405|[from] item: Leftovers
|upkeep
|turn|19
|
|switch|p2a: Volcarona|Volcarona, L80, M|251\/267
|move|p1a: Genesect|Thunderbolt|p2a: Volcarona
|-damage|p2a: Volcarona|168\/267
|
|-heal|p2a: Volcarona|184\/267|[from] item: Leftovers
|upkeep
|turn|20
|
|switch|p1a: Bruxish|Bruxish, L85, M|194\/254
|-damage|p1a: Bruxish|163\/254|[from] Stealth Rock
|move|p2a: Volcarona|Quiver Dance|p2a: Volcarona
|-boost|p2a: Volcarona|spa|1
|-boost|p2a: Volcarona|spd|1
|-boost|p2a: Volcarona|spe|1
|
|-heal|p2a: Volcarona|200\/267|[from] item: Leftovers
|upkeep
|turn|21
|
|switch|p2a: Alomomola|Alomomola, L82, M|405\/405
|move|p1a: Bruxish|Liquidation|p2a: Alomomola
|-resisted|p2a: Alomomola
|-damage|p2a: Alomomola|348\/405
|-unboost|p2a: Alomomola|def|1
|
|-heal|p2a: Alomomola|373\/405|[from] item: Leftovers
|upkeep
|turn|22
|
|switch|p1a: Genesect|Genesect, L78|111\/239
|-damage|p1a: Genesect|82\/239|[from] Stealth Rock
|-ability|p1a: Genesect|Download|boost
|-boost|p1a: Genesect|atk|1
|move|p2a: Alomomola|Scald|p1a: Genesect
|-damage|p1a: Genesect|36\/239
|
|-heal|p2a: Alomomola|398\/405|[from] item: Leftovers
|upkeep
|turn|23
|
|switch|p2a: Volcarona|Volcarona, L80, M|200\/267
|move|p1a: Genesect|Thunderbolt|p2a: Volcarona
|-damage|p2a: Volcarona|136\/267
|
|-heal|p2a: Volcarona|152\/267|[from] item: Leftovers
|upkeep
|turn|24
|
|switch|p1a: Tornadus|Tornadus-Therian, L80, M|247\/258
|-damage|p1a: Tornadus|183\/258|[from] Stealth Rock
|move|p2a: Volcarona|Roost|p2a: Volcarona
|-heal|p2a: Volcarona|267\/267
|-singleturn|p2a: Volcarona|move: Roost
|
|upkeep
|turn|25
|
|switch|p2a: Stunfisk|Stunfisk, L91, F|207\/346
|move|p1a: Tornadus|Hurricane|p2a: Stunfisk
|-resisted|p2a: Stunfisk
|-damage|p2a: Stunfisk|155\/346
|
|upkeep
|turn|26
|
|move|p1a: Tornadus|Heat Wave|p2a: Stunfisk|[miss]
|-miss|p1a: Tornadus|p2a: Stunfisk
|move|p2a: Stunfisk|Discharge|p1a: Tornadus
|-supereffective|p1a: Tornadus
|-damage|p1a: Tornadus|51\/258
|
|upkeep
|turn|27
|-message|Boris Huang - YT forfeited.
|
|win|ILikeLosingControl
|l|☆Boris Huang - YT
|raw|Boris Huang - YT's rating: 2468 &rarr; <strong>2446<\/strong><br \/>(-22 for losing)
|raw|ILikeLosingControl's rating: 2437 &rarr; <strong>2459<\/strong><br \/>(+22 for winning)
|l|☆ILikeLosingControl
</script>
</div>
<div class="battle-log battle-log-inline"><div class="inner"><div class="battle-options"></div><div class="inner message-log"><div class="chat"><small>☆Boris Huang - YT and ☆ILikeLosingControl joined</small></div><div class=""><small>Format:</small> <br><strong>[Gen 7] Random Battle</strong></div><div class="rated"><strong>Rated battle</strong></div><div class=""><small><em>Sleep Clause Mod:</em> Limit one foe put to sleep</small></div><div class=""><small><em>HP Percentage Mod:</em> HP is shown in percentages</small></div><div class="spacer battle-history"><br></div><div class="battle-history">Battle started between Boris Huang - YT and ILikeLosingControl!<br></div><div class="spacer battle-history"><br></div><div class="battle-history">Go! Tornadus (<strong>Tornadus-Therian</strong>)!<br></div><div class="spacer battle-history"><br></div><div class="battle-history">ILikeLosingControl sent out <strong>Alomomola</strong>!<br></div><div class="spacer battle-history"><br></div><h2 class="battle-history">Turn 1</h2><div class="chat chatmessage-ilikelosingcontrol"><strong style="color:#5f961d"><small>☆</small><span class="username" data-name="ILikeLosingControl">ILikeLosingControl</span>:</strong> <em>hf</em></div><div class="chat chatmessage-borishuangyt"><strong style="color:#7d37e0"><small>☆</small><span class="username" data-name="Boris Huang - YT">Boris Huang - YT</span>:</strong> <em>u2</em></div><div class="spacer battle-history"><br></div><div class="battle-history">Tornadus used <strong>U-turn</strong>!<br></div><div class="battle-history"><small>(The opposing Alomomola lost <abbr title="−56/405">13.8%</abbr> of its health!)</small><br></div><div class="spacer battle-history"><br></div><div class="battle-history">Tornadus, come back!<br></div><div class="battle-history">Go! <strong>Genesect</strong>!<br></div><div class="battle-history">[Genesect's Download]<br></div><div class="battle-history"><small>Genesect's Sp. Atk rose!</small><br></div><div class="spacer battle-history"><br></div><div class="battle-history">The opposing Alomomola used <strong>Knock Off</strong>!<br></div><div class="battle-history"><small>(Genesect lost <abbr title="−57/239">23.8%</abbr> of its health!)</small><br></div><div class="battle-history"><small>The opposing Alomomola knocked off Genesect's Life Orb!</small><br></div><div class="spacer battle-history"><br></div><div class="battle-history"><small>The opposing Alomomola restored a little HP using its Leftovers!</small><br></div><div class="spacer battle-history"><br></div><h2 class="battle-history">Turn 2</h2><div class="spacer battle-history"><br></div><div class="battle-history">ILikeLosingControl withdrew Alomomola!<br></div><div class="battle-history">ILikeLosingControl sent out <strong>Volcarona</strong>!<br></div><div class="spacer battle-history"><br></div><div class="battle-history">Genesect used <strong>Ice Beam</strong>!<br></div><div class="battle-history"><small>It's not very effective...</small><br></div><div class="battle-history"><small>(The opposing Volcarona lost <abbr title="−48/267">18.0%</abbr> of its health!)</small><br></div><div class="spacer battle-history"><br></div><div class="battle-history"><small>The opposing Volcarona restored a little HP using its Leftovers!</small><br></div><div class="spacer battle-history"><br></div><h2 class="battle-history">Turn 3</h2><div class="spacer battle-history"><br></div><div class="battle-history">Genesect, come back!<br></div><div class="battle-history">Go! <strong>Bruxish</strong>!<br></div><div class="spacer battle-history"><br></div><div class="battle-history">The opposing Volcarona used <strong>Fiery Dance</strong>!<br></div><div class="battle-history"><small>It's not very effective...</small><br></div><div class="battle-history"><small>(Bruxish lost <abbr title="−60/254">23.6%</abbr> of its health!)</small><br></div><div class="battle-history"><small>The opposing Volcarona's Sp. Atk rose!</small><br></div><div class="spacer battle-history"><br></div><div class="battle-history"><small>The opposing Volcarona restored a little HP using its Leftovers!</small><br></div><div class="spacer battle-history"><br></div><h2 class="battle-history">Turn 4</h2><div class="spacer battle-history"><br></div><div class="battle-history">ILikeLosingControl withdrew Volcarona!<br></div><div class="battle-history">ILikeLosingControl sent out <strong>Tyrantrum</strong>!<br></div><div class="spacer battle-history"><br></div><div class="battle-history">Bruxish used <strong>Liquidation</strong>!<br></div><div class="battle-history"><small>(The opposing Tyrantrum lost <abbr title="−79/275">28.7%</abbr> of its health!)</small><br></div><div class="spacer battle-history"><br></div><h2 class="battle-history">Turn 5</h2><div class="spacer battle-history"><br></div><div class="battle-history">Bruxish, come back!<br></div><div class="battle-history">Go! <strong>Sawk</strong>!<br></div><div class="spacer battle-history"><br></div><div class="battle-history">The opposing Tyrantrum used <strong>Head Smash</strong>!<br></div><div class="battle-history"><small>It's not very effective...</small><br></div><div class="battle-history"><small>(Sawk lost <abbr title="−107/272">39.3%</abbr> of its health!)</small><br></div><div class="spacer battle-history"><br></div><h2 class="battle-history">Turn 6</h2><div class="spacer battle-history"><br></div><div class="battle-history">ILikeLosingControl withdrew Tyrantrum!<br></div><div class="battle-history">ILikeLosingControl sent out <strong>Aromatisse</strong>!<br></div><div class="spacer battle-history"><br></div><div class="battle-history">Sawk used <strong>Close Combat</strong>!<br></div><div class="battle-history"><small>It's not very effective...</small><br></div><div class="battle-history"><small>(The opposing Aromatisse lost <abbr title="−129/317">40.7%</abbr> of its health!)</small><br></div><div class="battle-history"><small>Sawk's Defense fell!</small><br></div><div class="battle-history"><small>Sawk's Sp. Def fell!</small><br></div><div class="spacer battle-history"><br></div><h2 class="battle-history">Turn 7</h2><div class="spacer battle-history"><br></div><div class="battle-history">Sawk, come back!<br></div><div class="battle-history">Go! Tornadus (<strong>Tornadus-Therian</strong>)!<br></div><div class="spacer battle-history"><br></div><div class="battle-history">The opposing Aromatisse used <strong>Reflect</strong>!<br></div><div class="battle-history"><small>Reflect made the opposing team stronger against physical moves!</small><br></div><div class="spacer battle-history"><br></div><h2 class="battle-history">Turn 8</h2><div class="spacer battle-history"><br></div><div class="battle-history">Tornadus used <strong>Hurricane</strong>!<br></div><div class="battle-history"><small>A critical hit!</small><br></div><div class="battle-history"><small>(The opposing Aromatisse lost <abbr title="−181/317">57.1%</abbr> of its health!)</small><br></div><div class="spacer battle-history"><br></div><div class="battle-history">The opposing Aromatisse used <strong>Light Screen</strong>!<br></div><div class="battle-history"><small>Light Screen made the opposing team stronger against special moves!</small><br></div><div class="spacer battle-history"><br></div><h2 class="battle-history">Turn 9</h2><div class="spacer battle-history"><br></div><div class="battle-history">Tornadus used <strong>U-turn</strong>!<br></div><div class="battle-history"><small>It's not very effective...</small><br></div><div class="battle-history"><small>(The opposing Aromatisse lost <abbr title="−7/317">2.2%</abbr> of its health!)</small><br></div><div class="spacer battle-history"><br></div><div class="battle-history">The opposing Aromatisse fainted!<br></div><div class="spacer battle-history"><br></div><div class="battle-history">Tornadus, come back!<br></div><div class="battle-history">Go! <strong>Unfezant</strong>!<br></div><div class="spacer battle-history"><br></div><div class="battle-history">ILikeLosingControl sent out <strong>Stunfisk</strong>!<br></div><div class="spacer battle-history"><br></div><h2 class="battle-history">Turn 10</h2><div class="spacer battle-history"><br></div><div class="battle-history">Unfezant used <strong>Hypnosis</strong>!<br></div><div class="battle-history"><small>The opposing Stunfisk avoided the attack!</small><br></div><div class="spacer battle-history"><br></div><div class="battle-history">The opposing Stunfisk used <strong>Stealth Rock</strong>!<br></div><div class="battle-history"><small>Pointed stones float in the air around your team!</small><br></div><div class="spacer battle-history"><br></div><h2 class="battle-history">Turn 11</h2><div class="spacer battle-history"><br></div><div class="battle-history">Unfezant used <strong>Hypnosis</strong>!<br></div><div class="battle-history"><small>The opposing Stunfisk avoided the attack!</small><br></div><div class="spacer battle-history"><br></div><div class="battle-history">The opposing Stunfisk used <strong>Discharge</strong>!<br></div><div class="battle-history"><small>It's super effective!</small><br></div><div class="battle-history"><small>(Unfezant lost <abbr title="−230/287">80.1%</abbr> of its health!)</small><br></div><div class="spacer battle-history"><br></div><h2 class="battle-history">Turn 12</h2><div class="spacer battle-history"><br></div><div class="battle-history">Unfezant used <strong>Hypnosis</strong>!<br></div><div class="battle-history"><small>The opposing Stunfisk avoided the attack!</small><br></div><div class="spacer battle-history"><br></div><div class="battle-history">The opposing Stunfisk used <strong>Discharge</strong>!<br></div><div class="battle-history"><small>It's super effective!</small><br></div><div class="battle-history"><small>(Unfezant lost <abbr title="−57/287">19.9%</abbr> of its health!)</small><br></div><div class="spacer battle-history"><br></div><div class="battle-history">Unfezant fainted!<br></div><div class="chat chatmessage-ilikelosingcontrol"><strong style="color:#5f961d"><small>☆</small><span class="username" data-name="ILikeLosingControl">ILikeLosingControl</span>:</strong> <em>sorry</em></div><div class="spacer battle-history"><br></div><div class="battle-history">Go! <strong>Sawk</strong>!<br></div><div class="battle-history"><small>Pointed stones dug into Sawk!</small><br></div><div class="spacer battle-history"><br></div><h2 class="battle-history">Turn 13</h2><div class="spacer battle-history"><br></div><div class="battle-history">Sawk used <strong>Earthquake</strong>!<br></div><div class="battle-history"><small>It's super effective!</small><br></div><div class="battle-history"><small>(The opposing Stunfisk lost <abbr title="−139/346">40.2%</abbr> of its health!)</small><br></div><div class="spacer battle-history"><br></div><div class="battle-history">The opposing Stunfisk used <strong>Discharge</strong>!<br></div><div class="battle-history"><small>(Sawk lost <abbr title="−103/272">37.9%</abbr> of its health!)</small><br></div><div class="spacer battle-history"><br></div><h2 class="battle-history">Turn 14</h2><div class="spacer battle-history"><br></div><div class="battle-history">ILikeLosingControl withdrew Stunfisk!<br></div><div class="battle-history">ILikeLosingControl sent out <strong>Alomomola</strong>!<br></div><div class="spacer battle-history"><br></div><div class="battle-history">Sawk used <strong>Earthquake</strong>!<br></div><div class="battle-history"><small>(The opposing Alomomola lost <abbr title="−73/405">18.0%</abbr> of its health!)</small><br></div><div class="spacer battle-history"><br></div><div class="battle-history"><small>The opposing Alomomola restored a little HP using its Leftovers!</small><br></div><div class="battle-history"><small>The opposing team's Reflect wore off!</small><br></div><div class="spacer battle-history"><br></div><h2 class="battle-history">Turn 15</h2><div class="spacer battle-history"><br></div><div class="battle-history">Sawk, come back!<br></div><div class="battle-history">Go! Tornadus (<strong>Tornadus-Therian</strong>)!<br></div><div class="battle-history"><small>Pointed stones dug into Tornadus!</small><br></div><div class="spacer battle-history"><br></div><div class="battle-history">The opposing Alomomola used <strong>Scald</strong>!<br></div><div class="battle-history"><small>(Tornadus lost <abbr title="−33/258">12.8%</abbr> of its health!)</small><br></div><div class="spacer battle-history"><br></div><div class="battle-history"><small>The opposing Alomomola restored a little HP using its Leftovers!</small><br></div><div class="battle-history"><small>The opposing team's Light Screen wore off!</small><br></div><div class="spacer battle-history"><br></div><h2 class="battle-history">Turn 16</h2><div class="spacer battle-history"><br></div><div class="battle-history">The opposing Alomomola used <strong>Protect</strong>!<br></div><div class="battle-history"><small>The opposing Alomomola protected itself!</small><br></div><div class="spacer battle-history"><br></div><div class="battle-history">Tornadus used <strong>Hurricane</strong>!<br></div><div class="battle-history"><small>The opposing Alomomola protected itself!</small><br></div><div class="spacer battle-history"><br></div><div class="battle-history"><small>The opposing Alomomola restored a little HP using its Leftovers!</small><br></div><div class="spacer battle-history"><br></div><h2 class="battle-history">Turn 17</h2><div class="spacer battle-history"><br></div><div class="battle-history">Tornadus used <strong>Hurricane</strong>!<br></div><div class="battle-history"><small>(The opposing Alomomola lost <abbr title="−199/405">49.1%</abbr> of its health!)</small><br></div><div class="spacer battle-history"><br></div><div class="battle-history">The opposing Alomomola used <strong>Wish</strong>!<br></div><div class="spacer battle-history"><br></div><div class="battle-history"><small>The opposing Alomomola restored a little HP using its Leftovers!</small><br></div><div class="spacer battle-history"><br></div><h2 class="battle-history">Turn 18</h2><div class="spacer battle-history"><br></div><div class="battle-history">Tornadus used <strong>U-turn</strong>!<br></div><div class="battle-history"><small>(The opposing Alomomola lost <abbr title="−49/405">12.1%</abbr> of its health!)</small><br></div><div class="spacer battle-history"><br></div><div class="battle-history">Tornadus, come back!<br></div><div class="battle-history">Go! <strong>Genesect</strong>!<br></div><div class="battle-history"><small>Pointed stones dug into Genesect!</small><br></div><div class="battle-history">[Genesect's Download]<br></div><div class="battle-history"><small>Genesect's Sp. Atk rose!</small><br></div><div class="spacer battle-history"><br></div><div class="battle-history">The opposing Alomomola used <strong>Scald</strong>!<br></div><div class="battle-history"><small>(Genesect lost <abbr title="−42/239">17.6%</abbr> of its health!)</small><br></div><div class="spacer battle-history"><br></div><div class="battle-history"><small>Alomomola's wish came true!</small><br></div><div class="battle-history"><small>The opposing Alomomola restored a little HP using its Leftovers!</small><br></div><div class="spacer battle-history"><br></div><h2 class="battle-history">Turn 19</h2><div class="spacer battle-history"><br></div><div class="battle-history">ILikeLosingControl withdrew Alomomola!<br></div><div class="battle-history">ILikeLosingControl sent out <strong>Volcarona</strong>!<br></div><div class="spacer battle-history"><br></div><div class="battle-history">Genesect used <strong>Thunderbolt</strong>!<br></div><div class="battle-history"><small>(The opposing Volcarona lost <abbr title="−83/267">31.1%</abbr> of its health!)</small><br></div><div class="spacer battle-history"><br></div><div class="battle-history"><small>The opposing Volcarona restored a little HP using its Leftovers!</small><br></div><div class="spacer battle-history"><br></div><h2 class="battle-history">Turn 20</h2><div class="spacer battle-history"><br></div><div class="battle-history">Genesect, come back!<br></div><div class="battle-history">Go! <strong>Bruxish</strong>!<br></div><div class="battle-history"><small>Pointed stones dug into Bruxish!</small><br></div><div class="spacer battle-history"><br></div><div class="battle-history">The opposing Volcarona used <strong>Quiver Dance</strong>!<br></div><div class="battle-history"><small>The opposing Volcarona's Sp. Atk rose!</small><br></div><div class="battle-history"><small>The opposing Volcarona's Sp. Def rose!</small><br></div><div class="battle-history"><small>The opposing Volcarona's Speed rose!</small><br></div><div class="spacer battle-history"><br></div><div class="battle-history"><small>The opposing Volcarona restored a little HP using its Leftovers!</small><br></div><div class="spacer battle-history"><br></div><h2 class="battle-history">Turn 21</h2><div class="spacer battle-history"><br></div><div class="battle-history">ILikeLosingControl withdrew Volcarona!<br></div><div class="battle-history">ILikeLosingControl sent out <strong>Alomomola</strong>!<br></div><div class="spacer battle-history"><br></div><div class="battle-history">Bruxish used <strong>Liquidation</strong>!<br></div><div class="battle-history"><small>It's not very effective...</small><br></div><div class="battle-history"><small>(The opposing Alomomola lost <abbr title="−57/405">14.1%</abbr> of its health!)</small><br></div><div class="battle-history"><small>The opposing Alomomola's Defense fell!</small><br></div><div class="spacer battle-history"><br></div><div class="battle-history"><small>The opposing Alomomola restored a little HP using its Leftovers!</small><br></div><div class="spacer battle-history"><br></div><h2 class="battle-history">Turn 22</h2><div class="spacer battle-history"><br></div><div class="battle-history">Bruxish, come back!<br></div><div class="battle-history">Go! <strong>Genesect</strong>!<br></div><div class="battle-history"><small>Pointed stones dug into Genesect!</small><br></div><div class="battle-history">[Genesect's Download]<br></div><div class="battle-history"><small>Genesect's Attack rose!</small><br></div><div class="spacer battle-history"><br></div><div class="battle-history">The opposing Alomomola used <strong>Scald</strong>!<br></div><div class="battle-history"><small>(Genesect lost <abbr title="−46/239">19.2%</abbr> of its health!)</small><br></div><div class="spacer battle-history"><br></div><div class="battle-history"><small>The opposing Alomomola restored a little HP using its Leftovers!</small><br></div><div class="spacer battle-history"><br></div><h2 class="battle-history">Turn 23</h2><div class="spacer battle-history"><br></div><div class="battle-history">ILikeLosingControl withdrew Alomomola!<br></div><div class="battle-history">ILikeLosingControl sent out <strong>Volcarona</strong>!<br></div><div class="spacer battle-history"><br></div><div class="battle-history">Genesect used <strong>Thunderbolt</strong>!<br></div><div class="battle-history"><small>(The opposing Volcarona lost <abbr title="−64/267">24.0%</abbr> of its health!)</small><br></div><div class="spacer battle-history"><br></div><div class="battle-history"><small>The opposing Volcarona restored a little HP using its Leftovers!</small><br></div><div class="spacer battle-history"><br></div><h2 class="battle-history">Turn 24</h2><div class="spacer battle-history"><br></div><div class="battle-history">Genesect, come back!<br></div><div class="battle-history">Go! Tornadus (<strong>Tornadus-Therian</strong>)!<br></div><div class="battle-history"><small>Pointed stones dug into Tornadus!</small><br></div><div class="spacer battle-history"><br></div><div class="battle-history">The opposing Volcarona used <strong>Roost</strong>!<br></div><div class="battle-history"><small>The opposing Volcarona had its HP restored.</small><br></div><div class="spacer battle-history"><br></div><h2 class="battle-history">Turn 25</h2><div class="spacer battle-history"><br></div><div class="battle-history">ILikeLosingControl withdrew Volcarona!<br></div><div class="battle-history">ILikeLosingControl sent out <strong>Stunfisk</strong>!<br></div><div class="spacer battle-history"><br></div><div class="battle-history">Tornadus used <strong>Hurricane</strong>!<br></div><div class="battle-history"><small>It's not very effective...</small><br></div><div class="battle-history"><small>(The opposing Stunfisk lost <abbr title="−52/346">15.0%</abbr> of its health!)</small><br></div><div class="spacer battle-history"><br></div><h2 class="battle-history">Turn 26</h2><div class="spacer battle-history"><br></div><div class="battle-history">Tornadus used <strong>Heat Wave</strong>!<br></div><div class="battle-history"><small>The opposing Stunfisk avoided the attack!</small><br></div><div class="spacer battle-history"><br></div><div class="battle-history">The opposing Stunfisk used <strong>Discharge</strong>!<br></div><div class="battle-history"><small>It's super effective!</small><br></div><div class="battle-history"><small>(Tornadus lost <abbr title="−132/258">51.2%</abbr> of its health!)</small><br></div><div class="spacer battle-history"><br></div><h2 class="battle-history">Turn 27</h2><div class="spacer battle-history"><br></div><div class="battle-history"><small>Boris Huang - YT forfeited.</small><br></div><div class="spacer battle-history"><br></div><div class="battle-history"><strong>ILikeLosingControl</strong> won the battle!<br></div><div class="chat"><small>☆Boris Huang - YT left</small></div><div class="chat">Boris Huang - YT's rating: 2468 → <strong>2446</strong><br>(-22 for losing)</div><div class="chat">ILikeLosingControl's rating: 2437 → <strong>2459</strong><br>(+22 for winning)</div><div class="chat"><small>☆ILikeLosingControl left</small></div></div><div class="inner-preempt message-log"></div></div></div>
</div>
<script>
let daily = Math.floor(Date.now()/1000/60/60/24);document.write('<script src="https://play.pokemonshowdown.com/js/replay-embed.js?version'+daily+'"></'+'script>');
</script>
