<!DOCTYPE html>
<meta charset="utf-8" />
<!-- version 1 -->
<title>[Gen 7] Random Battle replay: JustOut459 vs. bjtsfg</title>
<style>
html,body {font-family:Verdana, sans-serif;font-size:10pt;margin:0;padding:0;}body{padding:12px 0;} .battle-log {font-family:Verdana, sans-serif;font-size:10pt;} .battle-log-inline {border:1px solid #AAAAAA;background:#EEF2F5;color:black;max-width:640px;margin:0 auto 80px;padding-bottom:5px;} .battle-log .inner {padding:4px 8px 0px 8px;} .battle-log .inner-preempt {padding:0 8px 4px 8px;} .battle-log .inner-after {margin-top:0.5em;} .battle-log h2 {margin:0.5em -8px;padding:4px 8px;border:1px solid #AAAAAA;background:#E0E7EA;border-left:0;border-right:0;font-family:Verdana, sans-serif;font-size:13pt;} .battle-log .chat {vertical-align:middle;padding:3px 0 3px 0;font-size:8pt;} .battle-log .chat strong {color:#40576A;} .battle-log .chat em {padding:1px 4px 1px 3px;color:#000000;font-style:normal;} .chat.mine {background:rgba(0,0,0,0.05);margin-left:-8px;margin-right:-8px;padding-left:8px;padding-right:8px;} .spoiler {color:#BBBBBB;background:#BBBBBB;padding:0px 3px;} .spoiler:hover, .spoiler:active, .spoiler-shown {color:#000000;background:#E2E2E2;padding:0px 3px;} .spoiler a {color:#BBBBBB;} .spoiler:hover a, .spoiler:active a, .spoiler-shown a {color:#2288CC;} .chat code, .chat .spoiler:hover code, .chat .spoiler:active code, .chat .spoiler-shown code {border:1px solid #C0C0C0;background:#EEEEEE;color:black;padding:0 2px;} .chat .spoiler code {border:1px solid #CCCCCC;background:#CCCCCC;color:#CCCCCC;} .battle-log .rated {padding:3px 4px;} .battle-log .rated strong {color:white;background:#89A;padding:1px 4px;border-radius:4px;} .spacer {margin-top:0.5em;} .message-announce {background:#6688AA;color:white;padding:1px 4px 2px;} .message-announce a, .broadcast-green a, .broadcast-blue a, .broadcast-red a {color:#DDEEFF;} .broadcast-green {background-color:#559955;color:white;padding:2px 4px;} .broadcast-blue {background-color:#6688AA;color:white;padding:2px 4px;} .infobox {border:1px solid #6688AA;padding:2px 4px;} .infobox-limited {max-height:200px;overflow:auto;overflow-x:hidden;} .broadcast-red {background-color:#AA5544;color:white;padding:2px 4px;} .message-learn-canlearn {font-weight:bold;color:#228822;text-decoration:underline;} .message-learn-cannotlearn {font-weight:bold;color:#CC2222;text-decoration:underline;} .message-effect-weak {font-weight:bold;color:#CC2222;} .message-effect-resist {font-weight:bold;color:#6688AA;} .message-effect-immune {font-weight:bold;color:#666666;} .message-learn-list {margin-top:0;margin-bottom:0;} .message-throttle-notice, .message-error {color:#992222;} .message-overflow, .chat small.message-overflow {font-size:0pt;} .message-overflow::before {font-size:9pt;content:'...';} .subtle {color:#3A4A66;}
</style>
<div class="wrapper replay-wrapper" style="max-width:1180px;margin:0 auto">
<input type="hidden" name="replayid" value="gen7randombattle-999950460" />
<div class="battle"></div><div class="battle-log"></div><div class="replay-controls"></div><div class="replay-controls-2"></div>
<h1 style="font-weight:normal;text-align:center"><strong>[Gen 7] Random Battle</strong><br /><a href="http://pokemonshowdown.com/users/justout459" class="subtle" target="_blank">JustOut459</a> vs. <a href="http://pokemonshowdown.com/users/bjtsfg" class="subtle" target="_blank">bjtsfg</a></h1>
<script type="text/plain" class="battle-log-data">|j|☆JustOut459
|j|☆bjtsfg
|player|p1|JustOut459|290|1851
|player|p2|bjtsfg|265|1836
|teamsize|p1|6
|teamsize|p2|6
|gametype|singles
|gen|7
|tier|[Gen 7] Random Battle
|rated|
|rule|Sleep Clause Mod: Limit one foe put to sleep
|rule|HP Percentage Mod: HP is shown in percentages
|
|start
|switch|p1a: Ninetales|Ninetales-Alola, L81, M|251\/251
|switch|p2a: Blaziken|Blaziken, L78, M|253\/253
|-weather|Hail|[from] ability: Snow Warning|[of] p1a: Ninetales
|turn|1
|inactive|Battle timer is ON: inactive players will automatically lose when time's up. (requested by bjtsfg)
|inactive|JustOut459 has 120 seconds left.
|inactive|JustOut459 has 90 seconds left.
|
|switch|p2a: Hippowdon|Hippowdon, L82, M|311\/311
|-weather|Sandstorm|[from] ability: Sand Stream|[of] p2a: Hippowdon
|move|p1a: Ninetales|Blizzard|p2a: Hippowdon
|-supereffective|p2a: Hippowdon
|-damage|p2a: Hippowdon|93\/311
|
|-weather|Sandstorm|[upkeep]
|-damage|p1a: Ninetales|236\/251|[from] Sandstorm
|-heal|p2a: Hippowdon|112\/311|[from] item: Leftovers
|upkeep
|turn|2
|
|move|p1a: Ninetales|Freeze-Dry|p2a: Hippowdon
|-supereffective|p2a: Hippowdon
|-damage|p2a: Hippowdon|0 fnt
|faint|p2a: Hippowdon
|
|-weather|Sandstorm|[upkeep]
|-damage|p1a: Ninetales|221\/251|[from] Sandstorm
|upkeep
|
|switch|p2a: Omastar|Omastar, L88, F|266\/266
|turn|3
|
|move|p1a: Ninetales|Freeze-Dry|p2a: Omastar
|-supereffective|p2a: Omastar
|-damage|p2a: Omastar|176\/266
|move|p2a: Omastar|Stealth Rock|p1a: Ninetales
|-sidestart|p1: JustOut459|move: Stealth Rock
|
|-weather|Sandstorm|[upkeep]
|-damage|p1a: Ninetales|206\/251|[from] Sandstorm
|-heal|p2a: Omastar|192\/266|[from] item: Leftovers
|upkeep
|turn|4
|
|switch|p1a: Pangoro|Pangoro, L86, F|304\/304
|-damage|p1a: Pangoro|285\/304|[from] Stealth Rock
|-ability|p1a: Pangoro|Mold Breaker
|move|p2a: Omastar|Spikes|p1a: Pangoro
|-sidestart|p1: JustOut459|Spikes
|
|-weather|Sandstorm|[upkeep]
|-damage|p1a: Pangoro|266\/304|[from] Sandstorm
|-heal|p2a: Omastar|208\/266|[from] item: Leftovers
|upkeep
|turn|5
|
|move|p1a: Pangoro|Knock Off|p2a: Omastar
|-damage|p2a: Omastar|82\/266
|-enditem|p2a: Omastar|Leftovers|[from] move: Knock Off|[of] p1a: Pangoro
|-damage|p1a: Pangoro|236\/304|[from] item: Life Orb
|move|p2a: Omastar|Spikes|p1a: Pangoro
|-sidestart|p1: JustOut459|Spikes
|
|-weather|none
|upkeep
|turn|6
|
|move|p1a: Pangoro|Knock Off|p2a: Omastar
|-damage|p2a: Omastar|7\/266
|-damage|p1a: Pangoro|206\/304|[from] item: Life Orb
|move|p2a: Omastar|Spikes|p1a: Pangoro
|-sidestart|p1: JustOut459|Spikes
|
|upkeep
|turn|7
|
|move|p1a: Pangoro|Knock Off|p2a: Omastar
|-damage|p2a: Omastar|0 fnt
|-damage|p1a: Pangoro|176\/304|[from] item: Life Orb
|faint|p2a: Omastar
|
|upkeep
|
|switch|p2a: Blaziken|Blaziken, L78, M|253\/253
|turn|8
|
|detailschange|p2a: Blaziken|Blaziken-Mega, L78, M
|-mega|p2a: Blaziken|Blaziken|Blazikenite
|move|p2a: Blaziken|Protect|p2a: Blaziken
|-singleturn|p2a: Blaziken|Protect
|move|p1a: Pangoro|Superpower|p2a: Blaziken
|-activate|p2a: Blaziken|move: Protect
|
|-ability|p2a: Blaziken|Speed Boost|boost
|-boost|p2a: Blaziken|spe|1
|upkeep
|turn|9
|
|move|p2a: Blaziken|High Jump Kick|p1a: Pangoro
|-supereffective|p1a: Pangoro
|-damage|p1a: Pangoro|0 fnt
|faint|p1a: Pangoro
|
|-ability|p2a: Blaziken|Speed Boost|boost
|-boost|p2a: Blaziken|spe|1
|upkeep
|
|switch|p1a: Reuniclus|Reuniclus, L83, M|318\/318
|turn|10
|
|switch|p2a: Durant|Durant, L83, M|232\/232
|move|p1a: Reuniclus|Trick Room|p1a: Reuniclus
|-fieldstart|move: Trick Room|[of] p1a: Reuniclus
|
|upkeep
|turn|11
|
|switch|p1a: Hippowdon|Hippowdon, L82, F|311\/311
|-damage|p1a: Hippowdon|234\/311|[from] Spikes
|-damage|p1a: Hippowdon|215\/311|[from] Stealth Rock
|-weather|Sandstorm|[from] ability: Sand Stream|[of] p1a: Hippowdon
|move|p2a: Durant|X-Scissor|p1a: Hippowdon
|-crit|p1a: Hippowdon
|-damage|p1a: Hippowdon|0 fnt
|-damage|p2a: Durant|209\/232|[from] item: Life Orb
|faint|p1a: Hippowdon
|
|-weather|Sandstorm|[upkeep]
|upkeep
|
|switch|p1a: Raikou|Raikou, L84|288\/288
|-damage|p1a: Raikou|216\/288|[from] Spikes
|-damage|p1a: Raikou|180\/288|[from] Stealth Rock
|turn|12
|
|switch|p2a: Raikou|Raikou, L84|288\/288
|-ability|p2a: Raikou|Pressure
|switch|p1a: Bastiodon|Bastiodon, L89, F|252\/252
|-damage|p1a: Bastiodon|237\/252|[from] Stealth Rock
|-item|p1a: Bastiodon|Air Balloon
|
|-weather|Sandstorm|[upkeep]
|-damage|p2a: Raikou|270\/288|[from] Sandstorm
|-heal|p2a: Raikou|288\/288|[from] item: Leftovers
|upkeep
|turn|13
|
|move|p1a: Bastiodon|Rock Blast|p2a: Raikou
|-damage|p2a: Raikou|264\/288
|-damage|p2a: Raikou|240\/288
|-damage|p2a: Raikou|219\/288
|-damage|p2a: Raikou|194\/288
|-hitcount|p2a: Raikou|4
|move|p2a: Raikou|Thunderbolt|p1a: Bastiodon
|-crit|p1a: Bastiodon
|-damage|p1a: Bastiodon|162\/252
|-enditem|p1a: Bastiodon|Air Balloon
|
|-weather|Sandstorm|[upkeep]
|-damage|p2a: Raikou|176\/288|[from] Sandstorm
|-heal|p2a: Raikou|194\/288|[from] item: Leftovers
|upkeep
|turn|14
|
|switch|p2a: Blaziken|Blaziken-Mega, L78, M|253\/253
|move|p1a: Bastiodon|Toxic|p2a: Blaziken
|-status|p2a: Blaziken|tox
|
|-weather|Sandstorm|[upkeep]
|-damage|p2a: Blaziken|238\/253 tox|[from] Sandstorm
|-damage|p2a: Blaziken|223\/253 tox|[from] psn
|-fieldend|move: Trick Room
|upkeep
|turn|15
|
|move|p2a: Blaziken|Flare Blitz|p1a: Bastiodon
|-damage|p1a: Bastiodon|62\/252
|-damage|p2a: Blaziken|190\/253 tox|[from] Recoil
|move|p1a: Bastiodon|Rock Blast|p2a: Blaziken
|-damage|p2a: Blaziken|168\/253 tox
|-damage|p2a: Blaziken|144\/253 tox
|-hitcount|p2a: Blaziken|2
|
|-weather|none
|-damage|p2a: Blaziken|114\/253 tox|[from] psn
|-ability|p2a: Blaziken|Speed Boost|boost
|-boost|p2a: Blaziken|spe|1
|upkeep
|turn|16
|
|move|p2a: Blaziken|Flare Blitz|p1a: Bastiodon
|-damage|p1a: Bastiodon|0 fnt
|-damage|p2a: Blaziken|94\/253 tox|[from] Recoil
|faint|p1a: Bastiodon
|
|-damage|p2a: Blaziken|49\/253 tox|[from] psn
|-ability|p2a: Blaziken|Speed Boost|boost
|-boost|p2a: Blaziken|spe|1
|upkeep
|
|switch|p1a: Reuniclus|Reuniclus, L83, M|318\/318
|turn|17
|
|move|p2a: Blaziken|Flare Blitz|p1a: Reuniclus
|-damage|p1a: Reuniclus|122\/318
|-damage|p2a: Blaziken|0 fnt|[from] Recoil
|faint|p2a: Blaziken
|move|p1a: Reuniclus|Trick Room|p1a: Reuniclus
|-fieldstart|move: Trick Room|[of] p1a: Reuniclus
|
|upkeep
|
|switch|p2a: Durant|Durant, L83, M|209\/232
|turn|18
|
|switch|p1a: Ninetales|Ninetales-Alola, L81, M|206\/251
|-damage|p1a: Ninetales|144\/251|[from] Stealth Rock
|-damage|p1a: Ninetales|82\/251|[from] Spikes
|-weather|Hail|[from] ability: Snow Warning|[of] p1a: Ninetales
|move|p2a: Durant|Iron Head|p1a: Ninetales
|-supereffective|p1a: Ninetales
|-damage|p1a: Ninetales|0 fnt
|-damage|p2a: Durant|186\/232|[from] item: Life Orb
|faint|p1a: Ninetales
|
|-weather|Hail|[upkeep]
|-damage|p2a: Durant|172\/232|[from] Hail
|upkeep
|
|switch|p1a: Raikou|Raikou, L84|180\/288
|-damage|p1a: Raikou|108\/288|[from] Spikes
|-damage|p1a: Raikou|72\/288|[from] Stealth Rock
|turn|19
|
|move|p2a: Durant|X-Scissor|p1a: Raikou
|-damage|p1a: Raikou|0 fnt
|-damage|p2a: Durant|149\/232|[from] item: Life Orb
|faint|p1a: Raikou
|
|-weather|Hail|[upkeep]
|-damage|p2a: Durant|135\/232|[from] Hail
|upkeep
|
|switch|p1a: Reuniclus|Reuniclus, L83, M|122\/318
|turn|20
|
|move|p1a: Reuniclus|Focus Blast|p2a: Durant
|-damage|p2a: Durant|0 fnt
|faint|p2a: Durant
|
|-weather|Hail|[upkeep]
|upkeep
|
|switch|p2a: Raticate|Raticate, L89, F|243\/243
|turn|21
|
|move|p2a: Raticate|Sucker Punch|p1a: Reuniclus
|-supereffective|p1a: Reuniclus
|-damage|p1a: Reuniclus|14\/318
|move|p1a: Reuniclus|Focus Blast|p2a: Raticate
|-supereffective|p2a: Raticate
|-damage|p2a: Raticate|0 fnt
|faint|p2a: Raticate
|
|-weather|Hail|[upkeep]
|-fieldend|move: Trick Room
|upkeep
|
|switch|p2a: Raikou|Raikou, L84|194\/288
|-ability|p2a: Raikou|Pressure
|turn|22
|
|move|p2a: Raikou|Thunderbolt|p1a: Reuniclus
|-damage|p1a: Reuniclus|0 fnt
|faint|p1a: Reuniclus
|
|win|bjtsfg
|l|☆JustOut459
|raw|JustOut459's rating: 1832 &rarr; <strong>1813<\/strong><br \/>(-19 for losing)
|raw|bjtsfg's rating: 1856 &rarr; <strong>1875<\/strong><br \/>(+19 for winning)
</script>
</div>
<div class="battle-log battle-log-inline"><div class="inner"><div class="battle-options"></div><div class="inner message-log"><div class="chat"><small>☆JustOut459 and ☆bjtsfg joined</small></div><div class=""><small>Format:</small> <br><strong>[Gen 7] Random Battle</strong></div><div class="rated"><strong>Rated battle</strong></div><div class=""><small><em>Sleep Clause Mod:</em> Limit one foe put to sleep</small></div><div class=""><small><em>HP Percentage Mod:</em> HP is shown in percentages</small></div><div class="spacer battle-history"><br></div><div class="battle-history">Battle started between JustOut459 and bjtsfg!<br></div><div class="spacer battle-history"><br></div><div class="battle-history">Go! Ninetales (<strong>Ninetales-Alola</strong>)!<br></div><div class="spacer battle-history"><br></div><div class="battle-history">bjtsfg sent out <strong>Blaziken</strong>!<br></div><div class="battle-history">[Ninetales's Snow Warning]<br><small>It started to hail!</small><br></div><div class="spacer battle-history"><br></div><h2 class="battle-history">Turn 1</h2><div class="chat message-error">Battle timer is ON: inactive players will automatically lose when time's up. (requested by bjtsfg)</div><div class="chat message-error">JustOut459 has 120 seconds left.</div><div class="chat message-error">JustOut459 has 90 seconds left.</div><div class="spacer battle-history"><br></div><div class="battle-history">bjtsfg withdrew Blaziken!<br></div><div class="battle-history">bjtsfg sent out <strong>Hippowdon</strong>!<br></div><div class="battle-history">[The opposing Hippowdon's Sand Stream]<br><small>A sandstorm kicked up!</small><br></div><div class="spacer battle-history"><br></div><div class="battle-history">Ninetales used <strong>Blizzard</strong>!<br></div><div class="battle-history"><small>It's super effective!</small><br></div><div class="battle-history"><small>(The opposing Hippowdon lost <abbr title="−218/311">70.1%</abbr> of its health!)</small><br></div><div class="spacer battle-history"><br></div><div class="battle-history"><small>(The sandstorm is raging.)</small><br></div><div class="battle-history"><small>Ninetales is buffeted by the sandstorm!</small><br></div><div class="battle-history"><small>The opposing Hippowdon restored a little HP using its Leftovers!</small><br></div><div class="spacer battle-history"><br></div><h2 class="battle-history">Turn 2</h2><div class="spacer battle-history"><br></div><div class="battle-history">Ninetales used <strong>Freeze-Dry</strong>!<br></div><div class="battle-history"><small>It's super effective!</small><br></div><div class="battle-history"><small>(The opposing Hippowdon lost <abbr title="−112/311">36.0%</abbr> of its health!)</small><br></div><div class="spacer battle-history"><br></div><div class="battle-history">The opposing Hippowdon fainted!<br></div><div class="spacer battle-history"><br></div><div class="battle-history"><small>(The sandstorm is raging.)</small><br></div><div class="battle-history"><small>Ninetales is buffeted by the sandstorm!</small><br></div><div class="spacer battle-history"><br></div><div class="battle-history">bjtsfg sent out <strong>Omastar</strong>!<br></div><div class="spacer battle-history"><br></div><h2 class="battle-history">Turn 3</h2><div class="spacer battle-history"><br></div><div class="battle-history">Ninetales used <strong>Freeze-Dry</strong>!<br></div><div class="battle-history"><small>It's super effective!</small><br></div><div class="battle-history"><small>(The opposing Omastar lost <abbr title="−90/266">33.8%</abbr> of its health!)</small><br></div><div class="spacer battle-history"><br></div><div class="battle-history">The opposing Omastar used <strong>Stealth Rock</strong>!<br></div><div class="battle-history"><small>Pointed stones float in the air around your team!</small><br></div><div class="spacer battle-history"><br></div><div class="battle-history"><small>(The sandstorm is raging.)</small><br></div><div class="battle-history"><small>Ninetales is buffeted by the sandstorm!</small><br></div><div class="battle-history"><small>The opposing Omastar restored a little HP using its Leftovers!</small><br></div><div class="spacer battle-history"><br></div><h2 class="battle-history">Turn 4</h2><div class="spacer battle-history"><br></div><div class="battle-history">Ninetales, come back!<br></div><div class="battle-history">Go! <strong>Pangoro</strong>!<br></div><div class="battle-history"><small>Pointed stones dug into Pangoro!</small><br></div><div class="battle-history">[Pangoro's Mold Breaker]<br><small>Pangoro breaks the mold!</small><br></div><div class="spacer battle-history"><br></div><div class="battle-history">The opposing Omastar used <strong>Spikes</strong>!<br></div><div class="battle-history"><small>Spikes were scattered on the ground all around your team!</small><br></div><div class="spacer battle-history"><br></div><div class="battle-history"><small>(The sandstorm is raging.)</small><br></div><div class="battle-history"><small>Pangoro is buffeted by the sandstorm!</small><br></div><div class="battle-history"><small>The opposing Omastar restored a little HP using its Leftovers!</small><br></div><div class="spacer battle-history"><br></div><h2 class="battle-history">Turn 5</h2><div class="spacer battle-history"><br></div><div class="battle-history">Pangoro used <strong>Knock Off</strong>!<br></div><div class="battle-history"><small>(The opposing Omastar lost <abbr title="−126/266">47.4%</abbr> of its health!)</small><br></div><div class="battle-history"><small>Pangoro knocked off the opposing Omastar's Leftovers!</small><br></div><div class="battle-history"><small>Pangoro lost some of its HP!</small><br></div><div class="spacer battle-history"><br></div><div class="battle-history">The opposing Omastar used <strong>Spikes</strong>!<br></div><div class="battle-history"><small>Spikes were scattered on the ground all around your team!</small><br></div><div class="spacer battle-history"><br></div><div class="battle-history"><small>The sandstorm subsided.</small><br></div><div class="spacer battle-history"><br></div><h2 class="battle-history">Turn 6</h2><div class="spacer battle-history"><br></div><div class="battle-history">Pangoro used <strong>Knock Off</strong>!<br></div><div class="battle-history"><small>(The opposing Omastar lost <abbr title="−75/266">28.2%</abbr> of its health!)</small><br></div><div class="battle-history"><small>Pangoro lost some of its HP!</small><br></div><div class="spacer battle-history"><br></div><div class="battle-history">The opposing Omastar used <strong>Spikes</strong>!<br></div><div class="battle-history"><small>Spikes were scattered on the ground all around your team!</small><br></div><div class="spacer battle-history"><br></div><h2 class="battle-history">Turn 7</h2><div class="spacer battle-history"><br></div><div class="battle-history">Pangoro used <strong>Knock Off</strong>!<br></div><div class="battle-history"><small>(The opposing Omastar lost <abbr title="−7/266">2.6%</abbr> of its health!)</small><br></div><div class="battle-history"><small>Pangoro lost some of its HP!</small><br></div><div class="spacer battle-history"><br></div><div class="battle-history">The opposing Omastar fainted!<br></div><div class="spacer battle-history"><br></div><div class="battle-history">bjtsfg sent out <strong>Blaziken</strong>!<br></div><div class="spacer battle-history"><br></div><h2 class="battle-history">Turn 8</h2><div class="spacer battle-history"><br></div><div class="battle-history"><small>The opposing Blaziken's Blazikenite is reacting to the Key Stone!</small><br>The opposing Blaziken has Mega Evolved into Mega Blaziken!<br></div><div class="spacer battle-history"><br></div><div class="battle-history">The opposing Blaziken used <strong>Protect</strong>!<br></div><div class="battle-history"><small>The opposing Blaziken protected itself!</small><br></div><div class="spacer battle-history"><br></div><div class="battle-history">Pangoro used <strong>Superpower</strong>!<br></div><div class="battle-history"><small>The opposing Blaziken protected itself!</small><br></div><div class="spacer battle-history"><br></div><div class="battle-history">[The opposing Blaziken's Speed Boost]<br></div><div class="battle-history"><small>The opposing Blaziken's Speed rose!</small><br></div><div class="spacer battle-history"><br></div><h2 class="battle-history">Turn 9</h2><div class="spacer battle-history"><br></div><div class="battle-history">The opposing Blaziken used <strong>High Jump Kick</strong>!<br></div><div class="battle-history"><small>It's super effective!</small><br></div><div class="battle-history"><small>(Pangoro lost <abbr title="−176/304">57.9%</abbr> of its health!)</small><br></div><div class="spacer battle-history"><br></div><div class="battle-history">Pangoro fainted!<br></div><div class="spacer battle-history"><br></div><div class="battle-history">[The opposing Blaziken's Speed Boost]<br></div><div class="battle-history"><small>The opposing Blaziken's Speed rose!</small><br></div><div class="spacer battle-history"><br></div><div class="battle-history">Go! <strong>Reuniclus</strong>!<br></div><div class="spacer battle-history"><br></div><h2 class="battle-history">Turn 10</h2><div class="spacer battle-history"><br></div><div class="battle-history">bjtsfg withdrew Blaziken!<br></div><div class="battle-history">bjtsfg sent out <strong>Durant</strong>!<br></div><div class="spacer battle-history"><br></div><div class="battle-history">Reuniclus used <strong>Trick Room</strong>!<br></div><div class="battle-history"><small>Reuniclus twisted the dimensions!</small><br></div><div class="spacer battle-history"><br></div><h2 class="battle-history">Turn 11</h2><div class="spacer battle-history"><br></div><div class="battle-history">Reuniclus, come back!<br></div><div class="battle-history">Go! <strong>Hippowdon</strong>!<br></div><div class="battle-history"><small>Hippowdon was hurt by the spikes!</small><br></div><div class="battle-history"><small>Pointed stones dug into Hippowdon!</small><br></div><div class="battle-history">[Hippowdon's Sand Stream]<br><small>A sandstorm kicked up!</small><br></div><div class="spacer battle-history"><br></div><div class="battle-history">The opposing Durant used <strong>X-Scissor</strong>!<br></div><div class="battle-history"><small>A critical hit!</small><br></div><div class="battle-history"><small>(Hippowdon lost <abbr title="−215/311">69.1%</abbr> of its health!)</small><br></div><div class="battle-history"><small>The opposing Durant lost some of its HP!</small><br></div><div class="spacer battle-history"><br></div><div class="battle-history">Hippowdon fainted!<br></div><div class="spacer battle-history"><br></div><div class="battle-history"><small>(The sandstorm is raging.)</small><br></div><div class="spacer battle-history"><br></div><div class="battle-history">Go! <strong>Raikou</strong>!<br></div><div class="battle-history"><small>Raikou was hurt by the spikes!</small><br></div><div class="battle-history"><small>Pointed stones dug into Raikou!</small><br></div><div class="spacer battle-history"><br></div><h2 class="battle-history">Turn 12</h2><div class="spacer battle-history"><br></div><div class="battle-history">bjtsfg withdrew Durant!<br></div><div class="battle-history">bjtsfg sent out <strong>Raikou</strong>!<br></div><div class="battle-history">[The opposing Raikou's Pressure]<br><small>The opposing Raikou is exerting its pressure!</small><br></div><div class="spacer battle-history"><br></div><div class="battle-history">Raikou, come back!<br></div><div class="battle-history">Go! <strong>Bastiodon</strong>!<br></div><div class="battle-history"><small>Pointed stones dug into Bastiodon!</small><br></div><div class="battle-history"><small>Bastiodon floats in the air with its Air Balloon!</small><br></div><div class="spacer battle-history"><br></div><div class="battle-history"><small>(The sandstorm is raging.)</small><br></div><div class="battle-history"><small>The opposing Raikou is buffeted by the sandstorm!</small><br></div><div class="battle-history"><small>The opposing Raikou restored a little HP using its Leftovers!</small><br></div><div class="spacer battle-history"><br></div><h2 class="battle-history">Turn 13</h2><div class="spacer battle-history"><br></div><div class="battle-history">Bastiodon used <strong>Rock Blast</strong>!<br></div><div class="battle-history"><small>(The opposing Raikou lost <abbr title="−24/288">8.3%</abbr> of its health!)</small><br></div><div class="battle-history"><small>(The opposing Raikou lost <abbr title="−24/288">8.3%</abbr> of its health!)</small><br></div><div class="battle-history"><small>(The opposing Raikou lost <abbr title="−21/288">7.3%</abbr> of its health!)</small><br></div><div class="battle-history"><small>(The opposing Raikou lost <abbr title="−25/288">8.7%</abbr> of its health!)</small><br></div><div class="battle-history"><small>The Pokémon was hit 4 times!</small><br></div><div class="spacer battle-history"><br></div><div class="battle-history">The opposing Raikou used <strong>Thunderbolt</strong>!<br></div><div class="battle-history"><small>A critical hit!</small><br></div><div class="battle-history"><small>(Bastiodon lost <abbr title="−75/252">29.8%</abbr> of its health!)</small><br></div><div class="battle-history"><small>Bastiodon's Air Balloon popped!</small><br></div><div class="spacer battle-history"><br></div><div class="battle-history"><small>(The sandstorm is raging.)</small><br></div><div class="battle-history"><small>The opposing Raikou is buffeted by the sandstorm!</small><br></div><div class="battle-history"><small>The opposing Raikou restored a little HP using its Leftovers!</small><br></div><div class="spacer battle-history"><br></div><h2 class="battle-history">Turn 14</h2><div class="spacer battle-history"><br></div><div class="battle-history">bjtsfg withdrew Raikou!<br></div><div class="battle-history">bjtsfg sent out Blaziken (<strong>Blaziken-Mega</strong>)!<br></div><div class="spacer battle-history"><br></div><div class="battle-history">Bastiodon used <strong>Toxic</strong>!<br></div><div class="battle-history"><small>The opposing Blaziken was badly poisoned!</small><br></div><div class="spacer battle-history"><br></div><div class="battle-history"><small>(The sandstorm is raging.)</small><br></div><div class="battle-history"><small>The opposing Blaziken is buffeted by the sandstorm!</small><br></div><div class="battle-history"><small>The opposing Blaziken was hurt by poison!</small><br></div><div class="battle-history"><small>The twisted dimensions returned to normal!</small><br></div><div class="spacer battle-history"><br></div><h2 class="battle-history">Turn 15</h2><div class="spacer battle-history"><br></div><div class="battle-history">The opposing Blaziken used <strong>Flare Blitz</strong>!<br></div><div class="battle-history"><small>(Bastiodon lost <abbr title="−100/252">39.7%</abbr> of its health!)</small><br></div><div class="battle-history"><small>The opposing Blaziken was damaged by the recoil!</small><br></div><div class="spacer battle-history"><br></div><div class="battle-history">Bastiodon used <strong>Rock Blast</strong>!<br></div><div class="battle-history"><small>(The opposing Blaziken lost <abbr title="−22/253">8.7%</abbr> of its health!)</small><br></div><div class="battle-history"><small>(The opposing Blaziken lost <abbr title="−24/253">9.5%</abbr> of its health!)</small><br></div><div class="battle-history"><small>The Pokémon was hit 2 times!</small><br></div><div class="spacer battle-history"><br></div><div class="battle-history"><small>The sandstorm subsided.</small><br></div><div class="battle-history"><small>The opposing Blaziken was hurt by poison!</small><br></div><div class="battle-history">[The opposing Blaziken's Speed Boost]<br></div><div class="battle-history"><small>The opposing Blaziken's Speed rose!</small><br></div><div class="spacer battle-history"><br></div><h2 class="battle-history">Turn 16</h2><div class="spacer battle-history"><br></div><div class="battle-history">The opposing Blaziken used <strong>Flare Blitz</strong>!<br></div><div class="battle-history"><small>(Bastiodon lost <abbr title="−62/252">24.6%</abbr> of its health!)</small><br></div><div class="battle-history"><small>The opposing Blaziken was damaged by the recoil!</small><br></div><div class="spacer battle-history"><br></div><div class="battle-history">Bastiodon fainted!<br></div><div class="spacer battle-history"><br></div><div class="battle-history"><small>The opposing Blaziken was hurt by poison!</small><br></div><div class="battle-history">[The opposing Blaziken's Speed Boost]<br></div><div class="battle-history"><small>The opposing Blaziken's Speed rose!</small><br></div><div class="spacer battle-history"><br></div><div class="battle-history">Go! <strong>Reuniclus</strong>!<br></div><div class="spacer battle-history"><br></div><h2 class="battle-history">Turn 17</h2><div class="spacer battle-history"><br></div><div class="battle-history">The opposing Blaziken used <strong>Flare Blitz</strong>!<br></div><div class="battle-history"><small>(Reuniclus lost <abbr title="−196/318">61.6%</abbr> of its health!)</small><br></div><div class="battle-history"><small>The opposing Blaziken was damaged by the recoil!</small><br></div><div class="spacer battle-history"><br></div><div class="battle-history">The opposing Blaziken fainted!<br></div><div class="battle-history">Reuniclus used <strong>Trick Room</strong>!<br></div><div class="battle-history"><small>Reuniclus twisted the dimensions!</small><br></div><div class="spacer battle-history"><br></div><div class="battle-history">bjtsfg sent out <strong>Durant</strong>!<br></div><div class="spacer battle-history"><br></div><h2 class="battle-history">Turn 18</h2><div class="spacer battle-history"><br></div><div class="battle-history">Reuniclus, come back!<br></div><div class="battle-history">Go! Ninetales (<strong>Ninetales-Alola</strong>)!<br></div><div class="battle-history"><small>Pointed stones dug into Ninetales!</small><br></div><div class="battle-history"><small>Ninetales was hurt by the spikes!</small><br></div><div class="battle-history">[Ninetales's Snow Warning]<br><small>It started to hail!</small><br></div><div class="spacer battle-history"><br></div><div class="battle-history">The opposing Durant used <strong>Iron Head</strong>!<br></div><div class="battle-history"><small>It's super effective!</small><br></div><div class="battle-history"><small>(Ninetales lost <abbr title="−82/251">32.7%</abbr> of its health!)</small><br></div><div class="battle-history"><small>The opposing Durant lost some of its HP!</small><br></div><div class="spacer battle-history"><br></div><div class="battle-history">Ninetales fainted!<br></div><div class="spacer battle-history"><br></div><div class="battle-history"><small>(The hail is crashing down.)</small><br></div><div class="battle-history"><small>The opposing Durant is buffeted by the hail!</small><br></div><div class="spacer battle-history"><br></div><div class="battle-history">Go! <strong>Raikou</strong>!<br></div><div class="battle-history"><small>Raikou was hurt by the spikes!</small><br></div><div class="battle-history"><small>Pointed stones dug into Raikou!</small><br></div><div class="spacer battle-history"><br></div><h2 class="battle-history">Turn 19</h2><div class="spacer battle-history"><br></div><div class="battle-history">The opposing Durant used <strong>X-Scissor</strong>!<br></div><div class="battle-history"><small>(Raikou lost <abbr title="−72/288">25%</abbr> of its health!)</small><br></div><div class="battle-history"><small>The opposing Durant lost some of its HP!</small><br></div><div class="spacer battle-history"><br></div><div class="battle-history">Raikou fainted!<br></div><div class="spacer battle-history"><br></div><div class="battle-history"><small>(The hail is crashing down.)</small><br></div><div class="battle-history"><small>The opposing Durant is buffeted by the hail!</small><br></div><div class="spacer battle-history"><br></div><div class="battle-history">Go! <strong>Reuniclus</strong>!<br></div><div class="spacer battle-history"><br></div><h2 class="battle-history">Turn 20</h2><div class="spacer battle-history"><br></div><div class="battle-history">Reuniclus used <strong>Focus Blast</strong>!<br></div><div class="battle-history"><small>(The opposing Durant lost <abbr title="−135/232">58.2%</abbr> of its health!)</small><br></div><div class="spacer battle-history"><br></div><div class="battle-history">The opposing Durant fainted!<br></div><div class="spacer battle-history"><br></div><div class="battle-history"><small>(The hail is crashing down.)</small><br></div><div class="spacer battle-history"><br></div><div class="battle-history">bjtsfg sent out <strong>Raticate</strong>!<br></div><div class="spacer battle-history"><br></div><h2 class="battle-history">Turn 21</h2><div class="spacer battle-history"><br></div><div class="battle-history">The opposing Raticate used <strong>Sucker Punch</strong>!<br></div><div class="battle-history"><small>It's super effective!</small><br></div><div class="battle-history"><small>(Reuniclus lost <abbr title="−108/318">34.0%</abbr> of its health!)</small><br></div><div class="spacer battle-history"><br></div><div class="battle-history">Reuniclus used <strong>Focus Blast</strong>!<br></div><div class="battle-history"><small>It's super effective!</small><br></div><div class="battle-history"><small>(The opposing Raticate lost <abbr title="−243/243">100%</abbr> of its health!)</small><br></div><div class="spacer battle-history"><br></div><div class="battle-history">The opposing Raticate fainted!<br></div><div class="spacer battle-history"><br></div><div class="battle-history"><small>(The hail is crashing down.)</small><br></div><div class="battle-history"><small>The twisted dimensions returned to normal!</small><br></div><div class="spacer battle-history"><br></div><div class="battle-history">bjtsfg sent out <strong>Raikou</strong>!<br></div><div class="battle-history">[The opposing Raikou's Pressure]<br><small>The opposing Raikou is exerting its pressure!</small><br></div><div class="spacer battle-history"><br></div><h2 class="battle-history">Turn 22</h2><div class="spacer battle-history"><br></div><div class="battle-history">The opposing Raikou used <strong>Thunderbolt</strong>!<br></div><div class="battle-history"><small>(Reuniclus lost <abbr title="−14/318">4.4%</abbr> of its health!)</small><br></div><div class="spacer battle-history"><br></div><div class="battle-history">Reuniclus fainted!<br></div><div class="spacer battle-history"><br></div><div class="battle-history"><strong>bjtsfg</strong> won the battle!<br></div><div class="chat"><small>☆JustOut459 left</small></div><div class="chat">JustOut459's rating: 1832 → <strong>1813</strong><br>(-19 for losing)</div><div class="chat">bjtsfg's rating: 1856 → <strong>1875</strong><br>(+19 for winning)</div></div><div class="inner-preempt message-log"></div></div></div>
</div>
<script>
let daily = Math.floor(Date.now()/1000/60/60/24);document.write('<script src="https://play.pokemonshowdown.com/js/replay-embed.js?version'+daily+'"></'+'script>');
</script>
