<!DOCTYPE html>
<meta charset="utf-8" />
<!-- version 1 -->
<title>[Gen 7] Random Battle replay: SValore vs. NickMaster14</title>
<style>
html,body {font-family:Verdana, sans-serif;font-size:10pt;margin:0;padding:0;}body{padding:12px 0;} .battle-log {font-family:Verdana, sans-serif;font-size:10pt;} .battle-log-inline {border:1px solid #AAAAAA;background:#EEF2F5;color:black;max-width:640px;margin:0 auto 80px;padding-bottom:5px;} .battle-log .inner {padding:4px 8px 0px 8px;} .battle-log .inner-preempt {padding:0 8px 4px 8px;} .battle-log .inner-after {margin-top:0.5em;} .battle-log h2 {margin:0.5em -8px;padding:4px 8px;border:1px solid #AAAAAA;background:#E0E7EA;border-left:0;border-right:0;font-family:Verdana, sans-serif;font-size:13pt;} .battle-log .chat {vertical-align:middle;padding:3px 0 3px 0;font-size:8pt;} .battle-log .chat strong {color:#40576A;} .battle-log .chat em {padding:1px 4px 1px 3px;color:#000000;font-style:normal;} .chat.mine {background:rgba(0,0,0,0.05);margin-left:-8px;margin-right:-8px;padding-left:8px;padding-right:8px;} .spoiler {color:#BBBBBB;background:#BBBBBB;padding:0px 3px;} .spoiler:hover, .spoiler:active, .spoiler-shown {color:#000000;background:#E2E2E2;padding:0px 3px;} .spoiler a {color:#BBBBBB;} .spoiler:hover a, .spoiler:active a, .spoiler-shown a {color:#2288CC;} .chat code, .chat .spoiler:hover code, .chat .spoiler:active code, .chat .spoiler-shown code {border:1px solid #C0C0C0;background:#EEEEEE;color:black;padding:0 2px;} .chat .spoiler code {border:1px solid #CCCCCC;background:#CCCCCC;color:#CCCCCC;} .battle-log .rated {padding:3px 4px;} .battle-log .rated strong {color:white;background:#89A;padding:1px 4px;border-radius:4px;} .spacer {margin-top:0.5em;} .message-announce {background:#6688AA;color:white;padding:1px 4px 2px;} .message-announce a, .broadcast-green a, .broadcast-blue a, .broadcast-red a {color:#DDEEFF;} .broadcast-green {background-color:#559955;color:white;padding:2px 4px;} .broadcast-blue {background-color:#6688AA;color:white;padding:2px 4px;} .infobox {border:1px solid #6688AA;padding:2px 4px;} .infobox-limited {max-height:200px;overflow:auto;overflow-x:hidden;} .broadcast-red {background-color:#AA5544;color:white;padding:2px 4px;} .message-learn-canlearn {font-weight:bold;color:#228822;text-decoration:underline;} .message-learn-cannotlearn {font-weight:bold;color:#CC2222;text-decoration:underline;} .message-effect-weak {font-weight:bold;color:#CC2222;} .message-effect-resist {font-weight:bold;color:#6688AA;} .message-effect-immune {font-weight:bold;color:#666666;} .message-learn-list {margin-top:0;margin-bottom:0;} .message-throttle-notice, .message-error {color:#992222;} .message-overflow, .chat small.message-overflow {font-size:0pt;} .message-overflow::before {font-size:9pt;content:'...';} .subtle {color:#3A4A66;}
</style>
<div class="wrapper replay-wrapper" style="max-width:1180px;margin:0 auto">
<input type="hidden" name="replayid" value="gen7randombattle-2110258534" />
<div class="battle"></div><div class="battle-log"></div><div class="replay-controls"></div><div class="replay-controls-2"></div>
<h1 style="font-weight:normal;text-align:center"><strong>[Gen 7] Random Battle</strong><br /><a href="http://pokemonshowdown.com/users/svalore" class="subtle" target="_blank">SValore</a> vs. <a href="http://pokemonshowdown.com/users/nickmaster14" class="subtle" target="_blank">NickMaster14</a></h1>
<script type="text/plain" class="battle-log-data">|uhtml|medal-msg|<div class="broadcast-blue">Curious what those medals under the avatar are? PS now has Ladder Seasons! For more information, check out the <a href="https:\/\/www.smogon.com\/forums\/threads\/3740067\/">thread on Smogon.<\/a><\/div>
|uhtml|medal-msg|<div class="broadcast-blue">Curious what those medals under the avatar are? PS now has Ladder Seasons! For more information, check out the <a href="https:\/\/www.smogon.com\/forums\/threads\/3740067\/">thread on Smogon.<\/a><\/div>
|j|☆SValore
|j|☆NickMaster14
|inactive|Battle timer is ON: inactive players will automatically lose when time's up.
|t:|1713928191
|gametype|singles
|player|p1|SValore|marnie-masters2|
|player|p2|NickMaster14|101|
|teamsize|p1|6
|teamsize|p2|6
|gen|7
|tier|[Gen 7] Random Battle
|rated|Tournament battle
|rule|Sleep Clause Mod: Limit one foe put to sleep
|rule|HP Percentage Mod: HP is shown in percentages
|rule|Illusion Level Mod: Illusion disguises the Pokémon's true level
|
|t:|1713928191
|start
|switch|p1a: Gorebyss|Gorebyss, L83, M|226\/226
|switch|p2a: Zygarde|Zygarde-10%, L83|225\/225
|-ability|p2a: Zygarde|Aura Break
|turn|1
|j|*Lady Monita 
|j| Knull8
|l| Knull8
|inactive|SValore has 120 seconds left.
|
|t:|1713928243
|move|p2a: Zygarde|Coil|p2a: Zygarde
|-boost|p2a: Zygarde|atk|1
|-boost|p2a: Zygarde|def|1
|-boost|p2a: Zygarde|accuracy|1
|move|p1a: Gorebyss|Shell Smash|p1a: Gorebyss
|-unboost|p1a: Gorebyss|def|1
|-unboost|p1a: Gorebyss|spd|1
|-boost|p1a: Gorebyss|atk|2
|-boost|p1a: Gorebyss|spa|2
|-boost|p1a: Gorebyss|spe|2
|-enditem|p1a: Gorebyss|White Herb
|-clearnegativeboost|p1a: Gorebyss|[silent]
|
|upkeep
|turn|2
|
|t:|1713928256
|move|p1a: Gorebyss|Ice Beam|p2a: Zygarde
|-supereffective|p2a: Zygarde
|-damage|p2a: Zygarde|0 fnt
|faint|p2a: Zygarde
|
|upkeep
|c|☆SValore|I'm glad there's no tera in this gen
|
|t:|1713928273
|switch|p2a: Vaporeon|Vaporeon, L86, M|364\/364
|turn|3
|
|t:|1713928301
|move|p1a: Gorebyss|Hidden Power|p2a: Vaporeon
|-supereffective|p2a: Vaporeon
|-damage|p2a: Vaporeon|176\/364
|move|p2a: Vaporeon|Toxic|p1a: Gorebyss|[miss]
|-miss|p2a: Vaporeon|p1a: Gorebyss
|
|-heal|p2a: Vaporeon|198\/364|[from] item: Leftovers
|upkeep
|turn|4
|inactive|SValore has 120 seconds left.
|
|t:|1713928317
|move|p1a: Gorebyss|Hidden Power|p2a: Vaporeon
|-supereffective|p2a: Vaporeon
|-damage|p2a: Vaporeon|28\/364
|move|p2a: Vaporeon|Wish|p2a: Vaporeon
|
|-heal|p2a: Vaporeon|50\/364|[from] item: Leftovers
|upkeep
|turn|5
|
|t:|1713928322
|move|p2a: Vaporeon|Protect|p2a: Vaporeon
|-singleturn|p2a: Vaporeon|Protect
|move|p1a: Gorebyss|Hidden Power|p2a: Vaporeon
|-activate|p2a: Vaporeon|move: Protect
|
|-heal|p2a: Vaporeon|232\/364|[from] move: Wish|[wisher] Vaporeon
|-heal|p2a: Vaporeon|254\/364|[from] item: Leftovers
|upkeep
|turn|6
|
|t:|1713928329
|move|p1a: Gorebyss|Hidden Power|p2a: Vaporeon
|-supereffective|p2a: Vaporeon
|-damage|p2a: Vaporeon|78\/364
|move|p2a: Vaporeon|Wish|p2a: Vaporeon
|
|-heal|p2a: Vaporeon|100\/364|[from] item: Leftovers
|upkeep
|turn|7
|
|t:|1713928334
|move|p2a: Vaporeon|Protect|p2a: Vaporeon
|-singleturn|p2a: Vaporeon|Protect
|move|p1a: Gorebyss|Shell Smash|p1a: Gorebyss
|-unboost|p1a: Gorebyss|def|1
|-unboost|p1a: Gorebyss|spd|1
|-boost|p1a: Gorebyss|atk|2
|-boost|p1a: Gorebyss|spa|2
|-boost|p1a: Gorebyss|spe|2
|
|-heal|p2a: Vaporeon|282\/364|[from] move: Wish|[wisher] Vaporeon
|-heal|p2a: Vaporeon|304\/364|[from] item: Leftovers
|upkeep
|turn|8
|
|t:|1713928340
|move|p1a: Gorebyss|Hidden Power|p2a: Vaporeon
|-supereffective|p2a: Vaporeon
|-damage|p2a: Vaporeon|26\/364
|move|p2a: Vaporeon|Toxic|p1a: Gorebyss
|-status|p1a: Gorebyss|tox
|
|-heal|p2a: Vaporeon|48\/364|[from] item: Leftovers
|-damage|p1a: Gorebyss|212\/226 tox|[from] psn
|upkeep
|turn|9
|
|t:|1713928348
|move|p2a: Vaporeon|Protect|p2a: Vaporeon
|-singleturn|p2a: Vaporeon|Protect
|move|p1a: Gorebyss|Hidden Power|p2a: Vaporeon
|-activate|p2a: Vaporeon|move: Protect
|
|-heal|p2a: Vaporeon|70\/364|[from] item: Leftovers
|-damage|p1a: Gorebyss|184\/226 tox|[from] psn
|upkeep
|turn|10
|
|t:|1713928354
|move|p1a: Gorebyss|Hidden Power|p2a: Vaporeon
|-supereffective|p2a: Vaporeon
|-damage|p2a: Vaporeon|0 fnt
|faint|p2a: Vaporeon
|
|-damage|p1a: Gorebyss|142\/226 tox|[from] psn
|upkeep
|
|t:|1713928361
|switch|p2a: Lickilicky|Lickilicky, L89, F|341\/341
|-ability|p2a: Lickilicky|Cloud Nine
|turn|11
|
|t:|1713928375
|move|p1a: Gorebyss|Hydro Pump|p2a: Lickilicky
|-damage|p2a: Lickilicky|0 fnt
|faint|p2a: Lickilicky
|
|-damage|p1a: Gorebyss|86\/226 tox|[from] psn
|upkeep
|
|t:|1713928389
|switch|p2a: Clawitzer|Clawitzer, L87, M|265\/265
|turn|12
|
|t:|1713928398
|move|p1a: Gorebyss|Hidden Power|p2a: Clawitzer
|-supereffective|p2a: Clawitzer
|-damage|p2a: Clawitzer|0 fnt
|faint|p2a: Clawitzer
|
|-damage|p1a: Gorebyss|16\/226 tox|[from] psn
|upkeep
|
|t:|1713928403
|switch|p2a: Electivire|Electivire, L85, M|266\/266
|turn|13
|
|t:|1713928413
|move|p1a: Gorebyss|Hydro Pump|p2a: Electivire
|-damage|p2a: Electivire|0 fnt
|faint|p2a: Electivire
|
|-damage|p1a: Gorebyss|0 fnt|[from] psn
|faint|p1a: Gorebyss
|upkeep
|
|t:|1713928419
|switch|p2a: Type: Null|Type: Null, L85|300\/300
|switch|p1a: Musharna|Musharna, L90, M|355\/355
|turn|14
|
|t:|1713928446
|move|p2a: Type: Null|Swords Dance|p2a: Type: Null
|-boost|p2a: Type: Null|atk|2
|move|p1a: Musharna|Toxic|p2a: Type: Null
|-status|p2a: Type: Null|tox
|
|-damage|p2a: Type: Null|282\/300 tox|[from] psn
|upkeep
|turn|15
|
|t:|1713928458
|move|p2a: Type: Null|Swords Dance|p2a: Type: Null
|-boost|p2a: Type: Null|atk|2
|move|p1a: Musharna|Moonlight|p1a: Musharna
|-fail|p1a: Musharna|heal
|
|-damage|p2a: Type: Null|246\/300 tox|[from] psn
|upkeep
|turn|16
|
|t:|1713928478
|move|p2a: Type: Null|Return|p1a: Musharna
|-damage|p1a: Musharna|24\/355
|move|p1a: Musharna|Psychic|p2a: Type: Null
|-damage|p2a: Type: Null|170\/300 tox
|
|-heal|p1a: Musharna|46\/355|[from] item: Leftovers
|-damage|p2a: Type: Null|116\/300 tox|[from] psn
|upkeep
|turn|17
|
|t:|1713928482
|move|p2a: Type: Null|Rest|p2a: Type: Null
|-status|p2a: Type: Null|slp|[from] move: Rest
|-heal|p2a: Type: Null|300\/300 slp|[silent]
|move|p1a: Musharna|Moonlight|p1a: Musharna
|-heal|p1a: Musharna|223\/355
|
|-heal|p1a: Musharna|245\/355|[from] item: Leftovers
|upkeep
|turn|18
|
|t:|1713928488
|cant|p2a: Type: Null|slp
|move|p2a: Type: Null|Sleep Talk|p2a: Type: Null
|move|p2a: Type: Null|Swords Dance|p2a: Type: Null|[from]move: Sleep Talk
|-boost|p2a: Type: Null|atk|2
|move|p1a: Musharna|Psychic|p2a: Type: Null
|-damage|p2a: Type: Null|225\/300 slp
|
|-heal|p1a: Musharna|267\/355|[from] item: Leftovers
|upkeep
|turn|19
|
|t:|1713928494
|cant|p2a: Type: Null|slp
|move|p2a: Type: Null|Sleep Talk|p2a: Type: Null
|move|p2a: Type: Null|Rest||[from]move: Sleep Talk|[still]
|-fail|p2a: Type: Null
|move|p1a: Musharna|Psychic|p2a: Type: Null
|-damage|p2a: Type: Null|147\/300 slp
|
|-heal|p1a: Musharna|289\/355|[from] item: Leftovers
|upkeep
|turn|20
|
|t:|1713928508
|-curestatus|p2a: Type: Null|slp|[msg]
|move|p2a: Type: Null|Rest|p2a: Type: Null
|-status|p2a: Type: Null|slp|[from] move: Rest
|-heal|p2a: Type: Null|300\/300 slp|[silent]
|move|p1a: Musharna|Psychic|p2a: Type: Null
|-damage|p2a: Type: Null|233\/300 slp
|
|-heal|p1a: Musharna|311\/355|[from] item: Leftovers
|upkeep
|turn|21
|
|t:|1713928513
|cant|p2a: Type: Null|slp
|move|p2a: Type: Null|Sleep Talk|p2a: Type: Null
|move|p2a: Type: Null|Swords Dance|p2a: Type: Null|[from]move: Sleep Talk
|-boost|p2a: Type: Null|atk|0
|move|p1a: Musharna|Psychic|p2a: Type: Null
|-damage|p2a: Type: Null|157\/300 slp
|
|-heal|p1a: Musharna|333\/355|[from] item: Leftovers
|upkeep
|turn|22
|
|t:|1713928520
|cant|p2a: Type: Null|slp
|move|p2a: Type: Null|Sleep Talk|p2a: Type: Null
|move|p2a: Type: Null|Return|p1a: Musharna|[from]move: Sleep Talk
|-damage|p1a: Musharna|0 fnt
|faint|p1a: Musharna
|
|upkeep
|
|t:|1713928533
|switch|p1a: Celesteela|Celesteela, L80|286\/286
|turn|23
|
|t:|1713928545
|-curestatus|p2a: Type: Null|slp|[msg]
|move|p2a: Type: Null|Rest|p2a: Type: Null
|-status|p2a: Type: Null|slp|[from] move: Rest
|-heal|p2a: Type: Null|300\/300 slp|[silent]
|move|p1a: Celesteela|Leech Seed|p2a: Type: Null
|-start|p2a: Type: Null|move: Leech Seed
|
|-damage|p2a: Type: Null|263\/300 slp|[from] Leech Seed|[of] p1a: Celesteela
|upkeep
|turn|24
|
|t:|1713928553
|cant|p2a: Type: Null|slp
|move|p2a: Type: Null|Sleep Talk|p2a: Type: Null
|move|p2a: Type: Null|Swords Dance|p2a: Type: Null|[from]move: Sleep Talk
|-boost|p2a: Type: Null|atk|0
|move|p1a: Celesteela|Heavy Slam|p2a: Type: Null
|-damage|p2a: Type: Null|184\/300 slp
|
|-damage|p2a: Type: Null|147\/300 slp|[from] Leech Seed|[of] p1a: Celesteela
|upkeep
|turn|25
|inactive|NickMaster14 has 120 seconds left.
|
|t:|1713928611
|cant|p2a: Type: Null|slp
|move|p1a: Celesteela|Heavy Slam|p2a: Type: Null
|-damage|p2a: Type: Null|74\/300 slp
|
|-damage|p2a: Type: Null|37\/300 slp|[from] Leech Seed|[of] p1a: Celesteela
|upkeep
|turn|26
|
|t:|1713928633
|switch|p1a: Muk|Muk-Alola, L81, M|303\/303
|-curestatus|p2a: Type: Null|slp|[msg]
|move|p2a: Type: Null|Rest|p2a: Type: Null
|-status|p2a: Type: Null|slp|[from] move: Rest
|-heal|p2a: Type: Null|300\/300 slp|[silent]
|
|-damage|p2a: Type: Null|263\/300 slp|[from] Leech Seed|[of] p1a: Muk
|upkeep
|turn|27
|inactive|NickMaster14 has 90 seconds left.
|
|t:|1713928676
|cant|p2a: Type: Null|slp
|move|p2a: Type: Null|Sleep Talk|p2a: Type: Null
|move|p2a: Type: Null|Swords Dance|p2a: Type: Null|[from]move: Sleep Talk
|-boost|p2a: Type: Null|atk|0
|move|p1a: Muk|Knock Off|p2a: Type: Null
|-damage|p2a: Type: Null|202\/300 slp
|-enditem|p2a: Type: Null|Eviolite|[from] move: Knock Off|[of] p1a: Muk
|
|-damage|p2a: Type: Null|165\/300 slp|[from] Leech Seed|[of] p1a: Muk
|upkeep
|turn|28
|inactive|NickMaster14 has 60 seconds left.
|inactive|NickMaster14 has 30 seconds left.
|inactive|NickMaster14 has 20 seconds left.
|inactive|NickMaster14 has 15 seconds left.
|
|t:|1713928740
|cant|p2a: Type: Null|slp
|move|p2a: Type: Null|Sleep Talk|p2a: Type: Null
|move|p2a: Type: Null|Rest||[from]move: Sleep Talk|[still]
|-fail|p2a: Type: Null
|move|p1a: Muk|Gunk Shot|p2a: Type: Null
|-damage|p2a: Type: Null|42\/300 slp
|
|-damage|p2a: Type: Null|5\/300 slp|[from] Leech Seed|[of] p1a: Muk
|upkeep
|turn|29
|inactive|NickMaster14 has 25 seconds left this turn.
|inactive|NickMaster14 has 20 seconds left.
|inactive|SValore has 120 seconds left.
|
|t:|1713928778
|-curestatus|p2a: Type: Null|slp|[msg]
|move|p2a: Type: Null|Rest|p2a: Type: Null
|-status|p2a: Type: Null|slp|[from] move: Rest
|-heal|p2a: Type: Null|300\/300 slp|[silent]
|move|p1a: Muk|Gunk Shot|p2a: Type: Null
|-damage|p2a: Type: Null|179\/300 slp
|
|-damage|p2a: Type: Null|142\/300 slp|[from] Leech Seed|[of] p1a: Muk
|upkeep
|turn|30
|inactive|NickMaster14 has 30 seconds left this turn.
|inactive|SValore has 120 seconds left.
|inactive|NickMaster14 has 20 seconds left.
|c|☆SValore|gg
|c|☆SValore|wp
|inactive|NickMaster14 has 15 seconds left.
|inactive|NickMaster14 has 10 seconds left.
|-message|NickMaster14 forfeited.
|
|win|SValore
|inactive|NickMaster14 has 15 seconds left this turn.
|n|☆SValore|svalore
|n|☆NickMaster14|nickmaster14
|n|*Lady Monita |ladymonita
|l|*Lady Monita 
|l|☆NickMaster14
|player|p2|
</script>
</div>
<div class="battle-log battle-log-inline"><div class="inner"><div class="battle-options"></div><div class="inner message-log"><div class="notice uhtml-medalmsg"><div class="broadcast-blue">Curious what those medals under the avatar are? PS now has Ladder Seasons! For more information, check out the <a href="https://www.smogon.com/forums/threads/3740067/" target="_blank" rel="noopener">thread on Smogon.</a></div></div><div class="chat"><small>☆SValore and ☆NickMaster14 joined</small></div><div class="chat message-error">Battle timer is ON: inactive players will automatically lose when time's up.</div><div class=""><small>Format:</small> <br><strong>[Gen 7] Random Battle</strong></div><div class="rated"><strong>Tournament battle</strong></div><div class=""><small><em>Sleep Clause Mod:</em> Limit one foe put to sleep</small></div><div class=""><small><em>HP Percentage Mod:</em> HP is shown in percentages</small></div><div class=""><small><em>Illusion Level Mod:</em> Illusion disguises the Pokémon's true level</small></div><div class="spacer battle-history"><br></div><div class="battle-history">Battle started between SValore and NickMaster14!<br></div><div class="spacer battle-history"><br></div><div class="battle-history">Go! <strong>Gorebyss</strong>!<br></div><div class="spacer battle-history"><br></div><div class="battle-history">NickMaster14 sent out Zygarde (<strong>Zygarde-10%</strong>)!<br></div><div class="battle-history">[The opposing Zygarde's Aura Break]<br><small>The opposing Zygarde reversed all other Pokémon's auras!</small><br></div><div class="spacer battle-history"><br></div><h2 class="battle-history">Turn 1</h2><div class="chat"><small>*Lady Monita  and  Knull8 joined;  Knull8 left</small></div><div class="chat message-error">SValore has 120 seconds left.</div><div class="spacer battle-history"><br></div><div class="battle-history">The opposing Zygarde used <strong>Coil</strong>!<br></div><div class="battle-history"><small>The opposing Zygarde's Attack rose!</small><br></div><div class="battle-history"><small>The opposing Zygarde's Defense rose!</small><br></div><div class="battle-history"><small>The opposing Zygarde's accuracy rose!</small><br></div><div class="spacer battle-history"><br></div><div class="battle-history">Gorebyss used <strong>Shell Smash</strong>!<br></div><div class="battle-history"><small>Gorebyss's Defense fell!</small><br></div><div class="battle-history"><small>Gorebyss's Sp. Def fell!</small><br></div><div class="battle-history"><small>Gorebyss's Attack rose sharply!</small><br></div><div class="battle-history"><small>Gorebyss's Sp. Atk rose sharply!</small><br></div><div class="battle-history"><small>Gorebyss's Speed rose sharply!</small><br></div><div class="battle-history"><small>Gorebyss returned its stats to normal using its White Herb!</small><br></div><div class="spacer battle-history"><br></div><h2 class="battle-history">Turn 2</h2><div class="spacer battle-history"><br></div><div class="battle-history">Gorebyss used <strong>Ice Beam</strong>!<br></div><div class="battle-history"><small>It's super effective!</small><br></div><div class="battle-history"><small>(The opposing Zygarde lost <abbr title="−225/225">100%</abbr> of its health!)</small><br></div><div class="spacer battle-history"><br></div><div class="battle-history">The opposing Zygarde fainted!<br></div><div class="chat chatmessage-svalore"><strong style="color:#37a69d"><small>☆</small><span class="username" data-name="SValore">SValore</span>:</strong> <em>I'm glad there's no tera in this gen</em></div><div class="spacer battle-history"><br></div><div class="battle-history">NickMaster14 sent out <strong>Vaporeon</strong>!<br></div><div class="spacer battle-history"><br></div><h2 class="battle-history">Turn 3</h2><div class="spacer battle-history"><br></div><div class="battle-history">Gorebyss used <strong>Hidden Power</strong>!<br></div><div class="battle-history"><small>It's super effective!</small><br></div><div class="battle-history"><small>(The opposing Vaporeon lost <abbr title="−188/364">51.6%</abbr> of its health!)</small><br></div><div class="spacer battle-history"><br></div><div class="battle-history">The opposing Vaporeon used <strong>Toxic</strong>!<br></div><div class="battle-history"><small>Gorebyss avoided the attack!</small><br></div><div class="spacer battle-history"><br></div><div class="battle-history"><small>The opposing Vaporeon restored a little HP using its Leftovers!</small><br></div><div class="spacer battle-history"><br></div><h2 class="battle-history">Turn 4</h2><div class="chat message-error">SValore has 120 seconds left.</div><div class="spacer battle-history"><br></div><div class="battle-history">Gorebyss used <strong>Hidden Power</strong>!<br></div><div class="battle-history"><small>It's super effective!</small><br></div><div class="battle-history"><small>(The opposing Vaporeon lost <abbr title="−170/364">46.7%</abbr> of its health!)</small><br></div><div class="spacer battle-history"><br></div><div class="battle-history">The opposing Vaporeon used <strong>Wish</strong>!<br></div><div class="spacer battle-history"><br></div><div class="battle-history"><small>The opposing Vaporeon restored a little HP using its Leftovers!</small><br></div><div class="spacer battle-history"><br></div><h2 class="battle-history">Turn 5</h2><div class="spacer battle-history"><br></div><div class="battle-history">The opposing Vaporeon used <strong>Protect</strong>!<br></div><div class="battle-history"><small>The opposing Vaporeon protected itself!</small><br></div><div class="spacer battle-history"><br></div><div class="battle-history">Gorebyss used <strong>Hidden Power</strong>!<br></div><div class="battle-history"><small>The opposing Vaporeon protected itself!</small><br></div><div class="spacer battle-history"><br></div><div class="battle-history"><small>Vaporeon's wish came true!</small><br></div><div class="battle-history"><small>The opposing Vaporeon restored a little HP using its Leftovers!</small><br></div><div class="spacer battle-history"><br></div><h2 class="battle-history">Turn 6</h2><div class="spacer battle-history"><br></div><div class="battle-history">Gorebyss used <strong>Hidden Power</strong>!<br></div><div class="battle-history"><small>It's super effective!</small><br></div><div class="battle-history"><small>(The opposing Vaporeon lost <abbr title="−176/364">48.4%</abbr> of its health!)</small><br></div><div class="spacer battle-history"><br></div><div class="battle-history">The opposing Vaporeon used <strong>Wish</strong>!<br></div><div class="spacer battle-history"><br></div><div class="battle-history"><small>The opposing Vaporeon restored a little HP using its Leftovers!</small><br></div><div class="spacer battle-history"><br></div><h2 class="battle-history">Turn 7</h2><div class="spacer battle-history"><br></div><div class="battle-history">The opposing Vaporeon used <strong>Protect</strong>!<br></div><div class="battle-history"><small>The opposing Vaporeon protected itself!</small><br></div><div class="spacer battle-history"><br></div><div class="battle-history">Gorebyss used <strong>Shell Smash</strong>!<br></div><div class="battle-history"><small>Gorebyss's Defense fell!</small><br></div><div class="battle-history"><small>Gorebyss's Sp. Def fell!</small><br></div><div class="battle-history"><small>Gorebyss's Attack rose sharply!</small><br></div><div class="battle-history"><small>Gorebyss's Sp. Atk rose sharply!</small><br></div><div class="battle-history"><small>Gorebyss's Speed rose sharply!</small><br></div><div class="spacer battle-history"><br></div><div class="battle-history"><small>Vaporeon's wish came true!</small><br></div><div class="battle-history"><small>The opposing Vaporeon restored a little HP using its Leftovers!</small><br></div><div class="spacer battle-history"><br></div><h2 class="battle-history">Turn 8</h2><div class="spacer battle-history"><br></div><div class="battle-history">Gorebyss used <strong>Hidden Power</strong>!<br></div><div class="battle-history"><small>It's super effective!</small><br></div><div class="battle-history"><small>(The opposing Vaporeon lost <abbr title="−278/364">76.4%</abbr> of its health!)</small><br></div><div class="spacer battle-history"><br></div><div class="battle-history">The opposing Vaporeon used <strong>Toxic</strong>!<br></div><div class="battle-history"><small>Gorebyss was badly poisoned!</small><br></div><div class="spacer battle-history"><br></div><div class="battle-history"><small>The opposing Vaporeon restored a little HP using its Leftovers!</small><br></div><div class="battle-history"><small>Gorebyss was hurt by poison!</small><br></div><div class="spacer battle-history"><br></div><h2 class="battle-history">Turn 9</h2><div class="spacer battle-history"><br></div><div class="battle-history">The opposing Vaporeon used <strong>Protect</strong>!<br></div><div class="battle-history"><small>The opposing Vaporeon protected itself!</small><br></div><div class="spacer battle-history"><br></div><div class="battle-history">Gorebyss used <strong>Hidden Power</strong>!<br></div><div class="battle-history"><small>The opposing Vaporeon protected itself!</small><br></div><div class="spacer battle-history"><br></div><div class="battle-history"><small>The opposing Vaporeon restored a little HP using its Leftovers!</small><br></div><div class="battle-history"><small>Gorebyss was hurt by poison!</small><br></div><div class="spacer battle-history"><br></div><h2 class="battle-history">Turn 10</h2><div class="spacer battle-history"><br></div><div class="battle-history">Gorebyss used <strong>Hidden Power</strong>!<br></div><div class="battle-history"><small>It's super effective!</small><br></div><div class="battle-history"><small>(The opposing Vaporeon lost <abbr title="−70/364">19.2%</abbr> of its health!)</small><br></div><div class="spacer battle-history"><br></div><div class="battle-history">The opposing Vaporeon fainted!<br></div><div class="spacer battle-history"><br></div><div class="battle-history"><small>Gorebyss was hurt by poison!</small><br></div><div class="spacer battle-history"><br></div><div class="battle-history">NickMaster14 sent out <strong>Lickilicky</strong>!<br></div><div class="battle-history">[The opposing Lickilicky's Cloud Nine]<br><small>The effects of the weather disappeared.</small><br></div><div class="spacer battle-history"><br></div><h2 class="battle-history">Turn 11</h2><div class="spacer battle-history"><br></div><div class="battle-history">Gorebyss used <strong>Hydro Pump</strong>!<br></div><div class="battle-history"><small>(The opposing Lickilicky lost <abbr title="−341/341">100%</abbr> of its health!)</small><br></div><div class="spacer battle-history"><br></div><div class="battle-history">The opposing Lickilicky fainted!<br></div><div class="spacer battle-history"><br></div><div class="battle-history"><small>Gorebyss was hurt by poison!</small><br></div><div class="spacer battle-history"><br></div><div class="battle-history">NickMaster14 sent out <strong>Clawitzer</strong>!<br></div><div class="spacer battle-history"><br></div><h2 class="battle-history">Turn 12</h2><div class="spacer battle-history"><br></div><div class="battle-history">Gorebyss used <strong>Hidden Power</strong>!<br></div><div class="battle-history"><small>It's super effective!</small><br></div><div class="battle-history"><small>(The opposing Clawitzer lost <abbr title="−265/265">100%</abbr> of its health!)</small><br></div><div class="spacer battle-history"><br></div><div class="battle-history">The opposing Clawitzer fainted!<br></div><div class="spacer battle-history"><br></div><div class="battle-history"><small>Gorebyss was hurt by poison!</small><br></div><div class="spacer battle-history"><br></div><div class="battle-history">NickMaster14 sent out <strong>Electivire</strong>!<br></div><div class="spacer battle-history"><br></div><h2 class="battle-history">Turn 13</h2><div class="spacer battle-history"><br></div><div class="battle-history">Gorebyss used <strong>Hydro Pump</strong>!<br></div><div class="battle-history"><small>(The opposing Electivire lost <abbr title="−266/266">100%</abbr> of its health!)</small><br></div><div class="spacer battle-history"><br></div><div class="battle-history">The opposing Electivire fainted!<br></div><div class="spacer battle-history"><br></div><div class="battle-history"><small>Gorebyss was hurt by poison!</small><br></div><div class="spacer battle-history"><br></div><div class="battle-history">Gorebyss fainted!<br></div><div class="spacer battle-history"><br></div><div class="battle-history">NickMaster14 sent out <strong>Type: Null</strong>!<br></div><div class="spacer battle-history"><br></div><div class="battle-history">Go! <strong>Musharna</strong>!<br></div><div class="spacer battle-history"><br></div><h2 class="battle-history">Turn 14</h2><div class="spacer battle-history"><br></div><div class="battle-history">The opposing Type: Null used <strong>Swords Dance</strong>!<br></div><div class="battle-history"><small>The opposing Type: Null's Attack rose sharply!</small><br></div><div class="spacer battle-history"><br></div><div class="battle-history">Musharna used <strong>Toxic</strong>!<br></div><div class="battle-history"><small>The opposing Type: Null was badly poisoned!</small><br></div><div class="spacer battle-history"><br></div><div class="battle-history"><small>The opposing Type: Null was hurt by poison!</small><br></div><div class="spacer battle-history"><br></div><h2 class="battle-history">Turn 15</h2><div class="spacer battle-history"><br></div><div class="battle-history">The opposing Type: Null used <strong>Swords Dance</strong>!<br></div><div class="battle-history"><small>The opposing Type: Null's Attack rose sharply!</small><br></div><div class="spacer battle-history"><br></div><div class="battle-history">Musharna used <strong>Moonlight</strong>!<br></div><div class="battle-history"><small>Musharna's HP is full!</small><br></div><div class="spacer battle-history"><br></div><div class="battle-history"><small>The opposing Type: Null was hurt by poison!</small><br></div><div class="spacer battle-history"><br></div><h2 class="battle-history">Turn 16</h2><div class="spacer battle-history"><br></div><div class="battle-history">The opposing Type: Null used <strong>Return</strong>!<br></div><div class="battle-history"><small>(Musharna lost <abbr title="−331/355">93.2%</abbr> of its health!)</small><br></div><div class="spacer battle-history"><br></div><div class="battle-history">Musharna used <strong>Psychic</strong>!<br></div><div class="battle-history"><small>(The opposing Type: Null lost <abbr title="−76/300">25.3%</abbr> of its health!)</small><br></div><div class="spacer battle-history"><br></div><div class="battle-history"><small>Musharna restored a little HP using its Leftovers!</small><br></div><div class="battle-history"><small>The opposing Type: Null was hurt by poison!</small><br></div><div class="spacer battle-history"><br></div><h2 class="battle-history">Turn 17</h2><div class="spacer battle-history"><br></div><div class="battle-history">The opposing Type: Null used <strong>Rest</strong>!<br></div><div class="battle-history"><small>The opposing Type: Null slept and became healthy!</small><br></div><div class="spacer battle-history"><br></div><div class="battle-history">Musharna used <strong>Moonlight</strong>!<br></div><div class="battle-history"><small>Musharna had its HP restored.</small><br></div><div class="spacer battle-history"><br></div><div class="battle-history"><small>Musharna restored a little HP using its Leftovers!</small><br></div><div class="spacer battle-history"><br></div><h2 class="battle-history">Turn 18</h2><div class="spacer battle-history"><br></div><div class="battle-history">The opposing Type: Null is fast asleep.<br></div><div class="spacer battle-history"><br></div><div class="battle-history">The opposing Type: Null used <strong>Sleep Talk</strong>!<br></div><div class="spacer battle-history"><br></div><div class="battle-history">The opposing Type: Null used <strong>Swords Dance</strong>!<br></div><div class="battle-history"><small>The opposing Type: Null's Attack rose sharply!</small><br></div><div class="spacer battle-history"><br></div><div class="battle-history">Musharna used <strong>Psychic</strong>!<br></div><div class="battle-history"><small>(The opposing Type: Null lost <abbr title="−75/300">25%</abbr> of its health!)</small><br></div><div class="spacer battle-history"><br></div><div class="battle-history"><small>Musharna restored a little HP using its Leftovers!</small><br></div><div class="spacer battle-history"><br></div><h2 class="battle-history">Turn 19</h2><div class="spacer battle-history"><br></div><div class="battle-history">The opposing Type: Null is fast asleep.<br></div><div class="spacer battle-history"><br></div><div class="battle-history">The opposing Type: Null used <strong>Sleep Talk</strong>!<br></div><div class="spacer battle-history"><br></div><div class="battle-history">The opposing Type: Null used <strong>Rest</strong>!<br></div><div class="battle-history"><small>But it failed!</small><br></div><div class="spacer battle-history"><br></div><div class="battle-history">Musharna used <strong>Psychic</strong>!<br></div><div class="battle-history"><small>(The opposing Type: Null lost <abbr title="−78/300">26%</abbr> of its health!)</small><br></div><div class="spacer battle-history"><br></div><div class="battle-history"><small>Musharna restored a little HP using its Leftovers!</small><br></div><div class="spacer battle-history"><br></div><h2 class="battle-history">Turn 20</h2><div class="spacer battle-history"><br></div><div class="battle-history"><small>The opposing Type: Null woke up!</small><br></div><div class="spacer battle-history"><br></div><div class="battle-history">The opposing Type: Null used <strong>Rest</strong>!<br></div><div class="battle-history"><small>The opposing Type: Null slept and became healthy!</small><br></div><div class="spacer battle-history"><br></div><div class="battle-history">Musharna used <strong>Psychic</strong>!<br></div><div class="battle-history"><small>(The opposing Type: Null lost <abbr title="−67/300">22.3%</abbr> of its health!)</small><br></div><div class="spacer battle-history"><br></div><div class="battle-history"><small>Musharna restored a little HP using its Leftovers!</small><br></div><div class="spacer battle-history"><br></div><h2 class="battle-history">Turn 21</h2><div class="spacer battle-history"><br></div><div class="battle-history">The opposing Type: Null is fast asleep.<br></div><div class="spacer battle-history"><br></div><div class="battle-history">The opposing Type: Null used <strong>Sleep Talk</strong>!<br></div><div class="spacer battle-history"><br></div><div class="battle-history">The opposing Type: Null used <strong>Swords Dance</strong>!<br></div><div class="battle-history"><small>The opposing Type: Null's Attack won't go any higher!</small><br></div><div class="spacer battle-history"><br></div><div class="battle-history">Musharna used <strong>Psychic</strong>!<br></div><div class="battle-history"><small>(The opposing Type: Null lost <abbr title="−76/300">25.3%</abbr> of its health!)</small><br></div><div class="spacer battle-history"><br></div><div class="battle-history"><small>Musharna restored a little HP using its Leftovers!</small><br></div><div class="spacer battle-history"><br></div><h2 class="battle-history">Turn 22</h2><div class="spacer battle-history"><br></div><div class="battle-history">The opposing Type: Null is fast asleep.<br></div><div class="spacer battle-history"><br></div><div class="battle-history">The opposing Type: Null used <strong>Sleep Talk</strong>!<br></div><div class="spacer battle-history"><br></div><div class="battle-history">The opposing Type: Null used <strong>Return</strong>!<br></div><div class="battle-history"><small>(Musharna lost <abbr title="−333/355">93.8%</abbr> of its health!)</small><br></div><div class="spacer battle-history"><br></div><div class="battle-history">Musharna fainted!<br></div><div class="spacer battle-history"><br></div><div class="battle-history">Go! <strong>Celesteela</strong>!<br></div><div class="spacer battle-history"><br></div><h2 class="battle-history">Turn 23</h2><div class="spacer battle-history"><br></div><div class="battle-history"><small>The opposing Type: Null woke up!</small><br></div><div class="spacer battle-history"><br></div><div class="battle-history">The opposing Type: Null used <strong>Rest</strong>!<br></div><div class="battle-history"><small>The opposing Type: Null slept and became healthy!</small><br></div><div class="spacer battle-history"><br></div><div class="battle-history">Celesteela used <strong>Leech Seed</strong>!<br></div><div class="battle-history"><small>The opposing Type: Null was seeded!</small><br></div><div class="spacer battle-history"><br></div><div class="battle-history"><small>The opposing Type: Null's health is sapped by Leech Seed!</small><br></div><div class="spacer battle-history"><br></div><h2 class="battle-history">Turn 24</h2><div class="spacer battle-history"><br></div><div class="battle-history">The opposing Type: Null is fast asleep.<br></div><div class="spacer battle-history"><br></div><div class="battle-history">The opposing Type: Null used <strong>Sleep Talk</strong>!<br></div><div class="spacer battle-history"><br></div><div class="battle-history">The opposing Type: Null used <strong>Swords Dance</strong>!<br></div><div class="battle-history"><small>The opposing Type: Null's Attack won't go any higher!</small><br></div><div class="spacer battle-history"><br></div><div class="battle-history">Celesteela used <strong>Heavy Slam</strong>!<br></div><div class="battle-history"><small>(The opposing Type: Null lost <abbr title="−79/300">26.3%</abbr> of its health!)</small><br></div><div class="spacer battle-history"><br></div><div class="battle-history"><small>The opposing Type: Null's health is sapped by Leech Seed!</small><br></div><div class="spacer battle-history"><br></div><h2 class="battle-history">Turn 25</h2><div class="chat message-error">NickMaster14 has 120 seconds left.</div><div class="spacer battle-history"><br></div><div class="battle-history">The opposing Type: Null is fast asleep.<br></div><div class="spacer battle-history"><br></div><div class="battle-history">Celesteela used <strong>Heavy Slam</strong>!<br></div><div class="battle-history"><small>(The opposing Type: Null lost <abbr title="−73/300">24.3%</abbr> of its health!)</small><br></div><div class="spacer battle-history"><br></div><div class="battle-history"><small>The opposing Type: Null's health is sapped by Leech Seed!</small><br></div><div class="spacer battle-history"><br></div><h2 class="battle-history">Turn 26</h2><div class="spacer battle-history"><br></div><div class="battle-history">Celesteela, come back!<br></div><div class="battle-history">Go! Muk (<strong>Muk-Alola</strong>)!<br></div><div class="battle-history"><small>The opposing Type: Null woke up!</small><br></div><div class="spacer battle-history"><br></div><div class="battle-history">The opposing Type: Null used <strong>Rest</strong>!<br></div><div class="battle-history"><small>The opposing Type: Null slept and became healthy!</small><br></div><div class="spacer battle-history"><br></div><div class="battle-history"><small>The opposing Type: Null's health is sapped by Leech Seed!</small><br></div><div class="spacer battle-history"><br></div><h2 class="battle-history">Turn 27</h2><div class="chat message-error">NickMaster14 has 90 seconds left.</div><div class="spacer battle-history"><br></div><div class="battle-history">The opposing Type: Null is fast asleep.<br></div><div class="spacer battle-history"><br></div><div class="battle-history">The opposing Type: Null used <strong>Sleep Talk</strong>!<br></div><div class="spacer battle-history"><br></div><div class="battle-history">The opposing Type: Null used <strong>Swords Dance</strong>!<br></div><div class="battle-history"><small>The opposing Type: Null's Attack won't go any higher!</small><br></div><div class="spacer battle-history"><br></div><div class="battle-history">Muk used <strong>Knock Off</strong>!<br></div><div class="battle-history"><small>(The opposing Type: Null lost <abbr title="−61/300">20.3%</abbr> of its health!)</small><br></div><div class="battle-history"><small>Muk knocked off the opposing Type: Null's Eviolite!</small><br></div><div class="spacer battle-history"><br></div><div class="battle-history"><small>The opposing Type: Null's health is sapped by Leech Seed!</small><br></div><div class="spacer battle-history"><br></div><h2 class="battle-history">Turn 28</h2><div class="chat message-error">NickMaster14 has 60 seconds left.</div><div class="chat message-error">NickMaster14 has 30 seconds left.</div><div class="chat message-error">NickMaster14 has 20 seconds left.</div><div class="chat message-error">NickMaster14 has 15 seconds left.</div><div class="spacer battle-history"><br></div><div class="battle-history">The opposing Type: Null is fast asleep.<br></div><div class="spacer battle-history"><br></div><div class="battle-history">The opposing Type: Null used <strong>Sleep Talk</strong>!<br></div><div class="spacer battle-history"><br></div><div class="battle-history">The opposing Type: Null used <strong>Rest</strong>!<br></div><div class="battle-history"><small>But it failed!</small><br></div><div class="spacer battle-history"><br></div><div class="battle-history">Muk used <strong>Gunk Shot</strong>!<br></div><div class="battle-history"><small>(The opposing Type: Null lost <abbr title="−123/300">41%</abbr> of its health!)</small><br></div><div class="spacer battle-history"><br></div><div class="battle-history"><small>The opposing Type: Null's health is sapped by Leech Seed!</small><br></div><div class="spacer battle-history"><br></div><h2 class="battle-history">Turn 29</h2><div class="chat message-error">NickMaster14 has 25 seconds left this turn.</div><div class="chat message-error">NickMaster14 has 20 seconds left.</div><div class="chat message-error">SValore has 120 seconds left.</div><div class="spacer battle-history"><br></div><div class="battle-history"><small>The opposing Type: Null woke up!</small><br></div><div class="spacer battle-history"><br></div><div class="battle-history">The opposing Type: Null used <strong>Rest</strong>!<br></div><div class="battle-history"><small>The opposing Type: Null slept and became healthy!</small><br></div><div class="spacer battle-history"><br></div><div class="battle-history">Muk used <strong>Gunk Shot</strong>!<br></div><div class="battle-history"><small>(The opposing Type: Null lost <abbr title="−121/300">40.3%</abbr> of its health!)</small><br></div><div class="spacer battle-history"><br></div><div class="battle-history"><small>The opposing Type: Null's health is sapped by Leech Seed!</small><br></div><div class="spacer battle-history"><br></div><h2 class="battle-history">Turn 30</h2><div class="chat message-error">NickMaster14 has 30 seconds left this turn.</div><div class="chat message-error">SValore has 120 seconds left.</div><div class="chat message-error">NickMaster14 has 20 seconds left.</div><div class="chat chatmessage-svalore"><strong style="color:#37a69d"><small>☆</small><span class="username" data-name="SValore">SValore</span>:</strong> <em>gg</em></div><div class="chat chatmessage-svalore"><strong style="color:#37a69d"><small>☆</small><span class="username" data-name="SValore">SValore</span>:</strong> <em>wp</em></div><div class="chat message-error">NickMaster14 has 15 seconds left.</div><div class="chat message-error">NickMaster14 has 10 seconds left.</div><div class="spacer battle-history"><br></div><div class="battle-history"><small>NickMaster14 forfeited.</small><br></div><div class="spacer battle-history"><br></div><div class="battle-history"><strong>SValore</strong> won the battle!<br></div><div class="chat message-error">NickMaster14 has 15 seconds left this turn.</div><div class="chat"><small>*Lady Monita  and ☆NickMaster14 left</small></div></div><div class="inner-preempt message-log"></div></div></div>
</div>
<script>
let daily = Math.floor(Date.now()/1000/60/60/24);document.write('<script src="https://play.pokemonshowdown.com/js/replay-embed.js?version'+daily+'"></'+'script>');
</script>
