<!DOCTYPE html>
<meta charset="utf-8" />
<!-- version 1 -->
<title>[Gen 7] Random Battle replay: Hasuinna vs. soTsoT</title>
<style>
html,body {font-family:Verdana, sans-serif;font-size:10pt;margin:0;padding:0;}body{padding:12px 0;} .battle-log {font-family:Verdana, sans-serif;font-size:10pt;} .battle-log-inline {border:1px solid #AAAAAA;background:#EEF2F5;color:black;max-width:640px;margin:0 auto 80px;padding-bottom:5px;} .battle-log .inner {padding:4px 8px 0px 8px;} .battle-log .inner-preempt {padding:0 8px 4px 8px;} .battle-log .inner-after {margin-top:0.5em;} .battle-log h2 {margin:0.5em -8px;padding:4px 8px;border:1px solid #AAAAAA;background:#E0E7EA;border-left:0;border-right:0;font-family:Verdana, sans-serif;font-size:13pt;} .battle-log .chat {vertical-align:middle;padding:3px 0 3px 0;font-size:8pt;} .battle-log .chat strong {color:#40576A;} .battle-log .chat em {padding:1px 4px 1px 3px;color:#000000;font-style:normal;} .chat.mine {background:rgba(0,0,0,0.05);margin-left:-8px;margin-right:-8px;padding-left:8px;padding-right:8px;} .spoiler {color:#BBBBBB;background:#BBBBBB;padding:0px 3px;} .spoiler:hover, .spoiler:active, .spoiler-shown {color:#000000;background:#E2E2E2;padding:0px 3px;} .spoiler a {color:#BBBBBB;} .spoiler:hover a, .spoiler:active a, .spoiler-shown a {color:#2288CC;} .chat code, .chat .spoiler:hover code, .chat .spoiler:active code, .chat .spoiler-shown code {border:1px solid #C0C0C0;background:#EEEEEE;color:black;padding:0 2px;} .chat .spoiler code {border:1px solid #CCCCCC;background:#CCCCCC;color:#CCCCCC;} .battle-log .rated {padding:3px 4px;} .battle-log .rated strong {color:white;background:#89A;padding:1px 4px;border-radius:4px;} .spacer {margin-top:0.5em;} .message-announce {background:#6688AA;color:white;padding:1px 4px 2px;} .message-announce a, .broadcast-green a, .broadcast-blue a, .broadcast-red a {color:#DDEEFF;} .broadcast-green {background-color:#559955;color:white;padding:2px 4px;} .broadcast-blue {background-color:#6688AA;color:white;padding:2px 4px;} .infobox {border:1px solid #6688AA;padding:2px 4px;} .infobox-limited {max-height:200px;overflow:auto;overflow-x:hidden;} .broadcast-red {background-color:#AA5544;color:white;padding:2px 4px;} .message-learn-canlearn {font-weight:bold;color:#228822;text-decoration:underline;} .message-learn-cannotlearn {font-weight:bold;color:#CC2222;text-decoration:underline;} .message-effect-weak {font-weight:bold;color:#CC2222;} .message-effect-resist {font-weight:bold;color:#6688AA;} .message-effect-immune {font-weight:bold;color:#666666;} .message-learn-list {margin-top:0;margin-bottom:0;} .message-throttle-notice, .message-error {color:#992222;} .message-overflow, .chat small.message-overflow {font-size:0pt;} .message-overflow::before {font-size:9pt;content:'...';} .subtle {color:#3A4A66;}
</style>
<div class="wrapper replay-wrapper" style="max-width:1180px;margin:0 auto">
<input type="hidden" name="replayid" value="gen7randombattle-2107710422" />
<div class="battle"></div><div class="battle-log"></div><div class="replay-controls"></div><div class="replay-controls-2"></div>
<h1 style="font-weight:normal;text-align:center"><strong>[Gen 7] Random Battle</strong><br /><a href="http://pokemonshowdown.com/users/hasuinna" class="subtle" target="_blank">Hasuinna</a> vs. <a href="http://pokemonshowdown.com/users/sotsot" class="subtle" target="_blank">soTsoT</a></h1>
<script type="text/plain" class="battle-log-data">|uhtml|medal-msg|<div class="broadcast-blue">Curious what those medals under the avatar are? PS now has Ladder Seasons! For more information, check out the <a href="https:\/\/www.smogon.com\/forums\/threads\/3740067\/">thread on Smogon.<\/a><\/div>
|badge|p2|silver|gen9randombattle|30-1
|uhtml|medal-msg|<div class="broadcast-blue">Curious what those medals under the avatar are? PS now has Ladder Seasons! For more information, check out the <a href="https:\/\/www.smogon.com\/forums\/threads\/3740067\/">thread on Smogon.<\/a><\/div>
|j|☆Hasuinna
|j|☆soTsoT
|t:|1713621121
|gametype|singles
|player|p1|Hasuinna|preschoolerf|
|player|p2|soTsoT|#teamskymin|
|teamsize|p1|6
|teamsize|p2|6
|gen|7
|tier|[Gen 7] Random Battle
|rule|Sleep Clause Mod: Limit one foe put to sleep
|rule|HP Percentage Mod: HP is shown in percentages
|rule|Illusion Level Mod: Illusion disguises the Pokémon's true level
|
|t:|1713621121
|start
|switch|p1a: Pidgeot|Pidgeot, L88, F|289\/289
|switch|p2a: Mew|Mew, L81|295\/295
|turn|1
|c|☆soTsoT|hf
|c|☆Hasuinna|Glhf
|
|t:|1713621185
|switch|p2a: Archeops|Archeops, L83, M|259\/259
|move|p1a: Pidgeot|Return|p2a: Archeops
|-resisted|p2a: Archeops
|-damage|p2a: Archeops|190\/259
|
|upkeep
|turn|2
|
|t:|1713621200
|switch|p1a: Porygon2|Porygon2, L84|280\/280
|-ability|p1a: Porygon2|Download|boost
|-boost|p1a: Porygon2|spa|1
|move|p2a: Archeops|Acrobatics|p1a: Porygon2
|-damage|p1a: Porygon2|187\/280
|
|upkeep
|turn|3
|
|t:|1713621222
|switch|p2a: Dunsparce|Dunsparce, L93, M|337\/337
|move|p1a: Porygon2|Tri Attack|p2a: Dunsparce
|-damage|p2a: Dunsparce|178\/337
|
|-heal|p2a: Dunsparce|199\/337|[from] item: Leftovers
|upkeep
|turn|4
|
|t:|1713621235
|move|p1a: Porygon2|Toxic|p2a: Dunsparce
|-status|p2a: Dunsparce|tox
|move|p2a: Dunsparce|Glare|p1a: Porygon2
|-status|p1a: Porygon2|par
|
|-heal|p2a: Dunsparce|220\/337 tox|[from] item: Leftovers
|-damage|p2a: Dunsparce|199\/337 tox|[from] psn
|upkeep
|turn|5
|
|t:|1713621245
|switch|p1a: Pidgeot|Pidgeot, L88, F|289\/289
|move|p2a: Dunsparce|Headbutt|p1a: Pidgeot
|-damage|p1a: Pidgeot|214\/289
|
|-heal|p1a: Pidgeot|232\/289|[from] item: Leftovers
|-heal|p2a: Dunsparce|220\/337 tox|[from] item: Leftovers
|-damage|p2a: Dunsparce|178\/337 tox|[from] psn
|upkeep
|turn|6
|
|t:|1713621256
|move|p1a: Pidgeot|U-turn|p2a: Dunsparce
|-damage|p2a: Dunsparce|125\/337 tox
|
|t:|1713621260
|switch|p1a: Porygon2|Porygon2, L84|187\/280 par|[from] U-turn
|-ability|p1a: Porygon2|Download|boost
|-boost|p1a: Porygon2|spa|1
|move|p2a: Dunsparce|Roost|p2a: Dunsparce
|-heal|p2a: Dunsparce|294\/337 tox
|-singleturn|p2a: Dunsparce|move: Roost
|
|-heal|p2a: Dunsparce|315\/337 tox|[from] item: Leftovers
|-damage|p2a: Dunsparce|252\/337 tox|[from] psn
|upkeep
|turn|7
|
|t:|1713621272
|move|p2a: Dunsparce|Headbutt|p1a: Porygon2
|-damage|p1a: Porygon2|142\/280 par
|move|p1a: Porygon2|Recover|p1a: Porygon2
|-heal|p1a: Porygon2|280\/280 par
|
|-heal|p2a: Dunsparce|273\/337 tox|[from] item: Leftovers
|-damage|p2a: Dunsparce|189\/337 tox|[from] psn
|upkeep
|turn|8
|
|t:|1713621291
|switch|p2a: Samurott|Samurott, L87, F|307\/307
|move|p1a: Porygon2|Tri Attack|p2a: Samurott
|-crit|p2a: Samurott
|-damage|p2a: Samurott|145\/307
|
|upkeep
|turn|9
|
|t:|1713621308
|switch|p1a: Gyarados|Gyarados, L75, M|266\/266
|-ability|p1a: Gyarados|Intimidate|boost
|-unboost|p2a: Samurott|atk|1
|move|p2a: Samurott|Sacred Sword|p1a: Gyarados
|-resisted|p1a: Gyarados
|-crit|p1a: Gyarados
|-damage|p1a: Gyarados|204\/266
|
|upkeep
|turn|10
|
|t:|1713621361
|move|p2a: Samurott|Grass Knot|p1a: Gyarados
|-damage|p1a: Gyarados|107\/266
|move|p1a: Gyarados|Waterfall|p2a: Samurott
|-resisted|p2a: Samurott
|-damage|p2a: Samurott|103\/307
|
|upkeep
|turn|11
|
|t:|1713621381
|move|p2a: Samurott|Hydro Pump|p1a: Gyarados|[miss]
|-miss|p2a: Samurott|p1a: Gyarados
|move|p1a: Gyarados|Dragon Dance|p1a: Gyarados
|-boost|p1a: Gyarados|atk|1
|-boost|p1a: Gyarados|spe|1
|
|upkeep
|turn|12
|
|t:|1713621402
|detailschange|p1a: Gyarados|Gyarados-Mega, L75, M
|-mega|p1a: Gyarados|Gyarados|Gyaradosite
|-ability|p1a: Gyarados|Mold Breaker
|move|p1a: Gyarados|Crunch|p2a: Samurott
|-damage|p2a: Samurott|0 fnt
|faint|p2a: Samurott
|
|upkeep
|
|t:|1713621407
|switch|p2a: Ampharos|Ampharos, L84, M|288\/288
|turn|13
|
|t:|1713621426
|detailschange|p2a: Ampharos|Ampharos-Mega, L84, M
|-mega|p2a: Ampharos|Ampharos|Ampharosite
|-ability|p2a: Ampharos|Mold Breaker
|move|p1a: Gyarados|Earthquake|p2a: Ampharos
|-supereffective|p2a: Ampharos
|-damage|p2a: Ampharos|54\/288
|move|p2a: Ampharos|Thunderbolt|p1a: Gyarados
|-supereffective|p1a: Gyarados
|-damage|p1a: Gyarados|0 fnt
|faint|p1a: Gyarados
|
|upkeep
|
|t:|1713621440
|switch|p1a: Pidgeot|Pidgeot, L88, F|232\/289
|turn|14
|
|t:|1713621444
|switch|p2a: Archeops|Archeops, L83, M|190\/259
|move|p1a: Pidgeot|Return|p2a: Archeops
|-resisted|p2a: Archeops
|-damage|p2a: Archeops|131\/259
|
|-heal|p1a: Pidgeot|250\/289|[from] item: Leftovers
|upkeep
|turn|15
|
|t:|1713621454
|switch|p1a: Porygon2|Porygon2, L84|280\/280 par
|-ability|p1a: Porygon2|Download|boost
|-boost|p1a: Porygon2|spa|1
|move|p2a: Archeops|Stone Edge|p1a: Porygon2
|-damage|p1a: Porygon2|193\/280 par
|
|upkeep
|turn|16
|
|t:|1713621478
|move|p2a: Archeops|Acrobatics|p1a: Porygon2
|-damage|p1a: Porygon2|87\/280 par
|move|p1a: Porygon2|Tri Attack|p2a: Archeops
|-resisted|p2a: Archeops
|-damage|p2a: Archeops|46\/259
|
|upkeep
|turn|17
|
|t:|1713621488
|move|p2a: Archeops|Roost|p2a: Archeops
|-heal|p2a: Archeops|176\/259
|-singleturn|p2a: Archeops|move: Roost
|cant|p1a: Porygon2|par
|
|upkeep
|turn|18
|
|t:|1713621497
|switch|p1a: Kartana|Kartana, L74|209\/209
|move|p2a: Archeops|Acrobatics|p1a: Kartana
|-damage|p1a: Kartana|80\/209
|
|upkeep
|turn|19
|
|t:|1713621544
|move|p2a: Archeops|Acrobatics|p1a: Kartana
|-damage|p1a: Kartana|0 fnt
|faint|p1a: Kartana
|
|upkeep
|
|t:|1713621572
|switch|p1a: Toxicroak|Toxicroak, L84, F|277\/277
|turn|20
|
|t:|1713621584
|move|p2a: Archeops|Acrobatics|p1a: Toxicroak
|-supereffective|p1a: Toxicroak
|-damage|p1a: Toxicroak|0 fnt
|faint|p1a: Toxicroak
|
|upkeep
|
|t:|1713621594
|switch|p1a: Porygon2|Porygon2, L84|87\/280 par
|-ability|p1a: Porygon2|Download|boost
|-boost|p1a: Porygon2|spa|1
|turn|21
|
|t:|1713621599
|move|p2a: Archeops|Acrobatics|p1a: Porygon2
|-crit|p1a: Porygon2
|-damage|p1a: Porygon2|0 fnt
|faint|p1a: Porygon2
|
|upkeep
|
|t:|1713621614
|switch|p1a: Flareon|Flareon, L88, F|258\/258
|turn|22
|
|t:|1713621632
|move|p2a: Archeops|Acrobatics|p1a: Flareon
|-damage|p1a: Flareon|56\/258
|move|p1a: Flareon|Flame Charge|p2a: Archeops
|-resisted|p2a: Archeops
|-damage|p2a: Archeops|126\/259
|-boost|p1a: Flareon|spe|1
|
|-status|p1a: Flareon|tox|[from] item: Toxic Orb
|upkeep
|turn|23
|
|t:|1713621642
|switch|p2a: Ampharos|Ampharos-Mega, L84, M|54\/288
|-ability|p2a: Ampharos|Mold Breaker
|move|p1a: Flareon|Facade|p2a: Ampharos
|-damage|p2a: Ampharos|0 fnt
|faint|p2a: Ampharos
|
|-damage|p1a: Flareon|40\/258 tox|[from] psn
|upkeep
|
|t:|1713621653
|switch|p2a: Mew|Mew, L81|295\/295
|turn|24
|
|t:|1713621658
|move|p1a: Flareon|Flare Blitz|p2a: Mew
|-damage|p2a: Mew|33\/295
|-damage|p1a: Flareon|0 fnt|[from] Recoil
|faint|p1a: Flareon
|move|p2a: Mew|Psychic|p1: Flareon|[notarget]
|-fail|p2a: Mew
|
|upkeep
|
|t:|1713621666
|switch|p1a: Pidgeot|Pidgeot, L88, F|250\/289
|turn|25
|
|t:|1713621672
|move|p1a: Pidgeot|Return|p2a: Mew
|-damage|p2a: Mew|0 fnt
|faint|p2a: Mew
|
|-heal|p1a: Pidgeot|268\/289|[from] item: Leftovers
|upkeep
|
|t:|1713621674
|switch|p2a: Minior|Minior-Indigo, L80|227\/227
|-formechange|p2a: Minior|Minior-Meteor||[from] ability: Shields Down
|turn|26
|
|t:|1713621687
|move|p1a: Pidgeot|Brave Bird|p2a: Minior
|-resisted|p2a: Minior
|-damage|p2a: Minior|165\/227
|-damage|p1a: Pidgeot|248\/289|[from] Recoil
|move|p2a: Minior|Shell Smash|p2a: Minior
|-unboost|p2a: Minior|def|1
|-unboost|p2a: Minior|spd|1
|-boost|p2a: Minior|atk|2
|-boost|p2a: Minior|spa|2
|-boost|p2a: Minior|spe|2
|-enditem|p2a: Minior|White Herb
|-clearnegativeboost|p2a: Minior|[silent]
|
|-heal|p1a: Pidgeot|266\/289|[from] item: Leftovers
|upkeep
|turn|27
|c|☆Hasuinna|Gg
|c|☆soTsoT|ggs
|c|☆Hasuinna|I lost focus
|
|t:|1713621704
|move|p2a: Minior|Power Gem|p1a: Pidgeot
|-supereffective|p1a: Pidgeot
|-damage|p1a: Pidgeot|6\/289
|move|p1a: Pidgeot|Roost|p1a: Pidgeot
|-heal|p1a: Pidgeot|151\/289
|-singleturn|p1a: Pidgeot|move: Roost
|
|-heal|p1a: Pidgeot|169\/289|[from] item: Leftovers
|upkeep
|turn|28
|
|t:|1713621709
|move|p2a: Minior|Power Gem|p1a: Pidgeot
|-supereffective|p1a: Pidgeot
|-damage|p1a: Pidgeot|0 fnt
|faint|p1a: Pidgeot
|
|win|soTsoT
|l|☆Hasuinna
|player|p1|
</script>
</div>
<div class="battle-log battle-log-inline"><div class="inner"><div class="battle-options"></div><div class="inner message-log"><div class="notice uhtml-medalmsg"><div class="broadcast-blue">Curious what those medals under the avatar are? PS now has Ladder Seasons! For more information, check out the <a href="https://www.smogon.com/forums/threads/3740067/" target="_blank" rel="noopener">thread on Smogon.</a></div></div><div class="chat"><small>☆Hasuinna and ☆soTsoT joined</small></div><div class=""><small>Format:</small> <br><strong>[Gen 7] Random Battle</strong></div><div class=""><small><em>Sleep Clause Mod:</em> Limit one foe put to sleep</small></div><div class=""><small><em>HP Percentage Mod:</em> HP is shown in percentages</small></div><div class=""><small><em>Illusion Level Mod:</em> Illusion disguises the Pokémon's true level</small></div><div class="spacer battle-history"><br></div><div class="battle-history">Battle started between Hasuinna and soTsoT!<br></div><div class="spacer battle-history"><br></div><div class="battle-history">Hasuinna sent out <strong>Pidgeot</strong>!<br></div><div class="spacer battle-history"><br></div><div class="battle-history">Go! <strong>Mew</strong>!<br></div><div class="spacer battle-history"><br></div><h2 class="battle-history">Turn 1</h2><div class="chat chatmessage-sotsot"><strong style="color:#8869bf"><small>☆</small><span class="username" data-name="soTsoT">soTsoT</span>:</strong> <em>hf</em></div><div class="chat chatmessage-hasuinna"><strong style="color:#1ea93a"><small>☆</small><span class="username" data-name="Hasuinna">Hasuinna</span>:</strong> <em>Glhf</em></div><div class="spacer battle-history"><br></div><div class="battle-history">Mew, come back!<br></div><div class="battle-history">Go! <strong>Archeops</strong>!<br></div><div class="spacer battle-history"><br></div><div class="battle-history">The opposing Pidgeot used <strong>Return</strong>!<br></div><div class="battle-history"><small>It's not very effective...</small><br></div><div class="battle-history"><small>(Archeops lost <abbr title="−69/259">26.6%</abbr> of its health!)</small><br></div><div class="spacer battle-history"><br></div><h2 class="battle-history">Turn 2</h2><div class="spacer battle-history"><br></div><div class="battle-history">Hasuinna withdrew Pidgeot!<br></div><div class="battle-history">Hasuinna sent out <strong>Porygon2</strong>!<br></div><div class="battle-history">[The opposing Porygon2's Download]<br></div><div class="battle-history"><small>The opposing Porygon2's Sp. Atk rose!</small><br></div><div class="spacer battle-history"><br></div><div class="battle-history">Archeops used <strong>Acrobatics</strong>!<br></div><div class="battle-history"><small>(The opposing Porygon2 lost <abbr title="−93/280">33.2%</abbr> of its health!)</small><br></div><div class="spacer battle-history"><br></div><h2 class="battle-history">Turn 3</h2><div class="spacer battle-history"><br></div><div class="battle-history">Archeops, come back!<br></div><div class="battle-history">Go! <strong>Dunsparce</strong>!<br></div><div class="spacer battle-history"><br></div><div class="battle-history">The opposing Porygon2 used <strong>Tri Attack</strong>!<br></div><div class="battle-history"><small>(Dunsparce lost <abbr title="−159/337">47.2%</abbr> of its health!)</small><br></div><div class="spacer battle-history"><br></div><div class="battle-history"><small>Dunsparce restored a little HP using its Leftovers!</small><br></div><div class="spacer battle-history"><br></div><h2 class="battle-history">Turn 4</h2><div class="spacer battle-history"><br></div><div class="battle-history">The opposing Porygon2 used <strong>Toxic</strong>!<br></div><div class="battle-history"><small>Dunsparce was badly poisoned!</small><br></div><div class="spacer battle-history"><br></div><div class="battle-history">Dunsparce used <strong>Glare</strong>!<br></div><div class="battle-history"><small>The opposing Porygon2 is paralyzed! It may be unable to move!</small><br></div><div class="spacer battle-history"><br></div><div class="battle-history"><small>Dunsparce restored a little HP using its Leftovers!</small><br></div><div class="battle-history"><small>Dunsparce was hurt by poison!</small><br></div><div class="spacer battle-history"><br></div><h2 class="battle-history">Turn 5</h2><div class="spacer battle-history"><br></div><div class="battle-history">Hasuinna withdrew Porygon2!<br></div><div class="battle-history">Hasuinna sent out <strong>Pidgeot</strong>!<br></div><div class="spacer battle-history"><br></div><div class="battle-history">Dunsparce used <strong>Headbutt</strong>!<br></div><div class="battle-history"><small>(The opposing Pidgeot lost <abbr title="−75/289">26.0%</abbr> of its health!)</small><br></div><div class="spacer battle-history"><br></div><div class="battle-history"><small>The opposing Pidgeot restored a little HP using its Leftovers!</small><br></div><div class="battle-history"><small>Dunsparce restored a little HP using its Leftovers!</small><br></div><div class="battle-history"><small>Dunsparce was hurt by poison!</small><br></div><div class="spacer battle-history"><br></div><h2 class="battle-history">Turn 6</h2><div class="spacer battle-history"><br></div><div class="battle-history">The opposing Pidgeot used <strong>U-turn</strong>!<br></div><div class="battle-history"><small>(Dunsparce lost <abbr title="−53/337">15.7%</abbr> of its health!)</small><br></div><div class="spacer battle-history"><br></div><div class="battle-history">The opposing Pidgeot went back to Hasuinna!<br></div><div class="battle-history">Hasuinna sent out <strong>Porygon2</strong>!<br></div><div class="battle-history">[The opposing Porygon2's Download]<br></div><div class="battle-history"><small>The opposing Porygon2's Sp. Atk rose!</small><br></div><div class="spacer battle-history"><br></div><div class="battle-history">Dunsparce used <strong>Roost</strong>!<br></div><div class="battle-history"><small>Dunsparce had its HP restored.</small><br></div><div class="spacer battle-history"><br></div><div class="battle-history"><small>Dunsparce restored a little HP using its Leftovers!</small><br></div><div class="battle-history"><small>Dunsparce was hurt by poison!</small><br></div><div class="spacer battle-history"><br></div><h2 class="battle-history">Turn 7</h2><div class="spacer battle-history"><br></div><div class="battle-history">Dunsparce used <strong>Headbutt</strong>!<br></div><div class="battle-history"><small>(The opposing Porygon2 lost <abbr title="−45/280">16.1%</abbr> of its health!)</small><br></div><div class="spacer battle-history"><br></div><div class="battle-history">The opposing Porygon2 used <strong>Recover</strong>!<br></div><div class="battle-history"><small>The opposing Porygon2 had its HP restored.</small><br></div><div class="spacer battle-history"><br></div><div class="battle-history"><small>Dunsparce restored a little HP using its Leftovers!</small><br></div><div class="battle-history"><small>Dunsparce was hurt by poison!</small><br></div><div class="spacer battle-history"><br></div><h2 class="battle-history">Turn 8</h2><div class="spacer battle-history"><br></div><div class="battle-history">Dunsparce, come back!<br></div><div class="battle-history">Go! <strong>Samurott</strong>!<br></div><div class="spacer battle-history"><br></div><div class="battle-history">The opposing Porygon2 used <strong>Tri Attack</strong>!<br></div><div class="battle-history"><small>A critical hit!</small><br></div><div class="battle-history"><small>(Samurott lost <abbr title="−162/307">52.8%</abbr> of its health!)</small><br></div><div class="spacer battle-history"><br></div><h2 class="battle-history">Turn 9</h2><div class="spacer battle-history"><br></div><div class="battle-history">Hasuinna withdrew Porygon2!<br></div><div class="battle-history">Hasuinna sent out <strong>Gyarados</strong>!<br></div><div class="battle-history">[The opposing Gyarados's Intimidate]<br></div><div class="battle-history"><small>Samurott's Attack fell!</small><br></div><div class="spacer battle-history"><br></div><div class="battle-history">Samurott used <strong>Sacred Sword</strong>!<br></div><div class="battle-history"><small>It's not very effective...</small><br></div><div class="battle-history"><small>A critical hit!</small><br></div><div class="battle-history"><small>(The opposing Gyarados lost <abbr title="−62/266">23.3%</abbr> of its health!)</small><br></div><div class="spacer battle-history"><br></div><h2 class="battle-history">Turn 10</h2><div class="spacer battle-history"><br></div><div class="battle-history">Samurott used <strong>Grass Knot</strong>!<br></div><div class="battle-history"><small>(The opposing Gyarados lost <abbr title="−97/266">36.5%</abbr> of its health!)</small><br></div><div class="spacer battle-history"><br></div><div class="battle-history">The opposing Gyarados used <strong>Waterfall</strong>!<br></div><div class="battle-history"><small>It's not very effective...</small><br></div><div class="battle-history"><small>(Samurott lost <abbr title="−42/307">13.7%</abbr> of its health!)</small><br></div><div class="spacer battle-history"><br></div><h2 class="battle-history">Turn 11</h2><div class="spacer battle-history"><br></div><div class="battle-history">Samurott used <strong>Hydro Pump</strong>!<br></div><div class="battle-history"><small>The opposing Gyarados avoided the attack!</small><br></div><div class="spacer battle-history"><br></div><div class="battle-history">The opposing Gyarados used <strong>Dragon Dance</strong>!<br></div><div class="battle-history"><small>The opposing Gyarados's Attack rose!</small><br></div><div class="battle-history"><small>The opposing Gyarados's Speed rose!</small><br></div><div class="spacer battle-history"><br></div><h2 class="battle-history">Turn 12</h2><div class="spacer battle-history"><br></div><div class="battle-history"><small>The opposing Gyarados's Gyaradosite is reacting to the Key Stone!</small><br>The opposing Gyarados has Mega Evolved into Mega Gyarados!<br></div><div class="battle-history">[The opposing Gyarados's Mold Breaker]<br><small>The opposing Gyarados breaks the mold!</small><br></div><div class="spacer battle-history"><br></div><div class="battle-history">The opposing Gyarados used <strong>Crunch</strong>!<br></div><div class="battle-history"><small>(Samurott lost <abbr title="−103/307">33.6%</abbr> of its health!)</small><br></div><div class="spacer battle-history"><br></div><div class="battle-history">Samurott fainted!<br></div><div class="spacer battle-history"><br></div><div class="battle-history">Go! <strong>Ampharos</strong>!<br></div><div class="spacer battle-history"><br></div><h2 class="battle-history">Turn 13</h2><div class="spacer battle-history"><br></div><div class="battle-history"><small>Ampharos's Ampharosite is reacting to the Key Stone!</small><br>Ampharos has Mega Evolved into Mega Ampharos!<br></div><div class="battle-history">[Ampharos's Mold Breaker]<br><small>Ampharos breaks the mold!</small><br></div><div class="spacer battle-history"><br></div><div class="battle-history">The opposing Gyarados used <strong>Earthquake</strong>!<br></div><div class="battle-history"><small>It's super effective!</small><br></div><div class="battle-history"><small>(Ampharos lost <abbr title="−234/288">81.3%</abbr> of its health!)</small><br></div><div class="spacer battle-history"><br></div><div class="battle-history">Ampharos used <strong>Thunderbolt</strong>!<br></div><div class="battle-history"><small>It's super effective!</small><br></div><div class="battle-history"><small>(The opposing Gyarados lost <abbr title="−107/266">40.2%</abbr> of its health!)</small><br></div><div class="spacer battle-history"><br></div><div class="battle-history">The opposing Gyarados fainted!<br></div><div class="spacer battle-history"><br></div><div class="battle-history">Hasuinna sent out <strong>Pidgeot</strong>!<br></div><div class="spacer battle-history"><br></div><h2 class="battle-history">Turn 14</h2><div class="spacer battle-history"><br></div><div class="battle-history">Ampharos, come back!<br></div><div class="battle-history">Go! <strong>Archeops</strong>!<br></div><div class="spacer battle-history"><br></div><div class="battle-history">The opposing Pidgeot used <strong>Return</strong>!<br></div><div class="battle-history"><small>It's not very effective...</small><br></div><div class="battle-history"><small>(Archeops lost <abbr title="−59/259">22.8%</abbr> of its health!)</small><br></div><div class="spacer battle-history"><br></div><div class="battle-history"><small>The opposing Pidgeot restored a little HP using its Leftovers!</small><br></div><div class="spacer battle-history"><br></div><h2 class="battle-history">Turn 15</h2><div class="spacer battle-history"><br></div><div class="battle-history">Hasuinna withdrew Pidgeot!<br></div><div class="battle-history">Hasuinna sent out <strong>Porygon2</strong>!<br></div><div class="battle-history">[The opposing Porygon2's Download]<br></div><div class="battle-history"><small>The opposing Porygon2's Sp. Atk rose!</small><br></div><div class="spacer battle-history"><br></div><div class="battle-history">Archeops used <strong>Stone Edge</strong>!<br></div><div class="battle-history"><small>(The opposing Porygon2 lost <abbr title="−87/280">31.1%</abbr> of its health!)</small><br></div><div class="spacer battle-history"><br></div><h2 class="battle-history">Turn 16</h2><div class="spacer battle-history"><br></div><div class="battle-history">Archeops used <strong>Acrobatics</strong>!<br></div><div class="battle-history"><small>(The opposing Porygon2 lost <abbr title="−106/280">37.9%</abbr> of its health!)</small><br></div><div class="spacer battle-history"><br></div><div class="battle-history">The opposing Porygon2 used <strong>Tri Attack</strong>!<br></div><div class="battle-history"><small>It's not very effective...</small><br></div><div class="battle-history"><small>(Archeops lost <abbr title="−85/259">32.8%</abbr> of its health!)</small><br></div><div class="spacer battle-history"><br></div><h2 class="battle-history">Turn 17</h2><div class="spacer battle-history"><br></div><div class="battle-history">Archeops used <strong>Roost</strong>!<br></div><div class="battle-history"><small>Archeops had its HP restored.</small><br></div><div class="battle-history"><small>(Archeops loses Flying type this turn.)</small><br></div><div class="spacer battle-history"><br></div><div class="battle-history">The opposing Porygon2 is paralyzed! It can't move!<br></div><div class="spacer battle-history"><br></div><h2 class="battle-history">Turn 18</h2><div class="spacer battle-history"><br></div><div class="battle-history">Hasuinna withdrew Porygon2!<br></div><div class="battle-history">Hasuinna sent out <strong>Kartana</strong>!<br></div><div class="spacer battle-history"><br></div><div class="battle-history">Archeops used <strong>Acrobatics</strong>!<br></div><div class="battle-history"><small>(The opposing Kartana lost <abbr title="−129/209">61.7%</abbr> of its health!)</small><br></div><div class="spacer battle-history"><br></div><h2 class="battle-history">Turn 19</h2><div class="spacer battle-history"><br></div><div class="battle-history">Archeops used <strong>Acrobatics</strong>!<br></div><div class="battle-history"><small>(The opposing Kartana lost <abbr title="−80/209">38.3%</abbr> of its health!)</small><br></div><div class="spacer battle-history"><br></div><div class="battle-history">The opposing Kartana fainted!<br></div><div class="spacer battle-history"><br></div><div class="battle-history">Hasuinna sent out <strong>Toxicroak</strong>!<br></div><div class="spacer battle-history"><br></div><h2 class="battle-history">Turn 20</h2><div class="spacer battle-history"><br></div><div class="battle-history">Archeops used <strong>Acrobatics</strong>!<br></div><div class="battle-history"><small>It's super effective!</small><br></div><div class="battle-history"><small>(The opposing Toxicroak lost <abbr title="−277/277">100%</abbr> of its health!)</small><br></div><div class="spacer battle-history"><br></div><div class="battle-history">The opposing Toxicroak fainted!<br></div><div class="spacer battle-history"><br></div><div class="battle-history">Hasuinna sent out <strong>Porygon2</strong>!<br></div><div class="battle-history">[The opposing Porygon2's Download]<br></div><div class="battle-history"><small>The opposing Porygon2's Sp. Atk rose!</small><br></div><div class="spacer battle-history"><br></div><h2 class="battle-history">Turn 21</h2><div class="spacer battle-history"><br></div><div class="battle-history">Archeops used <strong>Acrobatics</strong>!<br></div><div class="battle-history"><small>A critical hit!</small><br></div><div class="battle-history"><small>(The opposing Porygon2 lost <abbr title="−87/280">31.1%</abbr> of its health!)</small><br></div><div class="spacer battle-history"><br></div><div class="battle-history">The opposing Porygon2 fainted!<br></div><div class="spacer battle-history"><br></div><div class="battle-history">Hasuinna sent out <strong>Flareon</strong>!<br></div><div class="spacer battle-history"><br></div><h2 class="battle-history">Turn 22</h2><div class="spacer battle-history"><br></div><div class="battle-history">Archeops used <strong>Acrobatics</strong>!<br></div><div class="battle-history"><small>(The opposing Flareon lost <abbr title="−202/258">78.3%</abbr> of its health!)</small><br></div><div class="spacer battle-history"><br></div><div class="battle-history">The opposing Flareon used <strong>Flame Charge</strong>!<br></div><div class="battle-history"><small>It's not very effective...</small><br></div><div class="battle-history"><small>(Archeops lost <abbr title="−50/259">19.3%</abbr> of its health!)</small><br></div><div class="battle-history"><small>The opposing Flareon's Speed rose!</small><br></div><div class="spacer battle-history"><br></div><div class="battle-history"><small>The opposing Flareon was badly poisoned!</small><br></div><div class="spacer battle-history"><br></div><h2 class="battle-history">Turn 23</h2><div class="spacer battle-history"><br></div><div class="battle-history">Archeops, come back!<br></div><div class="battle-history">Go! Ampharos (<strong>Ampharos-Mega</strong>)!<br></div><div class="battle-history">[Ampharos's Mold Breaker]<br><small>Ampharos breaks the mold!</small><br></div><div class="spacer battle-history"><br></div><div class="battle-history">The opposing Flareon used <strong>Facade</strong>!<br></div><div class="battle-history"><small>(Ampharos lost <abbr title="−54/288">18.8%</abbr> of its health!)</small><br></div><div class="spacer battle-history"><br></div><div class="battle-history">Ampharos fainted!<br></div><div class="spacer battle-history"><br></div><div class="battle-history"><small>The opposing Flareon was hurt by poison!</small><br></div><div class="spacer battle-history"><br></div><div class="battle-history">Go! <strong>Mew</strong>!<br></div><div class="spacer battle-history"><br></div><h2 class="battle-history">Turn 24</h2><div class="spacer battle-history"><br></div><div class="battle-history">The opposing Flareon used <strong>Flare Blitz</strong>!<br></div><div class="battle-history"><small>(Mew lost <abbr title="−262/295">88.8%</abbr> of its health!)</small><br></div><div class="battle-history"><small>The opposing Flareon was damaged by the recoil!</small><br></div><div class="spacer battle-history"><br></div><div class="battle-history">The opposing Flareon fainted!<br></div><div class="battle-history">Mew used <strong>Psychic</strong>!<br></div><div class="battle-history"><small>But it failed!</small><br></div><div class="spacer battle-history"><br></div><div class="battle-history">Hasuinna sent out <strong>Pidgeot</strong>!<br></div><div class="spacer battle-history"><br></div><h2 class="battle-history">Turn 25</h2><div class="spacer battle-history"><br></div><div class="battle-history">The opposing Pidgeot used <strong>Return</strong>!<br></div><div class="battle-history"><small>(Mew lost <abbr title="−33/295">11.2%</abbr> of its health!)</small><br></div><div class="spacer battle-history"><br></div><div class="battle-history">Mew fainted!<br></div><div class="spacer battle-history"><br></div><div class="battle-history"><small>The opposing Pidgeot restored a little HP using its Leftovers!</small><br></div><div class="spacer battle-history"><br></div><div class="battle-history">Go! Minior (<strong>Minior-Indigo</strong>)!<br></div><div class="battle-history">[Minior's Shields Down]<br>Shields Down deactivated!<br>(Minior shielded itself.)<br></div><div class="spacer battle-history"><br></div><h2 class="battle-history">Turn 26</h2><div class="spacer battle-history"><br></div><div class="battle-history">The opposing Pidgeot used <strong>Brave Bird</strong>!<br></div><div class="battle-history"><small>It's not very effective...</small><br></div><div class="battle-history"><small>(Minior lost <abbr title="−62/227">27.3%</abbr> of its health!)</small><br></div><div class="battle-history"><small>The opposing Pidgeot was damaged by the recoil!</small><br></div><div class="spacer battle-history"><br></div><div class="battle-history">Minior used <strong>Shell Smash</strong>!<br></div><div class="battle-history"><small>Minior's Defense fell!</small><br></div><div class="battle-history"><small>Minior's Sp. Def fell!</small><br></div><div class="battle-history"><small>Minior's Attack rose sharply!</small><br></div><div class="battle-history"><small>Minior's Sp. Atk rose sharply!</small><br></div><div class="battle-history"><small>Minior's Speed rose sharply!</small><br></div><div class="battle-history"><small>Minior returned its stats to normal using its White Herb!</small><br></div><div class="spacer battle-history"><br></div><div class="battle-history"><small>The opposing Pidgeot restored a little HP using its Leftovers!</small><br></div><div class="spacer battle-history"><br></div><h2 class="battle-history">Turn 27</h2><div class="chat chatmessage-hasuinna"><strong style="color:#1ea93a"><small>☆</small><span class="username" data-name="Hasuinna">Hasuinna</span>:</strong> <em>Gg</em></div><div class="chat chatmessage-sotsot"><strong style="color:#8869bf"><small>☆</small><span class="username" data-name="soTsoT">soTsoT</span>:</strong> <em>ggs</em></div><div class="chat chatmessage-hasuinna"><strong style="color:#1ea93a"><small>☆</small><span class="username" data-name="Hasuinna">Hasuinna</span>:</strong> <em>I lost focus</em></div><div class="spacer battle-history"><br></div><div class="battle-history">Minior used <strong>Power Gem</strong>!<br></div><div class="battle-history"><small>It's super effective!</small><br></div><div class="battle-history"><small>(The opposing Pidgeot lost <abbr title="−260/289">90.0%</abbr> of its health!)</small><br></div><div class="spacer battle-history"><br></div><div class="battle-history">The opposing Pidgeot used <strong>Roost</strong>!<br></div><div class="battle-history"><small>The opposing Pidgeot had its HP restored.</small><br></div><div class="battle-history"><small>(The opposing Pidgeot loses Flying type this turn.)</small><br></div><div class="spacer battle-history"><br></div><div class="battle-history"><small>The opposing Pidgeot restored a little HP using its Leftovers!</small><br></div><div class="spacer battle-history"><br></div><h2 class="battle-history">Turn 28</h2><div class="spacer battle-history"><br></div><div class="battle-history">Minior used <strong>Power Gem</strong>!<br></div><div class="battle-history"><small>It's super effective!</small><br></div><div class="battle-history"><small>(The opposing Pidgeot lost <abbr title="−169/289">58.5%</abbr> of its health!)</small><br></div><div class="spacer battle-history"><br></div><div class="battle-history">The opposing Pidgeot fainted!<br></div><div class="spacer battle-history"><br></div><div class="battle-history"><strong>soTsoT</strong> won the battle!<br></div><div class="chat"><small>☆Hasuinna left</small></div></div><div class="inner-preempt message-log"></div></div></div>
</div>
<script>
let daily = Math.floor(Date.now()/1000/60/60/24);document.write('<script src="https://play.pokemonshowdown.com/js/replay-embed.js?version'+daily+'"></'+'script>');
</script>
