<!DOCTYPE html>
<meta charset="utf-8" />
<!-- version 1 -->
<title>[Gen 7] Random Battle replay: loki tempest vs. ElberGazaBrosa</title>
<style>
html,body {font-family:Verdana, sans-serif;font-size:10pt;margin:0;padding:0;}body{padding:12px 0;} .battle-log {font-family:Verdana, sans-serif;font-size:10pt;} .battle-log-inline {border:1px solid #AAAAAA;background:#EEF2F5;color:black;max-width:640px;margin:0 auto 80px;padding-bottom:5px;} .battle-log .inner {padding:4px 8px 0px 8px;} .battle-log .inner-preempt {padding:0 8px 4px 8px;} .battle-log .inner-after {margin-top:0.5em;} .battle-log h2 {margin:0.5em -8px;padding:4px 8px;border:1px solid #AAAAAA;background:#E0E7EA;border-left:0;border-right:0;font-family:Verdana, sans-serif;font-size:13pt;} .battle-log .chat {vertical-align:middle;padding:3px 0 3px 0;font-size:8pt;} .battle-log .chat strong {color:#40576A;} .battle-log .chat em {padding:1px 4px 1px 3px;color:#000000;font-style:normal;} .chat.mine {background:rgba(0,0,0,0.05);margin-left:-8px;margin-right:-8px;padding-left:8px;padding-right:8px;} .spoiler {color:#BBBBBB;background:#BBBBBB;padding:0px 3px;} .spoiler:hover, .spoiler:active, .spoiler-shown {color:#000000;background:#E2E2E2;padding:0px 3px;} .spoiler a {color:#BBBBBB;} .spoiler:hover a, .spoiler:active a, .spoiler-shown a {color:#2288CC;} .chat code, .chat .spoiler:hover code, .chat .spoiler:active code, .chat .spoiler-shown code {border:1px solid #C0C0C0;background:#EEEEEE;color:black;padding:0 2px;} .chat .spoiler code {border:1px solid #CCCCCC;background:#CCCCCC;color:#CCCCCC;} .battle-log .rated {padding:3px 4px;} .battle-log .rated strong {color:white;background:#89A;padding:1px 4px;border-radius:4px;} .spacer {margin-top:0.5em;} .message-announce {background:#6688AA;color:white;padding:1px 4px 2px;} .message-announce a, .broadcast-green a, .broadcast-blue a, .broadcast-red a {color:#DDEEFF;} .broadcast-green {background-color:#559955;color:white;padding:2px 4px;} .broadcast-blue {background-color:#6688AA;color:white;padding:2px 4px;} .infobox {border:1px solid #6688AA;padding:2px 4px;} .infobox-limited {max-height:200px;overflow:auto;overflow-x:hidden;} .broadcast-red {background-color:#AA5544;color:white;padding:2px 4px;} .message-learn-canlearn {font-weight:bold;color:#228822;text-decoration:underline;} .message-learn-cannotlearn {font-weight:bold;color:#CC2222;text-decoration:underline;} .message-effect-weak {font-weight:bold;color:#CC2222;} .message-effect-resist {font-weight:bold;color:#6688AA;} .message-effect-immune {font-weight:bold;color:#666666;} .message-learn-list {margin-top:0;margin-bottom:0;} .message-throttle-notice, .message-error {color:#992222;} .message-overflow, .chat small.message-overflow {font-size:0pt;} .message-overflow::before {font-size:9pt;content:'...';} .subtle {color:#3A4A66;}
</style>
<div class="wrapper replay-wrapper" style="max-width:1180px;margin:0 auto">
<input type="hidden" name="replayid" value="gen7randombattle-2110276975" />
<div class="battle"></div><div class="battle-log"></div><div class="replay-controls"></div><div class="replay-controls-2"></div>
<h1 style="font-weight:normal;text-align:center"><strong>[Gen 7] Random Battle</strong><br /><a href="http://pokemonshowdown.com/users/lokitempest" class="subtle" target="_blank">loki tempest</a> vs. <a href="http://pokemonshowdown.com/users/elbergazabrosa" class="subtle" target="_blank">ElberGazaBrosa</a></h1>
<script type="text/plain" class="battle-log-data">|uhtml|medal-msg|<div class="broadcast-blue">Curious what those medals under the avatar are? PS now has Ladder Seasons! For more information, check out the <a href="https:\/\/www.smogon.com\/forums\/threads\/3740067\/">thread on Smogon.<\/a><\/div>
|uhtml|medal-msg|<div class="broadcast-blue">Curious what those medals under the avatar are? PS now has Ladder Seasons! For more information, check out the <a href="https:\/\/www.smogon.com\/forums\/threads\/3740067\/">thread on Smogon.<\/a><\/div>
|j|☆loki tempest
|j|☆ElberGazaBrosa
|t:|1713930676
|gametype|singles
|player|p1|loki tempest|birdkeeper|1167
|player|p2|ElberGazaBrosa|169|1229
|teamsize|p1|6
|teamsize|p2|6
|gen|7
|tier|[Gen 7] Random Battle
|rated|
|rule|Sleep Clause Mod: Limit one foe put to sleep
|rule|HP Percentage Mod: HP is shown in percentages
|rule|Illusion Level Mod: Illusion disguises the Pokémon's true level
|
|t:|1713930676
|start
|switch|p1a: Armaldo|Armaldo, L88, F|275\/275
|switch|p2a: Pikachu|Pikachu, L93, F|216\/216
|turn|1
|inactive|Battle timer is ON: inactive players will automatically lose when time's up. (requested by ElberGazaBrosa)
|
|t:|1713930689
|move|p2a: Pikachu|Surf|p1a: Armaldo
|-supereffective|p1a: Armaldo
|-damage|p1a: Armaldo|71\/275
|move|p1a: Armaldo|Stealth Rock|p2a: Pikachu
|-sidestart|p2: ElberGazaBrosa|move: Stealth Rock
|
|-heal|p1a: Armaldo|88\/275|[from] item: Leftovers
|upkeep
|turn|2
|
|t:|1713930700
|move|p2a: Pikachu|Surf|p1a: Armaldo
|-supereffective|p1a: Armaldo
|-damage|p1a: Armaldo|0 fnt
|faint|p1a: Armaldo
|
|upkeep
|
|t:|1713930709
|switch|p1a: Minior|Minior-Violet, L80|227\/227
|-formechange|p1a: Minior|Minior-Meteor||[from] ability: Shields Down
|turn|3
|
|t:|1713930718
|move|p2a: Pikachu|Volt Tackle|p1a: Minior
|-supereffective|p1a: Minior
|-damage|p1a: Minior|0 fnt
|faint|p1a: Minior
|-damage|p2a: Pikachu|141\/216|[from] Recoil
|
|upkeep
|
|t:|1713930729
|switch|p1a: Shiftry|Shiftry, L90, F|308\/308
|turn|4
|
|t:|1713930735
|move|p2a: Pikachu|Hidden Power|p1a: Shiftry
|-supereffective|p1a: Shiftry
|-damage|p1a: Shiftry|136\/308
|move|p1a: Shiftry|Leaf Storm|p2a: Pikachu
|-damage|p2a: Pikachu|0 fnt
|-unboost|p1a: Shiftry|spa|2
|faint|p2a: Pikachu
|-damage|p1a: Shiftry|106\/308|[from] item: Life Orb
|
|upkeep
|
|t:|1713930750
|switch|p2a: Buzzwole|Buzzwole, L79|299\/299
|-damage|p2a: Buzzwole|262\/299|[from] Stealth Rock
|turn|5
|
|t:|1713930761
|switch|p1a: Farfetch’d|Farfetch’d, L98, F|259\/259
|move|p2a: Buzzwole|Bulk Up|p2a: Buzzwole
|-boost|p2a: Buzzwole|atk|1
|-boost|p2a: Buzzwole|def|1
|
|-heal|p2a: Buzzwole|280\/299|[from] item: Leftovers
|upkeep
|turn|6
|
|t:|1713930782
|move|p1a: Farfetch’d|Brave Bird|p2a: Buzzwole
|-supereffective|p2a: Buzzwole
|-damage|p2a: Buzzwole|0 fnt
|faint|p2a: Buzzwole
|-damage|p1a: Farfetch’d|167\/259|[from] Recoil
|
|upkeep
|
|t:|1713930786
|switch|p2a: Kingdra|Kingdra, L87, F|272\/272
|-damage|p2a: Kingdra|238\/272|[from] Stealth Rock
|turn|7
|inactive|loki tempest has 120 seconds left.
|inactive|loki tempest has 90 seconds left.
|c|☆ElberGazaBrosa|orale que voy mimido
|
|t:|1713930868
|move|p2a: Kingdra|Ice Beam|p1a: Farfetch’d
|-supereffective|p1a: Farfetch’d
|-damage|p1a: Farfetch’d|0 fnt
|faint|p1a: Farfetch’d
|-damage|p2a: Kingdra|211\/272|[from] item: Life Orb
|
|upkeep
|inactive|loki tempest has 60 seconds left.
|
|t:|1713930879
|switch|p1a: Shiftry|Shiftry, L90, F|106\/308
|turn|8
|
|t:|1713930885
|move|p2a: Kingdra|Ice Beam|p1a: Shiftry
|-supereffective|p1a: Shiftry
|-crit|p1a: Shiftry
|-damage|p1a: Shiftry|0 fnt
|faint|p1a: Shiftry
|-damage|p2a: Kingdra|184\/272|[from] item: Life Orb
|
|upkeep
|inactive|loki tempest has 60 seconds left.
|
|t:|1713930899
|switch|p1a: Unown|Unown|258\/258
|turn|9
|inactive|loki tempest has 60 seconds left.
|
|t:|1713930925
|move|p2a: Kingdra|Hydro Pump|p1a: Unown
|-damage|p1a: Unown|50\/258
|-damage|p2a: Kingdra|157\/272|[from] item: Life Orb
|move|p1a: Unown|Hidden Power|p2a: Kingdra
|-damage|p2a: Kingdra|49\/272
|
|upkeep
|turn|10
|
|t:|1713930935
|move|p2a: Kingdra|Ice Beam|p1a: Unown
|-damage|p1a: Unown|0 fnt
|faint|p1a: Unown
|-damage|p2a: Kingdra|22\/272|[from] item: Life Orb
|
|upkeep
|
|t:|1713930944
|switch|p1a: Spiritomb|Spiritomb, L92, M|241\/241
|turn|11
|
|t:|1713930949
|move|p1a: Spiritomb|Sucker Punch|p2a: Kingdra
|-damage|p2a: Kingdra|0 fnt
|faint|p2a: Kingdra
|
|upkeep
|
|t:|1713930953
|switch|p2a: Volbeat|Volbeat, L90, M|263\/263
|-damage|p2a: Volbeat|198\/263|[from] Stealth Rock
|turn|12
|
|t:|1713930960
|move|p2a: Volbeat|Thunder Wave|p1a: Spiritomb
|-hint|Since gen 7, Dark is immune to Prankster moves.
|-immune|p1a: Spiritomb
|move|p1a: Spiritomb|Will-O-Wisp|p2a: Volbeat
|-status|p2a: Volbeat|brn
|
|-heal|p2a: Volbeat|214\/263 brn|[from] item: Leftovers
|-damage|p2a: Volbeat|198\/263 brn|[from] brn
|upkeep
|turn|13
|
|t:|1713930974
|move|p2a: Volbeat|U-turn|p1a: Spiritomb
|-damage|p1a: Spiritomb|214\/241
|
|t:|1713930978
|switch|p2a: Umbreon|Umbreon, L84, F|297\/297|[from] U-turn
|-damage|p2a: Umbreon|260\/297|[from] Stealth Rock
|move|p1a: Spiritomb|Foul Play|p2a: Umbreon
|-resisted|p2a: Umbreon
|-damage|p2a: Umbreon|230\/297
|
|-heal|p2a: Umbreon|248\/297|[from] item: Leftovers
|upkeep
|turn|14
|
|t:|1713930993
|move|p2a: Umbreon|Toxic|p1a: Spiritomb
|-status|p1a: Spiritomb|tox
|move|p1a: Spiritomb|Will-O-Wisp||[still]
|-status|p2a: Umbreon|brn
|-activate|p2a: Umbreon|ability: Synchronize
|-fail|p2a: Umbreon
|
|-heal|p2a: Umbreon|266\/297 brn|[from] item: Leftovers
|-damage|p1a: Spiritomb|199\/241 tox|[from] psn
|-damage|p2a: Umbreon|248\/297 brn|[from] brn
|upkeep
|turn|15
|
|t:|1713931007
|move|p1a: Spiritomb|Sucker Punch|p2a: Umbreon
|-resisted|p2a: Umbreon
|-damage|p2a: Umbreon|203\/297 brn
|move|p2a: Umbreon|Foul Play|p1a: Spiritomb
|-damage|p1a: Spiritomb|161\/241 tox
|
|-heal|p2a: Umbreon|221\/297 brn|[from] item: Leftovers
|-damage|p1a: Spiritomb|131\/241 tox|[from] psn
|-damage|p2a: Umbreon|203\/297 brn|[from] brn
|upkeep
|turn|16
|
|t:|1713931021
|move|p2a: Umbreon|Heal Bell|p2a: Umbreon
|-activate|p2a: Umbreon|move: Heal Bell
|-curestatus|p2a: Umbreon|brn|[msg]
|-curestatus|p2: Volbeat|brn|[msg]
|move|p1a: Spiritomb|Pursuit|p2a: Umbreon
|-resisted|p2a: Umbreon
|-damage|p2a: Umbreon|180\/297
|
|-heal|p2a: Umbreon|198\/297|[from] item: Leftovers
|-damage|p1a: Spiritomb|86\/241 tox|[from] psn
|upkeep
|turn|17
|l|☆loki tempest
|inactive|loki tempest disconnected and has a minute to reconnect!
|player|p1|
|c|☆ElberGazaBrosa|awebo
|inactive|loki tempest has 30 seconds to reconnect!
|inactive|loki tempest has 20 seconds to reconnect!
|inactive|loki tempest has 15 seconds to reconnect!
|inactive|loki tempest has 10 seconds to reconnect!
|inactive|loki tempest has 5 seconds to reconnect!
|-message|loki tempest lost due to inactivity.
|
|win|ElberGazaBrosa
|inactive|loki tempest has 15 seconds left this turn.
|raw|loki tempest's rating: 1167 &rarr; <strong>1146<\/strong><br \/>(-21 for losing)
|raw|ElberGazaBrosa's rating: 1229 &rarr; <strong>1250<\/strong><br \/>(+21 for winning)
</script>
</div>
<div class="battle-log battle-log-inline"><div class="inner"><div class="battle-options"></div><div class="inner message-log"><div class="notice uhtml-medalmsg"><div class="broadcast-blue">Curious what those medals under the avatar are? PS now has Ladder Seasons! For more information, check out the <a href="https://www.smogon.com/forums/threads/3740067/" target="_blank" rel="noopener">thread on Smogon.</a></div></div><div class="chat"><small>☆loki tempest and ☆ElberGazaBrosa joined</small></div><div class=""><small>Format:</small> <br><strong>[Gen 7] Random Battle</strong></div><div class="rated"><strong>Rated battle</strong></div><div class=""><small><em>Sleep Clause Mod:</em> Limit one foe put to sleep</small></div><div class=""><small><em>HP Percentage Mod:</em> HP is shown in percentages</small></div><div class=""><small><em>Illusion Level Mod:</em> Illusion disguises the Pokémon's true level</small></div><div class="spacer battle-history"><br></div><div class="battle-history">Battle started between loki tempest and ElberGazaBrosa!<br></div><div class="spacer battle-history"><br></div><div class="battle-history">Go! <strong>Armaldo</strong>!<br></div><div class="spacer battle-history"><br></div><div class="battle-history">ElberGazaBrosa sent out <strong>Pikachu</strong>!<br></div><div class="spacer battle-history"><br></div><h2 class="battle-history">Turn 1</h2><div class="chat message-error">Battle timer is ON: inactive players will automatically lose when time's up. (requested by ElberGazaBrosa)</div><div class="spacer battle-history"><br></div><div class="battle-history">The opposing Pikachu used <strong>Surf</strong>!<br></div><div class="battle-history"><small>It's super effective!</small><br></div><div class="battle-history"><small>(Armaldo lost <abbr title="−204/275">74.2%</abbr> of its health!)</small><br></div><div class="spacer battle-history"><br></div><div class="battle-history">Armaldo used <strong>Stealth Rock</strong>!<br></div><div class="battle-history"><small>Pointed stones float in the air around the opposing team!</small><br></div><div class="spacer battle-history"><br></div><div class="battle-history"><small>Armaldo restored a little HP using its Leftovers!</small><br></div><div class="spacer battle-history"><br></div><h2 class="battle-history">Turn 2</h2><div class="spacer battle-history"><br></div><div class="battle-history">The opposing Pikachu used <strong>Surf</strong>!<br></div><div class="battle-history"><small>It's super effective!</small><br></div><div class="battle-history"><small>(Armaldo lost <abbr title="−88/275">32%</abbr> of its health!)</small><br></div><div class="spacer battle-history"><br></div><div class="battle-history">Armaldo fainted!<br></div><div class="spacer battle-history"><br></div><div class="battle-history">Go! Minior (<strong>Minior-Violet</strong>)!<br></div><div class="battle-history">[Minior's Shields Down]<br>Shields Down deactivated!<br>(Minior shielded itself.)<br></div><div class="spacer battle-history"><br></div><h2 class="battle-history">Turn 3</h2><div class="spacer battle-history"><br></div><div class="battle-history">The opposing Pikachu used <strong>Volt Tackle</strong>!<br></div><div class="battle-history"><small>It's super effective!</small><br></div><div class="battle-history"><small>(Minior lost <abbr title="−227/227">100%</abbr> of its health!)</small><br></div><div class="spacer battle-history"><br></div><div class="battle-history">Minior fainted!<br></div><div class="battle-history"><small>The opposing Pikachu was damaged by the recoil!</small><br></div><div class="spacer battle-history"><br></div><div class="battle-history">Go! <strong>Shiftry</strong>!<br></div><div class="spacer battle-history"><br></div><h2 class="battle-history">Turn 4</h2><div class="spacer battle-history"><br></div><div class="battle-history">The opposing Pikachu used <strong>Hidden Power</strong>!<br></div><div class="battle-history"><small>It's super effective!</small><br></div><div class="battle-history"><small>(Shiftry lost <abbr title="−172/308">55.8%</abbr> of its health!)</small><br></div><div class="spacer battle-history"><br></div><div class="battle-history">Shiftry used <strong>Leaf Storm</strong>!<br></div><div class="battle-history"><small>(The opposing Pikachu lost <abbr title="−141/216">65.3%</abbr> of its health!)</small><br></div><div class="battle-history"><small>Shiftry's Sp. Atk fell harshly!</small><br></div><div class="spacer battle-history"><br></div><div class="battle-history">The opposing Pikachu fainted!<br></div><div class="battle-history"><small>Shiftry lost some of its HP!</small><br></div><div class="spacer battle-history"><br></div><div class="battle-history">ElberGazaBrosa sent out <strong>Buzzwole</strong>!<br></div><div class="battle-history"><small>Pointed stones dug into the opposing Buzzwole!</small><br></div><div class="spacer battle-history"><br></div><h2 class="battle-history">Turn 5</h2><div class="spacer battle-history"><br></div><div class="battle-history">Shiftry, come back!<br></div><div class="battle-history">Go! <strong>Farfetch’d</strong>!<br></div><div class="spacer battle-history"><br></div><div class="battle-history">The opposing Buzzwole used <strong>Bulk Up</strong>!<br></div><div class="battle-history"><small>The opposing Buzzwole's Attack rose!</small><br></div><div class="battle-history"><small>The opposing Buzzwole's Defense rose!</small><br></div><div class="spacer battle-history"><br></div><div class="battle-history"><small>The opposing Buzzwole restored a little HP using its Leftovers!</small><br></div><div class="spacer battle-history"><br></div><h2 class="battle-history">Turn 6</h2><div class="spacer battle-history"><br></div><div class="battle-history">Farfetch’d used <strong>Brave Bird</strong>!<br></div><div class="battle-history"><small>It's super effective!</small><br></div><div class="battle-history"><small>(The opposing Buzzwole lost <abbr title="−280/299">93.6%</abbr> of its health!)</small><br></div><div class="spacer battle-history"><br></div><div class="battle-history">The opposing Buzzwole fainted!<br></div><div class="battle-history"><small>Farfetch’d was damaged by the recoil!</small><br></div><div class="spacer battle-history"><br></div><div class="battle-history">ElberGazaBrosa sent out <strong>Kingdra</strong>!<br></div><div class="battle-history"><small>Pointed stones dug into the opposing Kingdra!</small><br></div><div class="spacer battle-history"><br></div><h2 class="battle-history">Turn 7</h2><div class="chat message-error">loki tempest has 120 seconds left.</div><div class="chat message-error">loki tempest has 90 seconds left.</div><div class="chat chatmessage-elbergazabrosa"><strong style="color:#397993"><small>☆</small><span class="username" data-name="ElberGazaBrosa">ElberGazaBrosa</span>:</strong> <em>orale que voy mimido</em></div><div class="spacer battle-history"><br></div><div class="battle-history">The opposing Kingdra used <strong>Ice Beam</strong>!<br></div><div class="battle-history"><small>It's super effective!</small><br></div><div class="battle-history"><small>(Farfetch’d lost <abbr title="−167/259">64.5%</abbr> of its health!)</small><br></div><div class="spacer battle-history"><br></div><div class="battle-history">Farfetch’d fainted!<br></div><div class="battle-history"><small>The opposing Kingdra lost some of its HP!</small><br></div><div class="chat message-error">loki tempest has 60 seconds left.</div><div class="spacer battle-history"><br></div><div class="battle-history">Go! <strong>Shiftry</strong>!<br></div><div class="spacer battle-history"><br></div><h2 class="battle-history">Turn 8</h2><div class="spacer battle-history"><br></div><div class="battle-history">The opposing Kingdra used <strong>Ice Beam</strong>!<br></div><div class="battle-history"><small>It's super effective!</small><br></div><div class="battle-history"><small>A critical hit!</small><br></div><div class="battle-history"><small>(Shiftry lost <abbr title="−106/308">34.4%</abbr> of its health!)</small><br></div><div class="spacer battle-history"><br></div><div class="battle-history">Shiftry fainted!<br></div><div class="battle-history"><small>The opposing Kingdra lost some of its HP!</small><br></div><div class="chat message-error">loki tempest has 60 seconds left.</div><div class="spacer battle-history"><br></div><div class="battle-history">Go! <strong>Unown</strong>!<br></div><div class="spacer battle-history"><br></div><h2 class="battle-history">Turn 9</h2><div class="chat message-error">loki tempest has 60 seconds left.</div><div class="spacer battle-history"><br></div><div class="battle-history">The opposing Kingdra used <strong>Hydro Pump</strong>!<br></div><div class="battle-history"><small>(Unown lost <abbr title="−208/258">80.6%</abbr> of its health!)</small><br></div><div class="battle-history"><small>The opposing Kingdra lost some of its HP!</small><br></div><div class="spacer battle-history"><br></div><div class="battle-history">Unown used <strong>Hidden Power</strong>!<br></div><div class="battle-history"><small>(The opposing Kingdra lost <abbr title="−108/272">39.7%</abbr> of its health!)</small><br></div><div class="spacer battle-history"><br></div><h2 class="battle-history">Turn 10</h2><div class="spacer battle-history"><br></div><div class="battle-history">The opposing Kingdra used <strong>Ice Beam</strong>!<br></div><div class="battle-history"><small>(Unown lost <abbr title="−50/258">19.4%</abbr> of its health!)</small><br></div><div class="spacer battle-history"><br></div><div class="battle-history">Unown fainted!<br></div><div class="battle-history"><small>The opposing Kingdra lost some of its HP!</small><br></div><div class="spacer battle-history"><br></div><div class="battle-history">Go! <strong>Spiritomb</strong>!<br></div><div class="spacer battle-history"><br></div><h2 class="battle-history">Turn 11</h2><div class="spacer battle-history"><br></div><div class="battle-history">Spiritomb used <strong>Sucker Punch</strong>!<br></div><div class="battle-history"><small>(The opposing Kingdra lost <abbr title="−22/272">8.1%</abbr> of its health!)</small><br></div><div class="spacer battle-history"><br></div><div class="battle-history">The opposing Kingdra fainted!<br></div><div class="spacer battle-history"><br></div><div class="battle-history">ElberGazaBrosa sent out <strong>Volbeat</strong>!<br></div><div class="battle-history"><small>Pointed stones dug into the opposing Volbeat!</small><br></div><div class="spacer battle-history"><br></div><h2 class="battle-history">Turn 12</h2><div class="spacer battle-history"><br></div><div class="battle-history">The opposing Volbeat used <strong>Thunder Wave</strong>!<br></div><div class="battle-history"><small>(Since gen 7, Dark is immune to Prankster moves.)</small><br></div><div class="battle-history"><small>It doesn't affect Spiritomb...</small><br></div><div class="spacer battle-history"><br></div><div class="battle-history">Spiritomb used <strong>Will-O-Wisp</strong>!<br></div><div class="battle-history"><small>The opposing Volbeat was burned!</small><br></div><div class="spacer battle-history"><br></div><div class="battle-history"><small>The opposing Volbeat restored a little HP using its Leftovers!</small><br></div><div class="battle-history"><small>The opposing Volbeat was hurt by its burn!</small><br></div><div class="spacer battle-history"><br></div><h2 class="battle-history">Turn 13</h2><div class="spacer battle-history"><br></div><div class="battle-history">The opposing Volbeat used <strong>U-turn</strong>!<br></div><div class="battle-history"><small>(Spiritomb lost <abbr title="−27/241">11.2%</abbr> of its health!)</small><br></div><div class="spacer battle-history"><br></div><div class="battle-history">The opposing Volbeat went back to ElberGazaBrosa!<br></div><div class="battle-history">ElberGazaBrosa sent out <strong>Umbreon</strong>!<br></div><div class="battle-history"><small>Pointed stones dug into the opposing Umbreon!</small><br></div><div class="spacer battle-history"><br></div><div class="battle-history">Spiritomb used <strong>Foul Play</strong>!<br></div><div class="battle-history"><small>It's not very effective...</small><br></div><div class="battle-history"><small>(The opposing Umbreon lost <abbr title="−30/297">10.1%</abbr> of its health!)</small><br></div><div class="spacer battle-history"><br></div><div class="battle-history"><small>The opposing Umbreon restored a little HP using its Leftovers!</small><br></div><div class="spacer battle-history"><br></div><h2 class="battle-history">Turn 14</h2><div class="spacer battle-history"><br></div><div class="battle-history">The opposing Umbreon used <strong>Toxic</strong>!<br></div><div class="battle-history"><small>Spiritomb was badly poisoned!</small><br></div><div class="spacer battle-history"><br></div><div class="battle-history">Spiritomb used <strong>Will-O-Wisp</strong>!<br></div><div class="battle-history"><small>The opposing Umbreon was burned!</small><br></div><div class="battle-history">[The opposing Umbreon's Synchronize]<br></div><div class="battle-history"><small>But it failed!</small><br></div><div class="spacer battle-history"><br></div><div class="battle-history"><small>The opposing Umbreon restored a little HP using its Leftovers!</small><br></div><div class="battle-history"><small>Spiritomb was hurt by poison!</small><br></div><div class="battle-history"><small>The opposing Umbreon was hurt by its burn!</small><br></div><div class="spacer battle-history"><br></div><h2 class="battle-history">Turn 15</h2><div class="spacer battle-history"><br></div><div class="battle-history">Spiritomb used <strong>Sucker Punch</strong>!<br></div><div class="battle-history"><small>It's not very effective...</small><br></div><div class="battle-history"><small>(The opposing Umbreon lost <abbr title="−45/297">15.2%</abbr> of its health!)</small><br></div><div class="spacer battle-history"><br></div><div class="battle-history">The opposing Umbreon used <strong>Foul Play</strong>!<br></div><div class="battle-history"><small>(Spiritomb lost <abbr title="−38/241">15.8%</abbr> of its health!)</small><br></div><div class="spacer battle-history"><br></div><div class="battle-history"><small>The opposing Umbreon restored a little HP using its Leftovers!</small><br></div><div class="battle-history"><small>Spiritomb was hurt by poison!</small><br></div><div class="battle-history"><small>The opposing Umbreon was hurt by its burn!</small><br></div><div class="spacer battle-history"><br></div><h2 class="battle-history">Turn 16</h2><div class="spacer battle-history"><br></div><div class="battle-history">The opposing Umbreon used <strong>Heal Bell</strong>!<br></div><div class="battle-history"><small>A bell chimed!</small><br></div><div class="battle-history"><small>The opposing Umbreon's burn was healed!</small><br></div><div class="battle-history"><small>The opposing Volbeat's burn was healed!</small><br></div><div class="spacer battle-history"><br></div><div class="battle-history">Spiritomb used <strong>Pursuit</strong>!<br></div><div class="battle-history"><small>It's not very effective...</small><br></div><div class="battle-history"><small>(The opposing Umbreon lost <abbr title="−23/297">7.7%</abbr> of its health!)</small><br></div><div class="spacer battle-history"><br></div><div class="battle-history"><small>The opposing Umbreon restored a little HP using its Leftovers!</small><br></div><div class="battle-history"><small>Spiritomb was hurt by poison!</small><br></div><div class="spacer battle-history"><br></div><h2 class="battle-history">Turn 17</h2><div class="chat"><small>☆loki tempest left</small></div><div class="chat message-error">loki tempest disconnected and has a minute to reconnect!</div><div class="chat chatmessage-elbergazabrosa"><strong style="color:#397993"><small>☆</small><span class="username" data-name="ElberGazaBrosa">ElberGazaBrosa</span>:</strong> <em>awebo</em></div><div class="chat message-error">loki tempest has 30 seconds to reconnect!</div><div class="chat message-error">loki tempest has 20 seconds to reconnect!</div><div class="chat message-error">loki tempest has 15 seconds to reconnect!</div><div class="chat message-error">loki tempest has 10 seconds to reconnect!</div><div class="chat message-error">loki tempest has 5 seconds to reconnect!</div><div class="spacer battle-history"><br></div><div class="battle-history"><small>loki tempest lost due to inactivity.</small><br></div><div class="spacer battle-history"><br></div><div class="battle-history"><strong>ElberGazaBrosa</strong> won the battle!<br></div><div class="chat message-error">loki tempest has 15 seconds left this turn.</div><div class="chat">loki tempest's rating: 1167 → <strong>1146</strong><br>(-21 for losing)</div><div class="chat">ElberGazaBrosa's rating: 1229 → <strong>1250</strong><br>(+21 for winning)</div></div><div class="inner-preempt message-log"></div></div></div>
</div>
<script>
let daily = Math.floor(Date.now()/1000/60/60/24);document.write('<script src="https://play.pokemonshowdown.com/js/replay-embed.js?version'+daily+'"></'+'script>');
</script>
