<!DOCTYPE html>
<meta charset="utf-8" />
<!-- version 1 -->
<title>[Gen 7] Random Battle replay: Boris Huang - YT vs. minhthuanpk</title>
<style>
html,body {font-family:Verdana, sans-serif;font-size:10pt;margin:0;padding:0;}body{padding:12px 0;} .battle-log {font-family:Verdana, sans-serif;font-size:10pt;} .battle-log-inline {border:1px solid #AAAAAA;background:#EEF2F5;color:black;max-width:640px;margin:0 auto 80px;padding-bottom:5px;} .battle-log .inner {padding:4px 8px 0px 8px;} .battle-log .inner-preempt {padding:0 8px 4px 8px;} .battle-log .inner-after {margin-top:0.5em;} .battle-log h2 {margin:0.5em -8px;padding:4px 8px;border:1px solid #AAAAAA;background:#E0E7EA;border-left:0;border-right:0;font-family:Verdana, sans-serif;font-size:13pt;} .battle-log .chat {vertical-align:middle;padding:3px 0 3px 0;font-size:8pt;} .battle-log .chat strong {color:#40576A;} .battle-log .chat em {padding:1px 4px 1px 3px;color:#000000;font-style:normal;} .chat.mine {background:rgba(0,0,0,0.05);margin-left:-8px;margin-right:-8px;padding-left:8px;padding-right:8px;} .spoiler {color:#BBBBBB;background:#BBBBBB;padding:0px 3px;} .spoiler:hover, .spoiler:active, .spoiler-shown {color:#000000;background:#E2E2E2;padding:0px 3px;} .spoiler a {color:#BBBBBB;} .spoiler:hover a, .spoiler:active a, .spoiler-shown a {color:#2288CC;} .chat code, .chat .spoiler:hover code, .chat .spoiler:active code, .chat .spoiler-shown code {border:1px solid #C0C0C0;background:#EEEEEE;color:black;padding:0 2px;} .chat .spoiler code {border:1px solid #CCCCCC;background:#CCCCCC;color:#CCCCCC;} .battle-log .rated {padding:3px 4px;} .battle-log .rated strong {color:white;background:#89A;padding:1px 4px;border-radius:4px;} .spacer {margin-top:0.5em;} .message-announce {background:#6688AA;color:white;padding:1px 4px 2px;} .message-announce a, .broadcast-green a, .broadcast-blue a, .broadcast-red a {color:#DDEEFF;} .broadcast-green {background-color:#559955;color:white;padding:2px 4px;} .broadcast-blue {background-color:#6688AA;color:white;padding:2px 4px;} .infobox {border:1px solid #6688AA;padding:2px 4px;} .infobox-limited {max-height:200px;overflow:auto;overflow-x:hidden;} .broadcast-red {background-color:#AA5544;color:white;padding:2px 4px;} .message-learn-canlearn {font-weight:bold;color:#228822;text-decoration:underline;} .message-learn-cannotlearn {font-weight:bold;color:#CC2222;text-decoration:underline;} .message-effect-weak {font-weight:bold;color:#CC2222;} .message-effect-resist {font-weight:bold;color:#6688AA;} .message-effect-immune {font-weight:bold;color:#666666;} .message-learn-list {margin-top:0;margin-bottom:0;} .message-throttle-notice, .message-error {color:#992222;} .message-overflow, .chat small.message-overflow {font-size:0pt;} .message-overflow::before {font-size:9pt;content:'...';} .subtle {color:#3A4A66;}
</style>
<div class="wrapper replay-wrapper" style="max-width:1180px;margin:0 auto">
<input type="hidden" name="replayid" value="gen7randombattle-967871141" />
<div class="battle"></div><div class="battle-log"></div><div class="replay-controls"></div><div class="replay-controls-2"></div>
<h1 style="font-weight:normal;text-align:center"><strong>[Gen 7] Random Battle</strong><br /><a href="http://pokemonshowdown.com/users/borishuangyt" class="subtle" target="_blank">Boris Huang - YT</a> vs. <a href="http://pokemonshowdown.com/users/minhthuanpk" class="subtle" target="_blank">minhthuanpk</a></h1>
<script type="text/plain" class="battle-log-data">|j|☆Boris Huang - YT
|j|☆minhthuanpk
|player|p1|Boris Huang - YT|lusamine-nihilego|2425
|player|p2|minhthuanpk|256|2418
|teamsize|p1|6
|teamsize|p2|6
|gametype|singles
|gen|7
|tier|[Gen 7] Random Battle
|rated|
|rule|Sleep Clause Mod: Limit one foe put to sleep
|rule|HP Percentage Mod: HP is shown in percentages
|
|start
|switch|p1a: Darmanitan|Darmanitan, L83, M|310\/310
|switch|p2a: Rayquaza|Rayquaza, L78|291\/291
|-ability|p2a: Rayquaza|Air Lock
|turn|1
|
|move|p1a: Darmanitan|U-turn|p2a: Rayquaza
|-resisted|p2a: Rayquaza
|-damage|p2a: Rayquaza|247\/291
|-damage|p1a: Darmanitan|279\/310|[from] item: Life Orb
|
|switch|p1a: Primarina|Primarina, L82, M|265\/265
|move|p2a: Rayquaza|Dragon Dance|p2a: Rayquaza
|-boost|p2a: Rayquaza|atk|1
|-boost|p2a: Rayquaza|spe|1
|
|upkeep
|turn|2
|
|switch|p2a: Nidoqueen|Nidoqueen, L84, F|288\/288
|move|p1a: Primarina|Moonblast|p2a: Nidoqueen
|-resisted|p2a: Nidoqueen
|-damage|p2a: Nidoqueen|203\/288
|
|upkeep
|turn|3
|
|switch|p1a: Darmanitan|Darmanitan, L83, M|279\/310
|move|p2a: Nidoqueen|Stealth Rock|p1a: Darmanitan
|-sidestart|p1: Boris Huang - YT|move: Stealth Rock
|
|upkeep
|turn|4
|
|switch|p2a: Unown|Unown|258\/258
|move|p1a: Darmanitan|Flare Blitz|p2a: Unown
|-damage|p2a: Unown|0 fnt
|-damage|p1a: Darmanitan|194\/310|[from] Recoil
|faint|p2a: Unown
|
|upkeep
|
|switch|p2a: Greninja|Greninja, L80, M|246\/246
|turn|5
|
|switch|p1a: Magearna|Magearna, L80|259\/259
|-damage|p1a: Magearna|243\/259|[from] Stealth Rock
|move|p2a: Greninja|Hydro Pump|p1a: Magearna
|-damage|p1a: Magearna|149\/259
|
|-heal|p1a: Magearna|165\/259|[from] item: Leftovers
|upkeep
|turn|6
|
|-zpower|p2a: Greninja
|move|p2a: Greninja|Hydro Vortex|p1a: Magearna|[zeffect]
|-damage|p1a: Magearna|0 fnt
|faint|p1a: Magearna
|-activate|p2a: Greninja|ability: Battle Bond
|detailschange|p2a: Greninja|Greninja-Ash, L80, M
|
|upkeep
|
|switch|p1a: Primarina|Primarina, L82, M|265\/265
|-damage|p1a: Primarina|232\/265|[from] Stealth Rock
|turn|7
|
|move|p2a: Greninja|U-turn|p1a: Primarina
|-resisted|p1a: Primarina
|-damage|p1a: Primarina|198\/265
|
|switch|p2a: Aromatisse|Aromatisse, L87, F|317\/317
|move|p1a: Primarina|Moonblast|p2a: Aromatisse
|-damage|p2a: Aromatisse|140\/317
|
|-heal|p2a: Aromatisse|159\/317|[from] item: Leftovers
|upkeep
|turn|8
|
|move|p1a: Primarina|Moonblast|p2a: Aromatisse
|-damage|p2a: Aromatisse|0 fnt
|faint|p2a: Aromatisse
|
|upkeep
|
|switch|p2a: Nidoqueen|Nidoqueen, L84, F|203\/288
|turn|9
|
|switch|p1a: Chimecho|Chimecho, L89, F|278\/278
|-damage|p1a: Chimecho|244\/278|[from] Stealth Rock
|move|p2a: Nidoqueen|Earth Power|p1a: Chimecho
|-immune|p1a: Chimecho|[from] ability: Levitate
|
|-heal|p1a: Chimecho|261\/278|[from] item: Leftovers
|upkeep
|turn|10
|
|move|p2a: Nidoqueen|Toxic Spikes|p1a: Chimecho
|-sidestart|p1: Boris Huang - YT|move: Toxic Spikes
|move|p1a: Chimecho|Psychic|p2a: Nidoqueen
|-supereffective|p2a: Nidoqueen
|-damage|p2a: Nidoqueen|0 fnt
|faint|p2a: Nidoqueen
|
|-heal|p1a: Chimecho|278\/278|[from] item: Leftovers
|upkeep
|
|switch|p2a: Greninja|Greninja-Ash, L80, M|246\/246
|turn|11
|
|move|p2a: Greninja|Dark Pulse|p1a: Chimecho
|-supereffective|p1a: Chimecho
|-damage|p1a: Chimecho|62\/278
|move|p1a: Chimecho|Yawn|p2a: Greninja
|-start|p2a: Greninja|move: Yawn|[of] p1a: Chimecho
|
|-heal|p1a: Chimecho|79\/278|[from] item: Leftovers
|upkeep
|turn|12
|j| Placia
|
|move|p2a: Greninja|U-turn|p1a: Chimecho
|-supereffective|p1a: Chimecho
|-damage|p1a: Chimecho|0 fnt
|faint|p1a: Chimecho
|
|switch|p2a: Rayquaza|Rayquaza, L78|247\/291
|-ability|p2a: Rayquaza|Air Lock
|
|upkeep
|
|switch|p1a: Primarina|Primarina, L82, M|198\/265
|-status|p1a: Primarina|psn
|-damage|p1a: Primarina|165\/265 psn|[from] Stealth Rock
|turn|13
|
|switch|p2a: Meloetta|Meloetta, L83|302\/302
|move|p1a: Primarina|Moonblast|p2a: Meloetta
|-damage|p2a: Meloetta|220\/302
|
|-damage|p1a: Primarina|132\/265 psn|[from] psn
|upkeep
|turn|14
|
|switch|p1a: Cofagrigus|Cofagrigus, L85, F|237\/237
|-status|p1a: Cofagrigus|psn
|-damage|p1a: Cofagrigus|208\/237 psn|[from] Stealth Rock
|move|p2a: Meloetta|Hyper Voice|p1a: Cofagrigus
|-immune|p1a: Cofagrigus
|
|-heal|p1a: Cofagrigus|222\/237 psn|[from] item: Leftovers
|-damage|p1a: Cofagrigus|193\/237 psn|[from] psn
|upkeep
|turn|15
|
|move|p2a: Meloetta|Shadow Ball|p1a: Cofagrigus
|-supereffective|p1a: Cofagrigus
|-damage|p1a: Cofagrigus|73\/237 psn
|move|p1a: Cofagrigus|Will-O-Wisp|p2a: Meloetta
|-status|p2a: Meloetta|brn
|
|-heal|p1a: Cofagrigus|87\/237 psn|[from] item: Leftovers
|-damage|p2a: Meloetta|202\/302 brn|[from] brn
|-damage|p1a: Cofagrigus|58\/237 psn|[from] psn
|upkeep
|turn|16
|
|move|p2a: Meloetta|Shadow Ball|p1a: Cofagrigus
|-supereffective|p1a: Cofagrigus
|-damage|p1a: Cofagrigus|0 fnt
|faint|p1a: Cofagrigus
|
|-damage|p2a: Meloetta|184\/302 brn|[from] brn
|upkeep
|
|switch|p1a: Darmanitan|Darmanitan, L83, M|194\/310
|-status|p1a: Darmanitan|psn
|-damage|p1a: Darmanitan|117\/310 psn|[from] Stealth Rock
|turn|17
|
|move|p1a: Darmanitan|Flare Blitz|p2a: Meloetta
|-damage|p2a: Meloetta|0 fnt
|-damage|p1a: Darmanitan|56\/310 psn|[from] Recoil
|faint|p2a: Meloetta
|
|-damage|p1a: Darmanitan|18\/310 psn|[from] psn
|upkeep
|
|switch|p2a: Rayquaza|Rayquaza, L78|247\/291
|-ability|p2a: Rayquaza|Air Lock
|turn|18
|
|move|p1a: Darmanitan|Flare Blitz|p2a: Rayquaza
|-resisted|p2a: Rayquaza
|-damage|p2a: Rayquaza|108\/291
|-damage|p1a: Darmanitan|0 fnt|[from] Recoil
|faint|p1a: Darmanitan
|move|p2a: Rayquaza|Dragon Dance|p2a: Rayquaza
|-boost|p2a: Rayquaza|atk|1
|-boost|p2a: Rayquaza|spe|1
|
|upkeep
|
|switch|p1a: Sceptile|Sceptile, L84, F|255\/255
|-damage|p1a: Sceptile|224\/255|[from] Stealth Rock
|-status|p1a: Sceptile|psn
|turn|19
|
|detailschange|p1a: Sceptile|Sceptile-Mega, L84, F
|-mega|p1a: Sceptile|Sceptile|Sceptilite
|move|p1a: Sceptile|Outrage|p2a: Rayquaza
|-supereffective|p2a: Rayquaza
|-damage|p2a: Rayquaza|0 fnt
|faint|p2a: Rayquaza
|
|-damage|p1a: Sceptile|193\/255 psn|[from] psn
|upkeep
|
|switch|p2a: Greninja|Greninja-Ash, L80, M|246\/246
|turn|20
|
|move|p1a: Sceptile|Outrage|p2a: Greninja|[from]lockedmove
|-damage|p2a: Greninja|78\/246
|-start|p1a: Sceptile|confusion|[fatigue]
|move|p2a: Greninja|Ice Beam|p1a: Sceptile
|-supereffective|p1a: Sceptile
|-damage|p1a: Sceptile|0 fnt
|faint|p1a: Sceptile
|
|upkeep
|
|switch|p1a: Primarina|Primarina, L82, M|132\/265 psn
|-damage|p1a: Primarina|99\/265 psn|[from] Stealth Rock
|turn|21
|
|move|p2a: Greninja|Dark Pulse|p1a: Primarina
|-resisted|p1a: Primarina
|-damage|p1a: Primarina|51\/265 psn
|cant|p1a: Primarina|flinch
|
|-damage|p1a: Primarina|18\/265 psn|[from] psn
|upkeep
|turn|22
|
|move|p2a: Greninja|Dark Pulse|p1a: Primarina
|-resisted|p1a: Primarina
|-damage|p1a: Primarina|0 fnt
|faint|p1a: Primarina
|
|win|minhthuanpk
|l|☆Boris Huang - YT
|raw|Boris Huang - YT's rating: 2425 &rarr; <strong>2405<\/strong><br \/>(-20 for losing)
|raw|minhthuanpk's rating: 2418 &rarr; <strong>2438<\/strong><br \/>(+20 for winning)
|l|☆minhthuanpk
</script>
</div>
<div class="battle-log battle-log-inline"><div class="inner"><div class="battle-options"></div><div class="inner message-log"><div class="chat"><small>☆Boris Huang - YT and ☆minhthuanpk joined</small></div><div class=""><small>Format:</small> <br><strong>[Gen 7] Random Battle</strong></div><div class="rated"><strong>Rated battle</strong></div><div class=""><small><em>Sleep Clause Mod:</em> Limit one foe put to sleep</small></div><div class=""><small><em>HP Percentage Mod:</em> HP is shown in percentages</small></div><div class="spacer battle-history"><br></div><div class="battle-history">Battle started between Boris Huang - YT and minhthuanpk!<br></div><div class="spacer battle-history"><br></div><div class="battle-history">Go! <strong>Darmanitan</strong>!<br></div><div class="spacer battle-history"><br></div><div class="battle-history">minhthuanpk sent out <strong>Rayquaza</strong>!<br></div><div class="battle-history">[The opposing Rayquaza's Air Lock]<br><small>The effects of the weather disappeared.</small><br></div><div class="spacer battle-history"><br></div><h2 class="battle-history">Turn 1</h2><div class="spacer battle-history"><br></div><div class="battle-history">Darmanitan used <strong>U-turn</strong>!<br></div><div class="battle-history"><small>It's not very effective...</small><br></div><div class="battle-history"><small>(The opposing Rayquaza lost <abbr title="−44/291">15.1%</abbr> of its health!)</small><br></div><div class="battle-history"><small>Darmanitan lost some of its HP!</small><br></div><div class="spacer battle-history"><br></div><div class="battle-history">Darmanitan, come back!<br></div><div class="battle-history">Go! <strong>Primarina</strong>!<br></div><div class="spacer battle-history"><br></div><div class="battle-history">The opposing Rayquaza used <strong>Dragon Dance</strong>!<br></div><div class="battle-history"><small>The opposing Rayquaza's Attack rose!</small><br></div><div class="battle-history"><small>The opposing Rayquaza's Speed rose!</small><br></div><div class="spacer battle-history"><br></div><h2 class="battle-history">Turn 2</h2><div class="spacer battle-history"><br></div><div class="battle-history">minhthuanpk withdrew Rayquaza!<br></div><div class="battle-history">minhthuanpk sent out <strong>Nidoqueen</strong>!<br></div><div class="spacer battle-history"><br></div><div class="battle-history">Primarina used <strong>Moonblast</strong>!<br></div><div class="battle-history"><small>It's not very effective...</small><br></div><div class="battle-history"><small>(The opposing Nidoqueen lost <abbr title="−85/288">29.5%</abbr> of its health!)</small><br></div><div class="spacer battle-history"><br></div><h2 class="battle-history">Turn 3</h2><div class="spacer battle-history"><br></div><div class="battle-history">Primarina, come back!<br></div><div class="battle-history">Go! <strong>Darmanitan</strong>!<br></div><div class="spacer battle-history"><br></div><div class="battle-history">The opposing Nidoqueen used <strong>Stealth Rock</strong>!<br></div><div class="battle-history"><small>Pointed stones float in the air around your team!</small><br></div><div class="spacer battle-history"><br></div><h2 class="battle-history">Turn 4</h2><div class="spacer battle-history"><br></div><div class="battle-history">minhthuanpk withdrew Nidoqueen!<br></div><div class="battle-history">minhthuanpk sent out <strong>Unown</strong>!<br></div><div class="spacer battle-history"><br></div><div class="battle-history">Darmanitan used <strong>Flare Blitz</strong>!<br></div><div class="battle-history"><small>(The opposing Unown lost <abbr title="−258/258">100%</abbr> of its health!)</small><br></div><div class="battle-history"><small>Darmanitan was damaged by the recoil!</small><br></div><div class="spacer battle-history"><br></div><div class="battle-history">The opposing Unown fainted!<br></div><div class="spacer battle-history"><br></div><div class="battle-history">minhthuanpk sent out <strong>Greninja</strong>!<br></div><div class="spacer battle-history"><br></div><h2 class="battle-history">Turn 5</h2><div class="spacer battle-history"><br></div><div class="battle-history">Darmanitan, come back!<br></div><div class="battle-history">Go! <strong>Magearna</strong>!<br></div><div class="battle-history"><small>Pointed stones dug into Magearna!</small><br></div><div class="spacer battle-history"><br></div><div class="battle-history">The opposing Greninja used <strong>Hydro Pump</strong>!<br></div><div class="battle-history"><small>(Magearna lost <abbr title="−94/259">36.3%</abbr> of its health!)</small><br></div><div class="spacer battle-history"><br></div><div class="battle-history"><small>Magearna restored a little HP using its Leftovers!</small><br></div><div class="spacer battle-history"><br></div><h2 class="battle-history">Turn 6</h2><div class="spacer battle-history"><br></div><div class="battle-history"><small>The opposing Greninja surrounded itself with its Z-Power!</small><br></div><div class="spacer battle-history"><br></div><div class="battle-history"><small>The opposing Greninja unleashes its full-force Z-Move!</small><br>The opposing Greninja used <strong>Hydro Vortex</strong>!<br></div><div class="battle-history"><small>(Magearna lost <abbr title="−165/259">63.7%</abbr> of its health!)</small><br></div><div class="spacer battle-history"><br></div><div class="battle-history">Magearna fainted!<br></div><div class="battle-history">[The opposing Greninja's Battle Bond]<br><small>The opposing Greninja became fully charged due to its bond with its Trainer!</small><br></div><div class="battle-history">The opposing Greninja became Ash-Greninja!<br></div><div class="spacer battle-history"><br></div><div class="battle-history">Go! <strong>Primarina</strong>!<br></div><div class="battle-history"><small>Pointed stones dug into Primarina!</small><br></div><div class="spacer battle-history"><br></div><h2 class="battle-history">Turn 7</h2><div class="spacer battle-history"><br></div><div class="battle-history">The opposing Greninja used <strong>U-turn</strong>!<br></div><div class="battle-history"><small>It's not very effective...</small><br></div><div class="battle-history"><small>(Primarina lost <abbr title="−34/265">12.8%</abbr> of its health!)</small><br></div><div class="spacer battle-history"><br></div><div class="battle-history">minhthuanpk withdrew Greninja!<br></div><div class="battle-history">minhthuanpk sent out <strong>Aromatisse</strong>!<br></div><div class="spacer battle-history"><br></div><div class="battle-history">Primarina used <strong>Moonblast</strong>!<br></div><div class="battle-history"><small>(The opposing Aromatisse lost <abbr title="−177/317">55.8%</abbr> of its health!)</small><br></div><div class="spacer battle-history"><br></div><div class="battle-history"><small>The opposing Aromatisse restored a little HP using its Leftovers!</small><br></div><div class="spacer battle-history"><br></div><h2 class="battle-history">Turn 8</h2><div class="spacer battle-history"><br></div><div class="battle-history">Primarina used <strong>Moonblast</strong>!<br></div><div class="battle-history"><small>(The opposing Aromatisse lost <abbr title="−159/317">50.2%</abbr> of its health!)</small><br></div><div class="spacer battle-history"><br></div><div class="battle-history">The opposing Aromatisse fainted!<br></div><div class="spacer battle-history"><br></div><div class="battle-history">minhthuanpk sent out <strong>Nidoqueen</strong>!<br></div><div class="spacer battle-history"><br></div><h2 class="battle-history">Turn 9</h2><div class="spacer battle-history"><br></div><div class="battle-history">Primarina, come back!<br></div><div class="battle-history">Go! <strong>Chimecho</strong>!<br></div><div class="battle-history"><small>Pointed stones dug into Chimecho!</small><br></div><div class="spacer battle-history"><br></div><div class="battle-history">The opposing Nidoqueen used <strong>Earth Power</strong>!<br></div><div class="battle-history">[Chimecho's Levitate]<br><small>It doesn't affect Chimecho...</small><br></div><div class="spacer battle-history"><br></div><div class="battle-history"><small>Chimecho restored a little HP using its Leftovers!</small><br></div><div class="spacer battle-history"><br></div><h2 class="battle-history">Turn 10</h2><div class="spacer battle-history"><br></div><div class="battle-history">The opposing Nidoqueen used <strong>Toxic Spikes</strong>!<br></div><div class="battle-history"><small>Poison spikes were scattered on the ground all around your team!</small><br></div><div class="spacer battle-history"><br></div><div class="battle-history">Chimecho used <strong>Psychic</strong>!<br></div><div class="battle-history"><small>It's super effective!</small><br></div><div class="battle-history"><small>(The opposing Nidoqueen lost <abbr title="−203/288">70.5%</abbr> of its health!)</small><br></div><div class="spacer battle-history"><br></div><div class="battle-history">The opposing Nidoqueen fainted!<br></div><div class="spacer battle-history"><br></div><div class="battle-history"><small>Chimecho restored a little HP using its Leftovers!</small><br></div><div class="spacer battle-history"><br></div><div class="battle-history">minhthuanpk sent out Greninja (<strong>Greninja-Ash</strong>)!<br></div><div class="spacer battle-history"><br></div><h2 class="battle-history">Turn 11</h2><div class="spacer battle-history"><br></div><div class="battle-history">The opposing Greninja used <strong>Dark Pulse</strong>!<br></div><div class="battle-history"><small>It's super effective!</small><br></div><div class="battle-history"><small>(Chimecho lost <abbr title="−216/278">77.7%</abbr> of its health!)</small><br></div><div class="spacer battle-history"><br></div><div class="battle-history">Chimecho used <strong>Yawn</strong>!<br></div><div class="battle-history"><small>The opposing Greninja grew drowsy!</small><br></div><div class="spacer battle-history"><br></div><div class="battle-history"><small>Chimecho restored a little HP using its Leftovers!</small><br></div><div class="spacer battle-history"><br></div><h2 class="battle-history">Turn 12</h2><div class="chat"><small> Placia joined</small></div><div class="spacer battle-history"><br></div><div class="battle-history">The opposing Greninja used <strong>U-turn</strong>!<br></div><div class="battle-history"><small>It's super effective!</small><br></div><div class="battle-history"><small>(Chimecho lost <abbr title="−79/278">28.4%</abbr> of its health!)</small><br></div><div class="spacer battle-history"><br></div><div class="battle-history">Chimecho fainted!<br></div><div class="spacer battle-history"><br></div><div class="battle-history">minhthuanpk withdrew Greninja!<br></div><div class="battle-history">minhthuanpk sent out <strong>Rayquaza</strong>!<br></div><div class="battle-history">[The opposing Rayquaza's Air Lock]<br><small>The effects of the weather disappeared.</small><br></div><div class="spacer battle-history"><br></div><div class="battle-history">Go! <strong>Primarina</strong>!<br></div><div class="battle-history"><small>Primarina was poisoned!</small><br></div><div class="battle-history"><small>Pointed stones dug into Primarina!</small><br></div><div class="spacer battle-history"><br></div><h2 class="battle-history">Turn 13</h2><div class="spacer battle-history"><br></div><div class="battle-history">minhthuanpk withdrew Rayquaza!<br></div><div class="battle-history">minhthuanpk sent out <strong>Meloetta</strong>!<br></div><div class="spacer battle-history"><br></div><div class="battle-history">Primarina used <strong>Moonblast</strong>!<br></div><div class="battle-history"><small>(The opposing Meloetta lost <abbr title="−82/302">27.2%</abbr> of its health!)</small><br></div><div class="spacer battle-history"><br></div><div class="battle-history"><small>Primarina was hurt by poison!</small><br></div><div class="spacer battle-history"><br></div><h2 class="battle-history">Turn 14</h2><div class="spacer battle-history"><br></div><div class="battle-history">Primarina, come back!<br></div><div class="battle-history">Go! <strong>Cofagrigus</strong>!<br></div><div class="battle-history"><small>Cofagrigus was poisoned!</small><br></div><div class="battle-history"><small>Pointed stones dug into Cofagrigus!</small><br></div><div class="spacer battle-history"><br></div><div class="battle-history">The opposing Meloetta used <strong>Hyper Voice</strong>!<br></div><div class="battle-history"><small>It doesn't affect Cofagrigus...</small><br></div><div class="spacer battle-history"><br></div><div class="battle-history"><small>Cofagrigus restored a little HP using its Leftovers!</small><br></div><div class="battle-history"><small>Cofagrigus was hurt by poison!</small><br></div><div class="spacer battle-history"><br></div><h2 class="battle-history">Turn 15</h2><div class="spacer battle-history"><br></div><div class="battle-history">The opposing Meloetta used <strong>Shadow Ball</strong>!<br></div><div class="battle-history"><small>It's super effective!</small><br></div><div class="battle-history"><small>(Cofagrigus lost <abbr title="−120/237">50.6%</abbr> of its health!)</small><br></div><div class="spacer battle-history"><br></div><div class="battle-history">Cofagrigus used <strong>Will-O-Wisp</strong>!<br></div><div class="battle-history"><small>The opposing Meloetta was burned!</small><br></div><div class="spacer battle-history"><br></div><div class="battle-history"><small>Cofagrigus restored a little HP using its Leftovers!</small><br></div><div class="battle-history"><small>The opposing Meloetta was hurt by its burn!</small><br></div><div class="battle-history"><small>Cofagrigus was hurt by poison!</small><br></div><div class="spacer battle-history"><br></div><h2 class="battle-history">Turn 16</h2><div class="spacer battle-history"><br></div><div class="battle-history">The opposing Meloetta used <strong>Shadow Ball</strong>!<br></div><div class="battle-history"><small>It's super effective!</small><br></div><div class="battle-history"><small>(Cofagrigus lost <abbr title="−58/237">24.5%</abbr> of its health!)</small><br></div><div class="spacer battle-history"><br></div><div class="battle-history">Cofagrigus fainted!<br></div><div class="spacer battle-history"><br></div><div class="battle-history"><small>The opposing Meloetta was hurt by its burn!</small><br></div><div class="spacer battle-history"><br></div><div class="battle-history">Go! <strong>Darmanitan</strong>!<br></div><div class="battle-history"><small>Darmanitan was poisoned!</small><br></div><div class="battle-history"><small>Pointed stones dug into Darmanitan!</small><br></div><div class="spacer battle-history"><br></div><h2 class="battle-history">Turn 17</h2><div class="spacer battle-history"><br></div><div class="battle-history">Darmanitan used <strong>Flare Blitz</strong>!<br></div><div class="battle-history"><small>(The opposing Meloetta lost <abbr title="−184/302">60.9%</abbr> of its health!)</small><br></div><div class="battle-history"><small>Darmanitan was damaged by the recoil!</small><br></div><div class="spacer battle-history"><br></div><div class="battle-history">The opposing Meloetta fainted!<br></div><div class="spacer battle-history"><br></div><div class="battle-history"><small>Darmanitan was hurt by poison!</small><br></div><div class="spacer battle-history"><br></div><div class="battle-history">minhthuanpk sent out <strong>Rayquaza</strong>!<br></div><div class="battle-history">[The opposing Rayquaza's Air Lock]<br><small>The effects of the weather disappeared.</small><br></div><div class="spacer battle-history"><br></div><h2 class="battle-history">Turn 18</h2><div class="spacer battle-history"><br></div><div class="battle-history">Darmanitan used <strong>Flare Blitz</strong>!<br></div><div class="battle-history"><small>It's not very effective...</small><br></div><div class="battle-history"><small>(The opposing Rayquaza lost <abbr title="−139/291">47.8%</abbr> of its health!)</small><br></div><div class="battle-history"><small>Darmanitan was damaged by the recoil!</small><br></div><div class="spacer battle-history"><br></div><div class="battle-history">Darmanitan fainted!<br></div><div class="battle-history">The opposing Rayquaza used <strong>Dragon Dance</strong>!<br></div><div class="battle-history"><small>The opposing Rayquaza's Attack rose!</small><br></div><div class="battle-history"><small>The opposing Rayquaza's Speed rose!</small><br></div><div class="spacer battle-history"><br></div><div class="battle-history">Go! <strong>Sceptile</strong>!<br></div><div class="battle-history"><small>Pointed stones dug into Sceptile!</small><br></div><div class="battle-history"><small>Sceptile was poisoned!</small><br></div><div class="spacer battle-history"><br></div><h2 class="battle-history">Turn 19</h2><div class="spacer battle-history"><br></div><div class="battle-history"><small>Sceptile's Sceptilite is reacting to the Key Stone!</small><br>Sceptile has Mega Evolved into Mega Sceptile!<br></div><div class="spacer battle-history"><br></div><div class="battle-history">Sceptile used <strong>Outrage</strong>!<br></div><div class="battle-history"><small>It's super effective!</small><br></div><div class="battle-history"><small>(The opposing Rayquaza lost <abbr title="−108/291">37.1%</abbr> of its health!)</small><br></div><div class="spacer battle-history"><br></div><div class="battle-history">The opposing Rayquaza fainted!<br></div><div class="spacer battle-history"><br></div><div class="battle-history"><small>Sceptile was hurt by poison!</small><br></div><div class="spacer battle-history"><br></div><div class="battle-history">minhthuanpk sent out Greninja (<strong>Greninja-Ash</strong>)!<br></div><div class="spacer battle-history"><br></div><h2 class="battle-history">Turn 20</h2><div class="spacer battle-history"><br></div><div class="battle-history">Sceptile used <strong>Outrage</strong>!<br></div><div class="battle-history"><small>(The opposing Greninja lost <abbr title="−168/246">68.3%</abbr> of its health!)</small><br></div><div class="battle-history"><small>Sceptile became confused due to fatigue!</small><br></div><div class="spacer battle-history"><br></div><div class="battle-history">The opposing Greninja used <strong>Ice Beam</strong>!<br></div><div class="battle-history"><small>It's super effective!</small><br></div><div class="battle-history"><small>(Sceptile lost <abbr title="−193/255">75.7%</abbr> of its health!)</small><br></div><div class="spacer battle-history"><br></div><div class="battle-history">Sceptile fainted!<br></div><div class="spacer battle-history"><br></div><div class="battle-history">Go! <strong>Primarina</strong>!<br></div><div class="battle-history"><small>Pointed stones dug into Primarina!</small><br></div><div class="spacer battle-history"><br></div><h2 class="battle-history">Turn 21</h2><div class="spacer battle-history"><br></div><div class="battle-history">The opposing Greninja used <strong>Dark Pulse</strong>!<br></div><div class="battle-history"><small>It's not very effective...</small><br></div><div class="battle-history"><small>(Primarina lost <abbr title="−48/265">18.1%</abbr> of its health!)</small><br></div><div class="spacer battle-history"><br></div><div class="battle-history">Primarina flinched and couldn't move!<br></div><div class="spacer battle-history"><br></div><div class="battle-history"><small>Primarina was hurt by poison!</small><br></div><div class="spacer battle-history"><br></div><h2 class="battle-history">Turn 22</h2><div class="spacer battle-history"><br></div><div class="battle-history">The opposing Greninja used <strong>Dark Pulse</strong>!<br></div><div class="battle-history"><small>It's not very effective...</small><br></div><div class="battle-history"><small>(Primarina lost <abbr title="−18/265">6.8%</abbr> of its health!)</small><br></div><div class="spacer battle-history"><br></div><div class="battle-history">Primarina fainted!<br></div><div class="spacer battle-history"><br></div><div class="battle-history"><strong>minhthuanpk</strong> won the battle!<br></div><div class="chat"><small>☆Boris Huang - YT left</small></div><div class="chat">Boris Huang - YT's rating: 2425 → <strong>2405</strong><br>(-20 for losing)</div><div class="chat">minhthuanpk's rating: 2418 → <strong>2438</strong><br>(+20 for winning)</div><div class="chat"><small>☆minhthuanpk left</small></div></div><div class="inner-preempt message-log"></div></div></div>
</div>
<script>
let daily = Math.floor(Date.now()/1000/60/60/24);document.write('<script src="https://play.pokemonshowdown.com/js/replay-embed.js?version'+daily+'"></'+'script>');
</script>
