<!DOCTYPE html>
<meta charset="utf-8" />
<!-- version 1 -->
<title>[Gen 7] Random Battle replay: ArtyR47 vs. ElberGazaBrosa</title>
<style>
html,body {font-family:Verdana, sans-serif;font-size:10pt;margin:0;padding:0;}body{padding:12px 0;} .battle-log {font-family:Verdana, sans-serif;font-size:10pt;} .battle-log-inline {border:1px solid #AAAAAA;background:#EEF2F5;color:black;max-width:640px;margin:0 auto 80px;padding-bottom:5px;} .battle-log .inner {padding:4px 8px 0px 8px;} .battle-log .inner-preempt {padding:0 8px 4px 8px;} .battle-log .inner-after {margin-top:0.5em;} .battle-log h2 {margin:0.5em -8px;padding:4px 8px;border:1px solid #AAAAAA;background:#E0E7EA;border-left:0;border-right:0;font-family:Verdana, sans-serif;font-size:13pt;} .battle-log .chat {vertical-align:middle;padding:3px 0 3px 0;font-size:8pt;} .battle-log .chat strong {color:#40576A;} .battle-log .chat em {padding:1px 4px 1px 3px;color:#000000;font-style:normal;} .chat.mine {background:rgba(0,0,0,0.05);margin-left:-8px;margin-right:-8px;padding-left:8px;padding-right:8px;} .spoiler {color:#BBBBBB;background:#BBBBBB;padding:0px 3px;} .spoiler:hover, .spoiler:active, .spoiler-shown {color:#000000;background:#E2E2E2;padding:0px 3px;} .spoiler a {color:#BBBBBB;} .spoiler:hover a, .spoiler:active a, .spoiler-shown a {color:#2288CC;} .chat code, .chat .spoiler:hover code, .chat .spoiler:active code, .chat .spoiler-shown code {border:1px solid #C0C0C0;background:#EEEEEE;color:black;padding:0 2px;} .chat .spoiler code {border:1px solid #CCCCCC;background:#CCCCCC;color:#CCCCCC;} .battle-log .rated {padding:3px 4px;} .battle-log .rated strong {color:white;background:#89A;padding:1px 4px;border-radius:4px;} .spacer {margin-top:0.5em;} .message-announce {background:#6688AA;color:white;padding:1px 4px 2px;} .message-announce a, .broadcast-green a, .broadcast-blue a, .broadcast-red a {color:#DDEEFF;} .broadcast-green {background-color:#559955;color:white;padding:2px 4px;} .broadcast-blue {background-color:#6688AA;color:white;padding:2px 4px;} .infobox {border:1px solid #6688AA;padding:2px 4px;} .infobox-limited {max-height:200px;overflow:auto;overflow-x:hidden;} .broadcast-red {background-color:#AA5544;color:white;padding:2px 4px;} .message-learn-canlearn {font-weight:bold;color:#228822;text-decoration:underline;} .message-learn-cannotlearn {font-weight:bold;color:#CC2222;text-decoration:underline;} .message-effect-weak {font-weight:bold;color:#CC2222;} .message-effect-resist {font-weight:bold;color:#6688AA;} .message-effect-immune {font-weight:bold;color:#666666;} .message-learn-list {margin-top:0;margin-bottom:0;} .message-throttle-notice, .message-error {color:#992222;} .message-overflow, .chat small.message-overflow {font-size:0pt;} .message-overflow::before {font-size:9pt;content:'...';} .subtle {color:#3A4A66;}
</style>
<div class="wrapper replay-wrapper" style="max-width:1180px;margin:0 auto">
<input type="hidden" name="replayid" value="gen7randombattle-2110275040" />
<div class="battle"></div><div class="battle-log"></div><div class="replay-controls"></div><div class="replay-controls-2"></div>
<h1 style="font-weight:normal;text-align:center"><strong>[Gen 7] Random Battle</strong><br /><a href="http://pokemonshowdown.com/users/artyr47" class="subtle" target="_blank">ArtyR47</a> vs. <a href="http://pokemonshowdown.com/users/elbergazabrosa" class="subtle" target="_blank">ElberGazaBrosa</a></h1>
<script type="text/plain" class="battle-log-data">|uhtml|medal-msg|<div class="broadcast-blue">Curious what those medals under the avatar are? PS now has Ladder Seasons! For more information, check out the <a href="https:\/\/www.smogon.com\/forums\/threads\/3740067\/">thread on Smogon.<\/a><\/div>
|uhtml|medal-msg|<div class="broadcast-blue">Curious what those medals under the avatar are? PS now has Ladder Seasons! For more information, check out the <a href="https:\/\/www.smogon.com\/forums\/threads\/3740067\/">thread on Smogon.<\/a><\/div>
|j|☆ArtyR47
|j|☆ElberGazaBrosa
|t:|1713930403
|gametype|singles
|player|p1|ArtyR47|1|1101
|player|p2|ElberGazaBrosa|169|1172
|teamsize|p1|6
|teamsize|p2|6
|gen|7
|tier|[Gen 7] Random Battle
|rated|
|rule|Sleep Clause Mod: Limit one foe put to sleep
|rule|HP Percentage Mod: HP is shown in percentages
|rule|Illusion Level Mod: Illusion disguises the Pokémon's true level
|
|t:|1713930403
|start
|switch|p1a: Deoxys|Deoxys, L76|201\/201
|switch|p2a: Slaking|Slaking, L84, F|389\/389
|-ability|p1a: Deoxys|Pressure
|turn|1
|inactive|Battle timer is ON: inactive players will automatically lose when time's up. (requested by ElberGazaBrosa)
|
|t:|1713930412
|move|p2a: Slaking|Night Slash|p1a: Deoxys
|-supereffective|p1a: Deoxys
|-damage|p1a: Deoxys|0 fnt
|faint|p1a: Deoxys
|
|upkeep
|
|t:|1713930433
|switch|p1a: Butterfree|Butterfree, L90, M|254\/254
|turn|2
|
|t:|1713930440
|switch|p2a: Archeops|Archeops, L83, F|259\/259
|move|p1a: Butterfree|Quiver Dance|p1a: Butterfree
|-boost|p1a: Butterfree|spa|1
|-boost|p1a: Butterfree|spd|1
|-boost|p1a: Butterfree|spe|1
|
|upkeep
|turn|3
|
|t:|1713930450
|move|p1a: Butterfree|Energy Ball|p2a: Archeops
|-damage|p2a: Archeops|137\/259
|move|p2a: Archeops|Stone Edge|p1a: Butterfree
|-supereffective|p1a: Butterfree
|-damage|p1a: Butterfree|0 fnt
|faint|p1a: Butterfree
|
|upkeep
|-message|ArtyR47 forfeited.
|
|win|ElberGazaBrosa
|raw|ArtyR47's rating: 1101 &rarr; <strong>1081<\/strong><br \/>(-20 for losing)
|raw|ElberGazaBrosa's rating: 1172 &rarr; <strong>1192<\/strong><br \/>(+20 for winning)
|l|☆ArtyR47
|player|p1|
</script>
</div>
<div class="battle-log battle-log-inline"><div class="inner"><div class="battle-options"></div><div class="inner message-log"><div class="notice uhtml-medalmsg"><div class="broadcast-blue">Curious what those medals under the avatar are? PS now has Ladder Seasons! For more information, check out the <a href="https://www.smogon.com/forums/threads/3740067/" target="_blank" rel="noopener">thread on Smogon.</a></div></div><div class="chat"><small>☆ArtyR47 and ☆ElberGazaBrosa joined</small></div><div class=""><small>Format:</small> <br><strong>[Gen 7] Random Battle</strong></div><div class="rated"><strong>Rated battle</strong></div><div class=""><small><em>Sleep Clause Mod:</em> Limit one foe put to sleep</small></div><div class=""><small><em>HP Percentage Mod:</em> HP is shown in percentages</small></div><div class=""><small><em>Illusion Level Mod:</em> Illusion disguises the Pokémon's true level</small></div><div class="spacer battle-history"><br></div><div class="battle-history">Battle started between ArtyR47 and ElberGazaBrosa!<br></div><div class="spacer battle-history"><br></div><div class="battle-history">Go! <strong>Deoxys</strong>!<br></div><div class="spacer battle-history"><br></div><div class="battle-history">ElberGazaBrosa sent out <strong>Slaking</strong>!<br></div><div class="battle-history">[Deoxys's Pressure]<br><small>Deoxys is exerting its pressure!</small><br></div><div class="spacer battle-history"><br></div><h2 class="battle-history">Turn 1</h2><div class="chat message-error">Battle timer is ON: inactive players will automatically lose when time's up. (requested by ElberGazaBrosa)</div><div class="spacer battle-history"><br></div><div class="battle-history">The opposing Slaking used <strong>Night Slash</strong>!<br></div><div class="battle-history"><small>It's super effective!</small><br></div><div class="battle-history"><small>(Deoxys lost <abbr title="−201/201">100%</abbr> of its health!)</small><br></div><div class="spacer battle-history"><br></div><div class="battle-history">Deoxys fainted!<br></div><div class="spacer battle-history"><br></div><div class="battle-history">Go! <strong>Butterfree</strong>!<br></div><div class="spacer battle-history"><br></div><h2 class="battle-history">Turn 2</h2><div class="spacer battle-history"><br></div><div class="battle-history">ElberGazaBrosa withdrew Slaking!<br></div><div class="battle-history">ElberGazaBrosa sent out <strong>Archeops</strong>!<br></div><div class="spacer battle-history"><br></div><div class="battle-history">Butterfree used <strong>Quiver Dance</strong>!<br></div><div class="battle-history"><small>Butterfree's Sp. Atk rose!</small><br></div><div class="battle-history"><small>Butterfree's Sp. Def rose!</small><br></div><div class="battle-history"><small>Butterfree's Speed rose!</small><br></div><div class="spacer battle-history"><br></div><h2 class="battle-history">Turn 3</h2><div class="spacer battle-history"><br></div><div class="battle-history">Butterfree used <strong>Energy Ball</strong>!<br></div><div class="battle-history"><small>(The opposing Archeops lost <abbr title="−122/259">47.1%</abbr> of its health!)</small><br></div><div class="spacer battle-history"><br></div><div class="battle-history">The opposing Archeops used <strong>Stone Edge</strong>!<br></div><div class="battle-history"><small>It's super effective!</small><br></div><div class="battle-history"><small>(Butterfree lost <abbr title="−254/254">100%</abbr> of its health!)</small><br></div><div class="spacer battle-history"><br></div><div class="battle-history">Butterfree fainted!<br></div><div class="spacer battle-history"><br></div><div class="battle-history"><small>ArtyR47 forfeited.</small><br></div><div class="spacer battle-history"><br></div><div class="battle-history"><strong>ElberGazaBrosa</strong> won the battle!<br></div><div class="chat">ArtyR47's rating: 1101 → <strong>1081</strong><br>(-20 for losing)</div><div class="chat">ElberGazaBrosa's rating: 1172 → <strong>1192</strong><br>(+20 for winning)</div><div class="chat"><small>☆ArtyR47 left</small></div></div><div class="inner-preempt message-log"></div></div></div>
</div>
<script>
let daily = Math.floor(Date.now()/1000/60/60/24);document.write('<script src="https://play.pokemonshowdown.com/js/replay-embed.js?version'+daily+'"></'+'script>');
</script>
