<!DOCTYPE html>
<meta charset="utf-8" />
<!-- version 1 -->
<title>[Gen 7] Random Battle replay: bugsysbf vs. clug</title>
<style>
html,body {font-family:Verdana, sans-serif;font-size:10pt;margin:0;padding:0;}body{padding:12px 0;} .battle-log {font-family:Verdana, sans-serif;font-size:10pt;} .battle-log-inline {border:1px solid #AAAAAA;background:#EEF2F5;color:black;max-width:640px;margin:0 auto 80px;padding-bottom:5px;} .battle-log .inner {padding:4px 8px 0px 8px;} .battle-log .inner-preempt {padding:0 8px 4px 8px;} .battle-log .inner-after {margin-top:0.5em;} .battle-log h2 {margin:0.5em -8px;padding:4px 8px;border:1px solid #AAAAAA;background:#E0E7EA;border-left:0;border-right:0;font-family:Verdana, sans-serif;font-size:13pt;} .battle-log .chat {vertical-align:middle;padding:3px 0 3px 0;font-size:8pt;} .battle-log .chat strong {color:#40576A;} .battle-log .chat em {padding:1px 4px 1px 3px;color:#000000;font-style:normal;} .chat.mine {background:rgba(0,0,0,0.05);margin-left:-8px;margin-right:-8px;padding-left:8px;padding-right:8px;} .spoiler {color:#BBBBBB;background:#BBBBBB;padding:0px 3px;} .spoiler:hover, .spoiler:active, .spoiler-shown {color:#000000;background:#E2E2E2;padding:0px 3px;} .spoiler a {color:#BBBBBB;} .spoiler:hover a, .spoiler:active a, .spoiler-shown a {color:#2288CC;} .chat code, .chat .spoiler:hover code, .chat .spoiler:active code, .chat .spoiler-shown code {border:1px solid #C0C0C0;background:#EEEEEE;color:black;padding:0 2px;} .chat .spoiler code {border:1px solid #CCCCCC;background:#CCCCCC;color:#CCCCCC;} .battle-log .rated {padding:3px 4px;} .battle-log .rated strong {color:white;background:#89A;padding:1px 4px;border-radius:4px;} .spacer {margin-top:0.5em;} .message-announce {background:#6688AA;color:white;padding:1px 4px 2px;} .message-announce a, .broadcast-green a, .broadcast-blue a, .broadcast-red a {color:#DDEEFF;} .broadcast-green {background-color:#559955;color:white;padding:2px 4px;} .broadcast-blue {background-color:#6688AA;color:white;padding:2px 4px;} .infobox {border:1px solid #6688AA;padding:2px 4px;} .infobox-limited {max-height:200px;overflow:auto;overflow-x:hidden;} .broadcast-red {background-color:#AA5544;color:white;padding:2px 4px;} .message-learn-canlearn {font-weight:bold;color:#228822;text-decoration:underline;} .message-learn-cannotlearn {font-weight:bold;color:#CC2222;text-decoration:underline;} .message-effect-weak {font-weight:bold;color:#CC2222;} .message-effect-resist {font-weight:bold;color:#6688AA;} .message-effect-immune {font-weight:bold;color:#666666;} .message-learn-list {margin-top:0;margin-bottom:0;} .message-throttle-notice, .message-error {color:#992222;} .message-overflow, .chat small.message-overflow {font-size:0pt;} .message-overflow::before {font-size:9pt;content:'...';} .subtle {color:#3A4A66;}
</style>
<div class="wrapper replay-wrapper" style="max-width:1180px;margin:0 auto">
<input type="hidden" name="replayid" value="gen7randombattle-2110336605" />
<div class="battle"></div><div class="battle-log"></div><div class="replay-controls"></div><div class="replay-controls-2"></div>
<h1 style="font-weight:normal;text-align:center"><strong>[Gen 7] Random Battle</strong><br /><a href="http://pokemonshowdown.com/users/bugsysbf" class="subtle" target="_blank">bugsysbf</a> vs. <a href="http://pokemonshowdown.com/users/clug" class="subtle" target="_blank">clug</a></h1>
<script type="text/plain" class="battle-log-data">|uhtml|medal-msg|<div class="broadcast-blue">Curious what those medals under the avatar are? PS now has Ladder Seasons! For more information, check out the <a href="https:\/\/www.smogon.com\/forums\/threads\/3740067\/">thread on Smogon.<\/a><\/div>
|uhtml|medal-msg|<div class="broadcast-blue">Curious what those medals under the avatar are? PS now has Ladder Seasons! For more information, check out the <a href="https:\/\/www.smogon.com\/forums\/threads\/3740067\/">thread on Smogon.<\/a><\/div>
|j|☆bugsysbf
|j|☆clug
|t:|1713941651
|gametype|singles
|player|p1|bugsysbf|bugsy|
|player|p2|clug|skyla|
|teamsize|p1|6
|teamsize|p2|6
|gen|7
|tier|[Gen 7] Random Battle
|rule|Sleep Clause Mod: Limit one foe put to sleep
|rule|HP Percentage Mod: HP is shown in percentages
|rule|Illusion Level Mod: Illusion disguises the Pokémon's true level
|
|t:|1713941651
|start
|switch|p1a: Blissey|Blissey, L84, F|566\/566
|switch|p2a: Stoutland|Stoutland, L87, M|290\/290
|turn|1
|
|t:|1713941659
|move|p2a: Stoutland|Superpower|p1a: Blissey
|-supereffective|p1a: Blissey
|-damage|p1a: Blissey|20\/566
|-unboost|p2a: Stoutland|atk|1
|-unboost|p2a: Stoutland|def|1
|move|p1a: Blissey|Toxic|p2a: Stoutland
|-status|p2a: Stoutland|tox
|
|-heal|p1a: Blissey|55\/566|[from] item: Leftovers
|-damage|p2a: Stoutland|272\/290 tox|[from] psn
|upkeep
|turn|2
|
|t:|1713941667
|move|p1a: Blissey|Protect|p1a: Blissey
|-singleturn|p1a: Blissey|Protect
|move|p2a: Stoutland|Superpower|p1a: Blissey
|-activate|p1a: Blissey|move: Protect
|
|-heal|p1a: Blissey|90\/566|[from] item: Leftovers
|-damage|p2a: Stoutland|236\/290 tox|[from] psn
|upkeep
|turn|3
|
|t:|1713941670
|switch|p1a: Decidueye|Decidueye, L87, M|277\/277
|move|p2a: Stoutland|Superpower|p1a: Decidueye
|-damage|p1a: Decidueye|210\/277
|-unboost|p2a: Stoutland|atk|1
|-unboost|p2a: Stoutland|def|1
|
|-damage|p2a: Stoutland|182\/290 tox|[from] psn
|upkeep
|turn|4
|
|t:|1713941679
|switch|p2a: Mawile|Mawile, L80, F|211\/211
|-ability|p2a: Mawile|Intimidate|boost
|-unboost|p1a: Decidueye|atk|1
|move|p1a: Decidueye|Leaf Blade|p2a: Mawile
|-resisted|p2a: Mawile
|-damage|p2a: Mawile|174\/211
|
|upkeep
|turn|5
|
|t:|1713941685
|switch|p1a: Blissey|Blissey, L84, F|90\/566
|detailschange|p2a: Mawile|Mawile-Mega, L80, F
|-mega|p2a: Mawile|Mawile|Mawilite
|move|p2a: Mawile|Swords Dance|p2a: Mawile
|-boost|p2a: Mawile|atk|2
|
|-heal|p1a: Blissey|125\/566|[from] item: Leftovers
|upkeep
|turn|6
|
|t:|1713941693
|move|p1a: Blissey|Seismic Toss|p2a: Mawile
|-damage|p2a: Mawile|90\/211
|move|p2a: Mawile|Iron Head|p1a: Blissey
|-damage|p1a: Blissey|0 fnt
|faint|p1a: Blissey
|
|upkeep
|
|t:|1713941711
|switch|p1a: Stantler|Stantler, L90, M|277\/277
|turn|7
|
|t:|1713941715
|move|p2a: Mawile|Sucker Punch|p1a: Stantler
|-damage|p1a: Stantler|54\/277
|move|p1a: Stantler|Earthquake|p2a: Mawile
|-supereffective|p2a: Mawile
|-damage|p2a: Mawile|0 fnt
|faint|p2a: Mawile
|
|upkeep
|
|t:|1713941722
|switch|p2a: Keldeo|Keldeo, L80|277\/277
|turn|8
|
|t:|1713941730
|move|p2a: Keldeo|Calm Mind|p2a: Keldeo
|-boost|p2a: Keldeo|spa|1
|-boost|p2a: Keldeo|spd|1
|move|p1a: Stantler|Earthquake|p2a: Keldeo
|-damage|p2a: Keldeo|152\/277
|
|upkeep
|turn|9
|
|t:|1713941732
|move|p2a: Keldeo|Secret Sword|p1a: Stantler
|-supereffective|p1a: Stantler
|-damage|p1a: Stantler|0 fnt
|faint|p1a: Stantler
|-damage|p2a: Keldeo|125\/277|[from] item: Life Orb
|
|upkeep
|
|t:|1713941735
|switch|p1a: Decidueye|Decidueye, L87, M|210\/277
|turn|10
|
|t:|1713941747
|move|p2a: Keldeo|Hydro Pump|p1a: Decidueye
|-resisted|p1a: Decidueye
|-damage|p1a: Decidueye|98\/277
|-damage|p2a: Keldeo|98\/277|[from] item: Life Orb
|move|p1a: Decidueye|Leaf Blade|p2a: Keldeo
|-supereffective|p2a: Keldeo
|-crit|p2a: Keldeo
|-damage|p2a: Keldeo|0 fnt
|faint|p2a: Keldeo
|
|upkeep
|
|t:|1713941751
|switch|p2a: Stoutland|Stoutland, L87, M|182\/290 tox
|turn|11
|
|t:|1713941755
|move|p2a: Stoutland|Play Rough|p1a: Decidueye
|-damage|p1a: Decidueye|14\/277
|move|p1a: Decidueye|Leaf Blade|p2a: Stoutland
|-damage|p2a: Stoutland|37\/290 tox
|
|-damage|p2a: Stoutland|19\/290 tox|[from] psn
|upkeep
|turn|12
|
|t:|1713941764
|switch|p1a: Nidoqueen|Nidoqueen, L83, F|285\/285
|move|p2a: Stoutland|Play Rough|p1a: Nidoqueen
|-resisted|p1a: Nidoqueen
|-damage|p1a: Nidoqueen|248\/285
|
|-damage|p2a: Stoutland|0 fnt|[from] psn
|faint|p2a: Stoutland
|upkeep
|
|t:|1713941767
|switch|p2a: Registeel|Registeel, L84|272\/272
|turn|13
|
|t:|1713941770
|move|p1a: Nidoqueen|Earth Power|p2a: Registeel
|-supereffective|p2a: Registeel
|-damage|p2a: Registeel|116\/272
|move|p2a: Registeel|Iron Head|p1a: Nidoqueen
|-damage|p1a: Nidoqueen|178\/285
|
|-heal|p2a: Registeel|133\/272|[from] item: Leftovers
|upkeep
|turn|14
|
|t:|1713941775
|move|p1a: Nidoqueen|Earth Power|p2a: Registeel
|-supereffective|p2a: Registeel
|-damage|p2a: Registeel|0 fnt
|faint|p2a: Registeel
|
|upkeep
|
|t:|1713941780
|switch|p2a: Torkoal|Torkoal, L84, M|255\/255
|-weather|SunnyDay|[from] ability: Drought|[of] p2a: Torkoal
|turn|15
|
|t:|1713941786
|move|p1a: Nidoqueen|Earth Power|p2a: Torkoal
|-supereffective|p2a: Torkoal
|-damage|p2a: Torkoal|0 fnt
|faint|p2a: Torkoal
|
|-weather|SunnyDay|[upkeep]
|upkeep
|
|t:|1713941791
|switch|p2a: Florges|Florges-Yellow, L85, F|271\/271
|turn|16
|
|t:|1713941795
|move|p2a: Florges|Moonblast|p1a: Nidoqueen
|-resisted|p1a: Nidoqueen
|-damage|p1a: Nidoqueen|120\/285
|move|p1a: Nidoqueen|Sludge Wave|p2a: Florges
|-supereffective|p2a: Florges
|-damage|p2a: Florges|76\/271
|
|-weather|SunnyDay|[upkeep]
|-heal|p2a: Florges|92\/271|[from] item: Leftovers
|upkeep
|turn|17
|
|t:|1713941807
|move|p2a: Florges|Synthesis|p2a: Florges
|-heal|p2a: Florges|271\/271
|move|p1a: Nidoqueen|Sludge Wave|p2a: Florges
|-supereffective|p2a: Florges
|-damage|p2a: Florges|84\/271
|
|-weather|SunnyDay|[upkeep]
|-heal|p2a: Florges|100\/271|[from] item: Leftovers
|upkeep
|turn|18
|
|t:|1713941810
|move|p2a: Florges|Synthesis|p2a: Florges
|-heal|p2a: Florges|271\/271
|move|p1a: Nidoqueen|Sludge Wave|p2a: Florges
|-supereffective|p2a: Florges
|-damage|p2a: Florges|97\/271
|
|-weather|SunnyDay|[upkeep]
|-heal|p2a: Florges|113\/271|[from] item: Leftovers
|upkeep
|turn|19
|
|t:|1713941812
|move|p2a: Florges|Synthesis|p2a: Florges
|-heal|p2a: Florges|271\/271
|move|p1a: Nidoqueen|Sludge Wave|p2a: Florges
|-supereffective|p2a: Florges
|-damage|p2a: Florges|84\/271
|
|-weather|none
|-heal|p2a: Florges|100\/271|[from] item: Leftovers
|upkeep
|turn|20
|
|t:|1713941816
|move|p2a: Florges|Synthesis|p2a: Florges
|-heal|p2a: Florges|235\/271
|move|p1a: Nidoqueen|Sludge Wave|p2a: Florges
|-supereffective|p2a: Florges
|-damage|p2a: Florges|45\/271
|
|-heal|p2a: Florges|61\/271|[from] item: Leftovers
|upkeep
|turn|21
|
|t:|1713941818
|move|p2a: Florges|Synthesis|p2a: Florges
|-heal|p2a: Florges|196\/271
|move|p1a: Nidoqueen|Sludge Wave|p2a: Florges
|-supereffective|p2a: Florges
|-damage|p2a: Florges|24\/271
|
|-heal|p2a: Florges|40\/271|[from] item: Leftovers
|upkeep
|turn|22
|
|t:|1713941825
|move|p2a: Florges|Moonblast|p1a: Nidoqueen
|-resisted|p1a: Nidoqueen
|-damage|p1a: Nidoqueen|57\/285
|-unboost|p1a: Nidoqueen|spa|1
|move|p1a: Nidoqueen|Toxic Spikes|p2a: Florges
|-sidestart|p2: clug|move: Toxic Spikes
|
|-heal|p2a: Florges|56\/271|[from] item: Leftovers
|upkeep
|turn|23
|
|t:|1713941831
|move|p2a: Florges|Moonblast|p1a: Nidoqueen
|-resisted|p1a: Nidoqueen
|-damage|p1a: Nidoqueen|0 fnt
|faint|p1a: Nidoqueen
|
|-heal|p2a: Florges|72\/271|[from] item: Leftovers
|upkeep
|
|t:|1713941834
|switch|p1a: Decidueye|Decidueye, L87, M|14\/277
|turn|24
|
|t:|1713941839
|move|p2a: Florges|Moonblast|p1a: Decidueye
|-damage|p1a: Decidueye|0 fnt
|faint|p1a: Decidueye
|
|-heal|p2a: Florges|88\/271|[from] item: Leftovers
|upkeep
|
|t:|1713941848
|switch|p1a: Mienshao|Mienshao, L84, F|246\/246
|turn|25
|
|t:|1713941853
|move|p1a: Mienshao|Stone Edge|p2a: Florges|[miss]
|-miss|p1a: Mienshao|p2a: Florges
|move|p2a: Florges|Synthesis|p2a: Florges
|-heal|p2a: Florges|223\/271
|
|-heal|p2a: Florges|239\/271|[from] item: Leftovers
|upkeep
|turn|26
|-message|bugsysbf forfeited.
|
|win|clug
|l|☆bugsysbf
|player|p1|
</script>
</div>
<div class="battle-log battle-log-inline"><div class="inner"><div class="battle-options"></div><div class="inner message-log"><div class="notice uhtml-medalmsg"><div class="broadcast-blue">Curious what those medals under the avatar are? PS now has Ladder Seasons! For more information, check out the <a href="https://www.smogon.com/forums/threads/3740067/" target="_blank" rel="noopener">thread on Smogon.</a></div></div><div class="chat"><small>☆bugsysbf and ☆clug joined</small></div><div class=""><small>Format:</small> <br><strong>[Gen 7] Random Battle</strong></div><div class=""><small><em>Sleep Clause Mod:</em> Limit one foe put to sleep</small></div><div class=""><small><em>HP Percentage Mod:</em> HP is shown in percentages</small></div><div class=""><small><em>Illusion Level Mod:</em> Illusion disguises the Pokémon's true level</small></div><div class="spacer battle-history"><br></div><div class="battle-history">Battle started between bugsysbf and clug!<br></div><div class="spacer battle-history"><br></div><div class="battle-history">Go! <strong>Blissey</strong>!<br></div><div class="spacer battle-history"><br></div><div class="battle-history">clug sent out <strong>Stoutland</strong>!<br></div><div class="spacer battle-history"><br></div><h2 class="battle-history">Turn 1</h2><div class="spacer battle-history"><br></div><div class="battle-history">The opposing Stoutland used <strong>Superpower</strong>!<br></div><div class="battle-history"><small>It's super effective!</small><br></div><div class="battle-history"><small>(Blissey lost <abbr title="−546/566">96.5%</abbr> of its health!)</small><br></div><div class="battle-history"><small>The opposing Stoutland's Attack fell!</small><br></div><div class="battle-history"><small>The opposing Stoutland's Defense fell!</small><br></div><div class="spacer battle-history"><br></div><div class="battle-history">Blissey used <strong>Toxic</strong>!<br></div><div class="battle-history"><small>The opposing Stoutland was badly poisoned!</small><br></div><div class="spacer battle-history"><br></div><div class="battle-history"><small>Blissey restored a little HP using its Leftovers!</small><br></div><div class="battle-history"><small>The opposing Stoutland was hurt by poison!</small><br></div><div class="spacer battle-history"><br></div><h2 class="battle-history">Turn 2</h2><div class="spacer battle-history"><br></div><div class="battle-history">Blissey used <strong>Protect</strong>!<br></div><div class="battle-history"><small>Blissey protected itself!</small><br></div><div class="spacer battle-history"><br></div><div class="battle-history">The opposing Stoutland used <strong>Superpower</strong>!<br></div><div class="battle-history"><small>Blissey protected itself!</small><br></div><div class="spacer battle-history"><br></div><div class="battle-history"><small>Blissey restored a little HP using its Leftovers!</small><br></div><div class="battle-history"><small>The opposing Stoutland was hurt by poison!</small><br></div><div class="spacer battle-history"><br></div><h2 class="battle-history">Turn 3</h2><div class="spacer battle-history"><br></div><div class="battle-history">Blissey, come back!<br></div><div class="battle-history">Go! <strong>Decidueye</strong>!<br></div><div class="spacer battle-history"><br></div><div class="battle-history">The opposing Stoutland used <strong>Superpower</strong>!<br></div><div class="battle-history"><small>(Decidueye lost <abbr title="−67/277">24.2%</abbr> of its health!)</small><br></div><div class="battle-history"><small>The opposing Stoutland's Attack fell!</small><br></div><div class="battle-history"><small>The opposing Stoutland's Defense fell!</small><br></div><div class="spacer battle-history"><br></div><div class="battle-history"><small>The opposing Stoutland was hurt by poison!</small><br></div><div class="spacer battle-history"><br></div><h2 class="battle-history">Turn 4</h2><div class="spacer battle-history"><br></div><div class="battle-history">clug withdrew Stoutland!<br></div><div class="battle-history">clug sent out <strong>Mawile</strong>!<br></div><div class="battle-history">[The opposing Mawile's Intimidate]<br></div><div class="battle-history"><small>Decidueye's Attack fell!</small><br></div><div class="spacer battle-history"><br></div><div class="battle-history">Decidueye used <strong>Leaf Blade</strong>!<br></div><div class="battle-history"><small>It's not very effective...</small><br></div><div class="battle-history"><small>(The opposing Mawile lost <abbr title="−37/211">17.5%</abbr> of its health!)</small><br></div><div class="spacer battle-history"><br></div><h2 class="battle-history">Turn 5</h2><div class="spacer battle-history"><br></div><div class="battle-history">Decidueye, come back!<br></div><div class="battle-history">Go! <strong>Blissey</strong>!<br></div><div class="spacer battle-history"><br></div><div class="battle-history"><small>The opposing Mawile's Mawilite is reacting to the Key Stone!</small><br>The opposing Mawile has Mega Evolved into Mega Mawile!<br></div><div class="spacer battle-history"><br></div><div class="battle-history">The opposing Mawile used <strong>Swords Dance</strong>!<br></div><div class="battle-history"><small>The opposing Mawile's Attack rose sharply!</small><br></div><div class="spacer battle-history"><br></div><div class="battle-history"><small>Blissey restored a little HP using its Leftovers!</small><br></div><div class="spacer battle-history"><br></div><h2 class="battle-history">Turn 6</h2><div class="spacer battle-history"><br></div><div class="battle-history">Blissey used <strong>Seismic Toss</strong>!<br></div><div class="battle-history"><small>(The opposing Mawile lost <abbr title="−84/211">39.8%</abbr> of its health!)</small><br></div><div class="spacer battle-history"><br></div><div class="battle-history">The opposing Mawile used <strong>Iron Head</strong>!<br></div><div class="battle-history"><small>(Blissey lost <abbr title="−125/566">22.1%</abbr> of its health!)</small><br></div><div class="spacer battle-history"><br></div><div class="battle-history">Blissey fainted!<br></div><div class="spacer battle-history"><br></div><div class="battle-history">Go! <strong>Stantler</strong>!<br></div><div class="spacer battle-history"><br></div><h2 class="battle-history">Turn 7</h2><div class="spacer battle-history"><br></div><div class="battle-history">The opposing Mawile used <strong>Sucker Punch</strong>!<br></div><div class="battle-history"><small>(Stantler lost <abbr title="−223/277">80.5%</abbr> of its health!)</small><br></div><div class="spacer battle-history"><br></div><div class="battle-history">Stantler used <strong>Earthquake</strong>!<br></div><div class="battle-history"><small>It's super effective!</small><br></div><div class="battle-history"><small>(The opposing Mawile lost <abbr title="−90/211">42.7%</abbr> of its health!)</small><br></div><div class="spacer battle-history"><br></div><div class="battle-history">The opposing Mawile fainted!<br></div><div class="spacer battle-history"><br></div><div class="battle-history">clug sent out <strong>Keldeo</strong>!<br></div><div class="spacer battle-history"><br></div><h2 class="battle-history">Turn 8</h2><div class="spacer battle-history"><br></div><div class="battle-history">The opposing Keldeo used <strong>Calm Mind</strong>!<br></div><div class="battle-history"><small>The opposing Keldeo's Sp. Atk rose!</small><br></div><div class="battle-history"><small>The opposing Keldeo's Sp. Def rose!</small><br></div><div class="spacer battle-history"><br></div><div class="battle-history">Stantler used <strong>Earthquake</strong>!<br></div><div class="battle-history"><small>(The opposing Keldeo lost <abbr title="−125/277">45.1%</abbr> of its health!)</small><br></div><div class="spacer battle-history"><br></div><h2 class="battle-history">Turn 9</h2><div class="spacer battle-history"><br></div><div class="battle-history">The opposing Keldeo used <strong>Secret Sword</strong>!<br></div><div class="battle-history"><small>It's super effective!</small><br></div><div class="battle-history"><small>(Stantler lost <abbr title="−54/277">19.5%</abbr> of its health!)</small><br></div><div class="spacer battle-history"><br></div><div class="battle-history">Stantler fainted!<br></div><div class="battle-history"><small>The opposing Keldeo lost some of its HP!</small><br></div><div class="spacer battle-history"><br></div><div class="battle-history">Go! <strong>Decidueye</strong>!<br></div><div class="spacer battle-history"><br></div><h2 class="battle-history">Turn 10</h2><div class="spacer battle-history"><br></div><div class="battle-history">The opposing Keldeo used <strong>Hydro Pump</strong>!<br></div><div class="battle-history"><small>It's not very effective...</small><br></div><div class="battle-history"><small>(Decidueye lost <abbr title="−112/277">40.4%</abbr> of its health!)</small><br></div><div class="battle-history"><small>The opposing Keldeo lost some of its HP!</small><br></div><div class="spacer battle-history"><br></div><div class="battle-history">Decidueye used <strong>Leaf Blade</strong>!<br></div><div class="battle-history"><small>It's super effective!</small><br></div><div class="battle-history"><small>A critical hit!</small><br></div><div class="battle-history"><small>(The opposing Keldeo lost <abbr title="−98/277">35.4%</abbr> of its health!)</small><br></div><div class="spacer battle-history"><br></div><div class="battle-history">The opposing Keldeo fainted!<br></div><div class="spacer battle-history"><br></div><div class="battle-history">clug sent out <strong>Stoutland</strong>!<br></div><div class="spacer battle-history"><br></div><h2 class="battle-history">Turn 11</h2><div class="spacer battle-history"><br></div><div class="battle-history">The opposing Stoutland used <strong>Play Rough</strong>!<br></div><div class="battle-history"><small>(Decidueye lost <abbr title="−84/277">30.3%</abbr> of its health!)</small><br></div><div class="spacer battle-history"><br></div><div class="battle-history">Decidueye used <strong>Leaf Blade</strong>!<br></div><div class="battle-history"><small>(The opposing Stoutland lost <abbr title="−145/290">50%</abbr> of its health!)</small><br></div><div class="spacer battle-history"><br></div><div class="battle-history"><small>The opposing Stoutland was hurt by poison!</small><br></div><div class="spacer battle-history"><br></div><h2 class="battle-history">Turn 12</h2><div class="spacer battle-history"><br></div><div class="battle-history">Decidueye, come back!<br></div><div class="battle-history">Go! <strong>Nidoqueen</strong>!<br></div><div class="spacer battle-history"><br></div><div class="battle-history">The opposing Stoutland used <strong>Play Rough</strong>!<br></div><div class="battle-history"><small>It's not very effective...</small><br></div><div class="battle-history"><small>(Nidoqueen lost <abbr title="−37/285">13.0%</abbr> of its health!)</small><br></div><div class="spacer battle-history"><br></div><div class="battle-history"><small>The opposing Stoutland was hurt by poison!</small><br></div><div class="spacer battle-history"><br></div><div class="battle-history">The opposing Stoutland fainted!<br></div><div class="spacer battle-history"><br></div><div class="battle-history">clug sent out <strong>Registeel</strong>!<br></div><div class="spacer battle-history"><br></div><h2 class="battle-history">Turn 13</h2><div class="spacer battle-history"><br></div><div class="battle-history">Nidoqueen used <strong>Earth Power</strong>!<br></div><div class="battle-history"><small>It's super effective!</small><br></div><div class="battle-history"><small>(The opposing Registeel lost <abbr title="−156/272">57.4%</abbr> of its health!)</small><br></div><div class="spacer battle-history"><br></div><div class="battle-history">The opposing Registeel used <strong>Iron Head</strong>!<br></div><div class="battle-history"><small>(Nidoqueen lost <abbr title="−70/285">24.6%</abbr> of its health!)</small><br></div><div class="spacer battle-history"><br></div><div class="battle-history"><small>The opposing Registeel restored a little HP using its Leftovers!</small><br></div><div class="spacer battle-history"><br></div><h2 class="battle-history">Turn 14</h2><div class="spacer battle-history"><br></div><div class="battle-history">Nidoqueen used <strong>Earth Power</strong>!<br></div><div class="battle-history"><small>It's super effective!</small><br></div><div class="battle-history"><small>(The opposing Registeel lost <abbr title="−133/272">48.9%</abbr> of its health!)</small><br></div><div class="spacer battle-history"><br></div><div class="battle-history">The opposing Registeel fainted!<br></div><div class="spacer battle-history"><br></div><div class="battle-history">clug sent out <strong>Torkoal</strong>!<br></div><div class="battle-history">[The opposing Torkoal's Drought]<br><small>The sunlight turned harsh!</small><br></div><div class="spacer battle-history"><br></div><h2 class="battle-history">Turn 15</h2><div class="spacer battle-history"><br></div><div class="battle-history">Nidoqueen used <strong>Earth Power</strong>!<br></div><div class="battle-history"><small>It's super effective!</small><br></div><div class="battle-history"><small>(The opposing Torkoal lost <abbr title="−255/255">100%</abbr> of its health!)</small><br></div><div class="spacer battle-history"><br></div><div class="battle-history">The opposing Torkoal fainted!<br></div><div class="spacer battle-history"><br></div><div class="battle-history"><small>(The sunlight is strong.)</small><br></div><div class="spacer battle-history"><br></div><div class="battle-history">clug sent out Florges (<strong>Florges-Yellow</strong>)!<br></div><div class="spacer battle-history"><br></div><h2 class="battle-history">Turn 16</h2><div class="spacer battle-history"><br></div><div class="battle-history">The opposing Florges used <strong>Moonblast</strong>!<br></div><div class="battle-history"><small>It's not very effective...</small><br></div><div class="battle-history"><small>(Nidoqueen lost <abbr title="−58/285">20.4%</abbr> of its health!)</small><br></div><div class="spacer battle-history"><br></div><div class="battle-history">Nidoqueen used <strong>Sludge Wave</strong>!<br></div><div class="battle-history"><small>It's super effective!</small><br></div><div class="battle-history"><small>(The opposing Florges lost <abbr title="−195/271">72.0%</abbr> of its health!)</small><br></div><div class="spacer battle-history"><br></div><div class="battle-history"><small>(The sunlight is strong.)</small><br></div><div class="battle-history"><small>The opposing Florges restored a little HP using its Leftovers!</small><br></div><div class="spacer battle-history"><br></div><h2 class="battle-history">Turn 17</h2><div class="spacer battle-history"><br></div><div class="battle-history">The opposing Florges used <strong>Synthesis</strong>!<br></div><div class="battle-history"><small>The opposing Florges had its HP restored.</small><br></div><div class="spacer battle-history"><br></div><div class="battle-history">Nidoqueen used <strong>Sludge Wave</strong>!<br></div><div class="battle-history"><small>It's super effective!</small><br></div><div class="battle-history"><small>(The opposing Florges lost <abbr title="−187/271">69.0%</abbr> of its health!)</small><br></div><div class="spacer battle-history"><br></div><div class="battle-history"><small>(The sunlight is strong.)</small><br></div><div class="battle-history"><small>The opposing Florges restored a little HP using its Leftovers!</small><br></div><div class="spacer battle-history"><br></div><h2 class="battle-history">Turn 18</h2><div class="spacer battle-history"><br></div><div class="battle-history">The opposing Florges used <strong>Synthesis</strong>!<br></div><div class="battle-history"><small>The opposing Florges had its HP restored.</small><br></div><div class="spacer battle-history"><br></div><div class="battle-history">Nidoqueen used <strong>Sludge Wave</strong>!<br></div><div class="battle-history"><small>It's super effective!</small><br></div><div class="battle-history"><small>(The opposing Florges lost <abbr title="−174/271">64.2%</abbr> of its health!)</small><br></div><div class="spacer battle-history"><br></div><div class="battle-history"><small>(The sunlight is strong.)</small><br></div><div class="battle-history"><small>The opposing Florges restored a little HP using its Leftovers!</small><br></div><div class="spacer battle-history"><br></div><h2 class="battle-history">Turn 19</h2><div class="spacer battle-history"><br></div><div class="battle-history">The opposing Florges used <strong>Synthesis</strong>!<br></div><div class="battle-history"><small>The opposing Florges had its HP restored.</small><br></div><div class="spacer battle-history"><br></div><div class="battle-history">Nidoqueen used <strong>Sludge Wave</strong>!<br></div><div class="battle-history"><small>It's super effective!</small><br></div><div class="battle-history"><small>(The opposing Florges lost <abbr title="−187/271">69.0%</abbr> of its health!)</small><br></div><div class="spacer battle-history"><br></div><div class="battle-history"><small>The harsh sunlight faded.</small><br></div><div class="battle-history"><small>The opposing Florges restored a little HP using its Leftovers!</small><br></div><div class="spacer battle-history"><br></div><h2 class="battle-history">Turn 20</h2><div class="spacer battle-history"><br></div><div class="battle-history">The opposing Florges used <strong>Synthesis</strong>!<br></div><div class="battle-history"><small>The opposing Florges had its HP restored.</small><br></div><div class="spacer battle-history"><br></div><div class="battle-history">Nidoqueen used <strong>Sludge Wave</strong>!<br></div><div class="battle-history"><small>It's super effective!</small><br></div><div class="battle-history"><small>(The opposing Florges lost <abbr title="−190/271">70.1%</abbr> of its health!)</small><br></div><div class="spacer battle-history"><br></div><div class="battle-history"><small>The opposing Florges restored a little HP using its Leftovers!</small><br></div><div class="spacer battle-history"><br></div><h2 class="battle-history">Turn 21</h2><div class="spacer battle-history"><br></div><div class="battle-history">The opposing Florges used <strong>Synthesis</strong>!<br></div><div class="battle-history"><small>The opposing Florges had its HP restored.</small><br></div><div class="spacer battle-history"><br></div><div class="battle-history">Nidoqueen used <strong>Sludge Wave</strong>!<br></div><div class="battle-history"><small>It's super effective!</small><br></div><div class="battle-history"><small>(The opposing Florges lost <abbr title="−172/271">63.5%</abbr> of its health!)</small><br></div><div class="spacer battle-history"><br></div><div class="battle-history"><small>The opposing Florges restored a little HP using its Leftovers!</small><br></div><div class="spacer battle-history"><br></div><h2 class="battle-history">Turn 22</h2><div class="spacer battle-history"><br></div><div class="battle-history">The opposing Florges used <strong>Moonblast</strong>!<br></div><div class="battle-history"><small>It's not very effective...</small><br></div><div class="battle-history"><small>(Nidoqueen lost <abbr title="−63/285">22.1%</abbr> of its health!)</small><br></div><div class="battle-history"><small>Nidoqueen's Sp. Atk fell!</small><br></div><div class="spacer battle-history"><br></div><div class="battle-history">Nidoqueen used <strong>Toxic Spikes</strong>!<br></div><div class="battle-history"><small>Poison spikes were scattered on the ground all around the opposing team!</small><br></div><div class="spacer battle-history"><br></div><div class="battle-history"><small>The opposing Florges restored a little HP using its Leftovers!</small><br></div><div class="spacer battle-history"><br></div><h2 class="battle-history">Turn 23</h2><div class="spacer battle-history"><br></div><div class="battle-history">The opposing Florges used <strong>Moonblast</strong>!<br></div><div class="battle-history"><small>It's not very effective...</small><br></div><div class="battle-history"><small>(Nidoqueen lost <abbr title="−57/285">20%</abbr> of its health!)</small><br></div><div class="spacer battle-history"><br></div><div class="battle-history">Nidoqueen fainted!<br></div><div class="spacer battle-history"><br></div><div class="battle-history"><small>The opposing Florges restored a little HP using its Leftovers!</small><br></div><div class="spacer battle-history"><br></div><div class="battle-history">Go! <strong>Decidueye</strong>!<br></div><div class="spacer battle-history"><br></div><h2 class="battle-history">Turn 24</h2><div class="spacer battle-history"><br></div><div class="battle-history">The opposing Florges used <strong>Moonblast</strong>!<br></div><div class="battle-history"><small>(Decidueye lost <abbr title="−14/277">5.1%</abbr> of its health!)</small><br></div><div class="spacer battle-history"><br></div><div class="battle-history">Decidueye fainted!<br></div><div class="spacer battle-history"><br></div><div class="battle-history"><small>The opposing Florges restored a little HP using its Leftovers!</small><br></div><div class="spacer battle-history"><br></div><div class="battle-history">Go! <strong>Mienshao</strong>!<br></div><div class="spacer battle-history"><br></div><h2 class="battle-history">Turn 25</h2><div class="spacer battle-history"><br></div><div class="battle-history">Mienshao used <strong>Stone Edge</strong>!<br></div><div class="battle-history"><small>The opposing Florges avoided the attack!</small><br></div><div class="spacer battle-history"><br></div><div class="battle-history">The opposing Florges used <strong>Synthesis</strong>!<br></div><div class="battle-history"><small>The opposing Florges had its HP restored.</small><br></div><div class="spacer battle-history"><br></div><div class="battle-history"><small>The opposing Florges restored a little HP using its Leftovers!</small><br></div><div class="spacer battle-history"><br></div><h2 class="battle-history">Turn 26</h2><div class="spacer battle-history"><br></div><div class="battle-history"><small>bugsysbf forfeited.</small><br></div><div class="spacer battle-history"><br></div><div class="battle-history"><strong>clug</strong> won the battle!<br></div><div class="chat"><small>☆bugsysbf left</small></div></div><div class="inner-preempt message-log"></div></div></div>
</div>
<script>
let daily = Math.floor(Date.now()/1000/60/60/24);document.write('<script src="https://play.pokemonshowdown.com/js/replay-embed.js?version'+daily+'"></'+'script>');
</script>
