<!DOCTYPE html>
<meta charset="utf-8" />
<!-- version 1 -->
<title>[Gen 7] Random Battle replay: Kurokinari vs. pokeblade☆101</title>
<style>
html,body {font-family:Verdana, sans-serif;font-size:10pt;margin:0;padding:0;}body{padding:12px 0;} .battle-log {font-family:Verdana, sans-serif;font-size:10pt;} .battle-log-inline {border:1px solid #AAAAAA;background:#EEF2F5;color:black;max-width:640px;margin:0 auto 80px;padding-bottom:5px;} .battle-log .inner {padding:4px 8px 0px 8px;} .battle-log .inner-preempt {padding:0 8px 4px 8px;} .battle-log .inner-after {margin-top:0.5em;} .battle-log h2 {margin:0.5em -8px;padding:4px 8px;border:1px solid #AAAAAA;background:#E0E7EA;border-left:0;border-right:0;font-family:Verdana, sans-serif;font-size:13pt;} .battle-log .chat {vertical-align:middle;padding:3px 0 3px 0;font-size:8pt;} .battle-log .chat strong {color:#40576A;} .battle-log .chat em {padding:1px 4px 1px 3px;color:#000000;font-style:normal;} .chat.mine {background:rgba(0,0,0,0.05);margin-left:-8px;margin-right:-8px;padding-left:8px;padding-right:8px;} .spoiler {color:#BBBBBB;background:#BBBBBB;padding:0px 3px;} .spoiler:hover, .spoiler:active, .spoiler-shown {color:#000000;background:#E2E2E2;padding:0px 3px;} .spoiler a {color:#BBBBBB;} .spoiler:hover a, .spoiler:active a, .spoiler-shown a {color:#2288CC;} .chat code, .chat .spoiler:hover code, .chat .spoiler:active code, .chat .spoiler-shown code {border:1px solid #C0C0C0;background:#EEEEEE;color:black;padding:0 2px;} .chat .spoiler code {border:1px solid #CCCCCC;background:#CCCCCC;color:#CCCCCC;} .battle-log .rated {padding:3px 4px;} .battle-log .rated strong {color:white;background:#89A;padding:1px 4px;border-radius:4px;} .spacer {margin-top:0.5em;} .message-announce {background:#6688AA;color:white;padding:1px 4px 2px;} .message-announce a, .broadcast-green a, .broadcast-blue a, .broadcast-red a {color:#DDEEFF;} .broadcast-green {background-color:#559955;color:white;padding:2px 4px;} .broadcast-blue {background-color:#6688AA;color:white;padding:2px 4px;} .infobox {border:1px solid #6688AA;padding:2px 4px;} .infobox-limited {max-height:200px;overflow:auto;overflow-x:hidden;} .broadcast-red {background-color:#AA5544;color:white;padding:2px 4px;} .message-learn-canlearn {font-weight:bold;color:#228822;text-decoration:underline;} .message-learn-cannotlearn {font-weight:bold;color:#CC2222;text-decoration:underline;} .message-effect-weak {font-weight:bold;color:#CC2222;} .message-effect-resist {font-weight:bold;color:#6688AA;} .message-effect-immune {font-weight:bold;color:#666666;} .message-learn-list {margin-top:0;margin-bottom:0;} .message-throttle-notice, .message-error {color:#992222;} .message-overflow, .chat small.message-overflow {font-size:0pt;} .message-overflow::before {font-size:9pt;content:'...';} .subtle {color:#3A4A66;}
</style>
<div class="wrapper replay-wrapper" style="max-width:1180px;margin:0 auto">
<input type="hidden" name="replayid" value="gen7randombattle-736691780" />
<div class="battle"></div><div class="battle-log"></div><div class="replay-controls"></div><div class="replay-controls-2"></div>
<h1 style="font-weight:normal;text-align:center"><strong>[Gen 7] Random Battle</strong><br /><a href="http://pokemonshowdown.com/users/kurokinari" class="subtle" target="_blank">Kurokinari</a> vs. <a href="http://pokemonshowdown.com/users/pokeblade101" class="subtle" target="_blank">pokeblade☆101</a></h1>
<script type="text/plain" class="battle-log-data">|j|☆Kurokinari
|j|☆pokeblade☆101
|player|p1|Kurokinari|266
|player|p2|pokeblade☆101|#yellow
|teamsize|p1|6
|teamsize|p2|6
|gametype|singles
|gen|7
|tier|[Gen 7] Random Battle
|rated|
|seed|46652,6802,2489,54647
|rule|Sleep Clause Mod: Limit one foe put to sleep
|rule|HP Percentage Mod: HP is shown in percentages
|
|start
|switch|p1a: Plusle|Plusle, L77, F|219\/219
|switch|p2a: Mightyena|Mightyena, L83, M|252\/252
|turn|1
|j| benJAMIN536
|
|switch|p1a: Terrakion|Terrakion, L77|267\/267
|move|p2a: Mightyena|Crunch|p1a: Terrakion
|-resisted|p1a: Terrakion
|-damage|p1a: Terrakion|225\/267
|-ability|p1a: Terrakion|Justified|boost
|-boost|p1a: Terrakion|atk|1
|
|-heal|p1a: Terrakion|241\/267|[from] item: Leftovers
|upkeep
|turn|2
|
|move|p1a: Terrakion|Substitute|p1a: Terrakion
|-start|p1a: Terrakion|Substitute
|-damage|p1a: Terrakion|175\/267
|move|p2a: Mightyena|Iron Tail|p1a: Terrakion
|-supereffective|p1a: Terrakion
|-end|p1a: Terrakion|Substitute
|
|-heal|p1a: Terrakion|191\/267|[from] item: Leftovers
|upkeep
|turn|3
|
|switch|p2a: Shiinotic|Shiinotic, L83, M|235\/235
|move|p1a: Terrakion|Substitute|p1a: Terrakion
|-start|p1a: Terrakion|Substitute
|-damage|p1a: Terrakion|125\/267
|
|-heal|p1a: Terrakion|141\/267|[from] item: Leftovers
|upkeep
|turn|4
|
|move|p1a: Terrakion|Stealth Rock|p2a: Shiinotic
|-sidestart|p2: pokeblade☆101|move: Stealth Rock
|move|p2a: Shiinotic|Moonblast|p1a: Terrakion
|-supereffective|p1a: Terrakion
|-end|p1a: Terrakion|Substitute
|
|-heal|p1a: Terrakion|157\/267|[from] item: Leftovers
|upkeep
|turn|5
|
|move|p1a: Terrakion|Substitute|p1a: Terrakion
|-start|p1a: Terrakion|Substitute
|-damage|p1a: Terrakion|91\/267
|move|p2a: Shiinotic|Spore|p1a: Terrakion
|-fail|p1a: Terrakion
|
|-heal|p1a: Terrakion|107\/267|[from] item: Leftovers
|upkeep
|turn|6
|
|move|p1a: Terrakion|Stone Edge|p2a: Shiinotic
|-damage|p2a: Shiinotic|42\/235
|move|p2a: Shiinotic|Moonblast|p1a: Terrakion
|-supereffective|p1a: Terrakion
|-end|p1a: Terrakion|Substitute
|
|-heal|p1a: Terrakion|123\/267|[from] item: Leftovers
|-heal|p2a: Shiinotic|56\/235|[from] item: Leftovers
|upkeep
|turn|7
|c| benJAMIN536|subz 4 dayz
|c|☆pokeblade☆101|yeah i should have predicted that but meh
|
|move|p1a: Terrakion|Stone Edge|p2a: Shiinotic
|-damage|p2a: Shiinotic|0 fnt
|faint|p2a: Shiinotic
|
|-heal|p1a: Terrakion|139\/267|[from] item: Leftovers
|upkeep
|
|switch|p2a: Gengar|Gengar, L73, F|208\/208
|-damage|p2a: Gengar|182\/208|[from] Stealth Rock
|turn|8
|
|-mega|p2a: Gengar|Gengar|Gengarite
|detailschange|p2a: Gengar|Gengar-Mega, L73, F
|move|p2a: Gengar|Focus Blast|p1a: Terrakion
|-supereffective|p1a: Terrakion
|-damage|p1a: Terrakion|0 fnt
|faint|p1a: Terrakion
|
|upkeep
|
|switch|p1a: Arcanine|Arcanine, L77, F|265\/265
|turn|9
|
|switch|p2a: Pelipper|Pelipper, L79, F|223\/223
|-damage|p2a: Pelipper|168\/223|[from] Stealth Rock
|-weather|RainDance|[from] ability: Drizzle|[of] p2a: Pelipper
|move|p1a: Arcanine|Crunch|p2a: Pelipper
|-damage|p2a: Pelipper|107\/223
|-damage|p1a: Arcanine|239\/265|[from] item: Life Orb
|
|-weather|RainDance|[upkeep]
|upkeep
|turn|10
|
|switch|p1a: Plusle|Plusle, L77, F|219\/219
|move|p2a: Pelipper|Scald|p1a: Plusle
|-damage|p1a: Plusle|36\/219
|-damage|p2a: Pelipper|85\/223|[from] item: Life Orb
|
|-weather|RainDance|[upkeep]
|upkeep
|turn|11
|
|move|p1a: Plusle|Thunderbolt|p2a: Pelipper
|-supereffective|p2a: Pelipper
|-damage|p2a: Pelipper|0 fnt
|faint|p2a: Pelipper
|
|-weather|RainDance|[upkeep]
|upkeep
|
|switch|p2a: Mightyena|Mightyena, L83, M|252\/252
|-damage|p2a: Mightyena|221\/252|[from] Stealth Rock
|turn|12
|
|move|p2a: Mightyena|Sucker Punch|p1a: Plusle|[still]
|-fail|p2a: Mightyena
|move|p1a: Plusle|Nasty Plot|p1a: Plusle
|-boost|p1a: Plusle|spa|2
|
|-weather|RainDance|[upkeep]
|upkeep
|turn|13
|
|move|p1a: Plusle|Baton Pass|p1a: Plusle
|c| benJAMIN536|dem dictions
|
|switch|p1a: Volcarona|Volcarona, L75, M|251\/251|[from]move: Baton Pass
|move|p2a: Mightyena|Crunch|p1a: Volcarona
|-damage|p1a: Volcarona|145\/251
|-unboost|p1a: Volcarona|def|1
|
|-weather|none
|-heal|p1a: Volcarona|160\/251|[from] item: Leftovers
|upkeep
|turn|14
|
|move|p1a: Volcarona|Fiery Dance|p2a: Mightyena
|-damage|p2a: Mightyena|0 fnt
|-boost|p1a: Volcarona|spa|1
|faint|p2a: Mightyena
|
|-heal|p1a: Volcarona|175\/251|[from] item: Leftovers
|upkeep
|c|☆pokeblade☆101|ouch
|c|☆pokeblade☆101|lol i lost
|c|☆pokeblade☆101|this team is actually bad
|c|☆pokeblade☆101|unown and escavalier
|c| benJAMIN536|gar doesnt have disable \/ dbond?
|-message|pokeblade☆101 forfeited.
|
|win|Kurokinari
|l|☆pokeblade☆101
|c|☆Kurokinari|The fact that under Sub Terrakion could take everyone on your team hurted
|raw|Kurokinari's rating: 2395 &rarr; <strong>2417<\/strong><br \/>(+22 for winning)
|raw|pokeblade☆101's rating: 2425 &rarr; <strong>2403<\/strong><br \/>(-22 for losing)
|l| benJAMIN536
</script>
</div>
<div class="battle-log battle-log-inline"><div class="inner"><div class="battle-options"></div><div class="inner message-log"><div class="chat"><small>☆Kurokinari and ☆pokeblade☆101 joined</small></div><div class=""><small>Format:</small> <br><strong>[Gen 7] Random Battle</strong></div><div class="rated"><strong>Rated battle</strong></div><div class=""><small><em>Sleep Clause Mod:</em> Limit one foe put to sleep</small></div><div class=""><small><em>HP Percentage Mod:</em> HP is shown in percentages</small></div><div class="spacer battle-history"><br></div><div class="battle-history">Battle started between Kurokinari and pokeblade☆101!<br></div><div class="spacer battle-history"><br></div><div class="battle-history">Go! <strong>Plusle</strong>!<br></div><div class="spacer battle-history"><br></div><div class="battle-history">pokeblade☆101 sent out <strong>Mightyena</strong>!<br></div><div class="spacer battle-history"><br></div><h2 class="battle-history">Turn 1</h2><div class="chat"><small> benJAMIN536 joined</small></div><div class="spacer battle-history"><br></div><div class="battle-history">Plusle, come back!<br></div><div class="battle-history">Go! <strong>Terrakion</strong>!<br></div><div class="spacer battle-history"><br></div><div class="battle-history">The opposing Mightyena used <strong>Crunch</strong>!<br></div><div class="battle-history"><small>It's not very effective...</small><br></div><div class="battle-history"><small>(Terrakion lost <abbr title="−42/267">15.7%</abbr> of its health!)</small><br></div><div class="battle-history">[Terrakion's Justified]<br></div><div class="battle-history"><small>Terrakion's Attack rose!</small><br></div><div class="spacer battle-history"><br></div><div class="battle-history"><small>Terrakion restored a little HP using its Leftovers!</small><br></div><div class="spacer battle-history"><br></div><h2 class="battle-history">Turn 2</h2><div class="spacer battle-history"><br></div><div class="battle-history">Terrakion used <strong>Substitute</strong>!<br></div><div class="battle-history"><small>Terrakion put in a substitute!</small><br></div><div class="battle-history"><small>(Terrakion lost <abbr title="−66/267">24.7%</abbr> of its health!)</small><br></div><div class="spacer battle-history"><br></div><div class="battle-history">The opposing Mightyena used <strong>Iron Tail</strong>!<br></div><div class="battle-history"><small>It's super effective!</small><br></div><div class="battle-history"><small>Terrakion's substitute faded!</small><br></div><div class="spacer battle-history"><br></div><div class="battle-history"><small>Terrakion restored a little HP using its Leftovers!</small><br></div><div class="spacer battle-history"><br></div><h2 class="battle-history">Turn 3</h2><div class="spacer battle-history"><br></div><div class="battle-history">pokeblade☆101 withdrew Mightyena!<br></div><div class="battle-history">pokeblade☆101 sent out <strong>Shiinotic</strong>!<br></div><div class="spacer battle-history"><br></div><div class="battle-history">Terrakion used <strong>Substitute</strong>!<br></div><div class="battle-history"><small>Terrakion put in a substitute!</small><br></div><div class="battle-history"><small>(Terrakion lost <abbr title="−66/267">24.7%</abbr> of its health!)</small><br></div><div class="spacer battle-history"><br></div><div class="battle-history"><small>Terrakion restored a little HP using its Leftovers!</small><br></div><div class="spacer battle-history"><br></div><h2 class="battle-history">Turn 4</h2><div class="spacer battle-history"><br></div><div class="battle-history">Terrakion used <strong>Stealth Rock</strong>!<br></div><div class="battle-history"><small>Pointed stones float in the air around the opposing team!</small><br></div><div class="spacer battle-history"><br></div><div class="battle-history">The opposing Shiinotic used <strong>Moonblast</strong>!<br></div><div class="battle-history"><small>It's super effective!</small><br></div><div class="battle-history"><small>Terrakion's substitute faded!</small><br></div><div class="spacer battle-history"><br></div><div class="battle-history"><small>Terrakion restored a little HP using its Leftovers!</small><br></div><div class="spacer battle-history"><br></div><h2 class="battle-history">Turn 5</h2><div class="spacer battle-history"><br></div><div class="battle-history">Terrakion used <strong>Substitute</strong>!<br></div><div class="battle-history"><small>Terrakion put in a substitute!</small><br></div><div class="battle-history"><small>(Terrakion lost <abbr title="−66/267">24.7%</abbr> of its health!)</small><br></div><div class="spacer battle-history"><br></div><div class="battle-history">The opposing Shiinotic used <strong>Spore</strong>!<br></div><div class="battle-history"><small>But it failed!</small><br></div><div class="spacer battle-history"><br></div><div class="battle-history"><small>Terrakion restored a little HP using its Leftovers!</small><br></div><div class="spacer battle-history"><br></div><h2 class="battle-history">Turn 6</h2><div class="spacer battle-history"><br></div><div class="battle-history">Terrakion used <strong>Stone Edge</strong>!<br></div><div class="battle-history"><small>(The opposing Shiinotic lost <abbr title="−193/235">82.1%</abbr> of its health!)</small><br></div><div class="spacer battle-history"><br></div><div class="battle-history">The opposing Shiinotic used <strong>Moonblast</strong>!<br></div><div class="battle-history"><small>It's super effective!</small><br></div><div class="battle-history"><small>Terrakion's substitute faded!</small><br></div><div class="spacer battle-history"><br></div><div class="battle-history"><small>Terrakion restored a little HP using its Leftovers!</small><br></div><div class="battle-history"><small>The opposing Shiinotic restored a little HP using its Leftovers!</small><br></div><div class="spacer battle-history"><br></div><h2 class="battle-history">Turn 7</h2><div class="chat chatmessage-benjamin536"><strong style="color:#bb3dbb"><small> </small><span class="username" data-name="benJAMIN536">benJAMIN536</span>:</strong> <em>subz 4 dayz</em></div><div class="chat chatmessage-pokeblade101"><strong style="color:#129f4f"><small>☆</small><span class="username" data-name="pokeblade☆101">pokeblade☆101</span>:</strong> <em>yeah i should have predicted that but meh</em></div><div class="spacer battle-history"><br></div><div class="battle-history">Terrakion used <strong>Stone Edge</strong>!<br></div><div class="battle-history"><small>(The opposing Shiinotic lost <abbr title="−56/235">23.8%</abbr> of its health!)</small><br></div><div class="spacer battle-history"><br></div><div class="battle-history">The opposing Shiinotic fainted!<br></div><div class="spacer battle-history"><br></div><div class="battle-history"><small>Terrakion restored a little HP using its Leftovers!</small><br></div><div class="spacer battle-history"><br></div><div class="battle-history">pokeblade☆101 sent out <strong>Gengar</strong>!<br></div><div class="battle-history"><small>Pointed stones dug into the opposing Gengar!</small><br></div><div class="spacer battle-history"><br></div><h2 class="battle-history">Turn 8</h2><div class="spacer battle-history"><br></div><div class="battle-history"><small>The opposing Gengar's Gengarite is reacting to the Key Stone!</small><br>The opposing Gengar has Mega Evolved into Mega Gengar!<br></div><div class="spacer battle-history"><br></div><div class="battle-history">The opposing Gengar used <strong>Focus Blast</strong>!<br></div><div class="battle-history"><small>It's super effective!</small><br></div><div class="battle-history"><small>(Terrakion lost <abbr title="−139/267">52.1%</abbr> of its health!)</small><br></div><div class="spacer battle-history"><br></div><div class="battle-history">Terrakion fainted!<br></div><div class="spacer battle-history"><br></div><div class="battle-history">Go! <strong>Arcanine</strong>!<br></div><div class="spacer battle-history"><br></div><h2 class="battle-history">Turn 9</h2><div class="spacer battle-history"><br></div><div class="battle-history">pokeblade☆101 withdrew Gengar!<br></div><div class="battle-history">pokeblade☆101 sent out <strong>Pelipper</strong>!<br></div><div class="battle-history"><small>Pointed stones dug into the opposing Pelipper!</small><br></div><div class="battle-history">[The opposing Pelipper's Drizzle]<br><small>It started to rain!</small><br></div><div class="spacer battle-history"><br></div><div class="battle-history">Arcanine used <strong>Crunch</strong>!<br></div><div class="battle-history"><small>(The opposing Pelipper lost <abbr title="−61/223">27.4%</abbr> of its health!)</small><br></div><div class="battle-history"><small>Arcanine lost some of its HP!</small><br></div><div class="spacer battle-history"><br></div><div class="battle-history"><small>(Rain continues to fall.)</small><br></div><div class="spacer battle-history"><br></div><h2 class="battle-history">Turn 10</h2><div class="spacer battle-history"><br></div><div class="battle-history">Arcanine, come back!<br></div><div class="battle-history">Go! <strong>Plusle</strong>!<br></div><div class="spacer battle-history"><br></div><div class="battle-history">The opposing Pelipper used <strong>Scald</strong>!<br></div><div class="battle-history"><small>(Plusle lost <abbr title="−183/219">83.6%</abbr> of its health!)</small><br></div><div class="battle-history"><small>The opposing Pelipper lost some of its HP!</small><br></div><div class="spacer battle-history"><br></div><div class="battle-history"><small>(Rain continues to fall.)</small><br></div><div class="spacer battle-history"><br></div><h2 class="battle-history">Turn 11</h2><div class="spacer battle-history"><br></div><div class="battle-history">Plusle used <strong>Thunderbolt</strong>!<br></div><div class="battle-history"><small>It's super effective!</small><br></div><div class="battle-history"><small>(The opposing Pelipper lost <abbr title="−85/223">38.1%</abbr> of its health!)</small><br></div><div class="spacer battle-history"><br></div><div class="battle-history">The opposing Pelipper fainted!<br></div><div class="spacer battle-history"><br></div><div class="battle-history"><small>(Rain continues to fall.)</small><br></div><div class="spacer battle-history"><br></div><div class="battle-history">pokeblade☆101 sent out <strong>Mightyena</strong>!<br></div><div class="battle-history"><small>Pointed stones dug into the opposing Mightyena!</small><br></div><div class="spacer battle-history"><br></div><h2 class="battle-history">Turn 12</h2><div class="spacer battle-history"><br></div><div class="battle-history">The opposing Mightyena used <strong>Sucker Punch</strong>!<br></div><div class="battle-history"><small>But it failed!</small><br></div><div class="spacer battle-history"><br></div><div class="battle-history">Plusle used <strong>Nasty Plot</strong>!<br></div><div class="battle-history"><small>Plusle's Sp. Atk rose sharply!</small><br></div><div class="spacer battle-history"><br></div><div class="battle-history"><small>(Rain continues to fall.)</small><br></div><div class="spacer battle-history"><br></div><h2 class="battle-history">Turn 13</h2><div class="spacer battle-history"><br></div><div class="battle-history">Plusle used <strong>Baton Pass</strong>!<br></div><div class="chat chatmessage-benjamin536"><strong style="color:#bb3dbb"><small> </small><span class="username" data-name="benJAMIN536">benJAMIN536</span>:</strong> <em>dem dictions</em></div><div class="spacer battle-history"><br></div><div class="battle-history">Go! <strong>Volcarona</strong>!<br></div><div class="spacer battle-history"><br></div><div class="battle-history">The opposing Mightyena used <strong>Crunch</strong>!<br></div><div class="battle-history"><small>(Volcarona lost <abbr title="−106/251">42.2%</abbr> of its health!)</small><br></div><div class="battle-history"><small>Volcarona's Defense fell!</small><br></div><div class="spacer battle-history"><br></div><div class="battle-history"><small>The rain stopped.</small><br></div><div class="battle-history"><small>Volcarona restored a little HP using its Leftovers!</small><br></div><div class="spacer battle-history"><br></div><h2 class="battle-history">Turn 14</h2><div class="spacer battle-history"><br></div><div class="battle-history">Volcarona used <strong>Fiery Dance</strong>!<br></div><div class="battle-history"><small>(The opposing Mightyena lost <abbr title="−221/252">87.7%</abbr> of its health!)</small><br></div><div class="battle-history"><small>Volcarona's Sp. Atk rose!</small><br></div><div class="spacer battle-history"><br></div><div class="battle-history">The opposing Mightyena fainted!<br></div><div class="spacer battle-history"><br></div><div class="battle-history"><small>Volcarona restored a little HP using its Leftovers!</small><br></div><div class="chat chatmessage-pokeblade101"><strong style="color:#129f4f"><small>☆</small><span class="username" data-name="pokeblade☆101">pokeblade☆101</span>:</strong> <em>ouch</em></div><div class="chat chatmessage-pokeblade101"><strong style="color:#129f4f"><small>☆</small><span class="username" data-name="pokeblade☆101">pokeblade☆101</span>:</strong> <em>lol i lost</em></div><div class="chat chatmessage-pokeblade101"><strong style="color:#129f4f"><small>☆</small><span class="username" data-name="pokeblade☆101">pokeblade☆101</span>:</strong> <em>this team is actually bad</em></div><div class="chat chatmessage-pokeblade101"><strong style="color:#129f4f"><small>☆</small><span class="username" data-name="pokeblade☆101">pokeblade☆101</span>:</strong> <em>unown and escavalier</em></div><div class="chat chatmessage-benjamin536"><strong style="color:#bb3dbb"><small> </small><span class="username" data-name="benJAMIN536">benJAMIN536</span>:</strong> <em>gar doesnt have disable / dbond?</em></div><div class="spacer battle-history"><br></div><div class="battle-history"><small>pokeblade☆101 forfeited.</small><br></div><div class="spacer battle-history"><br></div><div class="battle-history"><strong>Kurokinari</strong> won the battle!<br></div><div class="chat"><small>☆pokeblade☆101 left</small></div><div class="chat chatmessage-kurokinari"><strong style="color:#3b86b7"><small>☆</small><span class="username" data-name="Kurokinari">Kurokinari</span>:</strong> <em>The fact that under Sub Terrakion could take everyone on your team hurted</em></div><div class="chat">Kurokinari's rating: 2395 → <strong>2417</strong><br>(+22 for winning)</div><div class="chat">pokeblade☆101's rating: 2425 → <strong>2403</strong><br>(-22 for losing)</div><div class="chat"><small> benJAMIN536 left</small></div></div><div class="inner-preempt message-log"></div></div></div>
</div>
<script>
let daily = Math.floor(Date.now()/1000/60/60/24);document.write('<script src="https://play.pokemonshowdown.com/js/replay-embed.js?version'+daily+'"></'+'script>');
</script>
