<!DOCTYPE html>
<meta charset="utf-8" />
<!-- version 1 -->
<title>[Gen 7] Random Battle replay: JustOut459 vs. randomfren</title>
<style>
html,body {font-family:Verdana, sans-serif;font-size:10pt;margin:0;padding:0;}body{padding:12px 0;} .battle-log {font-family:Verdana, sans-serif;font-size:10pt;} .battle-log-inline {border:1px solid #AAAAAA;background:#EEF2F5;color:black;max-width:640px;margin:0 auto 80px;padding-bottom:5px;} .battle-log .inner {padding:4px 8px 0px 8px;} .battle-log .inner-preempt {padding:0 8px 4px 8px;} .battle-log .inner-after {margin-top:0.5em;} .battle-log h2 {margin:0.5em -8px;padding:4px 8px;border:1px solid #AAAAAA;background:#E0E7EA;border-left:0;border-right:0;font-family:Verdana, sans-serif;font-size:13pt;} .battle-log .chat {vertical-align:middle;padding:3px 0 3px 0;font-size:8pt;} .battle-log .chat strong {color:#40576A;} .battle-log .chat em {padding:1px 4px 1px 3px;color:#000000;font-style:normal;} .chat.mine {background:rgba(0,0,0,0.05);margin-left:-8px;margin-right:-8px;padding-left:8px;padding-right:8px;} .spoiler {color:#BBBBBB;background:#BBBBBB;padding:0px 3px;} .spoiler:hover, .spoiler:active, .spoiler-shown {color:#000000;background:#E2E2E2;padding:0px 3px;} .spoiler a {color:#BBBBBB;} .spoiler:hover a, .spoiler:active a, .spoiler-shown a {color:#2288CC;} .chat code, .chat .spoiler:hover code, .chat .spoiler:active code, .chat .spoiler-shown code {border:1px solid #C0C0C0;background:#EEEEEE;color:black;padding:0 2px;} .chat .spoiler code {border:1px solid #CCCCCC;background:#CCCCCC;color:#CCCCCC;} .battle-log .rated {padding:3px 4px;} .battle-log .rated strong {color:white;background:#89A;padding:1px 4px;border-radius:4px;} .spacer {margin-top:0.5em;} .message-announce {background:#6688AA;color:white;padding:1px 4px 2px;} .message-announce a, .broadcast-green a, .broadcast-blue a, .broadcast-red a {color:#DDEEFF;} .broadcast-green {background-color:#559955;color:white;padding:2px 4px;} .broadcast-blue {background-color:#6688AA;color:white;padding:2px 4px;} .infobox {border:1px solid #6688AA;padding:2px 4px;} .infobox-limited {max-height:200px;overflow:auto;overflow-x:hidden;} .broadcast-red {background-color:#AA5544;color:white;padding:2px 4px;} .message-learn-canlearn {font-weight:bold;color:#228822;text-decoration:underline;} .message-learn-cannotlearn {font-weight:bold;color:#CC2222;text-decoration:underline;} .message-effect-weak {font-weight:bold;color:#CC2222;} .message-effect-resist {font-weight:bold;color:#6688AA;} .message-effect-immune {font-weight:bold;color:#666666;} .message-learn-list {margin-top:0;margin-bottom:0;} .message-throttle-notice, .message-error {color:#992222;} .message-overflow, .chat small.message-overflow {font-size:0pt;} .message-overflow::before {font-size:9pt;content:'...';} .subtle {color:#3A4A66;}
</style>
<div class="wrapper replay-wrapper" style="max-width:1180px;margin:0 auto">
<input type="hidden" name="replayid" value="gen7randombattle-1013065023" />
<div class="battle"></div><div class="battle-log"></div><div class="replay-controls"></div><div class="replay-controls-2"></div>
<h1 style="font-weight:normal;text-align:center"><strong>[Gen 7] Random Battle</strong><br /><a href="http://pokemonshowdown.com/users/justout459" class="subtle" target="_blank">JustOut459</a> vs. <a href="http://pokemonshowdown.com/users/randomfren" class="subtle" target="_blank">randomfren</a></h1>
<script type="text/plain" class="battle-log-data">|j|☆JustOut459
|j|☆randomfren
|player|p1|JustOut459|290|2047
|player|p2|randomfren|163|1954
|teamsize|p1|6
|teamsize|p2|6
|gametype|singles
|gen|7
|tier|[Gen 7] Random Battle
|rated|
|rule|Sleep Clause Mod: Limit one foe put to sleep
|rule|HP Percentage Mod: HP is shown in percentages
|
|start
|switch|p1a: Absol|Absol, L83, F|244\/244
|switch|p2a: Gastrodon|Gastrodon, L88, F|339\/339
|turn|1
|inactive|Battle timer is ON: inactive players will automatically lose when time's up. (requested by randomfren)
|
|switch|p1a: Meloetta|Meloetta, L83|302\/302
|move|p2a: Gastrodon|Scald|p1a: Meloetta
|-damage|p1a: Meloetta|230\/302
|
|-heal|p1a: Meloetta|248\/302|[from] item: Leftovers
|upkeep
|turn|2
|
|move|p1a: Meloetta|Calm Mind|p1a: Meloetta
|-boost|p1a: Meloetta|spa|1
|-boost|p1a: Meloetta|spd|1
|move|p2a: Gastrodon|Scald|p1a: Meloetta
|-damage|p1a: Meloetta|200\/302
|-status|p1a: Meloetta|brn
|
|-heal|p1a: Meloetta|218\/302 brn|[from] item: Leftovers
|-damage|p1a: Meloetta|200\/302 brn|[from] brn
|upkeep
|turn|3
|
|move|p1a: Meloetta|Hyper Voice|p2a: Gastrodon
|-damage|p2a: Gastrodon|170\/339
|move|p2a: Gastrodon|Clear Smog|p1a: Meloetta
|-damage|p1a: Meloetta|181\/302 brn
|-clearboost|p1a: Meloetta
|
|-heal|p1a: Meloetta|199\/302 brn|[from] item: Leftovers
|-heal|p2a: Gastrodon|191\/339|[from] item: Leftovers
|-damage|p1a: Meloetta|181\/302 brn|[from] brn
|upkeep
|turn|4
|
|move|p1a: Meloetta|Psyshock|p2a: Gastrodon
|-damage|p2a: Gastrodon|73\/339
|move|p2a: Gastrodon|Earthquake|p1a: Meloetta
|-damage|p1a: Meloetta|66\/302 brn
|
|-heal|p1a: Meloetta|84\/302 brn|[from] item: Leftovers
|-heal|p2a: Gastrodon|94\/339|[from] item: Leftovers
|-damage|p1a: Meloetta|66\/302 brn|[from] brn
|upkeep
|turn|5
|
|switch|p2a: Shaymin|Shaymin, L84|305\/305
|move|p1a: Meloetta|Hyper Voice|p2a: Shaymin
|-damage|p2a: Shaymin|205\/305
|
|-heal|p2a: Shaymin|224\/305|[from] item: Leftovers
|-heal|p1a: Meloetta|84\/302 brn|[from] item: Leftovers
|-damage|p1a: Meloetta|66\/302 brn|[from] brn
|upkeep
|turn|6
|
|switch|p1a: Scolipede|Scolipede, L81, M|230\/230
|move|p2a: Shaymin|Seed Flare|p1a: Scolipede
|-resisted|p1a: Scolipede
|-damage|p1a: Scolipede|188\/230
|
|-heal|p2a: Shaymin|243\/305|[from] item: Leftovers
|upkeep
|turn|7
|
|switch|p2a: Pyukumuku|Pyukumuku, L89, M|243\/243
|move|p1a: Scolipede|Swords Dance|p1a: Scolipede
|-boost|p1a: Scolipede|atk|2
|
|-ability|p1a: Scolipede|Speed Boost|boost
|-boost|p1a: Scolipede|spe|1
|upkeep
|turn|8
|
|move|p1a: Scolipede|Swords Dance|p1a: Scolipede
|-boost|p1a: Scolipede|atk|2
|move|p2a: Pyukumuku|Reflect|p2a: Pyukumuku
|-sidestart|p2: randomfren|Reflect
|
|-ability|p1a: Scolipede|Speed Boost|boost
|-boost|p1a: Scolipede|spe|1
|upkeep
|turn|9
|
|move|p1a: Scolipede|Swords Dance|p1a: Scolipede
|-boost|p1a: Scolipede|atk|2
|move|p2a: Pyukumuku|Counter||[still]
|-fail|p2a: Pyukumuku
|
|-ability|p1a: Scolipede|Speed Boost|boost
|-boost|p1a: Scolipede|spe|1
|upkeep
|turn|10
|
|move|p1a: Scolipede|Swords Dance|p1a: Scolipede
|-boost|p1a: Scolipede|atk|0
|move|p2a: Pyukumuku|Counter||[still]
|-fail|p2a: Pyukumuku
|
|-ability|p1a: Scolipede|Speed Boost|boost
|-boost|p1a: Scolipede|spe|1
|upkeep
|turn|11
|
|move|p1a: Scolipede|Swords Dance|p1a: Scolipede
|-boost|p1a: Scolipede|atk|0
|move|p2a: Pyukumuku|Reflect||[still]
|-fail|p2a: Pyukumuku
|
|-ability|p1a: Scolipede|Speed Boost|boost
|-boost|p1a: Scolipede|spe|1
|upkeep
|turn|12
|
|move|p1a: Scolipede|Swords Dance|p1a: Scolipede
|-boost|p1a: Scolipede|atk|0
|move|p2a: Pyukumuku|Reflect||[still]
|-fail|p2a: Pyukumuku
|
|-ability|p1a: Scolipede|Speed Boost|boost
|-boost|p1a: Scolipede|spe|1
|upkeep
|turn|13
|
|move|p1a: Scolipede|Swords Dance|p1a: Scolipede
|-boost|p1a: Scolipede|atk|0
|move|p2a: Pyukumuku|Reflect||[still]
|-fail|p2a: Pyukumuku
|
|upkeep
|turn|14
|
|move|p1a: Scolipede|Swords Dance|p1a: Scolipede
|-boost|p1a: Scolipede|atk|0
|move|p2a: Pyukumuku|Reflect||[still]
|-fail|p2a: Pyukumuku
|
|upkeep
|turn|15
|
|move|p1a: Scolipede|Swords Dance|p1a: Scolipede
|-boost|p1a: Scolipede|atk|0
|move|p2a: Pyukumuku|Reflect||[still]
|-fail|p2a: Pyukumuku
|
|-sideend|p2: randomfren|Reflect
|upkeep
|turn|16
|
|move|p1a: Scolipede|Megahorn|p2a: Pyukumuku
|-damage|p2a: Pyukumuku|140\/243
|-damage|p1a: Scolipede|165\/230|[from] item: Life Orb
|move|p2a: Pyukumuku|Light Screen|p2a: Pyukumuku
|-sidestart|p2: randomfren|move: Light Screen
|
|upkeep
|turn|17
|
|switch|p1a: Lugia|Lugia, L78|293\/293
|move|p2a: Pyukumuku|Recover|p2a: Pyukumuku
|-heal|p2a: Pyukumuku|243\/243
|
|upkeep
|turn|18
|
|switch|p2a: Pikachu|Pikachu-Sinnoh, L90, M|209\/209
|move|p1a: Lugia|Toxic|p2a: Pikachu
|-status|p2a: Pikachu|tox
|
|-damage|p2a: Pikachu|196\/209 tox|[from] psn
|upkeep
|turn|19
|
|switch|p1a: Meloetta|Meloetta, L83|66\/302 brn
|move|p2a: Pikachu|Volt Switch|p1a: Meloetta
|-damage|p1a: Meloetta|0 fnt
|faint|p1a: Meloetta
|inactive|randomfren has 120 seconds left.
|
|switch|p2a: Vivillon|Vivillon, L86, M|277\/277
|
|upkeep
|
|switch|p1a: Scolipede|Scolipede, L81, M|165\/230
|turn|20
|
|switch|p2a: Gastrodon|Gastrodon, L88, F|94\/339
|move|p1a: Scolipede|Rock Slide|p2a: Gastrodon
|-resisted|p2a: Gastrodon
|-damage|p2a: Gastrodon|54\/339
|-damage|p1a: Scolipede|142\/230|[from] item: Life Orb
|
|-heal|p2a: Gastrodon|75\/339|[from] item: Leftovers
|-ability|p1a: Scolipede|Speed Boost|boost
|-boost|p1a: Scolipede|spe|1
|upkeep
|turn|21
|
|move|p1a: Scolipede|Megahorn|p2a: Gastrodon|[miss]
|-miss|p1a: Scolipede|p2a: Gastrodon
|move|p2a: Gastrodon|Scald|p1a: Scolipede
|-damage|p1a: Scolipede|25\/230
|-status|p1a: Scolipede|brn
|
|-heal|p2a: Gastrodon|96\/339|[from] item: Leftovers
|-damage|p1a: Scolipede|11\/230 brn|[from] brn
|-ability|p1a: Scolipede|Speed Boost|boost
|-boost|p1a: Scolipede|spe|1
|upkeep
|turn|22
|
|move|p1a: Scolipede|Megahorn|p2a: Gastrodon
|-damage|p2a: Gastrodon|13\/339
|-damage|p1a: Scolipede|0 fnt|[from] item: Life Orb
|faint|p1a: Scolipede
|move|p2a: Gastrodon|Scald|p1: Scolipede|[notarget]
|-fail|p2a: Gastrodon
|
|-heal|p2a: Gastrodon|34\/339|[from] item: Leftovers
|upkeep
|
|switch|p1a: Absol|Absol, L83, F|244\/244
|turn|23
|
|detailschange|p1a: Absol|Absol-Mega, L83, F
|-mega|p1a: Absol|Absol|Absolite
|move|p1a: Absol|Knock Off|p2a: Gastrodon
|-damage|p2a: Gastrodon|0 fnt
|-enditem|p2a: Gastrodon|Leftovers|[from] move: Knock Off|[of] p1a: Absol
|faint|p2a: Gastrodon
|
|-sideend|p2: randomfren|move: Light Screen
|upkeep
|
|switch|p2a: Tapu Koko|Tapu Koko, L80|243\/243
|-fieldstart|move: Electric Terrain|[from] ability: Electric Surge|[of] p2a: Tapu Koko
|turn|24
|
|move|p2a: Tapu Koko|Thunderbolt|p1a: Absol
|-damage|p1a: Absol|67\/244
|-status|p1a: Absol|par
|cant|p1a: Absol|par
|
|upkeep
|turn|25
|-message|JustOut459 forfeited.
|
|win|randomfren
|l|☆JustOut459
|raw|JustOut459's rating: 2047 &rarr; <strong>2021<\/strong><br \/>(-26 for losing)
|raw|randomfren's rating: 1954 &rarr; <strong>1979<\/strong><br \/>(+25 for winning)
</script>
</div>
<div class="battle-log battle-log-inline"><div class="inner"><div class="battle-options"></div><div class="inner message-log"><div class="chat"><small>☆JustOut459 and ☆randomfren joined</small></div><div class=""><small>Format:</small> <br><strong>[Gen 7] Random Battle</strong></div><div class="rated"><strong>Rated battle</strong></div><div class=""><small><em>Sleep Clause Mod:</em> Limit one foe put to sleep</small></div><div class=""><small><em>HP Percentage Mod:</em> HP is shown in percentages</small></div><div class="spacer battle-history"><br></div><div class="battle-history">Battle started between JustOut459 and randomfren!<br></div><div class="spacer battle-history"><br></div><div class="battle-history">Go! <strong>Absol</strong>!<br></div><div class="spacer battle-history"><br></div><div class="battle-history">randomfren sent out <strong>Gastrodon</strong>!<br></div><div class="spacer battle-history"><br></div><h2 class="battle-history">Turn 1</h2><div class="chat message-error">Battle timer is ON: inactive players will automatically lose when time's up. (requested by randomfren)</div><div class="spacer battle-history"><br></div><div class="battle-history">Absol, come back!<br></div><div class="battle-history">Go! <strong>Meloetta</strong>!<br></div><div class="spacer battle-history"><br></div><div class="battle-history">The opposing Gastrodon used <strong>Scald</strong>!<br></div><div class="battle-history"><small>(Meloetta lost <abbr title="−72/302">23.8%</abbr> of its health!)</small><br></div><div class="spacer battle-history"><br></div><div class="battle-history"><small>Meloetta restored a little HP using its Leftovers!</small><br></div><div class="spacer battle-history"><br></div><h2 class="battle-history">Turn 2</h2><div class="spacer battle-history"><br></div><div class="battle-history">Meloetta used <strong>Calm Mind</strong>!<br></div><div class="battle-history"><small>Meloetta's Sp. Atk rose!</small><br></div><div class="battle-history"><small>Meloetta's Sp. Def rose!</small><br></div><div class="spacer battle-history"><br></div><div class="battle-history">The opposing Gastrodon used <strong>Scald</strong>!<br></div><div class="battle-history"><small>(Meloetta lost <abbr title="−48/302">15.9%</abbr> of its health!)</small><br></div><div class="battle-history"><small>Meloetta was burned!</small><br></div><div class="spacer battle-history"><br></div><div class="battle-history"><small>Meloetta restored a little HP using its Leftovers!</small><br></div><div class="battle-history"><small>Meloetta was hurt by its burn!</small><br></div><div class="spacer battle-history"><br></div><h2 class="battle-history">Turn 3</h2><div class="spacer battle-history"><br></div><div class="battle-history">Meloetta used <strong>Hyper Voice</strong>!<br></div><div class="battle-history"><small>(The opposing Gastrodon lost <abbr title="−169/339">49.9%</abbr> of its health!)</small><br></div><div class="spacer battle-history"><br></div><div class="battle-history">The opposing Gastrodon used <strong>Clear Smog</strong>!<br></div><div class="battle-history"><small>(Meloetta lost <abbr title="−19/302">6.3%</abbr> of its health!)</small><br></div><div class="battle-history"><small>Meloetta's stat changes were removed!</small><br></div><div class="spacer battle-history"><br></div><div class="battle-history"><small>Meloetta restored a little HP using its Leftovers!</small><br></div><div class="battle-history"><small>The opposing Gastrodon restored a little HP using its Leftovers!</small><br></div><div class="battle-history"><small>Meloetta was hurt by its burn!</small><br></div><div class="spacer battle-history"><br></div><h2 class="battle-history">Turn 4</h2><div class="spacer battle-history"><br></div><div class="battle-history">Meloetta used <strong>Psyshock</strong>!<br></div><div class="battle-history"><small>(The opposing Gastrodon lost <abbr title="−118/339">34.8%</abbr> of its health!)</small><br></div><div class="spacer battle-history"><br></div><div class="battle-history">The opposing Gastrodon used <strong>Earthquake</strong>!<br></div><div class="battle-history"><small>(Meloetta lost <abbr title="−115/302">38.1%</abbr> of its health!)</small><br></div><div class="spacer battle-history"><br></div><div class="battle-history"><small>Meloetta restored a little HP using its Leftovers!</small><br></div><div class="battle-history"><small>The opposing Gastrodon restored a little HP using its Leftovers!</small><br></div><div class="battle-history"><small>Meloetta was hurt by its burn!</small><br></div><div class="spacer battle-history"><br></div><h2 class="battle-history">Turn 5</h2><div class="spacer battle-history"><br></div><div class="battle-history">randomfren withdrew Gastrodon!<br></div><div class="battle-history">randomfren sent out <strong>Shaymin</strong>!<br></div><div class="spacer battle-history"><br></div><div class="battle-history">Meloetta used <strong>Hyper Voice</strong>!<br></div><div class="battle-history"><small>(The opposing Shaymin lost <abbr title="−100/305">32.8%</abbr> of its health!)</small><br></div><div class="spacer battle-history"><br></div><div class="battle-history"><small>The opposing Shaymin restored a little HP using its Leftovers!</small><br></div><div class="battle-history"><small>Meloetta restored a little HP using its Leftovers!</small><br></div><div class="battle-history"><small>Meloetta was hurt by its burn!</small><br></div><div class="spacer battle-history"><br></div><h2 class="battle-history">Turn 6</h2><div class="spacer battle-history"><br></div><div class="battle-history">Meloetta, come back!<br></div><div class="battle-history">Go! <strong>Scolipede</strong>!<br></div><div class="spacer battle-history"><br></div><div class="battle-history">The opposing Shaymin used <strong>Seed Flare</strong>!<br></div><div class="battle-history"><small>It's not very effective...</small><br></div><div class="battle-history"><small>(Scolipede lost <abbr title="−42/230">18.3%</abbr> of its health!)</small><br></div><div class="spacer battle-history"><br></div><div class="battle-history"><small>The opposing Shaymin restored a little HP using its Leftovers!</small><br></div><div class="spacer battle-history"><br></div><h2 class="battle-history">Turn 7</h2><div class="spacer battle-history"><br></div><div class="battle-history">randomfren withdrew Shaymin!<br></div><div class="battle-history">randomfren sent out <strong>Pyukumuku</strong>!<br></div><div class="spacer battle-history"><br></div><div class="battle-history">Scolipede used <strong>Swords Dance</strong>!<br></div><div class="battle-history"><small>Scolipede's Attack rose sharply!</small><br></div><div class="spacer battle-history"><br></div><div class="battle-history">[Scolipede's Speed Boost]<br></div><div class="battle-history"><small>Scolipede's Speed rose!</small><br></div><div class="spacer battle-history"><br></div><h2 class="battle-history">Turn 8</h2><div class="spacer battle-history"><br></div><div class="battle-history">Scolipede used <strong>Swords Dance</strong>!<br></div><div class="battle-history"><small>Scolipede's Attack rose sharply!</small><br></div><div class="spacer battle-history"><br></div><div class="battle-history">The opposing Pyukumuku used <strong>Reflect</strong>!<br></div><div class="battle-history"><small>Reflect made the opposing team stronger against physical moves!</small><br></div><div class="spacer battle-history"><br></div><div class="battle-history">[Scolipede's Speed Boost]<br></div><div class="battle-history"><small>Scolipede's Speed rose!</small><br></div><div class="spacer battle-history"><br></div><h2 class="battle-history">Turn 9</h2><div class="spacer battle-history"><br></div><div class="battle-history">Scolipede used <strong>Swords Dance</strong>!<br></div><div class="battle-history"><small>Scolipede's Attack rose sharply!</small><br></div><div class="spacer battle-history"><br></div><div class="battle-history">The opposing Pyukumuku used <strong>Counter</strong>!<br></div><div class="battle-history"><small>But it failed!</small><br></div><div class="spacer battle-history"><br></div><div class="battle-history">[Scolipede's Speed Boost]<br></div><div class="battle-history"><small>Scolipede's Speed rose!</small><br></div><div class="spacer battle-history"><br></div><h2 class="battle-history">Turn 10</h2><div class="spacer battle-history"><br></div><div class="battle-history">Scolipede used <strong>Swords Dance</strong>!<br></div><div class="battle-history"><small>Scolipede's Attack won't go any higher!</small><br></div><div class="spacer battle-history"><br></div><div class="battle-history">The opposing Pyukumuku used <strong>Counter</strong>!<br></div><div class="battle-history"><small>But it failed!</small><br></div><div class="spacer battle-history"><br></div><div class="battle-history">[Scolipede's Speed Boost]<br></div><div class="battle-history"><small>Scolipede's Speed rose!</small><br></div><div class="spacer battle-history"><br></div><h2 class="battle-history">Turn 11</h2><div class="spacer battle-history"><br></div><div class="battle-history">Scolipede used <strong>Swords Dance</strong>!<br></div><div class="battle-history"><small>Scolipede's Attack won't go any higher!</small><br></div><div class="spacer battle-history"><br></div><div class="battle-history">The opposing Pyukumuku used <strong>Reflect</strong>!<br></div><div class="battle-history"><small>But it failed!</small><br></div><div class="spacer battle-history"><br></div><div class="battle-history">[Scolipede's Speed Boost]<br></div><div class="battle-history"><small>Scolipede's Speed rose!</small><br></div><div class="spacer battle-history"><br></div><h2 class="battle-history">Turn 12</h2><div class="spacer battle-history"><br></div><div class="battle-history">Scolipede used <strong>Swords Dance</strong>!<br></div><div class="battle-history"><small>Scolipede's Attack won't go any higher!</small><br></div><div class="spacer battle-history"><br></div><div class="battle-history">The opposing Pyukumuku used <strong>Reflect</strong>!<br></div><div class="battle-history"><small>But it failed!</small><br></div><div class="spacer battle-history"><br></div><div class="battle-history">[Scolipede's Speed Boost]<br></div><div class="battle-history"><small>Scolipede's Speed rose!</small><br></div><div class="spacer battle-history"><br></div><h2 class="battle-history">Turn 13</h2><div class="spacer battle-history"><br></div><div class="battle-history">Scolipede used <strong>Swords Dance</strong>!<br></div><div class="battle-history"><small>Scolipede's Attack won't go any higher!</small><br></div><div class="spacer battle-history"><br></div><div class="battle-history">The opposing Pyukumuku used <strong>Reflect</strong>!<br></div><div class="battle-history"><small>But it failed!</small><br></div><div class="spacer battle-history"><br></div><h2 class="battle-history">Turn 14</h2><div class="spacer battle-history"><br></div><div class="battle-history">Scolipede used <strong>Swords Dance</strong>!<br></div><div class="battle-history"><small>Scolipede's Attack won't go any higher!</small><br></div><div class="spacer battle-history"><br></div><div class="battle-history">The opposing Pyukumuku used <strong>Reflect</strong>!<br></div><div class="battle-history"><small>But it failed!</small><br></div><div class="spacer battle-history"><br></div><h2 class="battle-history">Turn 15</h2><div class="spacer battle-history"><br></div><div class="battle-history">Scolipede used <strong>Swords Dance</strong>!<br></div><div class="battle-history"><small>Scolipede's Attack won't go any higher!</small><br></div><div class="spacer battle-history"><br></div><div class="battle-history">The opposing Pyukumuku used <strong>Reflect</strong>!<br></div><div class="battle-history"><small>But it failed!</small><br></div><div class="spacer battle-history"><br></div><div class="battle-history"><small>The opposing team's Reflect wore off!</small><br></div><div class="spacer battle-history"><br></div><h2 class="battle-history">Turn 16</h2><div class="spacer battle-history"><br></div><div class="battle-history">Scolipede used <strong>Megahorn</strong>!<br></div><div class="battle-history"><small>(The opposing Pyukumuku lost <abbr title="−103/243">42.4%</abbr> of its health!)</small><br></div><div class="battle-history"><small>Scolipede lost some of its HP!</small><br></div><div class="spacer battle-history"><br></div><div class="battle-history">The opposing Pyukumuku used <strong>Light Screen</strong>!<br></div><div class="battle-history"><small>Light Screen made the opposing team stronger against special moves!</small><br></div><div class="spacer battle-history"><br></div><h2 class="battle-history">Turn 17</h2><div class="spacer battle-history"><br></div><div class="battle-history">Scolipede, come back!<br></div><div class="battle-history">Go! <strong>Lugia</strong>!<br></div><div class="spacer battle-history"><br></div><div class="battle-history">The opposing Pyukumuku used <strong>Recover</strong>!<br></div><div class="battle-history"><small>The opposing Pyukumuku had its HP restored.</small><br></div><div class="spacer battle-history"><br></div><h2 class="battle-history">Turn 18</h2><div class="spacer battle-history"><br></div><div class="battle-history">randomfren withdrew Pyukumuku!<br></div><div class="battle-history">randomfren sent out Pikachu (<strong>Pikachu-Sinnoh</strong>)!<br></div><div class="spacer battle-history"><br></div><div class="battle-history">Lugia used <strong>Toxic</strong>!<br></div><div class="battle-history"><small>The opposing Pikachu was badly poisoned!</small><br></div><div class="spacer battle-history"><br></div><div class="battle-history"><small>The opposing Pikachu was hurt by poison!</small><br></div><div class="spacer battle-history"><br></div><h2 class="battle-history">Turn 19</h2><div class="spacer battle-history"><br></div><div class="battle-history">Lugia, come back!<br></div><div class="battle-history">Go! <strong>Meloetta</strong>!<br></div><div class="spacer battle-history"><br></div><div class="battle-history">The opposing Pikachu used <strong>Volt Switch</strong>!<br></div><div class="battle-history"><small>(Meloetta lost <abbr title="−66/302">21.9%</abbr> of its health!)</small><br></div><div class="spacer battle-history"><br></div><div class="battle-history">Meloetta fainted!<br></div><div class="chat message-error">randomfren has 120 seconds left.</div><div class="spacer battle-history"><br></div><div class="battle-history">randomfren withdrew Pikachu!<br></div><div class="battle-history">randomfren sent out <strong>Vivillon</strong>!<br></div><div class="spacer battle-history"><br></div><div class="battle-history">Go! <strong>Scolipede</strong>!<br></div><div class="spacer battle-history"><br></div><h2 class="battle-history">Turn 20</h2><div class="spacer battle-history"><br></div><div class="battle-history">randomfren withdrew Vivillon!<br></div><div class="battle-history">randomfren sent out <strong>Gastrodon</strong>!<br></div><div class="spacer battle-history"><br></div><div class="battle-history">Scolipede used <strong>Rock Slide</strong>!<br></div><div class="battle-history"><small>It's not very effective...</small><br></div><div class="battle-history"><small>(The opposing Gastrodon lost <abbr title="−40/339">11.8%</abbr> of its health!)</small><br></div><div class="battle-history"><small>Scolipede lost some of its HP!</small><br></div><div class="spacer battle-history"><br></div><div class="battle-history"><small>The opposing Gastrodon restored a little HP using its Leftovers!</small><br></div><div class="battle-history">[Scolipede's Speed Boost]<br></div><div class="battle-history"><small>Scolipede's Speed rose!</small><br></div><div class="spacer battle-history"><br></div><h2 class="battle-history">Turn 21</h2><div class="spacer battle-history"><br></div><div class="battle-history">Scolipede used <strong>Megahorn</strong>!<br></div><div class="battle-history"><small>The opposing Gastrodon avoided the attack!</small><br></div><div class="spacer battle-history"><br></div><div class="battle-history">The opposing Gastrodon used <strong>Scald</strong>!<br></div><div class="battle-history"><small>(Scolipede lost <abbr title="−117/230">50.9%</abbr> of its health!)</small><br></div><div class="battle-history"><small>Scolipede was burned!</small><br></div><div class="spacer battle-history"><br></div><div class="battle-history"><small>The opposing Gastrodon restored a little HP using its Leftovers!</small><br></div><div class="battle-history"><small>Scolipede was hurt by its burn!</small><br></div><div class="battle-history">[Scolipede's Speed Boost]<br></div><div class="battle-history"><small>Scolipede's Speed rose!</small><br></div><div class="spacer battle-history"><br></div><h2 class="battle-history">Turn 22</h2><div class="spacer battle-history"><br></div><div class="battle-history">Scolipede used <strong>Megahorn</strong>!<br></div><div class="battle-history"><small>(The opposing Gastrodon lost <abbr title="−83/339">24.5%</abbr> of its health!)</small><br></div><div class="battle-history"><small>Scolipede lost some of its HP!</small><br></div><div class="spacer battle-history"><br></div><div class="battle-history">Scolipede fainted!<br></div><div class="battle-history">The opposing Gastrodon used <strong>Scald</strong>!<br></div><div class="battle-history"><small>But it failed!</small><br></div><div class="spacer battle-history"><br></div><div class="battle-history"><small>The opposing Gastrodon restored a little HP using its Leftovers!</small><br></div><div class="spacer battle-history"><br></div><div class="battle-history">Go! <strong>Absol</strong>!<br></div><div class="spacer battle-history"><br></div><h2 class="battle-history">Turn 23</h2><div class="spacer battle-history"><br></div><div class="battle-history"><small>Absol's Absolite is reacting to the Key Stone!</small><br>Absol has Mega Evolved into Mega Absol!<br></div><div class="spacer battle-history"><br></div><div class="battle-history">Absol used <strong>Knock Off</strong>!<br></div><div class="battle-history"><small>(The opposing Gastrodon lost <abbr title="−34/339">10.0%</abbr> of its health!)</small><br></div><div class="battle-history"><small>Absol knocked off the opposing Gastrodon's Leftovers!</small><br></div><div class="spacer battle-history"><br></div><div class="battle-history">The opposing Gastrodon fainted!<br></div><div class="spacer battle-history"><br></div><div class="battle-history"><small>The opposing team's Light Screen wore off!</small><br></div><div class="spacer battle-history"><br></div><div class="battle-history">randomfren sent out <strong>Tapu Koko</strong>!<br></div><div class="battle-history">[The opposing Tapu Koko's Electric Surge]<br><small>An electric current ran across the battlefield!</small><br></div><div class="spacer battle-history"><br></div><h2 class="battle-history">Turn 24</h2><div class="spacer battle-history"><br></div><div class="battle-history">The opposing Tapu Koko used <strong>Thunderbolt</strong>!<br></div><div class="battle-history"><small>(Absol lost <abbr title="−177/244">72.5%</abbr> of its health!)</small><br></div><div class="battle-history"><small>Absol is paralyzed! It may be unable to move!</small><br></div><div class="spacer battle-history"><br></div><div class="battle-history">Absol is paralyzed! It can't move!<br></div><div class="spacer battle-history"><br></div><h2 class="battle-history">Turn 25</h2><div class="spacer battle-history"><br></div><div class="battle-history"><small>JustOut459 forfeited.</small><br></div><div class="spacer battle-history"><br></div><div class="battle-history"><strong>randomfren</strong> won the battle!<br></div><div class="chat"><small>☆JustOut459 left</small></div><div class="chat">JustOut459's rating: 2047 → <strong>2021</strong><br>(-26 for losing)</div><div class="chat">randomfren's rating: 1954 → <strong>1979</strong><br>(+25 for winning)</div></div><div class="inner-preempt message-log"></div></div></div>
</div>
<script>
let daily = Math.floor(Date.now()/1000/60/60/24);document.write('<script src="https://play.pokemonshowdown.com/js/replay-embed.js?version'+daily+'"></'+'script>');
</script>
