<!DOCTYPE html>
<meta charset="utf-8" />
<!-- version 1 -->
<title>[Gen 7] Random Battle replay: v1kk77 vs. DestinyAlpha12</title>
<style>
html,body {font-family:Verdana, sans-serif;font-size:10pt;margin:0;padding:0;}body{padding:12px 0;} .battle-log {font-family:Verdana, sans-serif;font-size:10pt;} .battle-log-inline {border:1px solid #AAAAAA;background:#EEF2F5;color:black;max-width:640px;margin:0 auto 80px;padding-bottom:5px;} .battle-log .inner {padding:4px 8px 0px 8px;} .battle-log .inner-preempt {padding:0 8px 4px 8px;} .battle-log .inner-after {margin-top:0.5em;} .battle-log h2 {margin:0.5em -8px;padding:4px 8px;border:1px solid #AAAAAA;background:#E0E7EA;border-left:0;border-right:0;font-family:Verdana, sans-serif;font-size:13pt;} .battle-log .chat {vertical-align:middle;padding:3px 0 3px 0;font-size:8pt;} .battle-log .chat strong {color:#40576A;} .battle-log .chat em {padding:1px 4px 1px 3px;color:#000000;font-style:normal;} .chat.mine {background:rgba(0,0,0,0.05);margin-left:-8px;margin-right:-8px;padding-left:8px;padding-right:8px;} .spoiler {color:#BBBBBB;background:#BBBBBB;padding:0px 3px;} .spoiler:hover, .spoiler:active, .spoiler-shown {color:#000000;background:#E2E2E2;padding:0px 3px;} .spoiler a {color:#BBBBBB;} .spoiler:hover a, .spoiler:active a, .spoiler-shown a {color:#2288CC;} .chat code, .chat .spoiler:hover code, .chat .spoiler:active code, .chat .spoiler-shown code {border:1px solid #C0C0C0;background:#EEEEEE;color:black;padding:0 2px;} .chat .spoiler code {border:1px solid #CCCCCC;background:#CCCCCC;color:#CCCCCC;} .battle-log .rated {padding:3px 4px;} .battle-log .rated strong {color:white;background:#89A;padding:1px 4px;border-radius:4px;} .spacer {margin-top:0.5em;} .message-announce {background:#6688AA;color:white;padding:1px 4px 2px;} .message-announce a, .broadcast-green a, .broadcast-blue a, .broadcast-red a {color:#DDEEFF;} .broadcast-green {background-color:#559955;color:white;padding:2px 4px;} .broadcast-blue {background-color:#6688AA;color:white;padding:2px 4px;} .infobox {border:1px solid #6688AA;padding:2px 4px;} .infobox-limited {max-height:200px;overflow:auto;overflow-x:hidden;} .broadcast-red {background-color:#AA5544;color:white;padding:2px 4px;} .message-learn-canlearn {font-weight:bold;color:#228822;text-decoration:underline;} .message-learn-cannotlearn {font-weight:bold;color:#CC2222;text-decoration:underline;} .message-effect-weak {font-weight:bold;color:#CC2222;} .message-effect-resist {font-weight:bold;color:#6688AA;} .message-effect-immune {font-weight:bold;color:#666666;} .message-learn-list {margin-top:0;margin-bottom:0;} .message-throttle-notice, .message-error {color:#992222;} .message-overflow, .chat small.message-overflow {font-size:0pt;} .message-overflow::before {font-size:9pt;content:'...';} .subtle {color:#3A4A66;}
</style>
<div class="wrapper replay-wrapper" style="max-width:1180px;margin:0 auto">
<input type="hidden" name="replayid" value="gen7randombattle-2110375444" />
<div class="battle"></div><div class="battle-log"></div><div class="replay-controls"></div><div class="replay-controls-2"></div>
<h1 style="font-weight:normal;text-align:center"><strong>[Gen 7] Random Battle</strong><br /><a href="http://pokemonshowdown.com/users/v1kk77" class="subtle" target="_blank">v1kk77</a> vs. <a href="http://pokemonshowdown.com/users/destinyalpha12" class="subtle" target="_blank">DestinyAlpha12</a></h1>
<script type="text/plain" class="battle-log-data">|uhtml|medal-msg|<div class="broadcast-blue">Curious what those medals under the avatar are? PS now has Ladder Seasons! For more information, check out the <a href="https:\/\/www.smogon.com\/forums\/threads\/3740067\/">thread on Smogon.<\/a><\/div>
|uhtml|medal-msg|<div class="broadcast-blue">Curious what those medals under the avatar are? PS now has Ladder Seasons! For more information, check out the <a href="https:\/\/www.smogon.com\/forums\/threads\/3740067\/">thread on Smogon.<\/a><\/div>
|j|☆v1kk77
|j|☆DestinyAlpha12
|t:|1713948131
|gametype|singles
|player|p1|v1kk77|dawn|
|player|p2|DestinyAlpha12|266|
|teamsize|p1|6
|teamsize|p2|6
|gen|7
|tier|[Gen 7] Random Battle
|rule|Sleep Clause Mod: Limit one foe put to sleep
|rule|HP Percentage Mod: HP is shown in percentages
|rule|Illusion Level Mod: Illusion disguises the Pokémon's true level
|
|t:|1713948131
|start
|switch|p1a: Leafeon|Leafeon, L88, F|258\/258
|switch|p2a: Lucario|Lucario, L83, F|252\/252
|turn|1
|c|☆DestinyAlpha12|i lost
|c|☆DestinyAlpha12|khatam khalla
|c|☆DestinyAlpha12|s
|c|☆v1kk77|this team or no?
|c|☆DestinyAlpha12|shut upniga
|
|t:|1713948193
|switch|p2a: Passimian|Passimian, L85, F|309\/309
|move|p1a: Leafeon|Swords Dance|p1a: Leafeon
|-boost|p1a: Leafeon|atk|2
|
|upkeep
|turn|2
|
|t:|1713948201
|move|p2a: Passimian|Gunk Shot|p1a: Leafeon
|-supereffective|p1a: Leafeon
|-damage|p1a: Leafeon|112\/258
|move|p1a: Leafeon|Leaf Blade|p2a: Passimian
|-damage|p2a: Passimian|36\/309
|-damage|p1a: Leafeon|87\/258|[from] item: Life Orb
|
|upkeep
|turn|3
|
|t:|1713948209
|move|p2a: Passimian|Gunk Shot|p1a: Leafeon
|-supereffective|p1a: Leafeon
|-damage|p1a: Leafeon|0 fnt
|faint|p1a: Leafeon
|
|upkeep
|c|☆DestinyAlpha12|what the skibidi
|
|t:|1713948223
|switch|p1a: Huntail|Huntail, L84, M|230\/230
|turn|4
|
|t:|1713948230
|move|p2a: Passimian|Gunk Shot|p1a: Huntail
|-damage|p1a: Huntail|140\/230
|-status|p1a: Huntail|psn
|move|p1a: Huntail|Shell Smash|p1a: Huntail
|-unboost|p1a: Huntail|def|1
|-unboost|p1a: Huntail|spd|1
|-boost|p1a: Huntail|atk|2
|-boost|p1a: Huntail|spa|2
|-boost|p1a: Huntail|spe|2
|-enditem|p1a: Huntail|White Herb
|-clearnegativeboost|p1a: Huntail|[silent]
|
|-damage|p1a: Huntail|112\/230 psn|[from] psn
|upkeep
|turn|5
|
|t:|1713948244
|move|p2a: Passimian|Gunk Shot|p1a: Huntail|[miss]
|-miss|p2a: Passimian|p1a: Huntail
|move|p1a: Huntail|Waterfall|p2a: Passimian
|-damage|p2a: Passimian|0 fnt
|faint|p2a: Passimian
|
|-damage|p1a: Huntail|84\/230 psn|[from] psn
|upkeep
|
|t:|1713948271
|switch|p2a: Sawsbuck|Sawsbuck, L88, F|284\/284
|turn|6
|
|t:|1713948286
|move|p1a: Huntail|Ice Beam|p2a: Sawsbuck
|-supereffective|p2a: Sawsbuck
|-damage|p2a: Sawsbuck|12\/284
|move|p2a: Sawsbuck|Horn Leech|p1a: Huntail
|-supereffective|p1a: Huntail
|-damage|p1a: Huntail|0 fnt
|-heal|p2a: Sawsbuck|54\/284|[from] drain|[of] p1a: Huntail
|faint|p1a: Huntail
|-damage|p2a: Sawsbuck|26\/284|[from] item: Life Orb
|
|upkeep
|c|☆v1kk77|fucking
|
|t:|1713948303
|switch|p1a: Masquerain|Masquerain, L86, M|261\/261
|-ability|p1a: Masquerain|Intimidate|boost
|-unboost|p2a: Sawsbuck|atk|1
|turn|7
|c|☆v1kk77|shah baby
|c|☆v1kk77|shahhahahahahahaha
|c|☆v1kk77|sjhshdcdbsfvhndkb ngjdv
|
|t:|1713948320
|move|p2a: Sawsbuck|Horn Leech|p1a: Masquerain
|-resisted|p1a: Masquerain
|-damage|p1a: Masquerain|238\/261
|-heal|p2a: Sawsbuck|38\/284|[from] drain|[of] p1a: Masquerain
|-damage|p2a: Sawsbuck|10\/284|[from] item: Life Orb
|move|p1a: Masquerain|Quiver Dance|p1a: Masquerain
|-boost|p1a: Masquerain|spa|1
|-boost|p1a: Masquerain|spd|1
|-boost|p1a: Masquerain|spe|1
|
|-heal|p1a: Masquerain|254\/261|[from] item: Leftovers
|upkeep
|turn|8
|c|☆v1kk77|shahhhhhhh
|c|☆v1kk77|SAHHHHHHHHHHHHHHHHH
|c|☆v1kk77|SHAHHHHHHHHHHHHHHHHHHHH
|
|t:|1713948340
|move|p1a: Masquerain|Quiver Dance|p1a: Masquerain
|-boost|p1a: Masquerain|spa|1
|-boost|p1a: Masquerain|spd|1
|-boost|p1a: Masquerain|spe|1
|move|p2a: Sawsbuck|Swords Dance|p2a: Sawsbuck
|-boost|p2a: Sawsbuck|atk|2
|
|-heal|p1a: Masquerain|261\/261|[from] item: Leftovers
|upkeep
|turn|9
|
|t:|1713948360
|move|p1a: Masquerain|Bug Buzz|p2a: Sawsbuck
|-supereffective|p2a: Sawsbuck
|-damage|p2a: Sawsbuck|0 fnt
|faint|p2a: Sawsbuck
|
|upkeep
|
|t:|1713948377
|switch|p2a: Golem|Golem, L87, F|281\/281
|turn|10
|c|☆DestinyAlpha12|1 move
|c|☆DestinyAlpha12|pls
|c|☆DestinyAlpha12|i want to setup toxic spikes
|
|t:|1713948399
|move|p1a: Masquerain|Hydro Pump|p2a: Golem|[miss]
|-miss|p1a: Masquerain|p2a: Golem
|move|p2a: Golem|Stone Edge|p1a: Masquerain
|-supereffective|p1a: Masquerain
|-crit|p1a: Masquerain
|-damage|p1a: Masquerain|0 fnt
|faint|p1a: Masquerain
|
|upkeep
|c|☆v1kk77|u dont have
|c|☆v1kk77|toxic spiksef'rg
|c|☆v1kk77|qdwdskfegrf,dlvskofkslcxdf'
|c|☆v1kk77|s
|c|☆v1kk77|sfds
|c|☆v1kk77|fck u
|
|t:|1713948416
|switch|p1a: Wailord|Wailord, L91, M|456\/456
|turn|11
|
|t:|1713948451
|switch|p2a: Drapion|Drapion, L84, F|255\/255
|move|p1a: Wailord|Hydro Pump|p2a: Drapion
|-damage|p2a: Drapion|102\/255
|
|upkeep
|turn|12
|c|☆DestinyAlpha12|NIIIIIIIIIIIIIAGAAAAAAAAAAAAAAa
|
|t:|1713948468
|move|p1a: Wailord|Hydro Pump|p2a: Drapion
|-damage|p2a: Drapion|0 fnt
|faint|p2a: Drapion
|
|upkeep
|
|t:|1713948495
|switch|p2a: Sceptile|Sceptile, L82, M|249\/249
|turn|13
|c|☆DestinyAlpha12|i lost
|
|t:|1713948505
|detailschange|p2a: Sceptile|Sceptile-Mega, L82, M
|-mega|p2a: Sceptile|Sceptile|Sceptilite
|move|p2a: Sceptile|Swords Dance|p2a: Sceptile
|-boost|p2a: Sceptile|atk|2
|move|p1a: Wailord|Hydro Pump|p2a: Sceptile|[miss]
|-miss|p1a: Wailord|p2a: Sceptile
|
|upkeep
|turn|14
|
|t:|1713948527
|switch|p1a: Clefable|Clefable, L83, F|293\/293
|move|p2a: Sceptile|Leaf Blade|p1a: Clefable
|-damage|p1a: Clefable|82\/293
|
|-heal|p1a: Clefable|100\/293|[from] item: Leftovers
|upkeep
|turn|15
|
|t:|1713948538
|move|p2a: Sceptile|Leaf Blade|p1a: Clefable
|-damage|p1a: Clefable|0 fnt
|faint|p1a: Clefable
|
|upkeep
|
|t:|1713948543
|switch|p1a: Drapion|Drapion, L84, M|255\/255
|turn|16
|
|t:|1713948555
|move|p2a: Sceptile|Swords Dance|p2a: Sceptile
|-boost|p2a: Sceptile|atk|2
|move|p1a: Drapion|Poison Jab|p2a: Sceptile
|-supereffective|p2a: Sceptile
|-damage|p2a: Sceptile|0 fnt
|faint|p2a: Sceptile
|
|upkeep
|
|t:|1713948564
|switch|p2a: Golem|Golem, L87, F|281\/281
|turn|17
|c|☆DestinyAlpha12|did i just lose
|
|t:|1713948576
|switch|p1a: Wailord|Wailord, L91, M|456\/456
|move|p2a: Golem|Earthquake|p1a: Wailord
|-damage|p1a: Wailord|267\/456
|
|upkeep
|turn|18
|c|☆v1kk77|can u do fast
|
|t:|1713948619
|move|p2a: Golem|Sucker Punch|p1a: Wailord
|-damage|p1a: Wailord|180\/456
|move|p1a: Wailord|Hydro Pump|p2a: Golem
|-supereffective|p2a: Golem
|-ability|p2a: Golem|Sturdy
|-damage|p2a: Golem|1\/281
|-enditem|p2a: Golem|Weakness Policy
|-boost|p2a: Golem|atk|2|[from] item: Weakness Policy
|-boost|p2a: Golem|spa|2|[from] item: Weakness Policy
|
|upkeep
|turn|19
|c|☆DestinyAlpha12|....
|
|t:|1713948638
|move|p2a: Golem|Sucker Punch|p1a: Wailord
|-damage|p1a: Wailord|0 fnt
|faint|p1a: Wailord
|
|upkeep
|
|t:|1713948643
|switch|p1a: Drapion|Drapion, L84, M|255\/255
|turn|20
|c|☆DestinyAlpha12|OMG
|
|t:|1713948669
|move|p1a: Drapion|Earthquake|p2a: Golem
|-supereffective|p2a: Golem
|-damage|p2a: Golem|0 fnt
|faint|p2a: Golem
|
|upkeep
|
|t:|1713948672
|switch|p2a: Lucario|Lucario, L83, F|252\/252
|turn|21
|c|☆v1kk77|lets go
|c|☆v1kk77|CMON
|c|☆v1kk77|CMONNN
|c|☆v1kk77|LETS GOO
|c|☆v1kk77|CMONN
|c|☆v1kk77|SJAHAHAHAHA
|c|☆DestinyAlpha12|i lost nogga
|
|t:|1713948694
|move|p1a: Drapion|Earthquake|p2a: Lucario
|-supereffective|p2a: Lucario
|-damage|p2a: Lucario|16\/252
|move|p2a: Lucario|Close Combat|p1a: Drapion
|-damage|p1a: Drapion|98\/255
|-unboost|p2a: Lucario|def|1
|-unboost|p2a: Lucario|spd|1
|-damage|p2a: Lucario|0 fnt|[from] item: Life Orb
|faint|p2a: Lucario
|
|win|v1kk77
|c|☆DestinyAlpha12|clsoe
|c|☆v1kk77|I am the bone of my sword. Steel is my body, and fire my blood. I have created over a thousand blades, unknown to Death, nor known to Life. Have withstood pain to create many weapons, yet those hands will never hold anything. So, as I pray: Unlimited Blade Works.
</script>
</div>
<div class="battle-log battle-log-inline"><div class="inner"><div class="battle-options"></div><div class="inner message-log"><div class="notice uhtml-medalmsg"><div class="broadcast-blue">Curious what those medals under the avatar are? PS now has Ladder Seasons! For more information, check out the <a href="https://www.smogon.com/forums/threads/3740067/" target="_blank" rel="noopener">thread on Smogon.</a></div></div><div class="chat"><small>☆v1kk77 and ☆DestinyAlpha12 joined</small></div><div class=""><small>Format:</small> <br><strong>[Gen 7] Random Battle</strong></div><div class=""><small><em>Sleep Clause Mod:</em> Limit one foe put to sleep</small></div><div class=""><small><em>HP Percentage Mod:</em> HP is shown in percentages</small></div><div class=""><small><em>Illusion Level Mod:</em> Illusion disguises the Pokémon's true level</small></div><div class="spacer battle-history"><br></div><div class="battle-history">Battle started between v1kk77 and DestinyAlpha12!<br></div><div class="spacer battle-history"><br></div><div class="battle-history">Go! <strong>Leafeon</strong>!<br></div><div class="spacer battle-history"><br></div><div class="battle-history">DestinyAlpha12 sent out <strong>Lucario</strong>!<br></div><div class="spacer battle-history"><br></div><h2 class="battle-history">Turn 1</h2><div class="chat chatmessage-destinyalpha12"><strong style="color:#b0620f"><small>☆</small><span class="username" data-name="DestinyAlpha12">DestinyAlpha12</span>:</strong> <em>i lost</em></div><div class="chat chatmessage-destinyalpha12"><strong style="color:#b0620f"><small>☆</small><span class="username" data-name="DestinyAlpha12">DestinyAlpha12</span>:</strong> <em>khatam khalla</em></div><div class="chat chatmessage-destinyalpha12"><strong style="color:#b0620f"><small>☆</small><span class="username" data-name="DestinyAlpha12">DestinyAlpha12</span>:</strong> <em>s</em></div><div class="chat chatmessage-v1kk77"><strong style="color:#9b41d2"><small>☆</small><span class="username" data-name="v1kk77">v1kk77</span>:</strong> <em>this team or no?</em></div><div class="chat chatmessage-destinyalpha12"><strong style="color:#b0620f"><small>☆</small><span class="username" data-name="DestinyAlpha12">DestinyAlpha12</span>:</strong> <em>shut upniga</em></div><div class="spacer battle-history"><br></div><div class="battle-history">DestinyAlpha12 withdrew Lucario!<br></div><div class="battle-history">DestinyAlpha12 sent out <strong>Passimian</strong>!<br></div><div class="spacer battle-history"><br></div><div class="battle-history">Leafeon used <strong>Swords Dance</strong>!<br></div><div class="battle-history"><small>Leafeon's Attack rose sharply!</small><br></div><div class="spacer battle-history"><br></div><h2 class="battle-history">Turn 2</h2><div class="spacer battle-history"><br></div><div class="battle-history">The opposing Passimian used <strong>Gunk Shot</strong>!<br></div><div class="battle-history"><small>It's super effective!</small><br></div><div class="battle-history"><small>(Leafeon lost <abbr title="−146/258">56.6%</abbr> of its health!)</small><br></div><div class="spacer battle-history"><br></div><div class="battle-history">Leafeon used <strong>Leaf Blade</strong>!<br></div><div class="battle-history"><small>(The opposing Passimian lost <abbr title="−273/309">88.3%</abbr> of its health!)</small><br></div><div class="battle-history"><small>Leafeon lost some of its HP!</small><br></div><div class="spacer battle-history"><br></div><h2 class="battle-history">Turn 3</h2><div class="spacer battle-history"><br></div><div class="battle-history">The opposing Passimian used <strong>Gunk Shot</strong>!<br></div><div class="battle-history"><small>It's super effective!</small><br></div><div class="battle-history"><small>(Leafeon lost <abbr title="−87/258">33.7%</abbr> of its health!)</small><br></div><div class="spacer battle-history"><br></div><div class="battle-history">Leafeon fainted!<br></div><div class="chat chatmessage-destinyalpha12"><strong style="color:#b0620f"><small>☆</small><span class="username" data-name="DestinyAlpha12">DestinyAlpha12</span>:</strong> <em>what the skibidi</em></div><div class="spacer battle-history"><br></div><div class="battle-history">Go! <strong>Huntail</strong>!<br></div><div class="spacer battle-history"><br></div><h2 class="battle-history">Turn 4</h2><div class="spacer battle-history"><br></div><div class="battle-history">The opposing Passimian used <strong>Gunk Shot</strong>!<br></div><div class="battle-history"><small>(Huntail lost <abbr title="−90/230">39.1%</abbr> of its health!)</small><br></div><div class="battle-history"><small>Huntail was poisoned!</small><br></div><div class="spacer battle-history"><br></div><div class="battle-history">Huntail used <strong>Shell Smash</strong>!<br></div><div class="battle-history"><small>Huntail's Defense fell!</small><br></div><div class="battle-history"><small>Huntail's Sp. Def fell!</small><br></div><div class="battle-history"><small>Huntail's Attack rose sharply!</small><br></div><div class="battle-history"><small>Huntail's Sp. Atk rose sharply!</small><br></div><div class="battle-history"><small>Huntail's Speed rose sharply!</small><br></div><div class="battle-history"><small>Huntail returned its stats to normal using its White Herb!</small><br></div><div class="spacer battle-history"><br></div><div class="battle-history"><small>Huntail was hurt by poison!</small><br></div><div class="spacer battle-history"><br></div><h2 class="battle-history">Turn 5</h2><div class="spacer battle-history"><br></div><div class="battle-history">The opposing Passimian used <strong>Gunk Shot</strong>!<br></div><div class="battle-history"><small>Huntail avoided the attack!</small><br></div><div class="spacer battle-history"><br></div><div class="battle-history">Huntail used <strong>Waterfall</strong>!<br></div><div class="battle-history"><small>(The opposing Passimian lost <abbr title="−36/309">11.7%</abbr> of its health!)</small><br></div><div class="spacer battle-history"><br></div><div class="battle-history">The opposing Passimian fainted!<br></div><div class="spacer battle-history"><br></div><div class="battle-history"><small>Huntail was hurt by poison!</small><br></div><div class="spacer battle-history"><br></div><div class="battle-history">DestinyAlpha12 sent out <strong>Sawsbuck</strong>!<br></div><div class="spacer battle-history"><br></div><h2 class="battle-history">Turn 6</h2><div class="spacer battle-history"><br></div><div class="battle-history">Huntail used <strong>Ice Beam</strong>!<br></div><div class="battle-history"><small>It's super effective!</small><br></div><div class="battle-history"><small>(The opposing Sawsbuck lost <abbr title="−272/284">95.8%</abbr> of its health!)</small><br></div><div class="spacer battle-history"><br></div><div class="battle-history">The opposing Sawsbuck used <strong>Horn Leech</strong>!<br></div><div class="battle-history"><small>It's super effective!</small><br></div><div class="battle-history"><small>(Huntail lost <abbr title="−84/230">36.5%</abbr> of its health!)</small><br></div><div class="battle-history"><small>Huntail had its energy drained!</small><br></div><div class="spacer battle-history"><br></div><div class="battle-history">Huntail fainted!<br></div><div class="battle-history"><small>The opposing Sawsbuck lost some of its HP!</small><br></div><div class="chat chatmessage-v1kk77"><strong style="color:#9b41d2"><small>☆</small><span class="username" data-name="v1kk77">v1kk77</span>:</strong> <em>fucking</em></div><div class="spacer battle-history"><br></div><div class="battle-history">Go! <strong>Masquerain</strong>!<br></div><div class="battle-history">[Masquerain's Intimidate]<br></div><div class="battle-history"><small>The opposing Sawsbuck's Attack fell!</small><br></div><div class="spacer battle-history"><br></div><h2 class="battle-history">Turn 7</h2><div class="chat chatmessage-v1kk77"><strong style="color:#9b41d2"><small>☆</small><span class="username" data-name="v1kk77">v1kk77</span>:</strong> <em>shah baby</em></div><div class="chat chatmessage-v1kk77"><strong style="color:#9b41d2"><small>☆</small><span class="username" data-name="v1kk77">v1kk77</span>:</strong> <em>shahhahahahahahaha</em></div><div class="chat chatmessage-v1kk77"><strong style="color:#9b41d2"><small>☆</small><span class="username" data-name="v1kk77">v1kk77</span>:</strong> <em>sjhshdcdbsfvhndkb ngjdv</em></div><div class="spacer battle-history"><br></div><div class="battle-history">The opposing Sawsbuck used <strong>Horn Leech</strong>!<br></div><div class="battle-history"><small>It's not very effective...</small><br></div><div class="battle-history"><small>(Masquerain lost <abbr title="−23/261">8.8%</abbr> of its health!)</small><br></div><div class="battle-history"><small>Masquerain had its energy drained!</small><br></div><div class="battle-history"><small>The opposing Sawsbuck lost some of its HP!</small><br></div><div class="spacer battle-history"><br></div><div class="battle-history">Masquerain used <strong>Quiver Dance</strong>!<br></div><div class="battle-history"><small>Masquerain's Sp. Atk rose!</small><br></div><div class="battle-history"><small>Masquerain's Sp. Def rose!</small><br></div><div class="battle-history"><small>Masquerain's Speed rose!</small><br></div><div class="spacer battle-history"><br></div><div class="battle-history"><small>Masquerain restored a little HP using its Leftovers!</small><br></div><div class="spacer battle-history"><br></div><h2 class="battle-history">Turn 8</h2><div class="chat chatmessage-v1kk77"><strong style="color:#9b41d2"><small>☆</small><span class="username" data-name="v1kk77">v1kk77</span>:</strong> <em>shahhhhhhh</em></div><div class="chat chatmessage-v1kk77"><strong style="color:#9b41d2"><small>☆</small><span class="username" data-name="v1kk77">v1kk77</span>:</strong> <em>SAHHHHHHHHHHHHHHHHH</em></div><div class="chat chatmessage-v1kk77"><strong style="color:#9b41d2"><small>☆</small><span class="username" data-name="v1kk77">v1kk77</span>:</strong> <em>SHAHHHHHHHHHHHHHHHHHHHH</em></div><div class="spacer battle-history"><br></div><div class="battle-history">Masquerain used <strong>Quiver Dance</strong>!<br></div><div class="battle-history"><small>Masquerain's Sp. Atk rose!</small><br></div><div class="battle-history"><small>Masquerain's Sp. Def rose!</small><br></div><div class="battle-history"><small>Masquerain's Speed rose!</small><br></div><div class="spacer battle-history"><br></div><div class="battle-history">The opposing Sawsbuck used <strong>Swords Dance</strong>!<br></div><div class="battle-history"><small>The opposing Sawsbuck's Attack rose sharply!</small><br></div><div class="spacer battle-history"><br></div><div class="battle-history"><small>Masquerain restored a little HP using its Leftovers!</small><br></div><div class="spacer battle-history"><br></div><h2 class="battle-history">Turn 9</h2><div class="spacer battle-history"><br></div><div class="battle-history">Masquerain used <strong>Bug Buzz</strong>!<br></div><div class="battle-history"><small>It's super effective!</small><br></div><div class="battle-history"><small>(The opposing Sawsbuck lost <abbr title="−10/284">3.5%</abbr> of its health!)</small><br></div><div class="spacer battle-history"><br></div><div class="battle-history">The opposing Sawsbuck fainted!<br></div><div class="spacer battle-history"><br></div><div class="battle-history">DestinyAlpha12 sent out <strong>Golem</strong>!<br></div><div class="spacer battle-history"><br></div><h2 class="battle-history">Turn 10</h2><div class="chat chatmessage-destinyalpha12"><strong style="color:#b0620f"><small>☆</small><span class="username" data-name="DestinyAlpha12">DestinyAlpha12</span>:</strong> <em>1 move</em></div><div class="chat chatmessage-destinyalpha12"><strong style="color:#b0620f"><small>☆</small><span class="username" data-name="DestinyAlpha12">DestinyAlpha12</span>:</strong> <em>pls</em></div><div class="chat chatmessage-destinyalpha12"><strong style="color:#b0620f"><small>☆</small><span class="username" data-name="DestinyAlpha12">DestinyAlpha12</span>:</strong> <em>i want to setup toxic spikes</em></div><div class="spacer battle-history"><br></div><div class="battle-history">Masquerain used <strong>Hydro Pump</strong>!<br></div><div class="battle-history"><small>The opposing Golem avoided the attack!</small><br></div><div class="spacer battle-history"><br></div><div class="battle-history">The opposing Golem used <strong>Stone Edge</strong>!<br></div><div class="battle-history"><small>It's super effective!</small><br></div><div class="battle-history"><small>A critical hit!</small><br></div><div class="battle-history"><small>(Masquerain lost <abbr title="−261/261">100%</abbr> of its health!)</small><br></div><div class="spacer battle-history"><br></div><div class="battle-history">Masquerain fainted!<br></div><div class="chat chatmessage-v1kk77"><strong style="color:#9b41d2"><small>☆</small><span class="username" data-name="v1kk77">v1kk77</span>:</strong> <em>u dont have</em></div><div class="chat chatmessage-v1kk77"><strong style="color:#9b41d2"><small>☆</small><span class="username" data-name="v1kk77">v1kk77</span>:</strong> <em>toxic spiksef'rg</em></div><div class="chat chatmessage-v1kk77"><strong style="color:#9b41d2"><small>☆</small><span class="username" data-name="v1kk77">v1kk77</span>:</strong> <em>qdwdskfegrf,dlvskofkslcxdf'</em></div><div class="chat chatmessage-v1kk77"><strong style="color:#9b41d2"><small>☆</small><span class="username" data-name="v1kk77">v1kk77</span>:</strong> <em>s</em></div><div class="chat chatmessage-v1kk77"><strong style="color:#9b41d2"><small>☆</small><span class="username" data-name="v1kk77">v1kk77</span>:</strong> <em>sfds</em></div><div class="chat chatmessage-v1kk77"><strong style="color:#9b41d2"><small>☆</small><span class="username" data-name="v1kk77">v1kk77</span>:</strong> <em>fck u</em></div><div class="spacer battle-history"><br></div><div class="battle-history">Go! <strong>Wailord</strong>!<br></div><div class="spacer battle-history"><br></div><h2 class="battle-history">Turn 11</h2><div class="spacer battle-history"><br></div><div class="battle-history">DestinyAlpha12 withdrew Golem!<br></div><div class="battle-history">DestinyAlpha12 sent out <strong>Drapion</strong>!<br></div><div class="spacer battle-history"><br></div><div class="battle-history">Wailord used <strong>Hydro Pump</strong>!<br></div><div class="battle-history"><small>(The opposing Drapion lost <abbr title="−153/255">60%</abbr> of its health!)</small><br></div><div class="spacer battle-history"><br></div><h2 class="battle-history">Turn 12</h2><div class="chat chatmessage-destinyalpha12"><strong style="color:#b0620f"><small>☆</small><span class="username" data-name="DestinyAlpha12">DestinyAlpha12</span>:</strong> <em>NIIIIIIIIIIIIIAGAAAAAAAAAAAAAAa</em></div><div class="spacer battle-history"><br></div><div class="battle-history">Wailord used <strong>Hydro Pump</strong>!<br></div><div class="battle-history"><small>(The opposing Drapion lost <abbr title="−102/255">40%</abbr> of its health!)</small><br></div><div class="spacer battle-history"><br></div><div class="battle-history">The opposing Drapion fainted!<br></div><div class="spacer battle-history"><br></div><div class="battle-history">DestinyAlpha12 sent out <strong>Sceptile</strong>!<br></div><div class="spacer battle-history"><br></div><h2 class="battle-history">Turn 13</h2><div class="chat chatmessage-destinyalpha12"><strong style="color:#b0620f"><small>☆</small><span class="username" data-name="DestinyAlpha12">DestinyAlpha12</span>:</strong> <em>i lost</em></div><div class="spacer battle-history"><br></div><div class="battle-history"><small>The opposing Sceptile's Sceptilite is reacting to the Key Stone!</small><br>The opposing Sceptile has Mega Evolved into Mega Sceptile!<br></div><div class="spacer battle-history"><br></div><div class="battle-history">The opposing Sceptile used <strong>Swords Dance</strong>!<br></div><div class="battle-history"><small>The opposing Sceptile's Attack rose sharply!</small><br></div><div class="spacer battle-history"><br></div><div class="battle-history">Wailord used <strong>Hydro Pump</strong>!<br></div><div class="battle-history"><small>The opposing Sceptile avoided the attack!</small><br></div><div class="spacer battle-history"><br></div><h2 class="battle-history">Turn 14</h2><div class="spacer battle-history"><br></div><div class="battle-history">Wailord, come back!<br></div><div class="battle-history">Go! <strong>Clefable</strong>!<br></div><div class="spacer battle-history"><br></div><div class="battle-history">The opposing Sceptile used <strong>Leaf Blade</strong>!<br></div><div class="battle-history"><small>(Clefable lost <abbr title="−211/293">72.0%</abbr> of its health!)</small><br></div><div class="spacer battle-history"><br></div><div class="battle-history"><small>Clefable restored a little HP using its Leftovers!</small><br></div><div class="spacer battle-history"><br></div><h2 class="battle-history">Turn 15</h2><div class="spacer battle-history"><br></div><div class="battle-history">The opposing Sceptile used <strong>Leaf Blade</strong>!<br></div><div class="battle-history"><small>(Clefable lost <abbr title="−100/293">34.1%</abbr> of its health!)</small><br></div><div class="spacer battle-history"><br></div><div class="battle-history">Clefable fainted!<br></div><div class="spacer battle-history"><br></div><div class="battle-history">Go! <strong>Drapion</strong>!<br></div><div class="spacer battle-history"><br></div><h2 class="battle-history">Turn 16</h2><div class="spacer battle-history"><br></div><div class="battle-history">The opposing Sceptile used <strong>Swords Dance</strong>!<br></div><div class="battle-history"><small>The opposing Sceptile's Attack rose sharply!</small><br></div><div class="spacer battle-history"><br></div><div class="battle-history">Drapion used <strong>Poison Jab</strong>!<br></div><div class="battle-history"><small>It's super effective!</small><br></div><div class="battle-history"><small>(The opposing Sceptile lost <abbr title="−249/249">100%</abbr> of its health!)</small><br></div><div class="spacer battle-history"><br></div><div class="battle-history">The opposing Sceptile fainted!<br></div><div class="spacer battle-history"><br></div><div class="battle-history">DestinyAlpha12 sent out <strong>Golem</strong>!<br></div><div class="spacer battle-history"><br></div><h2 class="battle-history">Turn 17</h2><div class="chat chatmessage-destinyalpha12"><strong style="color:#b0620f"><small>☆</small><span class="username" data-name="DestinyAlpha12">DestinyAlpha12</span>:</strong> <em>did i just lose</em></div><div class="spacer battle-history"><br></div><div class="battle-history">Drapion, come back!<br></div><div class="battle-history">Go! <strong>Wailord</strong>!<br></div><div class="spacer battle-history"><br></div><div class="battle-history">The opposing Golem used <strong>Earthquake</strong>!<br></div><div class="battle-history"><small>(Wailord lost <abbr title="−189/456">41.4%</abbr> of its health!)</small><br></div><div class="spacer battle-history"><br></div><h2 class="battle-history">Turn 18</h2><div class="chat chatmessage-v1kk77"><strong style="color:#9b41d2"><small>☆</small><span class="username" data-name="v1kk77">v1kk77</span>:</strong> <em>can u do fast</em></div><div class="spacer battle-history"><br></div><div class="battle-history">The opposing Golem used <strong>Sucker Punch</strong>!<br></div><div class="battle-history"><small>(Wailord lost <abbr title="−87/456">19.1%</abbr> of its health!)</small><br></div><div class="spacer battle-history"><br></div><div class="battle-history">Wailord used <strong>Hydro Pump</strong>!<br></div><div class="battle-history"><small>It's super effective!</small><br></div><div class="battle-history">[The opposing Golem's Sturdy]<br><small>The opposing Golem endured the hit!</small><br></div><div class="battle-history"><small>(The opposing Golem lost <abbr title="−280/281">99.6%</abbr> of its health!)</small><br></div><div class="battle-history"><small>(The opposing Golem used its Weakness Policy!)</small><br></div><div class="battle-history"><small>The Weakness Policy sharply raised the opposing Golem's Attack!</small><br></div><div class="battle-history"><small>The Weakness Policy sharply raised the opposing Golem's Sp. Atk!</small><br></div><div class="spacer battle-history"><br></div><h2 class="battle-history">Turn 19</h2><div class="chat chatmessage-destinyalpha12"><strong style="color:#b0620f"><small>☆</small><span class="username" data-name="DestinyAlpha12">DestinyAlpha12</span>:</strong> <em>....</em></div><div class="spacer battle-history"><br></div><div class="battle-history">The opposing Golem used <strong>Sucker Punch</strong>!<br></div><div class="battle-history"><small>(Wailord lost <abbr title="−180/456">39.5%</abbr> of its health!)</small><br></div><div class="spacer battle-history"><br></div><div class="battle-history">Wailord fainted!<br></div><div class="spacer battle-history"><br></div><div class="battle-history">Go! <strong>Drapion</strong>!<br></div><div class="spacer battle-history"><br></div><h2 class="battle-history">Turn 20</h2><div class="chat chatmessage-destinyalpha12"><strong style="color:#b0620f"><small>☆</small><span class="username" data-name="DestinyAlpha12">DestinyAlpha12</span>:</strong> <em>OMG</em></div><div class="spacer battle-history"><br></div><div class="battle-history">Drapion used <strong>Earthquake</strong>!<br></div><div class="battle-history"><small>It's super effective!</small><br></div><div class="battle-history"><small>(The opposing Golem lost <abbr title="−1/281">0.4%</abbr> of its health!)</small><br></div><div class="spacer battle-history"><br></div><div class="battle-history">The opposing Golem fainted!<br></div><div class="spacer battle-history"><br></div><div class="battle-history">DestinyAlpha12 sent out <strong>Lucario</strong>!<br></div><div class="spacer battle-history"><br></div><h2 class="battle-history">Turn 21</h2><div class="chat chatmessage-v1kk77"><strong style="color:#9b41d2"><small>☆</small><span class="username" data-name="v1kk77">v1kk77</span>:</strong> <em>lets go</em></div><div class="chat chatmessage-v1kk77"><strong style="color:#9b41d2"><small>☆</small><span class="username" data-name="v1kk77">v1kk77</span>:</strong> <em>CMON</em></div><div class="chat chatmessage-v1kk77"><strong style="color:#9b41d2"><small>☆</small><span class="username" data-name="v1kk77">v1kk77</span>:</strong> <em>CMONNN</em></div><div class="chat chatmessage-v1kk77"><strong style="color:#9b41d2"><small>☆</small><span class="username" data-name="v1kk77">v1kk77</span>:</strong> <em>LETS GOO</em></div><div class="chat chatmessage-v1kk77"><strong style="color:#9b41d2"><small>☆</small><span class="username" data-name="v1kk77">v1kk77</span>:</strong> <em>CMONN</em></div><div class="chat chatmessage-v1kk77"><strong style="color:#9b41d2"><small>☆</small><span class="username" data-name="v1kk77">v1kk77</span>:</strong> <em>SJAHAHAHAHA</em></div><div class="chat chatmessage-destinyalpha12"><strong style="color:#b0620f"><small>☆</small><span class="username" data-name="DestinyAlpha12">DestinyAlpha12</span>:</strong> <em>i lost nogga</em></div><div class="spacer battle-history"><br></div><div class="battle-history">Drapion used <strong>Earthquake</strong>!<br></div><div class="battle-history"><small>It's super effective!</small><br></div><div class="battle-history"><small>(The opposing Lucario lost <abbr title="−236/252">93.7%</abbr> of its health!)</small><br></div><div class="spacer battle-history"><br></div><div class="battle-history">The opposing Lucario used <strong>Close Combat</strong>!<br></div><div class="battle-history"><small>(Drapion lost <abbr title="−157/255">61.6%</abbr> of its health!)</small><br></div><div class="battle-history"><small>The opposing Lucario's Defense fell!</small><br></div><div class="battle-history"><small>The opposing Lucario's Sp. Def fell!</small><br></div><div class="battle-history"><small>The opposing Lucario lost some of its HP!</small><br></div><div class="spacer battle-history"><br></div><div class="battle-history">The opposing Lucario fainted!<br></div><div class="spacer battle-history"><br></div><div class="battle-history"><strong>v1kk77</strong> won the battle!<br></div><div class="chat chatmessage-destinyalpha12"><strong style="color:#b0620f"><small>☆</small><span class="username" data-name="DestinyAlpha12">DestinyAlpha12</span>:</strong> <em>clsoe</em></div><div class="chat chatmessage-v1kk77"><strong style="color:#9b41d2"><small>☆</small><span class="username" data-name="v1kk77">v1kk77</span>:</strong> <em>I am the bone of my sword. Steel is my body, and fire my blood. I have created over a thousand blades, unknown to Death, nor known to Life. Have withstood pain to create many weapons, yet those hands will never hold anything. So, as I pray: Unlimited Blade Works.</em></div></div><div class="inner-preempt message-log"></div></div></div>
</div>
<script>
let daily = Math.floor(Date.now()/1000/60/60/24);document.write('<script src="https://play.pokemonshowdown.com/js/replay-embed.js?version'+daily+'"></'+'script>');
</script>
