<!DOCTYPE html>
<meta charset="utf-8" />
<!-- version 1 -->
<title>[Gen 7] Random Battle replay: she baku on my gan vs. ban drizzle lol</title>
<style>
html,body {font-family:Verdana, sans-serif;font-size:10pt;margin:0;padding:0;}body{padding:12px 0;} .battle-log {font-family:Verdana, sans-serif;font-size:10pt;} .battle-log-inline {border:1px solid #AAAAAA;background:#EEF2F5;color:black;max-width:640px;margin:0 auto 80px;padding-bottom:5px;} .battle-log .inner {padding:4px 8px 0px 8px;} .battle-log .inner-preempt {padding:0 8px 4px 8px;} .battle-log .inner-after {margin-top:0.5em;} .battle-log h2 {margin:0.5em -8px;padding:4px 8px;border:1px solid #AAAAAA;background:#E0E7EA;border-left:0;border-right:0;font-family:Verdana, sans-serif;font-size:13pt;} .battle-log .chat {vertical-align:middle;padding:3px 0 3px 0;font-size:8pt;} .battle-log .chat strong {color:#40576A;} .battle-log .chat em {padding:1px 4px 1px 3px;color:#000000;font-style:normal;} .chat.mine {background:rgba(0,0,0,0.05);margin-left:-8px;margin-right:-8px;padding-left:8px;padding-right:8px;} .spoiler {color:#BBBBBB;background:#BBBBBB;padding:0px 3px;} .spoiler:hover, .spoiler:active, .spoiler-shown {color:#000000;background:#E2E2E2;padding:0px 3px;} .spoiler a {color:#BBBBBB;} .spoiler:hover a, .spoiler:active a, .spoiler-shown a {color:#2288CC;} .chat code, .chat .spoiler:hover code, .chat .spoiler:active code, .chat .spoiler-shown code {border:1px solid #C0C0C0;background:#EEEEEE;color:black;padding:0 2px;} .chat .spoiler code {border:1px solid #CCCCCC;background:#CCCCCC;color:#CCCCCC;} .battle-log .rated {padding:3px 4px;} .battle-log .rated strong {color:white;background:#89A;padding:1px 4px;border-radius:4px;} .spacer {margin-top:0.5em;} .message-announce {background:#6688AA;color:white;padding:1px 4px 2px;} .message-announce a, .broadcast-green a, .broadcast-blue a, .broadcast-red a {color:#DDEEFF;} .broadcast-green {background-color:#559955;color:white;padding:2px 4px;} .broadcast-blue {background-color:#6688AA;color:white;padding:2px 4px;} .infobox {border:1px solid #6688AA;padding:2px 4px;} .infobox-limited {max-height:200px;overflow:auto;overflow-x:hidden;} .broadcast-red {background-color:#AA5544;color:white;padding:2px 4px;} .message-learn-canlearn {font-weight:bold;color:#228822;text-decoration:underline;} .message-learn-cannotlearn {font-weight:bold;color:#CC2222;text-decoration:underline;} .message-effect-weak {font-weight:bold;color:#CC2222;} .message-effect-resist {font-weight:bold;color:#6688AA;} .message-effect-immune {font-weight:bold;color:#666666;} .message-learn-list {margin-top:0;margin-bottom:0;} .message-throttle-notice, .message-error {color:#992222;} .message-overflow, .chat small.message-overflow {font-size:0pt;} .message-overflow::before {font-size:9pt;content:'...';} .subtle {color:#3A4A66;}
</style>
<div class="wrapper replay-wrapper" style="max-width:1180px;margin:0 auto">
<input type="hidden" name="replayid" value="gen7randombattle-2110309174" />
<div class="battle"></div><div class="battle-log"></div><div class="replay-controls"></div><div class="replay-controls-2"></div>
<h1 style="font-weight:normal;text-align:center"><strong>[Gen 7] Random Battle</strong><br /><a href="http://pokemonshowdown.com/users/shebakuonmygan" class="subtle" target="_blank">she baku on my gan</a> vs. <a href="http://pokemonshowdown.com/users/bandrizzlelol" class="subtle" target="_blank">ban drizzle lol</a></h1>
<script type="text/plain" class="battle-log-data">|uhtml|medal-msg|<div class="broadcast-blue">Curious what those medals under the avatar are? PS now has Ladder Seasons! For more information, check out the <a href="https:\/\/www.smogon.com\/forums\/threads\/3740067\/">thread on Smogon.<\/a><\/div>
|uhtml|medal-msg|<div class="broadcast-blue">Curious what those medals under the avatar are? PS now has Ladder Seasons! For more information, check out the <a href="https:\/\/www.smogon.com\/forums\/threads\/3740067\/">thread on Smogon.<\/a><\/div>
|j|☆she baku on my gan
|j|☆ban drizzle lol
|t:|1713935725
|gametype|singles
|player|p1|she baku on my gan|atticus|
|player|p2|ban drizzle lol|elesa-masters2|
|teamsize|p1|6
|teamsize|p2|6
|gen|7
|tier|[Gen 7] Random Battle
|rated|Tournament battle
|rule|Sleep Clause Mod: Limit one foe put to sleep
|rule|HP Percentage Mod: HP is shown in percentages
|rule|Illusion Level Mod: Illusion disguises the Pokémon's true level
|
|t:|1713935725
|start
|switch|p1a: Scolipede|Scolipede, L81, M|230\/230
|switch|p2a: Ninetales|Ninetales, L85, M|263\/263
|-weather|SunnyDay|[from] ability: Drought|[of] p2a: Ninetales
|turn|1
|inactive|Battle timer is ON: inactive players will automatically lose when time's up. (requested by she baku on my gan)
|j| Jayasss
|inactive|she baku on my gan has 120 seconds left.
|
|t:|1713935757
|move|p1a: Scolipede|Earthquake|p2a: Ninetales
|-supereffective|p2a: Ninetales
|-damage|p2a: Ninetales|65\/263
|-damage|p1a: Scolipede|207\/230|[from] item: Life Orb
|move|p2a: Ninetales|Fire Blast|p1a: Scolipede
|-supereffective|p1a: Scolipede
|-damage|p1a: Scolipede|0 fnt
|faint|p1a: Scolipede
|-damage|p2a: Ninetales|39\/263|[from] item: Life Orb
|
|-weather|SunnyDay|[upkeep]
|upkeep
|
|t:|1713935767
|switch|p1a: Mismagius|Mismagius, L86, F|243\/243
|turn|2
|
|t:|1713935779
|switch|p2a: Lurantis|Lurantis, L91, F|275\/275
|move|p1a: Mismagius|Shadow Ball|p2a: Lurantis
|-damage|p2a: Lurantis|223\/275
|-boost|p2a: Lurantis|spd|1
|
|-weather|SunnyDay|[upkeep]
|upkeep
|turn|3
|j| petergreenwalker
|
|t:|1713935784
|move|p1a: Mismagius|Will-O-Wisp|p2a: Lurantis
|-status|p2a: Lurantis|brn
|move|p2a: Lurantis|Knock Off|p1a: Mismagius
|-supereffective|p1a: Mismagius
|-damage|p1a: Mismagius|139\/243
|-enditem|p1a: Mismagius|Leftovers|[from] move: Knock Off|[of] p2a: Lurantis
|
|-weather|SunnyDay|[upkeep]
|-damage|p2a: Lurantis|206\/275 brn|[from] brn
|upkeep
|turn|4
|
|t:|1713935789
|move|p1a: Mismagius|Pain Split|p2a: Lurantis
|-sethp|p2a: Lurantis|172\/275 brn|[from] move: Pain Split|[silent]
|-sethp|p1a: Mismagius|172\/243|[from] move: Pain Split
|move|p2a: Lurantis|Leaf Storm|p1a: Mismagius
|-damage|p1a: Mismagius|60\/243
|-boost|p2a: Lurantis|spa|2
|
|-weather|SunnyDay|[upkeep]
|-damage|p2a: Lurantis|155\/275 brn|[from] brn
|upkeep
|turn|5
|
|t:|1713935794
|move|p1a: Mismagius|Pain Split|p2a: Lurantis
|-sethp|p2a: Lurantis|107\/275 brn|[from] move: Pain Split|[silent]
|-sethp|p1a: Mismagius|107\/243|[from] move: Pain Split
|move|p2a: Lurantis|Leaf Storm|p1a: Mismagius
|-damage|p1a: Mismagius|0 fnt
|-boost|p2a: Lurantis|spa|2
|faint|p1a: Mismagius
|
|-weather|none
|-damage|p2a: Lurantis|90\/275 brn|[from] brn
|upkeep
|
|t:|1713935805
|switch|p1a: Haxorus|Haxorus, L77, M|244\/244
|-ability|p1a: Haxorus|Mold Breaker
|turn|6
|
|t:|1713935810
|move|p1a: Haxorus|Dragon Dance|p1a: Haxorus
|-boost|p1a: Haxorus|atk|1
|-boost|p1a: Haxorus|spe|1
|move|p2a: Lurantis|Hidden Power|p1a: Haxorus
|-supereffective|p1a: Haxorus
|-damage|p1a: Haxorus|0 fnt
|faint|p1a: Haxorus
|
|-damage|p2a: Lurantis|73\/275 brn|[from] brn
|upkeep
|
|t:|1713935818
|switch|p1a: Unown|Unown-N|258\/258
|turn|7
|j| Tarah204
|
|t:|1713935824
|move|p1a: Unown|Hidden Power|p2a: Lurantis
|-damage|p2a: Lurantis|30\/275 brn
|move|p2a: Lurantis|Leaf Storm|p1a: Unown
|-damage|p1a: Unown|0 fnt
|-boost|p2a: Lurantis|spa|2
|faint|p1a: Unown
|
|-damage|p2a: Lurantis|13\/275 brn|[from] brn
|upkeep
|
|t:|1713935836
|switch|p1a: Meganium|Meganium, L91, F|293\/293
|turn|8
|
|t:|1713935840
|move|p1a: Meganium|Giga Drain|p2a: Lurantis
|-resisted|p2a: Lurantis
|-damage|p2a: Lurantis|0 fnt
|faint|p2a: Lurantis
|
|upkeep
|
|t:|1713935844
|switch|p2a: Ninetales|Ninetales, L85, M|39\/263
|-weather|SunnyDay|[from] ability: Drought|[of] p2a: Ninetales
|turn|9
|
|t:|1713935851
|move|p2a: Ninetales|Fire Blast|p1a: Meganium
|-supereffective|p1a: Meganium
|-damage|p1a: Meganium|0 fnt
|faint|p1a: Meganium
|-damage|p2a: Ninetales|13\/263|[from] item: Life Orb
|
|-weather|SunnyDay|[upkeep]
|upkeep
|
|t:|1713935854
|switch|p1a: Stakataka|Stakataka, L83|237\/237
|-item|p1a: Stakataka|Air Balloon
|turn|10
|
|t:|1713935865
|move|p2a: Ninetales|Fire Blast|p1a: Stakataka
|-damage|p1a: Stakataka|46\/237
|-status|p1a: Stakataka|brn
|-enditem|p1a: Stakataka|Air Balloon
|-damage|p2a: Ninetales|0 fnt|[from] item: Life Orb
|faint|p2a: Ninetales
|move|p1a: Stakataka|Trick Room|p1a: Stakataka
|-fieldstart|move: Trick Room|[of] p1a: Stakataka
|
|-weather|SunnyDay|[upkeep]
|-damage|p1a: Stakataka|32\/237 brn|[from] brn
|upkeep
|
|t:|1713935868
|switch|p2a: Regirock|Regirock, L88|284\/284
|turn|11
|
|t:|1713935872
|move|p1a: Stakataka|Earthquake|p2a: Regirock
|-supereffective|p2a: Regirock
|-damage|p2a: Regirock|238\/284
|move|p2a: Regirock|Drain Punch|p1a: Stakataka
|-supereffective|p1a: Stakataka
|-damage|p1a: Stakataka|0 fnt
|-heal|p2a: Regirock|254\/284|[from] drain|[of] p1a: Stakataka
|faint|p1a: Stakataka
|
|win|ban drizzle lol
|n|☆she baku on my gan|shebakuonmygan
|n|☆ban drizzle lol|bandrizzlelol
|n| Jayasss|jayasss
|n| petergreenwalker|petergreenwalker
|n| Tarah204|tarah204
</script>
</div>
<div class="battle-log battle-log-inline"><div class="inner"><div class="battle-options"></div><div class="inner message-log"><div class="notice uhtml-medalmsg"><div class="broadcast-blue">Curious what those medals under the avatar are? PS now has Ladder Seasons! For more information, check out the <a href="https://www.smogon.com/forums/threads/3740067/" target="_blank" rel="noopener">thread on Smogon.</a></div></div><div class="chat"><small>☆she baku on my gan and ☆ban drizzle lol joined</small></div><div class=""><small>Format:</small> <br><strong>[Gen 7] Random Battle</strong></div><div class="rated"><strong>Tournament battle</strong></div><div class=""><small><em>Sleep Clause Mod:</em> Limit one foe put to sleep</small></div><div class=""><small><em>HP Percentage Mod:</em> HP is shown in percentages</small></div><div class=""><small><em>Illusion Level Mod:</em> Illusion disguises the Pokémon's true level</small></div><div class="spacer battle-history"><br></div><div class="battle-history">Battle started between she baku on my gan and ban drizzle lol!<br></div><div class="spacer battle-history"><br></div><div class="battle-history">Go! <strong>Scolipede</strong>!<br></div><div class="spacer battle-history"><br></div><div class="battle-history">ban drizzle lol sent out <strong>Ninetales</strong>!<br></div><div class="battle-history">[The opposing Ninetales's Drought]<br><small>The sunlight turned harsh!</small><br></div><div class="spacer battle-history"><br></div><h2 class="battle-history">Turn 1</h2><div class="chat message-error">Battle timer is ON: inactive players will automatically lose when time's up. (requested by she baku on my gan)</div><div class="chat"><small> Jayasss joined</small></div><div class="chat message-error">she baku on my gan has 120 seconds left.</div><div class="spacer battle-history"><br></div><div class="battle-history">Scolipede used <strong>Earthquake</strong>!<br></div><div class="battle-history"><small>It's super effective!</small><br></div><div class="battle-history"><small>(The opposing Ninetales lost <abbr title="−198/263">75.3%</abbr> of its health!)</small><br></div><div class="battle-history"><small>Scolipede lost some of its HP!</small><br></div><div class="spacer battle-history"><br></div><div class="battle-history">The opposing Ninetales used <strong>Fire Blast</strong>!<br></div><div class="battle-history"><small>It's super effective!</small><br></div><div class="battle-history"><small>(Scolipede lost <abbr title="−207/230">90%</abbr> of its health!)</small><br></div><div class="spacer battle-history"><br></div><div class="battle-history">Scolipede fainted!<br></div><div class="battle-history"><small>The opposing Ninetales lost some of its HP!</small><br></div><div class="spacer battle-history"><br></div><div class="battle-history"><small>(The sunlight is strong.)</small><br></div><div class="spacer battle-history"><br></div><div class="battle-history">Go! <strong>Mismagius</strong>!<br></div><div class="spacer battle-history"><br></div><h2 class="battle-history">Turn 2</h2><div class="spacer battle-history"><br></div><div class="battle-history">ban drizzle lol withdrew Ninetales!<br></div><div class="battle-history">ban drizzle lol sent out <strong>Lurantis</strong>!<br></div><div class="spacer battle-history"><br></div><div class="battle-history">Mismagius used <strong>Shadow Ball</strong>!<br></div><div class="battle-history"><small>(The opposing Lurantis lost <abbr title="−52/275">18.9%</abbr> of its health!)</small><br></div><div class="battle-history"><small>The opposing Lurantis's Sp. Def rose!</small><br></div><div class="spacer battle-history"><br></div><div class="battle-history"><small>(The sunlight is strong.)</small><br></div><div class="spacer battle-history"><br></div><h2 class="battle-history">Turn 3</h2><div class="chat"><small> petergreenwalker joined</small></div><div class="spacer battle-history"><br></div><div class="battle-history">Mismagius used <strong>Will-O-Wisp</strong>!<br></div><div class="battle-history"><small>The opposing Lurantis was burned!</small><br></div><div class="spacer battle-history"><br></div><div class="battle-history">The opposing Lurantis used <strong>Knock Off</strong>!<br></div><div class="battle-history"><small>It's super effective!</small><br></div><div class="battle-history"><small>(Mismagius lost <abbr title="−104/243">42.8%</abbr> of its health!)</small><br></div><div class="battle-history"><small>The opposing Lurantis knocked off Mismagius's Leftovers!</small><br></div><div class="spacer battle-history"><br></div><div class="battle-history"><small>(The sunlight is strong.)</small><br></div><div class="battle-history"><small>The opposing Lurantis was hurt by its burn!</small><br></div><div class="spacer battle-history"><br></div><h2 class="battle-history">Turn 4</h2><div class="spacer battle-history"><br></div><div class="battle-history">Mismagius used <strong>Pain Split</strong>!<br></div><div class="battle-history"><small>The battlers shared their pain!</small><br></div><div class="spacer battle-history"><br></div><div class="battle-history">The opposing Lurantis used <strong>Leaf Storm</strong>!<br></div><div class="battle-history"><small>(Mismagius lost <abbr title="−112/243">46.1%</abbr> of its health!)</small><br></div><div class="battle-history"><small>The opposing Lurantis's Sp. Atk rose sharply!</small><br></div><div class="spacer battle-history"><br></div><div class="battle-history"><small>(The sunlight is strong.)</small><br></div><div class="battle-history"><small>The opposing Lurantis was hurt by its burn!</small><br></div><div class="spacer battle-history"><br></div><h2 class="battle-history">Turn 5</h2><div class="spacer battle-history"><br></div><div class="battle-history">Mismagius used <strong>Pain Split</strong>!<br></div><div class="battle-history"><small>The battlers shared their pain!</small><br></div><div class="spacer battle-history"><br></div><div class="battle-history">The opposing Lurantis used <strong>Leaf Storm</strong>!<br></div><div class="battle-history"><small>(Mismagius lost <abbr title="−107/243">44.0%</abbr> of its health!)</small><br></div><div class="battle-history"><small>The opposing Lurantis's Sp. Atk rose sharply!</small><br></div><div class="spacer battle-history"><br></div><div class="battle-history">Mismagius fainted!<br></div><div class="spacer battle-history"><br></div><div class="battle-history"><small>The harsh sunlight faded.</small><br></div><div class="battle-history"><small>The opposing Lurantis was hurt by its burn!</small><br></div><div class="spacer battle-history"><br></div><div class="battle-history">Go! <strong>Haxorus</strong>!<br></div><div class="battle-history">[Haxorus's Mold Breaker]<br><small>Haxorus breaks the mold!</small><br></div><div class="spacer battle-history"><br></div><h2 class="battle-history">Turn 6</h2><div class="spacer battle-history"><br></div><div class="battle-history">Haxorus used <strong>Dragon Dance</strong>!<br></div><div class="battle-history"><small>Haxorus's Attack rose!</small><br></div><div class="battle-history"><small>Haxorus's Speed rose!</small><br></div><div class="spacer battle-history"><br></div><div class="battle-history">The opposing Lurantis used <strong>Hidden Power</strong>!<br></div><div class="battle-history"><small>It's super effective!</small><br></div><div class="battle-history"><small>(Haxorus lost <abbr title="−244/244">100%</abbr> of its health!)</small><br></div><div class="spacer battle-history"><br></div><div class="battle-history">Haxorus fainted!<br></div><div class="spacer battle-history"><br></div><div class="battle-history"><small>The opposing Lurantis was hurt by its burn!</small><br></div><div class="spacer battle-history"><br></div><div class="battle-history">Go! Unown (<strong>Unown-N</strong>)!<br></div><div class="spacer battle-history"><br></div><h2 class="battle-history">Turn 7</h2><div class="chat"><small> Tarah204 joined</small></div><div class="spacer battle-history"><br></div><div class="battle-history">Unown used <strong>Hidden Power</strong>!<br></div><div class="battle-history"><small>(The opposing Lurantis lost <abbr title="−43/275">15.6%</abbr> of its health!)</small><br></div><div class="spacer battle-history"><br></div><div class="battle-history">The opposing Lurantis used <strong>Leaf Storm</strong>!<br></div><div class="battle-history"><small>(Unown lost <abbr title="−258/258">100%</abbr> of its health!)</small><br></div><div class="battle-history"><small>The opposing Lurantis's Sp. Atk rose sharply!</small><br></div><div class="spacer battle-history"><br></div><div class="battle-history">Unown fainted!<br></div><div class="spacer battle-history"><br></div><div class="battle-history"><small>The opposing Lurantis was hurt by its burn!</small><br></div><div class="spacer battle-history"><br></div><div class="battle-history">Go! <strong>Meganium</strong>!<br></div><div class="spacer battle-history"><br></div><h2 class="battle-history">Turn 8</h2><div class="spacer battle-history"><br></div><div class="battle-history">Meganium used <strong>Giga Drain</strong>!<br></div><div class="battle-history"><small>It's not very effective...</small><br></div><div class="battle-history"><small>(The opposing Lurantis lost <abbr title="−13/275">4.7%</abbr> of its health!)</small><br></div><div class="spacer battle-history"><br></div><div class="battle-history">The opposing Lurantis fainted!<br></div><div class="spacer battle-history"><br></div><div class="battle-history">ban drizzle lol sent out <strong>Ninetales</strong>!<br></div><div class="battle-history">[The opposing Ninetales's Drought]<br><small>The sunlight turned harsh!</small><br></div><div class="spacer battle-history"><br></div><h2 class="battle-history">Turn 9</h2><div class="spacer battle-history"><br></div><div class="battle-history">The opposing Ninetales used <strong>Fire Blast</strong>!<br></div><div class="battle-history"><small>It's super effective!</small><br></div><div class="battle-history"><small>(Meganium lost <abbr title="−293/293">100%</abbr> of its health!)</small><br></div><div class="spacer battle-history"><br></div><div class="battle-history">Meganium fainted!<br></div><div class="battle-history"><small>The opposing Ninetales lost some of its HP!</small><br></div><div class="spacer battle-history"><br></div><div class="battle-history"><small>(The sunlight is strong.)</small><br></div><div class="spacer battle-history"><br></div><div class="battle-history">Go! <strong>Stakataka</strong>!<br></div><div class="battle-history"><small>Stakataka floats in the air with its Air Balloon!</small><br></div><div class="spacer battle-history"><br></div><h2 class="battle-history">Turn 10</h2><div class="spacer battle-history"><br></div><div class="battle-history">The opposing Ninetales used <strong>Fire Blast</strong>!<br></div><div class="battle-history"><small>(Stakataka lost <abbr title="−191/237">80.6%</abbr> of its health!)</small><br></div><div class="battle-history"><small>Stakataka was burned!</small><br></div><div class="battle-history"><small>Stakataka's Air Balloon popped!</small><br></div><div class="battle-history"><small>The opposing Ninetales lost some of its HP!</small><br></div><div class="spacer battle-history"><br></div><div class="battle-history">The opposing Ninetales fainted!<br></div><div class="battle-history">Stakataka used <strong>Trick Room</strong>!<br></div><div class="battle-history"><small>Stakataka twisted the dimensions!</small><br></div><div class="spacer battle-history"><br></div><div class="battle-history"><small>(The sunlight is strong.)</small><br></div><div class="battle-history"><small>Stakataka was hurt by its burn!</small><br></div><div class="spacer battle-history"><br></div><div class="battle-history">ban drizzle lol sent out <strong>Regirock</strong>!<br></div><div class="spacer battle-history"><br></div><h2 class="battle-history">Turn 11</h2><div class="spacer battle-history"><br></div><div class="battle-history">Stakataka used <strong>Earthquake</strong>!<br></div><div class="battle-history"><small>It's super effective!</small><br></div><div class="battle-history"><small>(The opposing Regirock lost <abbr title="−46/284">16.2%</abbr> of its health!)</small><br></div><div class="spacer battle-history"><br></div><div class="battle-history">The opposing Regirock used <strong>Drain Punch</strong>!<br></div><div class="battle-history"><small>It's super effective!</small><br></div><div class="battle-history"><small>(Stakataka lost <abbr title="−32/237">13.5%</abbr> of its health!)</small><br></div><div class="battle-history"><small>Stakataka had its energy drained!</small><br></div><div class="spacer battle-history"><br></div><div class="battle-history">Stakataka fainted!<br></div><div class="spacer battle-history"><br></div><div class="battle-history"><strong>ban drizzle lol</strong> won the battle!<br></div></div><div class="inner-preempt message-log"></div></div></div>
</div>
<script>
let daily = Math.floor(Date.now()/1000/60/60/24);document.write('<script src="https://play.pokemonshowdown.com/js/replay-embed.js?version'+daily+'"></'+'script>');
</script>
