<!DOCTYPE html>
<meta charset="utf-8" />
<!-- version 1 -->
<title>[Gen 7] Random Battle replay: aqw bot vs. 35Q71N</title>
<style>
html,body {font-family:Verdana, sans-serif;font-size:10pt;margin:0;padding:0;}body{padding:12px 0;} .battle-log {font-family:Verdana, sans-serif;font-size:10pt;} .battle-log-inline {border:1px solid #AAAAAA;background:#EEF2F5;color:black;max-width:640px;margin:0 auto 80px;padding-bottom:5px;} .battle-log .inner {padding:4px 8px 0px 8px;} .battle-log .inner-preempt {padding:0 8px 4px 8px;} .battle-log .inner-after {margin-top:0.5em;} .battle-log h2 {margin:0.5em -8px;padding:4px 8px;border:1px solid #AAAAAA;background:#E0E7EA;border-left:0;border-right:0;font-family:Verdana, sans-serif;font-size:13pt;} .battle-log .chat {vertical-align:middle;padding:3px 0 3px 0;font-size:8pt;} .battle-log .chat strong {color:#40576A;} .battle-log .chat em {padding:1px 4px 1px 3px;color:#000000;font-style:normal;} .chat.mine {background:rgba(0,0,0,0.05);margin-left:-8px;margin-right:-8px;padding-left:8px;padding-right:8px;} .spoiler {color:#BBBBBB;background:#BBBBBB;padding:0px 3px;} .spoiler:hover, .spoiler:active, .spoiler-shown {color:#000000;background:#E2E2E2;padding:0px 3px;} .spoiler a {color:#BBBBBB;} .spoiler:hover a, .spoiler:active a, .spoiler-shown a {color:#2288CC;} .chat code, .chat .spoiler:hover code, .chat .spoiler:active code, .chat .spoiler-shown code {border:1px solid #C0C0C0;background:#EEEEEE;color:black;padding:0 2px;} .chat .spoiler code {border:1px solid #CCCCCC;background:#CCCCCC;color:#CCCCCC;} .battle-log .rated {padding:3px 4px;} .battle-log .rated strong {color:white;background:#89A;padding:1px 4px;border-radius:4px;} .spacer {margin-top:0.5em;} .message-announce {background:#6688AA;color:white;padding:1px 4px 2px;} .message-announce a, .broadcast-green a, .broadcast-blue a, .broadcast-red a {color:#DDEEFF;} .broadcast-green {background-color:#559955;color:white;padding:2px 4px;} .broadcast-blue {background-color:#6688AA;color:white;padding:2px 4px;} .infobox {border:1px solid #6688AA;padding:2px 4px;} .infobox-limited {max-height:200px;overflow:auto;overflow-x:hidden;} .broadcast-red {background-color:#AA5544;color:white;padding:2px 4px;} .message-learn-canlearn {font-weight:bold;color:#228822;text-decoration:underline;} .message-learn-cannotlearn {font-weight:bold;color:#CC2222;text-decoration:underline;} .message-effect-weak {font-weight:bold;color:#CC2222;} .message-effect-resist {font-weight:bold;color:#6688AA;} .message-effect-immune {font-weight:bold;color:#666666;} .message-learn-list {margin-top:0;margin-bottom:0;} .message-throttle-notice, .message-error {color:#992222;} .message-overflow, .chat small.message-overflow {font-size:0pt;} .message-overflow::before {font-size:9pt;content:'...';} .subtle {color:#3A4A66;}
</style>
<div class="wrapper replay-wrapper" style="max-width:1180px;margin:0 auto">
<input type="hidden" name="replayid" value="gen7randombattle-924130484" />
<div class="battle"></div><div class="battle-log"></div><div class="replay-controls"></div><div class="replay-controls-2"></div>
<h1 style="font-weight:normal;text-align:center"><strong>[Gen 7] Random Battle</strong><br /><a href="http://pokemonshowdown.com/users/aqwbot" class="subtle" target="_blank">aqw bot</a> vs. <a href="http://pokemonshowdown.com/users/35q71n" class="subtle" target="_blank">35Q71N</a></h1>
<script type="text/plain" class="battle-log-data">|j|☆aqw bot
|j|☆35Q71N
|player|p1|aqw bot|1
|player|p2|35Q71N|65
|teamsize|p1|6
|teamsize|p2|6
|gametype|singles
|gen|7
|tier|[Gen 7] Random Battle
|rated|
|rule|Sleep Clause Mod: Limit one foe put to sleep
|rule|HP Percentage Mod: HP is shown in percentages
|
|start
|switch|p1a: Sawk|Sawk, L87, M|100\/100
|switch|p2a: Manectric|Manectric, L82, F|100\/100
|turn|1
|
|switch|p2a: Masquerain|Masquerain, L89, M|100\/100
|-ability|p2a: Masquerain|Intimidate|boost
|-unboost|p1a: Sawk|atk|1
|switch|p1a: Thundurus|Thundurus-Therian, L81, M|100\/100
|
|upkeep
|turn|2
|
|switch|p2a: Naganadel|Naganadel, L78|100\/100
|move|p1a: Thundurus|Nasty Plot|p1a: Thundurus
|-boost|p1a: Thundurus|spa|2
|
|upkeep
|turn|3
|
|move|p2a: Naganadel|Draco Meteor|p1a: Thundurus
|-damage|p1a: Thundurus|17\/100
|-unboost|p2a: Naganadel|spa|2
|-damage|p2a: Naganadel|91\/100|[from] item: Life Orb
|move|p1a: Thundurus|Hidden Power|p2a: Naganadel
|-damage|p2a: Naganadel|0 fnt
|-damage|p1a: Thundurus|7\/100|[from] item: Life Orb
|faint|p2a: Naganadel
|
|upkeep
|
|switch|p2a: Manectric|Manectric, L82, F|100\/100
|turn|4
|
|move|p2a: Manectric|Hidden Power|p1a: Thundurus
|-supereffective|p1a: Thundurus
|-damage|p1a: Thundurus|0 fnt
|faint|p1a: Thundurus
|
|upkeep
|
|switch|p1a: Darmanitan|Darmanitan, L83, M|100\/100
|turn|5
|
|switch|p2a: Gigalith|Gigalith, L85, F|100\/100
|-weather|Sandstorm|[from] ability: Sand Stream|[of] p2a: Gigalith
|move|p1a: Darmanitan|Flare Blitz|p2a: Gigalith
|-resisted|p2a: Gigalith
|-damage|p2a: Gigalith|65\/100
|-damage|p1a: Darmanitan|90\/100|[from] Recoil
|
|-weather|Sandstorm|[upkeep]
|-damage|p1a: Darmanitan|84\/100|[from] Sandstorm
|upkeep
|turn|6
|
|move|p1a: Darmanitan|U-turn|p2a: Gigalith
|-damage|p2a: Gigalith|43\/100
|-damage|p1a: Darmanitan|74\/100|[from] item: Life Orb
|
|switch|p1a: Sawk|Sawk, L87, M|100\/100|[from]move: U-turn
|move|p2a: Gigalith|Earthquake|p1a: Sawk
|-damage|p1a: Sawk|41\/100
|
|-weather|Sandstorm|[upkeep]
|-damage|p1a: Sawk|35\/100|[from] Sandstorm
|upkeep
|turn|7
|
|switch|p2a: Araquanid|Araquanid, L84, F|100\/100
|move|p1a: Sawk|Close Combat|p2a: Araquanid
|-resisted|p2a: Araquanid
|-damage|p2a: Araquanid|53\/100
|-unboost|p1a: Sawk|def|1
|-unboost|p1a: Sawk|spd|1
|
|-weather|Sandstorm|[upkeep]
|-damage|p1a: Sawk|28\/100|[from] Sandstorm
|-damage|p2a: Araquanid|47\/100|[from] Sandstorm
|-heal|p2a: Araquanid|53\/100|[from] item: Leftovers
|upkeep
|turn|8
|
|switch|p1a: Barbaracle|Barbaracle, L85, F|100\/100
|move|p2a: Araquanid|Sticky Web|p1a: Barbaracle
|-sidestart|p1: aqw bot|move: Sticky Web
|
|-weather|Sandstorm|[upkeep]
|-damage|p2a: Araquanid|47\/100|[from] Sandstorm
|-heal|p2a: Araquanid|53\/100|[from] item: Leftovers
|upkeep
|turn|9
|
|switch|p2a: Masquerain|Masquerain, L89, M|100\/100
|-ability|p2a: Masquerain|Intimidate|boost
|-unboost|p1a: Barbaracle|atk|1
|move|p1a: Barbaracle|Stealth Rock|p2a: Masquerain
|-sidestart|p2: 35Q71N|move: Stealth Rock
|
|-weather|none
|upkeep
|turn|10
|
|move|p2a: Masquerain|Hydro Pump|p1a: Barbaracle
|-damage|p1a: Barbaracle|66\/100
|move|p1a: Barbaracle|Stone Edge|p2a: Masquerain
|-supereffective|p2a: Masquerain
|-damage|p2a: Masquerain|0 fnt
|-damage|p1a: Barbaracle|56\/100|[from] item: Life Orb
|faint|p2a: Masquerain
|
|upkeep
|
|switch|p2a: Manectric|Manectric, L82, F|100\/100
|-damage|p2a: Manectric|88\/100|[from] Stealth Rock
|turn|11
|
|detailschange|p2a: Manectric|Manectric-Mega, L82, F
|-mega|p2a: Manectric|Manectric|Manectite
|-ability|p2a: Manectric|Intimidate|boost
|-unboost|p1a: Barbaracle|atk|1
|move|p2a: Manectric|Thunderbolt|p1a: Barbaracle
|-supereffective|p1a: Barbaracle
|-damage|p1a: Barbaracle|0 fnt
|faint|p1a: Barbaracle
|
|upkeep
|
|switch|p1a: Beheeyem|Beheeyem, L89, F|100\/100
|-activate|p1a: Beheeyem|move: Sticky Web
|-unboost|p1a: Beheeyem|spe|1
|turn|12
|
|move|p2a: Manectric|Volt Switch|p1a: Beheeyem
|-damage|p1a: Beheeyem|71\/100
|
|switch|p2a: Araquanid|Araquanid, L84, F|53\/100|[from]move: Volt Switch
|-damage|p2a: Araquanid|28\/100|[from] Stealth Rock
|move|p1a: Beheeyem|Psyshock|p2a: Araquanid
|-damage|p2a: Araquanid|0 fnt
|-damage|p1a: Beheeyem|61\/100|[from] item: Life Orb
|faint|p2a: Araquanid
|
|upkeep
|
|switch|p2a: Ferrothorn|Ferrothorn, L80, M|100\/100
|-damage|p2a: Ferrothorn|94\/100|[from] Stealth Rock
|turn|13
|
|switch|p1a: Darmanitan|Darmanitan, L83, M|74\/100
|-activate|p1a: Darmanitan|move: Sticky Web
|-unboost|p1a: Darmanitan|spe|1
|move|p2a: Ferrothorn|Spikes|p1a: Darmanitan
|-sidestart|p1: aqw bot|Spikes
|
|-heal|p2a: Ferrothorn|100\/100|[from] item: Leftovers
|upkeep
|turn|14
|
|switch|p2a: Gigalith|Gigalith, L85, F|43\/100
|-damage|p2a: Gigalith|31\/100|[from] Stealth Rock
|-weather|Sandstorm|[from] ability: Sand Stream|[of] p2a: Gigalith
|move|p1a: Darmanitan|Flare Blitz|p2a: Gigalith
|-resisted|p2a: Gigalith
|-damage|p2a: Gigalith|0 fnt
|-damage|p1a: Darmanitan|65\/100|[from] Recoil
|faint|p2a: Gigalith
|
|-weather|Sandstorm|[upkeep]
|-damage|p1a: Darmanitan|59\/100|[from] Sandstorm
|upkeep
|
|switch|p2a: Manectric|Manectric-Mega, L82, F|88\/100
|-damage|p2a: Manectric|76\/100|[from] Stealth Rock
|-ability|p2a: Manectric|Intimidate|boost
|-unboost|p1a: Darmanitan|atk|1
|turn|15
|
|move|p2a: Manectric|Thunderbolt|p1a: Darmanitan
|-damage|p1a: Darmanitan|7\/100
|move|p1a: Darmanitan|Earthquake|p2a: Manectric
|-supereffective|p2a: Manectric
|-damage|p2a: Manectric|4\/100
|-damage|p1a: Darmanitan|0 fnt|[from] item: Life Orb
|faint|p1a: Darmanitan
|
|-weather|Sandstorm|[upkeep]
|-damage|p2a: Manectric|0 fnt|[from] Sandstorm
|faint|p2a: Manectric
|upkeep
|
|switch|p2a: Ferrothorn|Ferrothorn, L80, M|100\/100
|switch|p1a: Sawk|Sawk, L87, M|28\/100
|-damage|p1a: Sawk|16\/100|[from] Spikes
|-activate|p1a: Sawk|move: Sticky Web
|-unboost|p1a: Sawk|spe|1
|-damage|p2a: Ferrothorn|94\/100|[from] Stealth Rock
|turn|16
|
|move|p1a: Sawk|Close Combat|p2a: Ferrothorn
|-supereffective|p2a: Ferrothorn
|-damage|p2a: Ferrothorn|0 fnt
|-damage|p1a: Sawk|3\/100|[from] ability: Iron Barbs|[of] p2a: Ferrothorn
|-unboost|p1a: Sawk|def|1
|-unboost|p1a: Sawk|spd|1
|faint|p2a: Ferrothorn
|
|win|aqw bot
|l|☆35Q71N
</script>
</div>
<div class="battle-log battle-log-inline"><div class="inner"><div class="battle-options"></div><div class="inner message-log"><div class="chat"><small>☆aqw bot and ☆35Q71N joined</small></div><div class=""><small>Format:</small> <br><strong>[Gen 7] Random Battle</strong></div><div class="rated"><strong>Rated battle</strong></div><div class=""><small><em>Sleep Clause Mod:</em> Limit one foe put to sleep</small></div><div class=""><small><em>HP Percentage Mod:</em> HP is shown in percentages</small></div><div class="spacer battle-history"><br></div><div class="battle-history">Battle started between aqw bot and 35Q71N!<br></div><div class="spacer battle-history"><br></div><div class="battle-history">aqw bot sent out <strong>Sawk</strong>!<br></div><div class="spacer battle-history"><br></div><div class="battle-history">Go! <strong>Manectric</strong>!<br></div><div class="spacer battle-history"><br></div><h2 class="battle-history">Turn 1</h2><div class="spacer battle-history"><br></div><div class="battle-history">Manectric, come back!<br></div><div class="battle-history">Go! <strong>Masquerain</strong>!<br></div><div class="battle-history">[Masquerain's Intimidate]<br></div><div class="battle-history"><small>The opposing Sawk's Attack fell!</small><br></div><div class="spacer battle-history"><br></div><div class="battle-history">aqw bot withdrew Sawk!<br></div><div class="battle-history">aqw bot sent out Thundurus (<strong>Thundurus-Therian</strong>)!<br></div><div class="spacer battle-history"><br></div><h2 class="battle-history">Turn 2</h2><div class="spacer battle-history"><br></div><div class="battle-history">Masquerain, come back!<br></div><div class="battle-history">Go! <strong>Naganadel</strong>!<br></div><div class="spacer battle-history"><br></div><div class="battle-history">The opposing Thundurus used <strong>Nasty Plot</strong>!<br></div><div class="battle-history"><small>The opposing Thundurus's Sp. Atk rose sharply!</small><br></div><div class="spacer battle-history"><br></div><h2 class="battle-history">Turn 3</h2><div class="spacer battle-history"><br></div><div class="battle-history">Naganadel used <strong>Draco Meteor</strong>!<br></div><div class="battle-history"><small>(The opposing Thundurus lost 83% of its health!)</small><br></div><div class="battle-history"><small>Naganadel's Sp. Atk fell harshly!</small><br></div><div class="battle-history"><small>Naganadel lost some of its HP!</small><br></div><div class="spacer battle-history"><br></div><div class="battle-history">The opposing Thundurus used <strong>Hidden Power</strong>!<br></div><div class="battle-history"><small>(Naganadel lost 91% of its health!)</small><br></div><div class="battle-history"><small>The opposing Thundurus lost some of its HP!</small><br></div><div class="spacer battle-history"><br></div><div class="battle-history">Naganadel fainted!<br></div><div class="spacer battle-history"><br></div><div class="battle-history">Go! <strong>Manectric</strong>!<br></div><div class="spacer battle-history"><br></div><h2 class="battle-history">Turn 4</h2><div class="spacer battle-history"><br></div><div class="battle-history">Manectric used <strong>Hidden Power</strong>!<br></div><div class="battle-history"><small>It's super effective!</small><br></div><div class="battle-history"><small>(The opposing Thundurus lost 7% of its health!)</small><br></div><div class="spacer battle-history"><br></div><div class="battle-history">The opposing Thundurus fainted!<br></div><div class="spacer battle-history"><br></div><div class="battle-history">aqw bot sent out <strong>Darmanitan</strong>!<br></div><div class="spacer battle-history"><br></div><h2 class="battle-history">Turn 5</h2><div class="spacer battle-history"><br></div><div class="battle-history">Manectric, come back!<br></div><div class="battle-history">Go! <strong>Gigalith</strong>!<br></div><div class="battle-history">[Gigalith's Sand Stream]<br><small>A sandstorm kicked up!</small><br></div><div class="spacer battle-history"><br></div><div class="battle-history">The opposing Darmanitan used <strong>Flare Blitz</strong>!<br></div><div class="battle-history"><small>It's not very effective...</small><br></div><div class="battle-history"><small>(Gigalith lost 35% of its health!)</small><br></div><div class="battle-history"><small>The opposing Darmanitan was damaged by the recoil!</small><br></div><div class="spacer battle-history"><br></div><div class="battle-history"><small>(The sandstorm is raging.)</small><br></div><div class="battle-history"><small>The opposing Darmanitan is buffeted by the sandstorm!</small><br></div><div class="spacer battle-history"><br></div><h2 class="battle-history">Turn 6</h2><div class="spacer battle-history"><br></div><div class="battle-history">The opposing Darmanitan used <strong>U-turn</strong>!<br></div><div class="battle-history"><small>(Gigalith lost 22% of its health!)</small><br></div><div class="battle-history"><small>The opposing Darmanitan lost some of its HP!</small><br></div><div class="spacer battle-history"><br></div><div class="battle-history">The opposing Darmanitan went back to aqw bot!<br></div><div class="battle-history">aqw bot sent out <strong>Sawk</strong>!<br></div><div class="spacer battle-history"><br></div><div class="battle-history">Gigalith used <strong>Earthquake</strong>!<br></div><div class="battle-history"><small>(The opposing Sawk lost 59% of its health!)</small><br></div><div class="spacer battle-history"><br></div><div class="battle-history"><small>(The sandstorm is raging.)</small><br></div><div class="battle-history"><small>The opposing Sawk is buffeted by the sandstorm!</small><br></div><div class="spacer battle-history"><br></div><h2 class="battle-history">Turn 7</h2><div class="spacer battle-history"><br></div><div class="battle-history">Gigalith, come back!<br></div><div class="battle-history">Go! <strong>Araquanid</strong>!<br></div><div class="spacer battle-history"><br></div><div class="battle-history">The opposing Sawk used <strong>Close Combat</strong>!<br></div><div class="battle-history"><small>It's not very effective...</small><br></div><div class="battle-history"><small>(Araquanid lost 47% of its health!)</small><br></div><div class="battle-history"><small>The opposing Sawk's Defense fell!</small><br></div><div class="battle-history"><small>The opposing Sawk's Sp. Def fell!</small><br></div><div class="spacer battle-history"><br></div><div class="battle-history"><small>(The sandstorm is raging.)</small><br></div><div class="battle-history"><small>The opposing Sawk is buffeted by the sandstorm!</small><br></div><div class="battle-history"><small>Araquanid is buffeted by the sandstorm!</small><br></div><div class="battle-history"><small>Araquanid restored a little HP using its Leftovers!</small><br></div><div class="spacer battle-history"><br></div><h2 class="battle-history">Turn 8</h2><div class="spacer battle-history"><br></div><div class="battle-history">aqw bot withdrew Sawk!<br></div><div class="battle-history">aqw bot sent out <strong>Barbaracle</strong>!<br></div><div class="spacer battle-history"><br></div><div class="battle-history">Araquanid used <strong>Sticky Web</strong>!<br></div><div class="battle-history"><small>A sticky web has been laid out on the ground around the opposing team!</small><br></div><div class="spacer battle-history"><br></div><div class="battle-history"><small>(The sandstorm is raging.)</small><br></div><div class="battle-history"><small>Araquanid is buffeted by the sandstorm!</small><br></div><div class="battle-history"><small>Araquanid restored a little HP using its Leftovers!</small><br></div><div class="spacer battle-history"><br></div><h2 class="battle-history">Turn 9</h2><div class="spacer battle-history"><br></div><div class="battle-history">Araquanid, come back!<br></div><div class="battle-history">Go! <strong>Masquerain</strong>!<br></div><div class="battle-history">[Masquerain's Intimidate]<br></div><div class="battle-history"><small>The opposing Barbaracle's Attack fell!</small><br></div><div class="spacer battle-history"><br></div><div class="battle-history">The opposing Barbaracle used <strong>Stealth Rock</strong>!<br></div><div class="battle-history"><small>Pointed stones float in the air around your team!</small><br></div><div class="spacer battle-history"><br></div><div class="battle-history"><small>The sandstorm subsided.</small><br></div><div class="spacer battle-history"><br></div><h2 class="battle-history">Turn 10</h2><div class="spacer battle-history"><br></div><div class="battle-history">Masquerain used <strong>Hydro Pump</strong>!<br></div><div class="battle-history"><small>(The opposing Barbaracle lost 34% of its health!)</small><br></div><div class="spacer battle-history"><br></div><div class="battle-history">The opposing Barbaracle used <strong>Stone Edge</strong>!<br></div><div class="battle-history"><small>It's super effective!</small><br></div><div class="battle-history"><small>(Masquerain lost 100% of its health!)</small><br></div><div class="battle-history"><small>The opposing Barbaracle lost some of its HP!</small><br></div><div class="spacer battle-history"><br></div><div class="battle-history">Masquerain fainted!<br></div><div class="spacer battle-history"><br></div><div class="battle-history">Go! <strong>Manectric</strong>!<br></div><div class="battle-history"><small>Pointed stones dug into Manectric!</small><br></div><div class="spacer battle-history"><br></div><h2 class="battle-history">Turn 11</h2><div class="spacer battle-history"><br></div><div class="battle-history"><small>Manectric's Manectite is reacting to the Key Stone!</small><br>Manectric has Mega Evolved into Mega Manectric!<br></div><div class="battle-history">[Manectric's Intimidate]<br></div><div class="battle-history"><small>The opposing Barbaracle's Attack fell!</small><br></div><div class="spacer battle-history"><br></div><div class="battle-history">Manectric used <strong>Thunderbolt</strong>!<br></div><div class="battle-history"><small>It's super effective!</small><br></div><div class="battle-history"><small>(The opposing Barbaracle lost 56% of its health!)</small><br></div><div class="spacer battle-history"><br></div><div class="battle-history">The opposing Barbaracle fainted!<br></div><div class="spacer battle-history"><br></div><div class="battle-history">aqw bot sent out <strong>Beheeyem</strong>!<br></div><div class="battle-history"><small>The opposing Beheeyem was caught in a sticky web!</small><br></div><div class="battle-history"><small>The opposing Beheeyem's Speed fell!</small><br></div><div class="spacer battle-history"><br></div><h2 class="battle-history">Turn 12</h2><div class="spacer battle-history"><br></div><div class="battle-history">Manectric used <strong>Volt Switch</strong>!<br></div><div class="battle-history"><small>(The opposing Beheeyem lost 29% of its health!)</small><br></div><div class="spacer battle-history"><br></div><div class="battle-history">Manectric went back to 35Q71N!<br></div><div class="battle-history">Go! <strong>Araquanid</strong>!<br></div><div class="battle-history"><small>Pointed stones dug into Araquanid!</small><br></div><div class="spacer battle-history"><br></div><div class="battle-history">The opposing Beheeyem used <strong>Psyshock</strong>!<br></div><div class="battle-history"><small>(Araquanid lost 28% of its health!)</small><br></div><div class="battle-history"><small>The opposing Beheeyem lost some of its HP!</small><br></div><div class="spacer battle-history"><br></div><div class="battle-history">Araquanid fainted!<br></div><div class="spacer battle-history"><br></div><div class="battle-history">Go! <strong>Ferrothorn</strong>!<br></div><div class="battle-history"><small>Pointed stones dug into Ferrothorn!</small><br></div><div class="spacer battle-history"><br></div><h2 class="battle-history">Turn 13</h2><div class="spacer battle-history"><br></div><div class="battle-history">aqw bot withdrew Beheeyem!<br></div><div class="battle-history">aqw bot sent out <strong>Darmanitan</strong>!<br></div><div class="battle-history"><small>The opposing Darmanitan was caught in a sticky web!</small><br></div><div class="battle-history"><small>The opposing Darmanitan's Speed fell!</small><br></div><div class="spacer battle-history"><br></div><div class="battle-history">Ferrothorn used <strong>Spikes</strong>!<br></div><div class="battle-history"><small>Spikes were scattered on the ground all around the opposing team!</small><br></div><div class="spacer battle-history"><br></div><div class="battle-history"><small>Ferrothorn restored a little HP using its Leftovers!</small><br></div><div class="spacer battle-history"><br></div><h2 class="battle-history">Turn 14</h2><div class="spacer battle-history"><br></div><div class="battle-history">Ferrothorn, come back!<br></div><div class="battle-history">Go! <strong>Gigalith</strong>!<br></div><div class="battle-history"><small>Pointed stones dug into Gigalith!</small><br></div><div class="battle-history">[Gigalith's Sand Stream]<br><small>A sandstorm kicked up!</small><br></div><div class="spacer battle-history"><br></div><div class="battle-history">The opposing Darmanitan used <strong>Flare Blitz</strong>!<br></div><div class="battle-history"><small>It's not very effective...</small><br></div><div class="battle-history"><small>(Gigalith lost 31% of its health!)</small><br></div><div class="battle-history"><small>The opposing Darmanitan was damaged by the recoil!</small><br></div><div class="spacer battle-history"><br></div><div class="battle-history">Gigalith fainted!<br></div><div class="spacer battle-history"><br></div><div class="battle-history"><small>(The sandstorm is raging.)</small><br></div><div class="battle-history"><small>The opposing Darmanitan is buffeted by the sandstorm!</small><br></div><div class="spacer battle-history"><br></div><div class="battle-history">Go! Manectric (<strong>Manectric-Mega</strong>)!<br></div><div class="battle-history"><small>Pointed stones dug into Manectric!</small><br></div><div class="battle-history">[Manectric's Intimidate]<br></div><div class="battle-history"><small>The opposing Darmanitan's Attack fell!</small><br></div><div class="spacer battle-history"><br></div><h2 class="battle-history">Turn 15</h2><div class="spacer battle-history"><br></div><div class="battle-history">Manectric used <strong>Thunderbolt</strong>!<br></div><div class="battle-history"><small>(The opposing Darmanitan lost 52% of its health!)</small><br></div><div class="spacer battle-history"><br></div><div class="battle-history">The opposing Darmanitan used <strong>Earthquake</strong>!<br></div><div class="battle-history"><small>It's super effective!</small><br></div><div class="battle-history"><small>(Manectric lost 72% of its health!)</small><br></div><div class="battle-history"><small>The opposing Darmanitan lost some of its HP!</small><br></div><div class="spacer battle-history"><br></div><div class="battle-history">The opposing Darmanitan fainted!<br></div><div class="spacer battle-history"><br></div><div class="battle-history"><small>(The sandstorm is raging.)</small><br></div><div class="battle-history"><small>Manectric is buffeted by the sandstorm!</small><br></div><div class="spacer battle-history"><br></div><div class="battle-history">Manectric fainted!<br></div><div class="spacer battle-history"><br></div><div class="battle-history">Go! <strong>Ferrothorn</strong>!<br></div><div class="spacer battle-history"><br></div><div class="battle-history">aqw bot sent out <strong>Sawk</strong>!<br></div><div class="battle-history"><small>The opposing Sawk was hurt by the spikes!</small><br></div><div class="battle-history"><small>The opposing Sawk was caught in a sticky web!</small><br></div><div class="battle-history"><small>The opposing Sawk's Speed fell!</small><br></div><div class="battle-history"><small>Pointed stones dug into Ferrothorn!</small><br></div><div class="spacer battle-history"><br></div><h2 class="battle-history">Turn 16</h2><div class="spacer battle-history"><br></div><div class="battle-history">The opposing Sawk used <strong>Close Combat</strong>!<br></div><div class="battle-history"><small>It's super effective!</small><br></div><div class="battle-history"><small>(Ferrothorn lost 94% of its health!)</small><br></div><div class="battle-history">[Ferrothorn's Iron Barbs]<br><small>The opposing Sawk was hurt!</small><br></div><div class="battle-history"><small>The opposing Sawk's Defense fell!</small><br></div><div class="battle-history"><small>The opposing Sawk's Sp. Def fell!</small><br></div><div class="spacer battle-history"><br></div><div class="battle-history">Ferrothorn fainted!<br></div><div class="spacer battle-history"><br></div><div class="battle-history"><strong>aqw bot</strong> won the battle!<br></div><div class="chat"><small>☆35Q71N left</small></div></div><div class="inner-preempt message-log"></div></div></div>
</div>
<script>
let daily = Math.floor(Date.now()/1000/60/60/24);document.write('<script src="https://play.pokemonshowdown.com/js/replay-embed.js?version'+daily+'"></'+'script>');
</script>
